Running Sphinx v4.1.2
making output directory... done
loading pickled environment... done
building [mo]: targets for 0 po files that are out of date
building [latex]: all documents
updating environment: 0 added, 0 changed, 0 removed
looking for now-outdated files... none found
processing consortium_hotspotbnb-appstore_element.tex... index releasenotes app-load config customisations e2ee feature-flags jitsi-dev jitsi kubernetes labs memory-profiles-and-leaks native-node-modules pr-previews review skinning thoughts theming translating-dev translating 
resolving references...
done
writing... done
copying images... [ 25%] https://user-images.githubusercontent.com/2403652/73848963-00a2a080-4821-11ea-97d4-1200fc2638f3.png
copying images... [ 50%] https://user-images.githubusercontent.com/2403652/83146440-303a2900-a0ee-11ea-806b-4f53f039b957.png
copying images... [ 75%] https://user-images.githubusercontent.com/2403652/73848977-08624500-4821-11ea-9830-bb0317c41086.png
copying images... [100%] _static/pr-checks.png

copying TeX support files... copying TeX support files...
done
build succeeded.

The LaTeX files are in build/latex.
Run 'make' in that directory to run these through (pdf)latex
(use `make latexpdf' here to do that automatically).
Latexmk: This is Latexmk, John Collins, 25 October 2018, version: 4.61.
Rule 'pdflatex': Rules & subrules not known to be previously run:
   pdflatex
Rule 'pdflatex': The following rules & subrules became out-of-date:
      'pdflatex'
------------
Run number 1 of rule 'pdflatex'
------------
------------
Running 'pdflatex   -recorder  "consortium_hotspotbnb-appstore_element.tex"'
------------
Latexmk: applying rule 'pdflatex'...
This is pdfTeX, Version 3.14159265-2.6-1.40.19 (TeX Live 2019/dev/Debian) (preloaded format=pdflatex)
 restricted \write18 enabled.
entering extended mode
(./consortium_hotspotbnb-appstore_element.tex
LaTeX2e <2018-12-01>
(./sphinxmanual.cls
Document Class: sphinxmanual 2019/12/01 v2.3.0 Document class (Sphinx manual)
(/usr/share/texlive/texmf-dist/tex/latex/base/report.cls
Document Class: report 2018/09/03 v1.4i Standard LaTeX document class
(/usr/share/texlive/texmf-dist/tex/latex/base/size10.clo)))
(/usr/share/texlive/texmf-dist/tex/latex/base/inputenc.sty)
(/usr/share/texlive/texmf-dist/tex/latex/cmap/cmap.sty)
(/usr/share/texlive/texmf-dist/tex/latex/base/fontenc.sty
(/usr/share/texlive/texmf-dist/tex/latex/base/t1enc.def)<<t1.cmap>>)
(/usr/share/texlive/texmf-dist/tex/latex/amsmath/amsmath.sty
For additional information on amsmath, use the `?' option.
(/usr/share/texlive/texmf-dist/tex/latex/amsmath/amstext.sty
(/usr/share/texlive/texmf-dist/tex/latex/amsmath/amsgen.sty))
(/usr/share/texlive/texmf-dist/tex/latex/amsmath/amsbsy.sty)
(/usr/share/texlive/texmf-dist/tex/latex/amsmath/amsopn.sty))
(/usr/share/texlive/texmf-dist/tex/latex/amsfonts/amssymb.sty
(/usr/share/texlive/texmf-dist/tex/latex/amsfonts/amsfonts.sty))
(/usr/share/texlive/texmf-dist/tex/generic/babel/babel.sty
(/usr/share/texlive/texmf-dist/tex/generic/babel/switch.def)
(/usr/share/texlive/texmf-dist/tex/generic/babel-english/english.ldf
(/usr/share/texlive/texmf-dist/tex/generic/babel/babel.def
(/usr/share/texlive/texmf-dist/tex/generic/babel/txtbabel.def))))
(/usr/share/texmf/tex/latex/tex-gyre/tgtermes.sty
(/usr/share/texlive/texmf-dist/tex/latex/oberdiek/kvoptions.sty
(/usr/share/texlive/texmf-dist/tex/latex/graphics/keyval.sty)
(/usr/share/texlive/texmf-dist/tex/generic/oberdiek/ltxcmds.sty)
(/usr/share/texlive/texmf-dist/tex/generic/oberdiek/kvsetkeys.sty
(/usr/share/texlive/texmf-dist/tex/generic/oberdiek/infwarerr.sty)
(/usr/share/texlive/texmf-dist/tex/generic/oberdiek/etexcmds.sty
(/usr/share/texlive/texmf-dist/tex/generic/oberdiek/ifluatex.sty)))))
(/usr/share/texmf/tex/latex/tex-gyre/tgheros.sty)
(/usr/share/texlive/texmf-dist/tex/latex/fncychap/fncychap.sty) (./sphinx.sty
(/usr/share/texlive/texmf-dist/tex/latex/xcolor/xcolor.sty
(/usr/share/texlive/texmf-dist/tex/latex/graphics-cfg/color.cfg)
(/usr/share/texlive/texmf-dist/tex/latex/graphics-def/pdftex.def))
(./sphinxoptionshyperref.sty) (./sphinxoptionsgeometry.sty)
(/usr/share/texlive/texmf-dist/tex/latex/base/textcomp.sty
(/usr/share/texlive/texmf-dist/tex/latex/base/ts1enc.def
(/usr/share/texlive/texmf-dist/tex/latex/base/ts1enc.dfu)))
(/usr/share/texlive/texmf-dist/tex/latex/float/float.sty)
(/usr/share/texlive/texmf-dist/tex/latex/wrapfig/wrapfig.sty)
(/usr/share/texlive/texmf-dist/tex/latex/capt-of/capt-of.sty)
(/usr/share/texlive/texmf-dist/tex/latex/tools/multicol.sty)
(/usr/share/texlive/texmf-dist/tex/latex/graphics/graphicx.sty
(/usr/share/texlive/texmf-dist/tex/latex/graphics/graphics.sty
(/usr/share/texlive/texmf-dist/tex/latex/graphics/trig.sty)
(/usr/share/texlive/texmf-dist/tex/latex/graphics-cfg/graphics.cfg)))
(./sphinxlatexgraphics.sty) (./sphinxlatexadmonitions.sty
(/usr/share/texlive/texmf-dist/tex/latex/framed/framed.sty))
(./sphinxlatexliterals.sty
(/usr/share/texlive/texmf-dist/tex/latex/fancyvrb/fancyvrb.sty
Style option: `fancyvrb' v3.2a <2019/01/15> (tvz))
(/usr/share/texlive/texmf-dist/tex/latex/base/alltt.sty)
(/usr/share/texlive/texmf-dist/tex/latex/upquote/upquote.sty)
(/usr/share/texlive/texmf-dist/tex/latex/needspace/needspace.sty))
(./sphinxlatexshadowbox.sty) (./sphinxlatexcontainers.sty)
(./sphinxhighlight.sty) (./sphinxlatextables.sty
(/usr/share/texlive/texmf-dist/tex/latex/tabulary/tabulary.sty
(/usr/share/texlive/texmf-dist/tex/latex/tools/array.sty))
(/usr/share/texlive/texmf-dist/tex/latex/tools/longtable.sty)
(/usr/share/texlive/texmf-dist/tex/latex/varwidth/varwidth.sty))
(./sphinxlatexnumfig.sty) (./sphinxlatexlists.sty) (./sphinxpackagefootnote.sty
) (./sphinxlatexindbibtoc.sty
(/usr/share/texlive/texmf-dist/tex/latex/base/makeidx.sty))
(./sphinxlatexstylepage.sty
(/usr/share/texlive/texmf-dist/tex/latex/parskip/parskip.sty
(/usr/share/texlive/texmf-dist/tex/latex/parskip/parskip-2001-04-09.sty))
(/usr/share/texlive/texmf-dist/tex/latex/fancyhdr/fancyhdr.sty))
(./sphinxlatexstyleheadings.sty
(/usr/share/texlive/texmf-dist/tex/latex/titlesec/titlesec.sty))
(./sphinxlatexstyletext.sty) (./sphinxlatexobjects.sty))
(/usr/share/texlive/texmf-dist/tex/latex/geometry/geometry.sty
(/usr/share/texlive/texmf-dist/tex/generic/oberdiek/ifpdf.sty)
(/usr/share/texlive/texmf-dist/tex/generic/oberdiek/ifvtex.sty)
(/usr/share/texlive/texmf-dist/tex/generic/ifxetex/ifxetex.sty))
(/usr/share/texlive/texmf-dist/tex/latex/hyperref/hyperref.sty
(/usr/share/texlive/texmf-dist/tex/generic/oberdiek/hobsub-hyperref.sty
(/usr/share/texlive/texmf-dist/tex/generic/oberdiek/hobsub-generic.sty))
(/usr/share/texlive/texmf-dist/tex/latex/oberdiek/auxhook.sty)
(/usr/share/texlive/texmf-dist/tex/latex/hyperref/pd1enc.def)
(/usr/share/texlive/texmf-dist/tex/latex/latexconfig/hyperref.cfg)
(/usr/share/texlive/texmf-dist/tex/latex/hyperref/puenc.def)
(/usr/share/texlive/texmf-dist/tex/latex/url/url.sty))
(/usr/share/texlive/texmf-dist/tex/latex/hyperref/hpdftex.def
(/usr/share/texlive/texmf-dist/tex/latex/oberdiek/rerunfilecheck.sty))
(/usr/share/texlive/texmf-dist/tex/latex/oberdiek/hypcap.sty)
(./sphinxmessages.sty)
Writing index file consortium_hotspotbnb-appstore_element.idx
(./consortium_hotspotbnb-appstore_element.aux)
(/usr/share/texlive/texmf-dist/tex/latex/base/ts1cmr.fd)
(/usr/share/texmf/tex/latex/tex-gyre/t1qtm.fd)
(/usr/share/texlive/texmf-dist/tex/context/base/mkii/supp-pdf.mkii
[Loading MPS to PDF converter (version 2006.09.02).]
) (/usr/share/texlive/texmf-dist/tex/latex/oberdiek/epstopdf-base.sty
(/usr/share/texlive/texmf-dist/tex/latex/oberdiek/grfext.sty)
(/usr/share/texlive/texmf-dist/tex/latex/latexconfig/epstopdf-sys.cfg))
*geometry* driver: auto-detecting
*geometry* detected driver: pdftex
(/usr/share/texlive/texmf-dist/tex/latex/hyperref/nameref.sty
(/usr/share/texlive/texmf-dist/tex/generic/oberdiek/gettitlestring.sty))
(/usr/share/texlive/texmf-dist/tex/latex/txfonts/t1txtt.fd)
(/usr/share/texmf/tex/latex/tex-gyre/t1qhv.fd)<<ot1.cmap>><<oml.cmap>><<oms.cma
p>><<omx.cmap>> (/usr/share/texlive/texmf-dist/tex/latex/amsfonts/umsa.fd)
(/usr/share/texlive/texmf-dist/tex/latex/amsfonts/umsb.fd) [1{/var/lib/texmf/fo
nts/map/pdftex/updmap/pdftex.map} <./logo.png>] [1]
Chapter 1.
(/usr/share/texmf/tex/latex/tex-gyre/ts1qtm.fd)
(/usr/share/texlive/texmf-dist/tex/latex/txfonts/ts1txtt.fd)
Underfull \hbox (badness 10000) in paragraph at lines 155--158
[]

Overfull \hbox (35.5213pt too wide) in paragraph at lines 155--158
\T1/qtm/m/n/10 _static/issues.csv 

Overfull \hbox (2.48132pt too wide) in paragraph at lines 178--181
[]
[1] [2]
Chapter 2.
[3] [4 <./ff329e6320567cbb1a6caa38f11cc2231260a890.png>] [5] [6 <./4c29914b0a04
0a9658c82a206beee1a02efe597f.png>] [7] [8 <./3b288ceb3c8a64dc428a2b1de3e40329a1
30c80a.png>]
Chapter 3.

LaTeX Warning: Hyper reference `config:identity-servers' on page 9 undefined on
 input line 298.

[9] [10] [11] [12] [13]
Chapter 4.
[14]
Chapter 5.
[15]
Chapter 6.
[16]
Chapter 7.
[17]
Chapter 8.
[18]
Chapter 9.
[19]
Chapter 10.
[20]
Chapter 11.
[21]
Chapter 12.
[22]
Chapter 13.
[23]
Chapter 14.
[24]
Chapter 15.
[25]
Chapter 16.
[26]
Chapter 17.
[27]
Chapter 18.
[28]
Chapter 19.
[29]
Chapter 20.
[30]
Chapter 21.
[31]
Chapter 22.
[32]
Chapter 23.
[33]
Chapter 24.
[34]
Chapter 25.
[35]
Chapter 26.
[36]
Underfull \vbox (badness 10000) detected at line 1537

Underfull \vbox (badness 10000) detected at line 1537
[37]
Underfull \vbox (badness 10000) detected at line 1537

Underfull \vbox (badness 10000) detected at line 1537
[38] [39]
Chapter 27.
[40]
Chapter 28.
[41]
Chapter 29.
[42]
Chapter 30.
[43]
Chapter 31.
[44]
Chapter 32.
[45]
Chapter 33.
[46]
Chapter 34.
[47]
Chapter 35.
[48]
Chapter 36.
[49]
Chapter 37.
[50]
Chapter 38.
[51]
Chapter 39.
[52]
Chapter 40.
[53]
Chapter 41.
[54]
Chapter 42.
[55]
Chapter 43.
[56]
Chapter 44.
[57]
Chapter 45.
[58]
Chapter 46.
[59]
Chapter 47.
[60]
Chapter 48.
[61] [62]
Chapter 49.
[63]
Chapter 50.
[64 <./pr-checks.png>]
Chapter 51.
[65]
Chapter 52.
[66]
Chapter 53.
[67] [68]
Chapter 54.
[69]
Chapter 55.
[70]
Chapter 56.
[71] [72]
Chapter 57.
[73] [74]
Chapter 58.
[75]
Chapter 59.
[76]
Chapter 60.
[77]
Chapter 61.
[78]
Chapter 62.
[79]
Chapter 63.

Underfull \hbox (badness 5231) in paragraph at lines 2658--2660
\T1/txtt/m/n/10 2 })[] \TS1/txtt/m/n/10 ``\T1/txtt/m/n/10 would show \TS1/txtt/
m/n/10 '\T1/txtt/m/n/10 You have 2 new messages\TS1/txtt/m/n/10 '\T1/txtt/m/n/1
0 , while\T1/qtm/m/n/10 _t(`You have %(count)s new mes-sages',

Underfull \hbox (badness 10000) in paragraph at lines 2666--2668
[]\T1/qtm/m/n/10 You can also use Re-act com-po-nents with nor-mal vari-able su
b-sti-tu-tion if you want to in-sert

Underfull \hbox (badness 10000) in paragraph at lines 2666--2668
\T1/qtm/m/n/10 HTML markup, e.g. \T1/txtt/m/n/10 _t(\TS1/txtt/m/n/10 '\T1/txtt/
m/n/10 Your email address is %(emailAddress)s\TS1/txtt/m/n/10 '\T1/txtt/m/n/10 
, { emailAddress:
[80]
Chapter 64.
[81]
Chapter 65.
[82]
Chapter 66.
[83]
Chapter 67.
[84]
Chapter 68.
[85]
Chapter 69.
[86]
Chapter 70.
[87]
Chapter 71.
[88]
Chapter 72.
No file consortium_hotspotbnb-appstore_element.ind.
[89] (./consortium_hotspotbnb-appstore_element.aux)

Package rerunfilecheck Warning: File `consortium_hotspotbnb-appstore_element.ou
t' has changed.
(rerunfilecheck)                Rerun to get outlines right
(rerunfilecheck)                or use package `bookmark'.


LaTeX Warning: There were undefined references.


LaTeX Warning: Label(s) may have changed. Rerun to get cross-references right.

 )
(see the transcript file for additional information){/usr/share/texmf/fonts/enc
/dvips/tex-gyre/q-ts1.enc}{/usr/share/texmf/fonts/enc/dvips/tex-gyre/q-ec.enc}<
/usr/share/texlive/texmf-dist/fonts/type1/public/amsfonts/cm/cmmi5.pfb></usr/sh
are/texlive/texmf-dist/fonts/type1/public/amsfonts/cm/cmsy5.pfb></usr/share/tex
mf/fonts/type1/public/tex-gyre/qhvb.pfb></usr/share/texmf/fonts/type1/public/te
x-gyre/qhvbi.pfb></usr/share/texmf/fonts/type1/public/tex-gyre/qtmb.pfb></usr/s
hare/texmf/fonts/type1/public/tex-gyre/qtmr.pfb></usr/share/texmf/fonts/type1/p
ublic/tex-gyre/qtmri.pfb></usr/share/texlive/texmf-dist/fonts/type1/public/txfo
nts/t1xbtt.pfb></usr/share/texlive/texmf-dist/fonts/type1/public/txfonts/t1xtt.
pfb></usr/share/texlive/texmf-dist/fonts/type1/public/txfonts/t1xtt.pfb></usr/s
hare/texlive/texmf-dist/fonts/type1/public/txfonts/tcxtt.pfb>
Output written on consortium_hotspotbnb-appstore_element.pdf (91 pages, 706067 
bytes).
Transcript written on consortium_hotspotbnb-appstore_element.log.
Latexmk: Index file 'consortium_hotspotbnb-appstore_element.idx' was written
Latexmk: Missing input file: 'consortium_hotspotbnb-appstore_element.ind' from line
  'No file consortium_hotspotbnb-appstore_element.ind.'
Latexmk: References changed.
Latexmk: References changed.
Latexmk: Log file says output to 'consortium_hotspotbnb-appstore_element.pdf'
Latexmk: Log file says output to 'consortium_hotspotbnb-appstore_element.pdf'
Rule 'makeindex consortium_hotspotbnb-appstore_element.idx': File changes, etc:
   Changed files, or newly in use since previous run(s):
      'consortium_hotspotbnb-appstore_element.idx'
   Non-existent destination files:
      'consortium_hotspotbnb-appstore_element.ind'
------------
Run number 1 of rule 'makeindex consortium_hotspotbnb-appstore_element.idx'
------------
------------
Running 'makeindex -s python.ist  -o "consortium_hotspotbnb-appstore_element.ind" "consortium_hotspotbnb-appstore_element.idx"'
------------
=== TeX engine is 'pdfTeX'
Latexmk: applying rule 'makeindex consortium_hotspotbnb-appstore_element.idx'...
This is makeindex, version 2.15 [TeX Live 2019/dev] (kpathsea + Thai support).
Scanning style file ./python.ist.......done (7 attributes redefined, 0 ignored).
Scanning input file consortium_hotspotbnb-appstore_element.idx...done (0 entries accepted, 0 rejected).
Nothing written in consortium_hotspotbnb-appstore_element.ind.
Transcript written in consortium_hotspotbnb-appstore_element.ilg.
Rule 'pdflatex': File changes, etc:
   Changed files, or newly in use since previous run(s):
      'consortium_hotspotbnb-appstore_element.aux'
      'consortium_hotspotbnb-appstore_element.ind'
      'consortium_hotspotbnb-appstore_element.out'
------------
Run number 2 of rule 'pdflatex'
------------
------------
Running 'pdflatex   -recorder  "consortium_hotspotbnb-appstore_element.tex"'
------------
Latexmk: applying rule 'pdflatex'...
This is pdfTeX, Version 3.14159265-2.6-1.40.19 (TeX Live 2019/dev/Debian) (preloaded format=pdflatex)
 restricted \write18 enabled.
entering extended mode
(./consortium_hotspotbnb-appstore_element.tex
LaTeX2e <2018-12-01>
(./sphinxmanual.cls
Document Class: sphinxmanual 2019/12/01 v2.3.0 Document class (Sphinx manual)
(/usr/share/texlive/texmf-dist/tex/latex/base/report.cls
Document Class: report 2018/09/03 v1.4i Standard LaTeX document class
(/usr/share/texlive/texmf-dist/tex/latex/base/size10.clo)))
(/usr/share/texlive/texmf-dist/tex/latex/base/inputenc.sty)
(/usr/share/texlive/texmf-dist/tex/latex/cmap/cmap.sty)
(/usr/share/texlive/texmf-dist/tex/latex/base/fontenc.sty
(/usr/share/texlive/texmf-dist/tex/latex/base/t1enc.def)<<t1.cmap>>)
(/usr/share/texlive/texmf-dist/tex/latex/amsmath/amsmath.sty
For additional information on amsmath, use the `?' option.
(/usr/share/texlive/texmf-dist/tex/latex/amsmath/amstext.sty
(/usr/share/texlive/texmf-dist/tex/latex/amsmath/amsgen.sty))
(/usr/share/texlive/texmf-dist/tex/latex/amsmath/amsbsy.sty)
(/usr/share/texlive/texmf-dist/tex/latex/amsmath/amsopn.sty))
(/usr/share/texlive/texmf-dist/tex/latex/amsfonts/amssymb.sty
(/usr/share/texlive/texmf-dist/tex/latex/amsfonts/amsfonts.sty))
(/usr/share/texlive/texmf-dist/tex/generic/babel/babel.sty
(/usr/share/texlive/texmf-dist/tex/generic/babel/switch.def)
(/usr/share/texlive/texmf-dist/tex/generic/babel-english/english.ldf
(/usr/share/texlive/texmf-dist/tex/generic/babel/babel.def
(/usr/share/texlive/texmf-dist/tex/generic/babel/txtbabel.def))))
(/usr/share/texmf/tex/latex/tex-gyre/tgtermes.sty
(/usr/share/texlive/texmf-dist/tex/latex/oberdiek/kvoptions.sty
(/usr/share/texlive/texmf-dist/tex/latex/graphics/keyval.sty)
(/usr/share/texlive/texmf-dist/tex/generic/oberdiek/ltxcmds.sty)
(/usr/share/texlive/texmf-dist/tex/generic/oberdiek/kvsetkeys.sty
(/usr/share/texlive/texmf-dist/tex/generic/oberdiek/infwarerr.sty)
(/usr/share/texlive/texmf-dist/tex/generic/oberdiek/etexcmds.sty
(/usr/share/texlive/texmf-dist/tex/generic/oberdiek/ifluatex.sty)))))
(/usr/share/texmf/tex/latex/tex-gyre/tgheros.sty)
(/usr/share/texlive/texmf-dist/tex/latex/fncychap/fncychap.sty) (./sphinx.sty
(/usr/share/texlive/texmf-dist/tex/latex/xcolor/xcolor.sty
(/usr/share/texlive/texmf-dist/tex/latex/graphics-cfg/color.cfg)
(/usr/share/texlive/texmf-dist/tex/latex/graphics-def/pdftex.def))
(./sphinxoptionshyperref.sty) (./sphinxoptionsgeometry.sty)
(/usr/share/texlive/texmf-dist/tex/latex/base/textcomp.sty
(/usr/share/texlive/texmf-dist/tex/latex/base/ts1enc.def
(/usr/share/texlive/texmf-dist/tex/latex/base/ts1enc.dfu)))
(/usr/share/texlive/texmf-dist/tex/latex/float/float.sty)
(/usr/share/texlive/texmf-dist/tex/latex/wrapfig/wrapfig.sty)
(/usr/share/texlive/texmf-dist/tex/latex/capt-of/capt-of.sty)
(/usr/share/texlive/texmf-dist/tex/latex/tools/multicol.sty)
(/usr/share/texlive/texmf-dist/tex/latex/graphics/graphicx.sty
(/usr/share/texlive/texmf-dist/tex/latex/graphics/graphics.sty
(/usr/share/texlive/texmf-dist/tex/latex/graphics/trig.sty)
(/usr/share/texlive/texmf-dist/tex/latex/graphics-cfg/graphics.cfg)))
(./sphinxlatexgraphics.sty) (./sphinxlatexadmonitions.sty
(/usr/share/texlive/texmf-dist/tex/latex/framed/framed.sty))
(./sphinxlatexliterals.sty
(/usr/share/texlive/texmf-dist/tex/latex/fancyvrb/fancyvrb.sty
Style option: `fancyvrb' v3.2a <2019/01/15> (tvz))
(/usr/share/texlive/texmf-dist/tex/latex/base/alltt.sty)
(/usr/share/texlive/texmf-dist/tex/latex/upquote/upquote.sty)
(/usr/share/texlive/texmf-dist/tex/latex/needspace/needspace.sty))
(./sphinxlatexshadowbox.sty) (./sphinxlatexcontainers.sty)
(./sphinxhighlight.sty) (./sphinxlatextables.sty
(/usr/share/texlive/texmf-dist/tex/latex/tabulary/tabulary.sty
(/usr/share/texlive/texmf-dist/tex/latex/tools/array.sty))
(/usr/share/texlive/texmf-dist/tex/latex/tools/longtable.sty)
(/usr/share/texlive/texmf-dist/tex/latex/varwidth/varwidth.sty))
(./sphinxlatexnumfig.sty) (./sphinxlatexlists.sty) (./sphinxpackagefootnote.sty
) (./sphinxlatexindbibtoc.sty
(/usr/share/texlive/texmf-dist/tex/latex/base/makeidx.sty))
(./sphinxlatexstylepage.sty
(/usr/share/texlive/texmf-dist/tex/latex/parskip/parskip.sty
(/usr/share/texlive/texmf-dist/tex/latex/parskip/parskip-2001-04-09.sty))
(/usr/share/texlive/texmf-dist/tex/latex/fancyhdr/fancyhdr.sty))
(./sphinxlatexstyleheadings.sty
(/usr/share/texlive/texmf-dist/tex/latex/titlesec/titlesec.sty))
(./sphinxlatexstyletext.sty) (./sphinxlatexobjects.sty))
(/usr/share/texlive/texmf-dist/tex/latex/geometry/geometry.sty
(/usr/share/texlive/texmf-dist/tex/generic/oberdiek/ifpdf.sty)
(/usr/share/texlive/texmf-dist/tex/generic/oberdiek/ifvtex.sty)
(/usr/share/texlive/texmf-dist/tex/generic/ifxetex/ifxetex.sty))
(/usr/share/texlive/texmf-dist/tex/latex/hyperref/hyperref.sty
(/usr/share/texlive/texmf-dist/tex/generic/oberdiek/hobsub-hyperref.sty
(/usr/share/texlive/texmf-dist/tex/generic/oberdiek/hobsub-generic.sty))
(/usr/share/texlive/texmf-dist/tex/latex/oberdiek/auxhook.sty)
(/usr/share/texlive/texmf-dist/tex/latex/hyperref/pd1enc.def)
(/usr/share/texlive/texmf-dist/tex/latex/latexconfig/hyperref.cfg)
(/usr/share/texlive/texmf-dist/tex/latex/hyperref/puenc.def)
(/usr/share/texlive/texmf-dist/tex/latex/url/url.sty))
(/usr/share/texlive/texmf-dist/tex/latex/hyperref/hpdftex.def
(/usr/share/texlive/texmf-dist/tex/latex/oberdiek/rerunfilecheck.sty))
(/usr/share/texlive/texmf-dist/tex/latex/oberdiek/hypcap.sty)
(./sphinxmessages.sty)
Writing index file consortium_hotspotbnb-appstore_element.idx
(./consortium_hotspotbnb-appstore_element.aux)
(/usr/share/texlive/texmf-dist/tex/latex/base/ts1cmr.fd)
(/usr/share/texmf/tex/latex/tex-gyre/t1qtm.fd)
(/usr/share/texlive/texmf-dist/tex/context/base/mkii/supp-pdf.mkii
[Loading MPS to PDF converter (version 2006.09.02).]
) (/usr/share/texlive/texmf-dist/tex/latex/oberdiek/epstopdf-base.sty
(/usr/share/texlive/texmf-dist/tex/latex/oberdiek/grfext.sty)
(/usr/share/texlive/texmf-dist/tex/latex/latexconfig/epstopdf-sys.cfg))
*geometry* driver: auto-detecting
*geometry* detected driver: pdftex
(/usr/share/texlive/texmf-dist/tex/latex/hyperref/nameref.sty
(/usr/share/texlive/texmf-dist/tex/generic/oberdiek/gettitlestring.sty))
(./consortium_hotspotbnb-appstore_element.out)
(./consortium_hotspotbnb-appstore_element.out)
(/usr/share/texlive/texmf-dist/tex/latex/txfonts/t1txtt.fd)
(/usr/share/texmf/tex/latex/tex-gyre/t1qhv.fd)<<ot1.cmap>><<oml.cmap>><<oms.cma
p>><<omx.cmap>> (/usr/share/texlive/texmf-dist/tex/latex/amsfonts/umsa.fd)
(/usr/share/texlive/texmf-dist/tex/latex/amsfonts/umsb.fd) [1{/var/lib/texmf/fo
nts/map/pdftex/updmap/pdftex.map} <./logo.png>]
(./consortium_hotspotbnb-appstore_element.toc [1] [2] [3]) [4]
Chapter 1.
(/usr/share/texmf/tex/latex/tex-gyre/ts1qtm.fd)
(/usr/share/texlive/texmf-dist/tex/latex/txfonts/ts1txtt.fd)
Underfull \hbox (badness 10000) in paragraph at lines 155--158
[]

Overfull \hbox (35.5213pt too wide) in paragraph at lines 155--158
\T1/qtm/m/n/10 _static/issues.csv 

Overfull \hbox (2.48132pt too wide) in paragraph at lines 178--181
[]
[1] [2]
Chapter 2.
[3] [4 <./ff329e6320567cbb1a6caa38f11cc2231260a890.png>] [5] [6 <./4c29914b0a04
0a9658c82a206beee1a02efe597f.png>] [7] [8 <./3b288ceb3c8a64dc428a2b1de3e40329a1
30c80a.png>]
Chapter 3.

LaTeX Warning: Hyper reference `config:identity-servers' on page 9 undefined on
 input line 298.

[9] [10] [11] [12] [13]
Chapter 4.
[14]
Chapter 5.
[15]
Chapter 6.
[16]
Chapter 7.
[17]
Chapter 8.
[18]
Chapter 9.
[19]
Chapter 10.
[20]
Chapter 11.
[21]
Chapter 12.
[22]
Chapter 13.
[23]
Chapter 14.
[24]
Chapter 15.
[25]
Chapter 16.
[26]
Chapter 17.
[27]
Chapter 18.
[28]
Chapter 19.
[29]
Chapter 20.
[30]
Chapter 21.
[31]
Chapter 22.
[32]
Chapter 23.
[33]
Chapter 24.
[34]
Chapter 25.
[35]
Chapter 26.
[36]
Underfull \vbox (badness 10000) detected at line 1537

Underfull \vbox (badness 10000) detected at line 1537
[37]
Underfull \vbox (badness 10000) detected at line 1537

Underfull \vbox (badness 10000) detected at line 1537
[38] [39]
Chapter 27.
[40]
Chapter 28.
[41]
Chapter 29.
[42]
Chapter 30.
[43]
Chapter 31.
[44]
Chapter 32.
[45]
Chapter 33.
[46]
Chapter 34.
[47]
Chapter 35.
[48]
Chapter 36.
[49]
Chapter 37.
[50]
Chapter 38.
[51]
Chapter 39.
[52]
Chapter 40.
[53]
Chapter 41.
[54]
Chapter 42.
[55]
Chapter 43.
[56]
Chapter 44.
[57]
Chapter 45.
[58]
Chapter 46.
[59]
Chapter 47.
[60]
Chapter 48.
[61] [62]
Chapter 49.
[63]
Chapter 50.
[64 <./pr-checks.png>]
Chapter 51.
[65]
Chapter 52.
[66]
Chapter 53.
[67] [68]
Chapter 54.
[69]
Chapter 55.
[70]
Chapter 56.
[71] [72]
Chapter 57.
[73] [74]
Chapter 58.
[75]
Chapter 59.
[76]
Chapter 60.
[77]
Chapter 61.
[78]
Chapter 62.
[79]
Chapter 63.

Underfull \hbox (badness 5231) in paragraph at lines 2658--2660
\T1/txtt/m/n/10 2 })[] \TS1/txtt/m/n/10 ``\T1/txtt/m/n/10 would show \TS1/txtt/
m/n/10 '\T1/txtt/m/n/10 You have 2 new messages\TS1/txtt/m/n/10 '\T1/txtt/m/n/1
0 , while\T1/qtm/m/n/10 _t(`You have %(count)s new mes-sages',

Underfull \hbox (badness 10000) in paragraph at lines 2666--2668
[]\T1/qtm/m/n/10 You can also use Re-act com-po-nents with nor-mal vari-able su
b-sti-tu-tion if you want to in-sert

Underfull \hbox (badness 10000) in paragraph at lines 2666--2668
\T1/qtm/m/n/10 HTML markup, e.g. \T1/txtt/m/n/10 _t(\TS1/txtt/m/n/10 '\T1/txtt/
m/n/10 Your email address is %(emailAddress)s\TS1/txtt/m/n/10 '\T1/txtt/m/n/10 
, { emailAddress:
[80]
Chapter 64.
[81]
Chapter 65.
[82]
Chapter 66.
[83]
Chapter 67.
[84]
Chapter 68.
[85]
Chapter 69.
[86]
Chapter 70.
[87]
Chapter 71.
[88]
Chapter 72.
(./consortium_hotspotbnb-appstore_element.ind) [89]
(./consortium_hotspotbnb-appstore_element.aux)

LaTeX Warning: There were undefined references.

 )
(see the transcript file for additional information){/usr/share/texmf/fonts/enc
/dvips/tex-gyre/q-ts1.enc}{/usr/share/texmf/fonts/enc/dvips/tex-gyre/q-ec.enc}<
/usr/share/texlive/texmf-dist/fonts/type1/public/amsfonts/cm/cmmi5.pfb></usr/sh
are/texlive/texmf-dist/fonts/type1/public/amsfonts/cm/cmsy5.pfb></usr/share/tex
mf/fonts/type1/public/tex-gyre/qhvb.pfb></usr/share/texmf/fonts/type1/public/te
x-gyre/qhvbi.pfb></usr/share/texmf/fonts/type1/public/tex-gyre/qtmb.pfb></usr/s
hare/texmf/fonts/type1/public/tex-gyre/qtmr.pfb></usr/share/texmf/fonts/type1/p
ublic/tex-gyre/qtmri.pfb></usr/share/texlive/texmf-dist/fonts/type1/public/txfo
nts/t1xbtt.pfb></usr/share/texlive/texmf-dist/fonts/type1/public/txfonts/t1xtt.
pfb></usr/share/texlive/texmf-dist/fonts/type1/public/txfonts/t1xtt.pfb></usr/s
hare/texlive/texmf-dist/fonts/type1/public/txfonts/tcxtt.pfb>
Output written on consortium_hotspotbnb-appstore_element.pdf (94 pages, 725532 
bytes).
Transcript written on consortium_hotspotbnb-appstore_element.log.
Latexmk: Index file 'consortium_hotspotbnb-appstore_element.idx' was written
Latexmk: Log file says output to 'consortium_hotspotbnb-appstore_element.pdf'
Latexmk: Log file says output to 'consortium_hotspotbnb-appstore_element.pdf'
Rule 'pdflatex': File changes, etc:
   Changed files, or newly in use since previous run(s):
      'consortium_hotspotbnb-appstore_element.toc'
------------
Run number 3 of rule 'pdflatex'
------------
------------
Running 'pdflatex   -recorder  "consortium_hotspotbnb-appstore_element.tex"'
------------
=== TeX engine is 'pdfTeX'
Latexmk: applying rule 'pdflatex'...
This is pdfTeX, Version 3.14159265-2.6-1.40.19 (TeX Live 2019/dev/Debian) (preloaded format=pdflatex)
 restricted \write18 enabled.
entering extended mode
(./consortium_hotspotbnb-appstore_element.tex
LaTeX2e <2018-12-01>
(./sphinxmanual.cls
Document Class: sphinxmanual 2019/12/01 v2.3.0 Document class (Sphinx manual)
(/usr/share/texlive/texmf-dist/tex/latex/base/report.cls
Document Class: report 2018/09/03 v1.4i Standard LaTeX document class
(/usr/share/texlive/texmf-dist/tex/latex/base/size10.clo)))
(/usr/share/texlive/texmf-dist/tex/latex/base/inputenc.sty)
(/usr/share/texlive/texmf-dist/tex/latex/cmap/cmap.sty)
(/usr/share/texlive/texmf-dist/tex/latex/base/fontenc.sty
(/usr/share/texlive/texmf-dist/tex/latex/base/t1enc.def)<<t1.cmap>>)
(/usr/share/texlive/texmf-dist/tex/latex/amsmath/amsmath.sty
For additional information on amsmath, use the `?' option.
(/usr/share/texlive/texmf-dist/tex/latex/amsmath/amstext.sty
(/usr/share/texlive/texmf-dist/tex/latex/amsmath/amsgen.sty))
(/usr/share/texlive/texmf-dist/tex/latex/amsmath/amsbsy.sty)
(/usr/share/texlive/texmf-dist/tex/latex/amsmath/amsopn.sty))
(/usr/share/texlive/texmf-dist/tex/latex/amsfonts/amssymb.sty
(/usr/share/texlive/texmf-dist/tex/latex/amsfonts/amsfonts.sty))
(/usr/share/texlive/texmf-dist/tex/generic/babel/babel.sty
(/usr/share/texlive/texmf-dist/tex/generic/babel/switch.def)
(/usr/share/texlive/texmf-dist/tex/generic/babel-english/english.ldf
(/usr/share/texlive/texmf-dist/tex/generic/babel/babel.def
(/usr/share/texlive/texmf-dist/tex/generic/babel/txtbabel.def))))
(/usr/share/texmf/tex/latex/tex-gyre/tgtermes.sty
(/usr/share/texlive/texmf-dist/tex/latex/oberdiek/kvoptions.sty
(/usr/share/texlive/texmf-dist/tex/latex/graphics/keyval.sty)
(/usr/share/texlive/texmf-dist/tex/generic/oberdiek/ltxcmds.sty)
(/usr/share/texlive/texmf-dist/tex/generic/oberdiek/kvsetkeys.sty
(/usr/share/texlive/texmf-dist/tex/generic/oberdiek/infwarerr.sty)
(/usr/share/texlive/texmf-dist/tex/generic/oberdiek/etexcmds.sty
(/usr/share/texlive/texmf-dist/tex/generic/oberdiek/ifluatex.sty)))))
(/usr/share/texmf/tex/latex/tex-gyre/tgheros.sty)
(/usr/share/texlive/texmf-dist/tex/latex/fncychap/fncychap.sty) (./sphinx.sty
(/usr/share/texlive/texmf-dist/tex/latex/xcolor/xcolor.sty
(/usr/share/texlive/texmf-dist/tex/latex/graphics-cfg/color.cfg)
(/usr/share/texlive/texmf-dist/tex/latex/graphics-def/pdftex.def))
(./sphinxoptionshyperref.sty) (./sphinxoptionsgeometry.sty)
(/usr/share/texlive/texmf-dist/tex/latex/base/textcomp.sty
(/usr/share/texlive/texmf-dist/tex/latex/base/ts1enc.def
(/usr/share/texlive/texmf-dist/tex/latex/base/ts1enc.dfu)))
(/usr/share/texlive/texmf-dist/tex/latex/float/float.sty)
(/usr/share/texlive/texmf-dist/tex/latex/wrapfig/wrapfig.sty)
(/usr/share/texlive/texmf-dist/tex/latex/capt-of/capt-of.sty)
(/usr/share/texlive/texmf-dist/tex/latex/tools/multicol.sty)
(/usr/share/texlive/texmf-dist/tex/latex/graphics/graphicx.sty
(/usr/share/texlive/texmf-dist/tex/latex/graphics/graphics.sty
(/usr/share/texlive/texmf-dist/tex/latex/graphics/trig.sty)
(/usr/share/texlive/texmf-dist/tex/latex/graphics-cfg/graphics.cfg)))
(./sphinxlatexgraphics.sty) (./sphinxlatexadmonitions.sty
(/usr/share/texlive/texmf-dist/tex/latex/framed/framed.sty))
(./sphinxlatexliterals.sty
(/usr/share/texlive/texmf-dist/tex/latex/fancyvrb/fancyvrb.sty
Style option: `fancyvrb' v3.2a <2019/01/15> (tvz))
(/usr/share/texlive/texmf-dist/tex/latex/base/alltt.sty)
(/usr/share/texlive/texmf-dist/tex/latex/upquote/upquote.sty)
(/usr/share/texlive/texmf-dist/tex/latex/needspace/needspace.sty))
(./sphinxlatexshadowbox.sty) (./sphinxlatexcontainers.sty)
(./sphinxhighlight.sty) (./sphinxlatextables.sty
(/usr/share/texlive/texmf-dist/tex/latex/tabulary/tabulary.sty
(/usr/share/texlive/texmf-dist/tex/latex/tools/array.sty))
(/usr/share/texlive/texmf-dist/tex/latex/tools/longtable.sty)
(/usr/share/texlive/texmf-dist/tex/latex/varwidth/varwidth.sty))
(./sphinxlatexnumfig.sty) (./sphinxlatexlists.sty) (./sphinxpackagefootnote.sty
) (./sphinxlatexindbibtoc.sty
(/usr/share/texlive/texmf-dist/tex/latex/base/makeidx.sty))
(./sphinxlatexstylepage.sty
(/usr/share/texlive/texmf-dist/tex/latex/parskip/parskip.sty
(/usr/share/texlive/texmf-dist/tex/latex/parskip/parskip-2001-04-09.sty))
(/usr/share/texlive/texmf-dist/tex/latex/fancyhdr/fancyhdr.sty))
(./sphinxlatexstyleheadings.sty
(/usr/share/texlive/texmf-dist/tex/latex/titlesec/titlesec.sty))
(./sphinxlatexstyletext.sty) (./sphinxlatexobjects.sty))
(/usr/share/texlive/texmf-dist/tex/latex/geometry/geometry.sty
(/usr/share/texlive/texmf-dist/tex/generic/oberdiek/ifpdf.sty)
(/usr/share/texlive/texmf-dist/tex/generic/oberdiek/ifvtex.sty)
(/usr/share/texlive/texmf-dist/tex/generic/ifxetex/ifxetex.sty))
(/usr/share/texlive/texmf-dist/tex/latex/hyperref/hyperref.sty
(/usr/share/texlive/texmf-dist/tex/generic/oberdiek/hobsub-hyperref.sty
(/usr/share/texlive/texmf-dist/tex/generic/oberdiek/hobsub-generic.sty))
(/usr/share/texlive/texmf-dist/tex/latex/oberdiek/auxhook.sty)
(/usr/share/texlive/texmf-dist/tex/latex/hyperref/pd1enc.def)
(/usr/share/texlive/texmf-dist/tex/latex/latexconfig/hyperref.cfg)
(/usr/share/texlive/texmf-dist/tex/latex/hyperref/puenc.def)
(/usr/share/texlive/texmf-dist/tex/latex/url/url.sty))
(/usr/share/texlive/texmf-dist/tex/latex/hyperref/hpdftex.def
(/usr/share/texlive/texmf-dist/tex/latex/oberdiek/rerunfilecheck.sty))
(/usr/share/texlive/texmf-dist/tex/latex/oberdiek/hypcap.sty)
(./sphinxmessages.sty)
Writing index file consortium_hotspotbnb-appstore_element.idx
(./consortium_hotspotbnb-appstore_element.aux)
(/usr/share/texlive/texmf-dist/tex/latex/base/ts1cmr.fd)
(/usr/share/texmf/tex/latex/tex-gyre/t1qtm.fd)
(/usr/share/texlive/texmf-dist/tex/context/base/mkii/supp-pdf.mkii
[Loading MPS to PDF converter (version 2006.09.02).]
) (/usr/share/texlive/texmf-dist/tex/latex/oberdiek/epstopdf-base.sty
(/usr/share/texlive/texmf-dist/tex/latex/oberdiek/grfext.sty)
(/usr/share/texlive/texmf-dist/tex/latex/latexconfig/epstopdf-sys.cfg))
*geometry* driver: auto-detecting
*geometry* detected driver: pdftex
(/usr/share/texlive/texmf-dist/tex/latex/hyperref/nameref.sty
(/usr/share/texlive/texmf-dist/tex/generic/oberdiek/gettitlestring.sty))
(./consortium_hotspotbnb-appstore_element.out)
(./consortium_hotspotbnb-appstore_element.out)
(/usr/share/texlive/texmf-dist/tex/latex/txfonts/t1txtt.fd)
(/usr/share/texmf/tex/latex/tex-gyre/t1qhv.fd)<<ot1.cmap>><<oml.cmap>><<oms.cma
p>><<omx.cmap>> (/usr/share/texlive/texmf-dist/tex/latex/amsfonts/umsa.fd)
(/usr/share/texlive/texmf-dist/tex/latex/amsfonts/umsb.fd) [1{/var/lib/texmf/fo
nts/map/pdftex/updmap/pdftex.map} <./logo.png>]
(./consortium_hotspotbnb-appstore_element.toc [1] [2] [3]) [4]
Chapter 1.
(/usr/share/texmf/tex/latex/tex-gyre/ts1qtm.fd)
(/usr/share/texlive/texmf-dist/tex/latex/txfonts/ts1txtt.fd)
Underfull \hbox (badness 10000) in paragraph at lines 155--158
[]

Overfull \hbox (35.5213pt too wide) in paragraph at lines 155--158
\T1/qtm/m/n/10 _static/issues.csv 

Overfull \hbox (2.48132pt too wide) in paragraph at lines 178--181
[]
[1] [2]
Chapter 2.
[3] [4 <./ff329e6320567cbb1a6caa38f11cc2231260a890.png>] [5] [6 <./4c29914b0a04
0a9658c82a206beee1a02efe597f.png>] [7] [8 <./3b288ceb3c8a64dc428a2b1de3e40329a1
30c80a.png>]
Chapter 3.

LaTeX Warning: Hyper reference `config:identity-servers' on page 9 undefined on
 input line 298.

[9] [10] [11] [12] [13]
Chapter 4.
[14]
Chapter 5.
[15]
Chapter 6.
[16]
Chapter 7.
[17]
Chapter 8.
[18]
Chapter 9.
[19]
Chapter 10.
[20]
Chapter 11.
[21]
Chapter 12.
[22]
Chapter 13.
[23]
Chapter 14.
[24]
Chapter 15.
[25]
Chapter 16.
[26]
Chapter 17.
[27]
Chapter 18.
[28]
Chapter 19.
[29]
Chapter 20.
[30]
Chapter 21.
[31]
Chapter 22.
[32]
Chapter 23.
[33]
Chapter 24.
[34]
Chapter 25.
[35]
Chapter 26.
[36]
Underfull \vbox (badness 10000) detected at line 1537

Underfull \vbox (badness 10000) detected at line 1537
[37]
Underfull \vbox (badness 10000) detected at line 1537

Underfull \vbox (badness 10000) detected at line 1537
[38] [39]
Chapter 27.
[40]
Chapter 28.
[41]
Chapter 29.
[42]
Chapter 30.
[43]
Chapter 31.
[44]
Chapter 32.
[45]
Chapter 33.
[46]
Chapter 34.
[47]
Chapter 35.
[48]
Chapter 36.
[49]
Chapter 37.
[50]
Chapter 38.
[51]
Chapter 39.
[52]
Chapter 40.
[53]
Chapter 41.
[54]
Chapter 42.
[55]
Chapter 43.
[56]
Chapter 44.
[57]
Chapter 45.
[58]
Chapter 46.
[59]
Chapter 47.
[60]
Chapter 48.
[61] [62]
Chapter 49.
[63]
Chapter 50.
[64 <./pr-checks.png>]
Chapter 51.
[65]
Chapter 52.
[66]
Chapter 53.
[67] [68]
Chapter 54.
[69]
Chapter 55.
[70]
Chapter 56.
[71] [72]
Chapter 57.
[73] [74]
Chapter 58.
[75]
Chapter 59.
[76]
Chapter 60.
[77]
Chapter 61.
[78]
Chapter 62.
[79]
Chapter 63.

Underfull \hbox (badness 5231) in paragraph at lines 2658--2660
\T1/txtt/m/n/10 2 })[] \TS1/txtt/m/n/10 ``\T1/txtt/m/n/10 would show \TS1/txtt/
m/n/10 '\T1/txtt/m/n/10 You have 2 new messages\TS1/txtt/m/n/10 '\T1/txtt/m/n/1
0 , while\T1/qtm/m/n/10 _t(`You have %(count)s new mes-sages',

Underfull \hbox (badness 10000) in paragraph at lines 2666--2668
[]\T1/qtm/m/n/10 You can also use Re-act com-po-nents with nor-mal vari-able su
b-sti-tu-tion if you want to in-sert

Underfull \hbox (badness 10000) in paragraph at lines 2666--2668
\T1/qtm/m/n/10 HTML markup, e.g. \T1/txtt/m/n/10 _t(\TS1/txtt/m/n/10 '\T1/txtt/
m/n/10 Your email address is %(emailAddress)s\TS1/txtt/m/n/10 '\T1/txtt/m/n/10 
, { emailAddress:
[80]
Chapter 64.
[81]
Chapter 65.
[82]
Chapter 66.
[83]
Chapter 67.
[84]
Chapter 68.
[85]
Chapter 69.
[86]
Chapter 70.
[87]
Chapter 71.
[88]
Chapter 72.
(./consortium_hotspotbnb-appstore_element.ind) [89]
(./consortium_hotspotbnb-appstore_element.aux)

LaTeX Warning: There were undefined references.

 )
(see the transcript file for additional information){/usr/share/texmf/fonts/enc
/dvips/tex-gyre/q-ts1.enc}{/usr/share/texmf/fonts/enc/dvips/tex-gyre/q-ec.enc}<
/usr/share/texlive/texmf-dist/fonts/type1/public/amsfonts/cm/cmmi5.pfb></usr/sh
are/texlive/texmf-dist/fonts/type1/public/amsfonts/cm/cmsy5.pfb></usr/share/tex
mf/fonts/type1/public/tex-gyre/qhvb.pfb></usr/share/texmf/fonts/type1/public/te
x-gyre/qhvbi.pfb></usr/share/texmf/fonts/type1/public/tex-gyre/qtmb.pfb></usr/s
hare/texmf/fonts/type1/public/tex-gyre/qtmr.pfb></usr/share/texmf/fonts/type1/p
ublic/tex-gyre/qtmri.pfb></usr/share/texlive/texmf-dist/fonts/type1/public/txfo
nts/t1xbtt.pfb></usr/share/texlive/texmf-dist/fonts/type1/public/txfonts/t1xtt.
pfb></usr/share/texlive/texmf-dist/fonts/type1/public/txfonts/t1xtt.pfb></usr/s
hare/texlive/texmf-dist/fonts/type1/public/txfonts/tcxtt.pfb>
Output written on consortium_hotspotbnb-appstore_element.pdf (94 pages, 725532 
bytes).
Transcript written on consortium_hotspotbnb-appstore_element.log.
Latexmk: Index file 'consortium_hotspotbnb-appstore_element.idx' was written
Latexmk: Log file says output to 'consortium_hotspotbnb-appstore_element.pdf'
Latexmk: Log file says output to 'consortium_hotspotbnb-appstore_element.pdf'
=== TeX engine is 'pdfTeX'
Latexmk: All targets (consortium_hotspotbnb-appstore_element.pdf) are up-to-date
