Running Sphinx v1.7.9
making output directory...
loading pickled environment... done
building [mo]: targets for 0 po files that are out of date
building [latex]: all documents
updating environment: 0 added, 0 changed, 0 removed
looking for now-outdated files... none found
processing wave-software-distribution.tex...index releasenotes background definitions grantlicence maintenanceservice additionalresponsibilities licencefees distributionandpackaging compliance additionalresponsibilities2 ownership trademarks nondisclosure remedyandperformance warranties indemnification terminiation arbitration liability miscellaneous appendix-a appendix-b appendix-c 
resolving references...
writing... done
copying TeX support files...
done
build succeeded.

The LaTeX files are in build/latex.
Run 'make' in that directory to run these through (pdf)latex
(use `make latexpdf' here to do that automatically).
make[1]: Entering directory '/mnt/c/Users/loco/Documents/GitHub/gh-docs.hotspotbnb.com/docs/management/software-distributor-terms/build/latex'
latexmk -pdf -dvi- -ps-  'wave-software-distribution.tex'
Latexmk: This is Latexmk, John Collins, 1 January 2015, version: 4.41.
Rule 'pdflatex': Rules & subrules not known to be previously run:
   pdflatex
Rule 'pdflatex': The following rules & subrules became out-of-date:
      'pdflatex'
------------
Run number 1 of rule 'pdflatex'
------------
------------
Running 'pdflatex   -recorder  "wave-software-distribution.tex"'
------------
Latexmk: applying rule 'pdflatex'...
This is pdfTeX, Version 3.14159265-2.6-1.40.17 (TeX Live 2016/Debian) (preloaded format=pdflatex)
 restricted \write18 enabled.
entering extended mode
(./wave-software-distribution.tex
LaTeX2e <2017/01/01> patch level 3
Babel <3.9r> and hyphenation patterns for 3 language(s) loaded.
(./sphinxmanual.cls
Document Class: sphinxmanual 2017/03/26 v1.6 Document class (Sphinx manual)
(/usr/share/texlive/texmf-dist/tex/latex/base/report.cls
Document Class: report 2014/09/29 v1.4h Standard LaTeX document class
(/usr/share/texlive/texmf-dist/tex/latex/base/size10.clo)))
(/usr/share/texlive/texmf-dist/tex/latex/base/inputenc.sty
(/usr/share/texlive/texmf-dist/tex/latex/base/utf8.def
(/usr/share/texlive/texmf-dist/tex/latex/base/t1enc.dfu)
(/usr/share/texlive/texmf-dist/tex/latex/base/ot1enc.dfu)
(/usr/share/texlive/texmf-dist/tex/latex/base/omsenc.dfu)))
(/usr/share/texlive/texmf-dist/tex/latex/cmap/cmap.sty)
(/usr/share/texlive/texmf-dist/tex/latex/base/fontenc.sty
(/usr/share/texlive/texmf-dist/tex/latex/base/t1enc.def)<<t1.cmap>>)
(/usr/share/texlive/texmf-dist/tex/latex/amsmath/amsmath.sty
For additional information on amsmath, use the `?' option.
(/usr/share/texlive/texmf-dist/tex/latex/amsmath/amstext.sty
(/usr/share/texlive/texmf-dist/tex/latex/amsmath/amsgen.sty))
(/usr/share/texlive/texmf-dist/tex/latex/amsmath/amsbsy.sty)
(/usr/share/texlive/texmf-dist/tex/latex/amsmath/amsopn.sty))
(/usr/share/texlive/texmf-dist/tex/latex/amsfonts/amssymb.sty
(/usr/share/texlive/texmf-dist/tex/latex/amsfonts/amsfonts.sty))
(/usr/share/texlive/texmf-dist/tex/generic/babel/babel.sty
(/usr/share/texlive/texmf-dist/tex/generic/babel-english/english.ldf
(/usr/share/texlive/texmf-dist/tex/generic/babel/babel.def)))
(/usr/share/texlive/texmf-dist/tex/latex/psnfss/times.sty)
(/usr/share/texlive/texmf-dist/tex/latex/fncychap/fncychap.sty) (./sphinx.sty
(/usr/share/texlive/texmf-dist/tex/generic/oberdiek/ltxcmds.sty)
(/usr/share/texlive/texmf-dist/tex/latex/graphics/graphicx.sty
(/usr/share/texlive/texmf-dist/tex/latex/graphics/keyval.sty)
(/usr/share/texlive/texmf-dist/tex/latex/graphics/graphics.sty
(/usr/share/texlive/texmf-dist/tex/latex/graphics/trig.sty)
(/usr/share/texlive/texmf-dist/tex/latex/graphics-cfg/graphics.cfg)
(/usr/share/texlive/texmf-dist/tex/latex/graphics-def/pdftex.def
(/usr/share/texlive/texmf-dist/tex/generic/oberdiek/infwarerr.sty))))
(/usr/share/texlive/texmf-dist/tex/latex/fancyhdr/fancyhdr.sty)
(/usr/share/texlive/texmf-dist/tex/latex/base/textcomp.sty
(/usr/share/texlive/texmf-dist/tex/latex/base/ts1enc.def
(/usr/share/texlive/texmf-dist/tex/latex/base/ts1enc.dfu)))
(/usr/share/texlive/texmf-dist/tex/latex/titlesec/titlesec.sty)
(/usr/share/texlive/texmf-dist/tex/latex/tabulary/tabulary.sty
(/usr/share/texlive/texmf-dist/tex/latex/tools/array.sty))
(/usr/share/texlive/texmf-dist/tex/latex/tools/longtable.sty)
(/usr/share/texlive/texmf-dist/tex/latex/varwidth/varwidth.sty)
(./sphinxmulticell.sty)
(/usr/share/texlive/texmf-dist/tex/latex/base/makeidx.sty)
(/usr/share/texlive/texmf-dist/tex/latex/framed/framed.sty)
(/usr/share/texlive/texmf-dist/tex/latex/xcolor/xcolor.sty
(/usr/share/texlive/texmf-dist/tex/latex/graphics-cfg/color.cfg))
(/usr/share/texlive/texmf-dist/tex/latex/fancyvrb/fancyvrb.sty
Style option: `fancyvrb' v2.7a, with DG/SPQR fixes, and firstline=lastline fix 
<2008/02/07> (tvz)) (./footnotehyper-sphinx.sty)
(/usr/share/texlive/texmf-dist/tex/latex/float/float.sty)
(/usr/share/texlive/texmf-dist/tex/latex/wrapfig/wrapfig.sty)
(/usr/share/texlive/texmf-dist/tex/latex/parskip/parskip.sty)
(/usr/share/texlive/texmf-dist/tex/latex/base/alltt.sty)
(/usr/share/texlive/texmf-dist/tex/latex/upquote/upquote.sty)
(/usr/share/texlive/texmf-dist/tex/latex/capt-of/capt-of.sty)
(/usr/share/texlive/texmf-dist/tex/latex/needspace/needspace.sty)
(/usr/share/texlive/texmf-dist/tex/latex/carlisle/remreset.sty)
(./sphinxhighlight.sty)
(/usr/share/texlive/texmf-dist/tex/latex/oberdiek/kvoptions.sty
(/usr/share/texlive/texmf-dist/tex/generic/oberdiek/kvsetkeys.sty
(/usr/share/texlive/texmf-dist/tex/generic/oberdiek/etexcmds.sty
(/usr/share/texlive/texmf-dist/tex/generic/oberdiek/ifluatex.sty)))))
(/usr/share/texlive/texmf-dist/tex/latex/geometry/geometry.sty
(/usr/share/texlive/texmf-dist/tex/generic/oberdiek/ifpdf.sty)
(/usr/share/texlive/texmf-dist/tex/generic/oberdiek/ifvtex.sty)
(/usr/share/texlive/texmf-dist/tex/generic/ifxetex/ifxetex.sty))
(/usr/share/texlive/texmf-dist/tex/latex/hyperref/hyperref.sty
(/usr/share/texlive/texmf-dist/tex/generic/oberdiek/hobsub-hyperref.sty
(/usr/share/texlive/texmf-dist/tex/generic/oberdiek/hobsub-generic.sty))
(/usr/share/texlive/texmf-dist/tex/latex/oberdiek/auxhook.sty)
(/usr/share/texlive/texmf-dist/tex/latex/hyperref/pd1enc.def)
(/usr/share/texlive/texmf-dist/tex/latex/latexconfig/hyperref.cfg)
(/usr/share/texlive/texmf-dist/tex/latex/hyperref/puenc.def)
(/usr/share/texlive/texmf-dist/tex/latex/url/url.sty))

Package hyperref Message: Driver (autodetected): hpdftex.

(/usr/share/texlive/texmf-dist/tex/latex/hyperref/hpdftex.def
(/usr/share/texlive/texmf-dist/tex/latex/oberdiek/rerunfilecheck.sty))
(/usr/share/texlive/texmf-dist/tex/latex/oberdiek/hypcap.sty)
Writing index file wave-software-distribution.idx
(./wave-software-distribution.aux)
(/usr/share/texlive/texmf-dist/tex/latex/base/ts1cmr.fd)
(/usr/share/texlive/texmf-dist/tex/latex/psnfss/t1ptm.fd)
(/usr/share/texlive/texmf-dist/tex/context/base/mkii/supp-pdf.mkii
[Loading MPS to PDF converter (version 2006.09.02).]
) (/usr/share/texlive/texmf-dist/tex/latex/oberdiek/epstopdf-base.sty
(/usr/share/texlive/texmf-dist/tex/latex/oberdiek/grfext.sty)
(/usr/share/texlive/texmf-dist/tex/latex/latexconfig/epstopdf-sys.cfg))
*geometry* driver: auto-detecting
*geometry* detected driver: pdftex
(/usr/share/texlive/texmf-dist/tex/latex/hyperref/nameref.sty
(/usr/share/texlive/texmf-dist/tex/generic/oberdiek/gettitlestring.sty))
(/usr/share/texlive/texmf-dist/tex/latex/psnfss/t1phv.fd)<<ot1.cmap>><<oml.cmap
>><<oms.cmap>><<omx.cmap>>
(/usr/share/texlive/texmf-dist/tex/latex/amsfonts/umsa.fd)
(/usr/share/texlive/texmf-dist/tex/latex/amsfonts/umsb.fd) [1{/var/lib/texmf/fo
nts/map/pdftex/updmap/pdftex.map}]

Package Fancyhdr Warning: \fancyfoot's `E' option without twoside option is use
less on input line 68.


Package Fancyhdr Warning: \fancyfoot's `E' option without twoside option is use
less on input line 68.

[1]

Package Fancyhdr Warning: \fancyfoot's `E' option without twoside option is use
less on input line 68.


Package Fancyhdr Warning: \fancyfoot's `E' option without twoside option is use
less on input line 68.


Package Fancyhdr Warning: \fancyhead's `E' option without twoside option is use
less on input line 68.

(/usr/share/texlive/texmf-dist/tex/latex/psnfss/ts1ptm.fd) [1]
Chapter 1.

Underfull \hbox (badness 10000) in paragraph at lines 2--134
[]|[][]\T1/ptm/m/n/10 2019-02-11_wave-

Underfull \hbox (badness 10000) in paragraph at lines 2--134
\T1/ptm/m/n/10 software-

Underfull \hbox (badness 10000) in paragraph at lines 167--168
[]|\T1/ptm/m/n/10 2019-

Package Fancyhdr Warning: \fancyfoot's `E' option without twoside option is use
less on input line 179.

[2] [3]
Chapter 2.

Package Fancyhdr Warning: \fancyfoot's `E' option without twoside option is use
less on input line 195.

[4]
Chapter 3.

Package Fancyhdr Warning: \fancyfoot's `E' option without twoside option is use
less on input line 230.

[5] [6] [7] [8]
Chapter 4.

Package Fancyhdr Warning: \fancyfoot's `E' option without twoside option is use
less on input line 345.

[9] [10]
Chapter 5.

Package Fancyhdr Warning: \fancyfoot's `E' option without twoside option is use
less on input line 380.

[11] [12]
Chapter 6.

Package Fancyhdr Warning: \fancyfoot's `E' option without twoside option is use
less on input line 400.

[13]
Chapter 7.

Package Fancyhdr Warning: \fancyfoot's `E' option without twoside option is use
less on input line 427.

[14] [15]
Chapter 8.

Package Fancyhdr Warning: \fancyfoot's `E' option without twoside option is use
less on input line 478.

[16] [17]
Chapter 9.

Package Fancyhdr Warning: \fancyfoot's `E' option without twoside option is use
less on input line 507.

[18]
Chapter 10.

Package Fancyhdr Warning: \fancyfoot's `E' option without twoside option is use
less on input line 549.

[19] [20] [21]
Chapter 11.

Package Fancyhdr Warning: \fancyfoot's `E' option without twoside option is use
less on input line 579.

[22]
Chapter 12.

Package Fancyhdr Warning: \fancyfoot's `E' option without twoside option is use
less on input line 600.

[23] [24]
Chapter 13.

Package Fancyhdr Warning: \fancyfoot's `E' option without twoside option is use
less on input line 631.

[25] [26]
Chapter 14.

Package Fancyhdr Warning: \fancyfoot's `E' option without twoside option is use
less on input line 651.

[27]
Chapter 15.

Package Fancyhdr Warning: \fancyfoot's `E' option without twoside option is use
less on input line 675.

[28] [29]
Chapter 16.

Package Fancyhdr Warning: \fancyfoot's `E' option without twoside option is use
less on input line 717.

[30] [31]
Chapter 17.

Package Fancyhdr Warning: \fancyfoot's `E' option without twoside option is use
less on input line 785.

[32] [33]
Chapter 18.

Package Fancyhdr Warning: \fancyfoot's `E' option without twoside option is use
less on input line 803.

[34]
Chapter 19.

Package Fancyhdr Warning: \fancyfoot's `E' option without twoside option is use
less on input line 817.

[35]
Chapter 20.

Package Fancyhdr Warning: \fancyfoot's `E' option without twoside option is use
less on input line 844.

[36] [37] [38]
Chapter 21.

Package Fancyhdr Warning: \fancyfoot's `E' option without twoside option is use
less on input line 906.

[39]
Chapter 22.

Package Fancyhdr Warning: \fancyfoot's `E' option without twoside option is use
less on input line 921.

[40]
Chapter 23.

Package Fancyhdr Warning: \fancyfoot's `E' option without twoside option is use
less on input line 965.

[41] [42]
Chapter 24.
No file wave-software-distribution.ind.

Package Fancyhdr Warning: \fancyfoot's `E' option without twoside option is use
less on input line 988.

[43] (./wave-software-distribution.aux)

Package rerunfilecheck Warning: File `wave-software-distribution.out' has chang
ed.
(rerunfilecheck)                Rerun to get outlines right
(rerunfilecheck)                or use package `bookmark'.


LaTeX Warning: Label(s) may have changed. Rerun to get cross-references right.

 )
(see the transcript file for additional information){/usr/share/texlive/texmf-d
ist/fonts/enc/dvips/base/8r.enc}</usr/share/texlive/texmf-dist/fonts/type1/urw/
helvetic/uhvb8a.pfb></usr/share/texlive/texmf-dist/fonts/type1/urw/helvetic/uhv
bo8a.pfb></usr/share/texlive/texmf-dist/fonts/type1/urw/helvetic/uhvr8a.pfb></u
sr/share/texlive/texmf-dist/fonts/type1/urw/times/utmb8a.pfb></usr/share/texliv
e/texmf-dist/fonts/type1/urw/times/utmr8a.pfb>
Output written on wave-software-distribution.pdf (45 pages, 136560 bytes).
Transcript written on wave-software-distribution.log.
Latexmk: Index file 'wave-software-distribution.idx' was written
Latexmk: Missing input file: 'wave-software-distribution.ind' from line
  'No file wave-software-distribution.ind.'
Latexmk: References changed.
Latexmk: References changed.
Latexmk: Log file says output to 'wave-software-distribution.pdf'
Rule 'makeindex wave-software-distribution.idx': File changes, etc:
   Non-existent destination files:
      'wave-software-distribution.ind'
------------
Run number 1 of rule 'makeindex wave-software-distribution.idx'
------------
------------
Running 'makeindex -s python.ist  -o "wave-software-distribution.ind" "wave-software-distribution.idx"'
------------
Latexmk: applying rule 'makeindex wave-software-distribution.idx'...
This is makeindex, version 2.15 [TeX Live 2016] (kpathsea + Thai support).
Scanning style file ./python.ist.......done (7 attributes redefined, 0 ignored).
Scanning input file wave-software-distribution.idx...done (0 entries accepted, 0 rejected).
Nothing written in wave-software-distribution.ind.
Transcript written in wave-software-distribution.ilg.
Rule 'pdflatex': File changes, etc:
   Changed files, or newly in use since previous run(s):
      'wave-software-distribution.aux'
      'wave-software-distribution.ind'
------------
Run number 2 of rule 'pdflatex'
------------
------------
Running 'pdflatex   -recorder  "wave-software-distribution.tex"'
------------
Latexmk: applying rule 'pdflatex'...
This is pdfTeX, Version 3.14159265-2.6-1.40.17 (TeX Live 2016/Debian) (preloaded format=pdflatex)
 restricted \write18 enabled.
entering extended mode
(./wave-software-distribution.tex
LaTeX2e <2017/01/01> patch level 3
Babel <3.9r> and hyphenation patterns for 3 language(s) loaded.
(./sphinxmanual.cls
Document Class: sphinxmanual 2017/03/26 v1.6 Document class (Sphinx manual)
(/usr/share/texlive/texmf-dist/tex/latex/base/report.cls
Document Class: report 2014/09/29 v1.4h Standard LaTeX document class
(/usr/share/texlive/texmf-dist/tex/latex/base/size10.clo)))
(/usr/share/texlive/texmf-dist/tex/latex/base/inputenc.sty
(/usr/share/texlive/texmf-dist/tex/latex/base/utf8.def
(/usr/share/texlive/texmf-dist/tex/latex/base/t1enc.dfu)
(/usr/share/texlive/texmf-dist/tex/latex/base/ot1enc.dfu)
(/usr/share/texlive/texmf-dist/tex/latex/base/omsenc.dfu)))
(/usr/share/texlive/texmf-dist/tex/latex/cmap/cmap.sty)
(/usr/share/texlive/texmf-dist/tex/latex/base/fontenc.sty
(/usr/share/texlive/texmf-dist/tex/latex/base/t1enc.def)<<t1.cmap>>)
(/usr/share/texlive/texmf-dist/tex/latex/amsmath/amsmath.sty
For additional information on amsmath, use the `?' option.
(/usr/share/texlive/texmf-dist/tex/latex/amsmath/amstext.sty
(/usr/share/texlive/texmf-dist/tex/latex/amsmath/amsgen.sty))
(/usr/share/texlive/texmf-dist/tex/latex/amsmath/amsbsy.sty)
(/usr/share/texlive/texmf-dist/tex/latex/amsmath/amsopn.sty))
(/usr/share/texlive/texmf-dist/tex/latex/amsfonts/amssymb.sty
(/usr/share/texlive/texmf-dist/tex/latex/amsfonts/amsfonts.sty))
(/usr/share/texlive/texmf-dist/tex/generic/babel/babel.sty
(/usr/share/texlive/texmf-dist/tex/generic/babel-english/english.ldf
(/usr/share/texlive/texmf-dist/tex/generic/babel/babel.def)))
(/usr/share/texlive/texmf-dist/tex/latex/psnfss/times.sty)
(/usr/share/texlive/texmf-dist/tex/latex/fncychap/fncychap.sty) (./sphinx.sty
(/usr/share/texlive/texmf-dist/tex/generic/oberdiek/ltxcmds.sty)
(/usr/share/texlive/texmf-dist/tex/latex/graphics/graphicx.sty
(/usr/share/texlive/texmf-dist/tex/latex/graphics/keyval.sty)
(/usr/share/texlive/texmf-dist/tex/latex/graphics/graphics.sty
(/usr/share/texlive/texmf-dist/tex/latex/graphics/trig.sty)
(/usr/share/texlive/texmf-dist/tex/latex/graphics-cfg/graphics.cfg)
(/usr/share/texlive/texmf-dist/tex/latex/graphics-def/pdftex.def
(/usr/share/texlive/texmf-dist/tex/generic/oberdiek/infwarerr.sty))))
(/usr/share/texlive/texmf-dist/tex/latex/fancyhdr/fancyhdr.sty)
(/usr/share/texlive/texmf-dist/tex/latex/base/textcomp.sty
(/usr/share/texlive/texmf-dist/tex/latex/base/ts1enc.def
(/usr/share/texlive/texmf-dist/tex/latex/base/ts1enc.dfu)))
(/usr/share/texlive/texmf-dist/tex/latex/titlesec/titlesec.sty)
(/usr/share/texlive/texmf-dist/tex/latex/tabulary/tabulary.sty
(/usr/share/texlive/texmf-dist/tex/latex/tools/array.sty))
(/usr/share/texlive/texmf-dist/tex/latex/tools/longtable.sty)
(/usr/share/texlive/texmf-dist/tex/latex/varwidth/varwidth.sty)
(./sphinxmulticell.sty)
(/usr/share/texlive/texmf-dist/tex/latex/base/makeidx.sty)
(/usr/share/texlive/texmf-dist/tex/latex/framed/framed.sty)
(/usr/share/texlive/texmf-dist/tex/latex/xcolor/xcolor.sty
(/usr/share/texlive/texmf-dist/tex/latex/graphics-cfg/color.cfg))
(/usr/share/texlive/texmf-dist/tex/latex/fancyvrb/fancyvrb.sty
Style option: `fancyvrb' v2.7a, with DG/SPQR fixes, and firstline=lastline fix 
<2008/02/07> (tvz)) (./footnotehyper-sphinx.sty)
(/usr/share/texlive/texmf-dist/tex/latex/float/float.sty)
(/usr/share/texlive/texmf-dist/tex/latex/wrapfig/wrapfig.sty)
(/usr/share/texlive/texmf-dist/tex/latex/parskip/parskip.sty)
(/usr/share/texlive/texmf-dist/tex/latex/base/alltt.sty)
(/usr/share/texlive/texmf-dist/tex/latex/upquote/upquote.sty)
(/usr/share/texlive/texmf-dist/tex/latex/capt-of/capt-of.sty)
(/usr/share/texlive/texmf-dist/tex/latex/needspace/needspace.sty)
(/usr/share/texlive/texmf-dist/tex/latex/carlisle/remreset.sty)
(./sphinxhighlight.sty)
(/usr/share/texlive/texmf-dist/tex/latex/oberdiek/kvoptions.sty
(/usr/share/texlive/texmf-dist/tex/generic/oberdiek/kvsetkeys.sty
(/usr/share/texlive/texmf-dist/tex/generic/oberdiek/etexcmds.sty
(/usr/share/texlive/texmf-dist/tex/generic/oberdiek/ifluatex.sty)))))
(/usr/share/texlive/texmf-dist/tex/latex/geometry/geometry.sty
(/usr/share/texlive/texmf-dist/tex/generic/oberdiek/ifpdf.sty)
(/usr/share/texlive/texmf-dist/tex/generic/oberdiek/ifvtex.sty)
(/usr/share/texlive/texmf-dist/tex/generic/ifxetex/ifxetex.sty))
(/usr/share/texlive/texmf-dist/tex/latex/hyperref/hyperref.sty
(/usr/share/texlive/texmf-dist/tex/generic/oberdiek/hobsub-hyperref.sty
(/usr/share/texlive/texmf-dist/tex/generic/oberdiek/hobsub-generic.sty))
(/usr/share/texlive/texmf-dist/tex/latex/oberdiek/auxhook.sty)
(/usr/share/texlive/texmf-dist/tex/latex/hyperref/pd1enc.def)
(/usr/share/texlive/texmf-dist/tex/latex/latexconfig/hyperref.cfg)
(/usr/share/texlive/texmf-dist/tex/latex/hyperref/puenc.def)
(/usr/share/texlive/texmf-dist/tex/latex/url/url.sty))

Package hyperref Message: Driver (autodetected): hpdftex.

(/usr/share/texlive/texmf-dist/tex/latex/hyperref/hpdftex.def
(/usr/share/texlive/texmf-dist/tex/latex/oberdiek/rerunfilecheck.sty))
(/usr/share/texlive/texmf-dist/tex/latex/oberdiek/hypcap.sty)
Writing index file wave-software-distribution.idx
(./wave-software-distribution.aux)
(/usr/share/texlive/texmf-dist/tex/latex/base/ts1cmr.fd)
(/usr/share/texlive/texmf-dist/tex/latex/psnfss/t1ptm.fd)
(/usr/share/texlive/texmf-dist/tex/context/base/mkii/supp-pdf.mkii
[Loading MPS to PDF converter (version 2006.09.02).]
) (/usr/share/texlive/texmf-dist/tex/latex/oberdiek/epstopdf-base.sty
(/usr/share/texlive/texmf-dist/tex/latex/oberdiek/grfext.sty)
(/usr/share/texlive/texmf-dist/tex/latex/latexconfig/epstopdf-sys.cfg))
*geometry* driver: auto-detecting
*geometry* detected driver: pdftex
(/usr/share/texlive/texmf-dist/tex/latex/hyperref/nameref.sty
(/usr/share/texlive/texmf-dist/tex/generic/oberdiek/gettitlestring.sty))
(./wave-software-distribution.out) (./wave-software-distribution.out)
(/usr/share/texlive/texmf-dist/tex/latex/psnfss/t1phv.fd)<<ot1.cmap>><<oml.cmap
>><<oms.cmap>><<omx.cmap>>
(/usr/share/texlive/texmf-dist/tex/latex/amsfonts/umsa.fd)
(/usr/share/texlive/texmf-dist/tex/latex/amsfonts/umsb.fd) [1{/var/lib/texmf/fo
nts/map/pdftex/updmap/pdftex.map}]

Package Fancyhdr Warning: \fancyfoot's `E' option without twoside option is use
less on input line 68.

(./wave-software-distribution.toc

Package Fancyhdr Warning: \fancyfoot's `E' option without twoside option is use
less on input line 40.

[1] [2]) [3]

Package Fancyhdr Warning: \fancyfoot's `E' option without twoside option is use
less on input line 68.


Package Fancyhdr Warning: \fancyfoot's `E' option without twoside option is use
less on input line 68.


Package Fancyhdr Warning: \fancyhead's `E' option without twoside option is use
less on input line 68.

(/usr/share/texlive/texmf-dist/tex/latex/psnfss/ts1ptm.fd) [1]
Chapter 1.

Underfull \hbox (badness 10000) in paragraph at lines 2--134
[]|[][]\T1/ptm/m/n/10 2019-02-11_wave-

Underfull \hbox (badness 10000) in paragraph at lines 2--134
\T1/ptm/m/n/10 software-

Underfull \hbox (badness 10000) in paragraph at lines 167--168
[]|\T1/ptm/m/n/10 2019-

Package Fancyhdr Warning: \fancyfoot's `E' option without twoside option is use
less on input line 179.

[2] [3]
Chapter 2.

Package Fancyhdr Warning: \fancyfoot's `E' option without twoside option is use
less on input line 195.

[4]
Chapter 3.

Package Fancyhdr Warning: \fancyfoot's `E' option without twoside option is use
less on input line 230.

[5] [6] [7] [8]
Chapter 4.

Package Fancyhdr Warning: \fancyfoot's `E' option without twoside option is use
less on input line 345.

[9] [10]
Chapter 5.

Package Fancyhdr Warning: \fancyfoot's `E' option without twoside option is use
less on input line 380.

[11] [12]
Chapter 6.

Package Fancyhdr Warning: \fancyfoot's `E' option without twoside option is use
less on input line 400.

[13]
Chapter 7.

Package Fancyhdr Warning: \fancyfoot's `E' option without twoside option is use
less on input line 427.

[14] [15]
Chapter 8.

Package Fancyhdr Warning: \fancyfoot's `E' option without twoside option is use
less on input line 478.

[16] [17]
Chapter 9.

Package Fancyhdr Warning: \fancyfoot's `E' option without twoside option is use
less on input line 507.

[18]
Chapter 10.

Package Fancyhdr Warning: \fancyfoot's `E' option without twoside option is use
less on input line 549.

[19] [20] [21]
Chapter 11.

Package Fancyhdr Warning: \fancyfoot's `E' option without twoside option is use
less on input line 579.

[22]
Chapter 12.

Package Fancyhdr Warning: \fancyfoot's `E' option without twoside option is use
less on input line 600.

[23] [24]
Chapter 13.

Package Fancyhdr Warning: \fancyfoot's `E' option without twoside option is use
less on input line 631.

[25] [26]
Chapter 14.

Package Fancyhdr Warning: \fancyfoot's `E' option without twoside option is use
less on input line 651.

[27]
Chapter 15.

Package Fancyhdr Warning: \fancyfoot's `E' option without twoside option is use
less on input line 675.

[28] [29]
Chapter 16.

Package Fancyhdr Warning: \fancyfoot's `E' option without twoside option is use
less on input line 717.

[30] [31]
Chapter 17.

Package Fancyhdr Warning: \fancyfoot's `E' option without twoside option is use
less on input line 785.

[32] [33]
Chapter 18.

Package Fancyhdr Warning: \fancyfoot's `E' option without twoside option is use
less on input line 803.

[34]
Chapter 19.

Package Fancyhdr Warning: \fancyfoot's `E' option without twoside option is use
less on input line 817.

[35]
Chapter 20.

Package Fancyhdr Warning: \fancyfoot's `E' option without twoside option is use
less on input line 844.

[36] [37] [38]
Chapter 21.

Package Fancyhdr Warning: \fancyfoot's `E' option without twoside option is use
less on input line 906.

[39]
Chapter 22.

Package Fancyhdr Warning: \fancyfoot's `E' option without twoside option is use
less on input line 921.

[40]
Chapter 23.

Package Fancyhdr Warning: \fancyfoot's `E' option without twoside option is use
less on input line 965.

[41] [42]
Chapter 24.
(./wave-software-distribution.ind)

Package Fancyhdr Warning: \fancyfoot's `E' option without twoside option is use
less on input line 988.

[43] (./wave-software-distribution.aux) )
(see the transcript file for additional information){/usr/share/texlive/texmf-d
ist/fonts/enc/dvips/base/8r.enc}</usr/share/texlive/texmf-dist/fonts/type1/urw/
helvetic/uhvb8a.pfb></usr/share/texlive/texmf-dist/fonts/type1/urw/helvetic/uhv
bo8a.pfb></usr/share/texlive/texmf-dist/fonts/type1/urw/helvetic/uhvr8a.pfb></u
sr/share/texlive/texmf-dist/fonts/type1/urw/times/utmb8a.pfb></usr/share/texliv
e/texmf-dist/fonts/type1/urw/times/utmr8a.pfb>
Output written on wave-software-distribution.pdf (47 pages, 160651 bytes).
Transcript written on wave-software-distribution.log.
Latexmk: Index file 'wave-software-distribution.idx' was written
Latexmk: Log file says output to 'wave-software-distribution.pdf'
Rule 'pdflatex': File changes, etc:
   Changed files, or newly in use since previous run(s):
      'wave-software-distribution.out'
      'wave-software-distribution.toc'
------------
Run number 3 of rule 'pdflatex'
------------
------------
Running 'pdflatex   -recorder  "wave-software-distribution.tex"'
------------
Latexmk: applying rule 'pdflatex'...
This is pdfTeX, Version 3.14159265-2.6-1.40.17 (TeX Live 2016/Debian) (preloaded format=pdflatex)
 restricted \write18 enabled.
entering extended mode
(./wave-software-distribution.tex
LaTeX2e <2017/01/01> patch level 3
Babel <3.9r> and hyphenation patterns for 3 language(s) loaded.
(./sphinxmanual.cls
Document Class: sphinxmanual 2017/03/26 v1.6 Document class (Sphinx manual)
(/usr/share/texlive/texmf-dist/tex/latex/base/report.cls
Document Class: report 2014/09/29 v1.4h Standard LaTeX document class
(/usr/share/texlive/texmf-dist/tex/latex/base/size10.clo)))
(/usr/share/texlive/texmf-dist/tex/latex/base/inputenc.sty
(/usr/share/texlive/texmf-dist/tex/latex/base/utf8.def
(/usr/share/texlive/texmf-dist/tex/latex/base/t1enc.dfu)
(/usr/share/texlive/texmf-dist/tex/latex/base/ot1enc.dfu)
(/usr/share/texlive/texmf-dist/tex/latex/base/omsenc.dfu)))
(/usr/share/texlive/texmf-dist/tex/latex/cmap/cmap.sty)
(/usr/share/texlive/texmf-dist/tex/latex/base/fontenc.sty
(/usr/share/texlive/texmf-dist/tex/latex/base/t1enc.def)<<t1.cmap>>)
(/usr/share/texlive/texmf-dist/tex/latex/amsmath/amsmath.sty
For additional information on amsmath, use the `?' option.
(/usr/share/texlive/texmf-dist/tex/latex/amsmath/amstext.sty
(/usr/share/texlive/texmf-dist/tex/latex/amsmath/amsgen.sty))
(/usr/share/texlive/texmf-dist/tex/latex/amsmath/amsbsy.sty)
(/usr/share/texlive/texmf-dist/tex/latex/amsmath/amsopn.sty))
(/usr/share/texlive/texmf-dist/tex/latex/amsfonts/amssymb.sty
(/usr/share/texlive/texmf-dist/tex/latex/amsfonts/amsfonts.sty))
(/usr/share/texlive/texmf-dist/tex/generic/babel/babel.sty
(/usr/share/texlive/texmf-dist/tex/generic/babel-english/english.ldf
(/usr/share/texlive/texmf-dist/tex/generic/babel/babel.def)))
(/usr/share/texlive/texmf-dist/tex/latex/psnfss/times.sty)
(/usr/share/texlive/texmf-dist/tex/latex/fncychap/fncychap.sty) (./sphinx.sty
(/usr/share/texlive/texmf-dist/tex/generic/oberdiek/ltxcmds.sty)
(/usr/share/texlive/texmf-dist/tex/latex/graphics/graphicx.sty
(/usr/share/texlive/texmf-dist/tex/latex/graphics/keyval.sty)
(/usr/share/texlive/texmf-dist/tex/latex/graphics/graphics.sty
(/usr/share/texlive/texmf-dist/tex/latex/graphics/trig.sty)
(/usr/share/texlive/texmf-dist/tex/latex/graphics-cfg/graphics.cfg)
(/usr/share/texlive/texmf-dist/tex/latex/graphics-def/pdftex.def
(/usr/share/texlive/texmf-dist/tex/generic/oberdiek/infwarerr.sty))))
(/usr/share/texlive/texmf-dist/tex/latex/fancyhdr/fancyhdr.sty)
(/usr/share/texlive/texmf-dist/tex/latex/base/textcomp.sty
(/usr/share/texlive/texmf-dist/tex/latex/base/ts1enc.def
(/usr/share/texlive/texmf-dist/tex/latex/base/ts1enc.dfu)))
(/usr/share/texlive/texmf-dist/tex/latex/titlesec/titlesec.sty)
(/usr/share/texlive/texmf-dist/tex/latex/tabulary/tabulary.sty
(/usr/share/texlive/texmf-dist/tex/latex/tools/array.sty))
(/usr/share/texlive/texmf-dist/tex/latex/tools/longtable.sty)
(/usr/share/texlive/texmf-dist/tex/latex/varwidth/varwidth.sty)
(./sphinxmulticell.sty)
(/usr/share/texlive/texmf-dist/tex/latex/base/makeidx.sty)
(/usr/share/texlive/texmf-dist/tex/latex/framed/framed.sty)
(/usr/share/texlive/texmf-dist/tex/latex/xcolor/xcolor.sty
(/usr/share/texlive/texmf-dist/tex/latex/graphics-cfg/color.cfg))
(/usr/share/texlive/texmf-dist/tex/latex/fancyvrb/fancyvrb.sty
Style option: `fancyvrb' v2.7a, with DG/SPQR fixes, and firstline=lastline fix 
<2008/02/07> (tvz)) (./footnotehyper-sphinx.sty)
(/usr/share/texlive/texmf-dist/tex/latex/float/float.sty)
(/usr/share/texlive/texmf-dist/tex/latex/wrapfig/wrapfig.sty)
(/usr/share/texlive/texmf-dist/tex/latex/parskip/parskip.sty)
(/usr/share/texlive/texmf-dist/tex/latex/base/alltt.sty)
(/usr/share/texlive/texmf-dist/tex/latex/upquote/upquote.sty)
(/usr/share/texlive/texmf-dist/tex/latex/capt-of/capt-of.sty)
(/usr/share/texlive/texmf-dist/tex/latex/needspace/needspace.sty)
(/usr/share/texlive/texmf-dist/tex/latex/carlisle/remreset.sty)
(./sphinxhighlight.sty)
(/usr/share/texlive/texmf-dist/tex/latex/oberdiek/kvoptions.sty
(/usr/share/texlive/texmf-dist/tex/generic/oberdiek/kvsetkeys.sty
(/usr/share/texlive/texmf-dist/tex/generic/oberdiek/etexcmds.sty
(/usr/share/texlive/texmf-dist/tex/generic/oberdiek/ifluatex.sty)))))
(/usr/share/texlive/texmf-dist/tex/latex/geometry/geometry.sty
(/usr/share/texlive/texmf-dist/tex/generic/oberdiek/ifpdf.sty)
(/usr/share/texlive/texmf-dist/tex/generic/oberdiek/ifvtex.sty)
(/usr/share/texlive/texmf-dist/tex/generic/ifxetex/ifxetex.sty))
(/usr/share/texlive/texmf-dist/tex/latex/hyperref/hyperref.sty
(/usr/share/texlive/texmf-dist/tex/generic/oberdiek/hobsub-hyperref.sty
(/usr/share/texlive/texmf-dist/tex/generic/oberdiek/hobsub-generic.sty))
(/usr/share/texlive/texmf-dist/tex/latex/oberdiek/auxhook.sty)
(/usr/share/texlive/texmf-dist/tex/latex/hyperref/pd1enc.def)
(/usr/share/texlive/texmf-dist/tex/latex/latexconfig/hyperref.cfg)
(/usr/share/texlive/texmf-dist/tex/latex/hyperref/puenc.def)
(/usr/share/texlive/texmf-dist/tex/latex/url/url.sty))

Package hyperref Message: Driver (autodetected): hpdftex.

(/usr/share/texlive/texmf-dist/tex/latex/hyperref/hpdftex.def
(/usr/share/texlive/texmf-dist/tex/latex/oberdiek/rerunfilecheck.sty))
(/usr/share/texlive/texmf-dist/tex/latex/oberdiek/hypcap.sty)
Writing index file wave-software-distribution.idx
(./wave-software-distribution.aux)
(/usr/share/texlive/texmf-dist/tex/latex/base/ts1cmr.fd)
(/usr/share/texlive/texmf-dist/tex/latex/psnfss/t1ptm.fd)
(/usr/share/texlive/texmf-dist/tex/context/base/mkii/supp-pdf.mkii
[Loading MPS to PDF converter (version 2006.09.02).]
) (/usr/share/texlive/texmf-dist/tex/latex/oberdiek/epstopdf-base.sty
(/usr/share/texlive/texmf-dist/tex/latex/oberdiek/grfext.sty)
(/usr/share/texlive/texmf-dist/tex/latex/latexconfig/epstopdf-sys.cfg))
*geometry* driver: auto-detecting
*geometry* detected driver: pdftex
(/usr/share/texlive/texmf-dist/tex/latex/hyperref/nameref.sty
(/usr/share/texlive/texmf-dist/tex/generic/oberdiek/gettitlestring.sty))
(./wave-software-distribution.out) (./wave-software-distribution.out)
(/usr/share/texlive/texmf-dist/tex/latex/psnfss/t1phv.fd)<<ot1.cmap>><<oml.cmap
>><<oms.cmap>><<omx.cmap>>
(/usr/share/texlive/texmf-dist/tex/latex/amsfonts/umsa.fd)
(/usr/share/texlive/texmf-dist/tex/latex/amsfonts/umsb.fd) [1{/var/lib/texmf/fo
nts/map/pdftex/updmap/pdftex.map}]

Package Fancyhdr Warning: \fancyfoot's `E' option without twoside option is use
less on input line 68.

(./wave-software-distribution.toc

Package Fancyhdr Warning: \fancyfoot's `E' option without twoside option is use
less on input line 40.

[1] [2]) [3]

Package Fancyhdr Warning: \fancyfoot's `E' option without twoside option is use
less on input line 68.


Package Fancyhdr Warning: \fancyfoot's `E' option without twoside option is use
less on input line 68.


Package Fancyhdr Warning: \fancyhead's `E' option without twoside option is use
less on input line 68.

(/usr/share/texlive/texmf-dist/tex/latex/psnfss/ts1ptm.fd) [1]
Chapter 1.

Underfull \hbox (badness 10000) in paragraph at lines 2--134
[]|[][]\T1/ptm/m/n/10 2019-02-11_wave-

Underfull \hbox (badness 10000) in paragraph at lines 2--134
\T1/ptm/m/n/10 software-

Underfull \hbox (badness 10000) in paragraph at lines 167--168
[]|\T1/ptm/m/n/10 2019-

Package Fancyhdr Warning: \fancyfoot's `E' option without twoside option is use
less on input line 179.

[2] [3]
Chapter 2.

Package Fancyhdr Warning: \fancyfoot's `E' option without twoside option is use
less on input line 195.

[4]
Chapter 3.

Package Fancyhdr Warning: \fancyfoot's `E' option without twoside option is use
less on input line 230.

[5] [6] [7] [8]
Chapter 4.

Package Fancyhdr Warning: \fancyfoot's `E' option without twoside option is use
less on input line 345.

[9] [10]
Chapter 5.

Package Fancyhdr Warning: \fancyfoot's `E' option without twoside option is use
less on input line 380.

[11] [12]
Chapter 6.

Package Fancyhdr Warning: \fancyfoot's `E' option without twoside option is use
less on input line 400.

[13]
Chapter 7.

Package Fancyhdr Warning: \fancyfoot's `E' option without twoside option is use
less on input line 427.

[14] [15]
Chapter 8.

Package Fancyhdr Warning: \fancyfoot's `E' option without twoside option is use
less on input line 478.

[16] [17]
Chapter 9.

Package Fancyhdr Warning: \fancyfoot's `E' option without twoside option is use
less on input line 507.

[18]
Chapter 10.

Package Fancyhdr Warning: \fancyfoot's `E' option without twoside option is use
less on input line 549.

[19] [20] [21]
Chapter 11.

Package Fancyhdr Warning: \fancyfoot's `E' option without twoside option is use
less on input line 579.

[22]
Chapter 12.

Package Fancyhdr Warning: \fancyfoot's `E' option without twoside option is use
less on input line 600.

[23] [24]
Chapter 13.

Package Fancyhdr Warning: \fancyfoot's `E' option without twoside option is use
less on input line 631.

[25] [26]
Chapter 14.

Package Fancyhdr Warning: \fancyfoot's `E' option without twoside option is use
less on input line 651.

[27]
Chapter 15.

Package Fancyhdr Warning: \fancyfoot's `E' option without twoside option is use
less on input line 675.

[28] [29]
Chapter 16.

Package Fancyhdr Warning: \fancyfoot's `E' option without twoside option is use
less on input line 717.

[30] [31]
Chapter 17.

Package Fancyhdr Warning: \fancyfoot's `E' option without twoside option is use
less on input line 785.

[32] [33]
Chapter 18.

Package Fancyhdr Warning: \fancyfoot's `E' option without twoside option is use
less on input line 803.

[34]
Chapter 19.

Package Fancyhdr Warning: \fancyfoot's `E' option without twoside option is use
less on input line 817.

[35]
Chapter 20.

Package Fancyhdr Warning: \fancyfoot's `E' option without twoside option is use
less on input line 844.

[36] [37] [38]
Chapter 21.

Package Fancyhdr Warning: \fancyfoot's `E' option without twoside option is use
less on input line 906.

[39]
Chapter 22.

Package Fancyhdr Warning: \fancyfoot's `E' option without twoside option is use
less on input line 921.

[40]
Chapter 23.

Package Fancyhdr Warning: \fancyfoot's `E' option without twoside option is use
less on input line 965.

[41] [42]
Chapter 24.
(./wave-software-distribution.ind)

Package Fancyhdr Warning: \fancyfoot's `E' option without twoside option is use
less on input line 988.

[43] (./wave-software-distribution.aux) )
(see the transcript file for additional information){/usr/share/texlive/texmf-d
ist/fonts/enc/dvips/base/8r.enc}</usr/share/texlive/texmf-dist/fonts/type1/urw/
helvetic/uhvb8a.pfb></usr/share/texlive/texmf-dist/fonts/type1/urw/helvetic/uhv
bo8a.pfb></usr/share/texlive/texmf-dist/fonts/type1/urw/helvetic/uhvr8a.pfb></u
sr/share/texlive/texmf-dist/fonts/type1/urw/times/utmb8a.pfb></usr/share/texliv
e/texmf-dist/fonts/type1/urw/times/utmr8a.pfb>
Output written on wave-software-distribution.pdf (47 pages, 160651 bytes).
Transcript written on wave-software-distribution.log.
Latexmk: Index file 'wave-software-distribution.idx' was written
Latexmk: Log file says output to 'wave-software-distribution.pdf'
Latexmk: All targets (wave-software-distribution.pdf) are up-to-date
make[1]: Leaving directory '/mnt/c/Users/loco/Documents/GitHub/gh-docs.hotspotbnb.com/docs/management/software-distributor-terms/build/latex'
