Running Sphinx v1.7.9
making output directory...
loading pickled environment... done
building [mo]: targets for 0 po files that are out of date
building [latex]: all documents
updating environment: 0 added, 0 changed, 0 removed
looking for now-outdated files... none found
processing management-defence-operations-sun-su.tex...index releasenotes overview business-case product-description approach management-team approval annex-a 
resolving references...
writing... done
copying images... [  6%] images/transition.png
copying images... [ 12%] images/integration.png
copying images... [ 18%] images/investment-vs-status-3.png
copying images... [ 25%] images/website.png
copying images... [ 31%] images/structure.png
copying images... [ 37%] images/boundaries.png
copying images... [ 43%] images/securities-exchange.png
copying images... [ 50%] images/investment-vs-status-1.png
copying images... [ 56%] images/income-expendature.png
copying images... [ 62%] images/new-british-society.png
copying images... [ 68%] images/summary.png
copying images... [ 75%] images/timeline.png
copying images... [ 81%] images/investment-vs-status-2.png
copying images... [ 87%] images/forest-campus.png
copying images... [ 93%] images/modules.png
copying images... [100%] images/store.png

copying TeX support files...
done
build succeeded.

The LaTeX files are in build/latex.
Run 'make' in that directory to run these through (pdf)latex
(use `make latexpdf' here to do that automatically).
make[1]: Entering directory '/mnt/c/Users/loco/Documents/GitHub/gh-docs.hotspotbnb.com/docs/management/defence-operations-sun-su/build/latex'
latexmk -pdf -dvi- -ps-  'management-defence-operations-sun-su.tex'
Latexmk: This is Latexmk, John Collins, 1 January 2015, version: 4.41.
Rule 'pdflatex': Rules & subrules not known to be previously run:
   pdflatex
Rule 'pdflatex': The following rules & subrules became out-of-date:
      'pdflatex'
------------
Run number 1 of rule 'pdflatex'
------------
------------
Running 'pdflatex   -recorder  "management-defence-operations-sun-su.tex"'
------------
Latexmk: applying rule 'pdflatex'...
This is pdfTeX, Version 3.14159265-2.6-1.40.17 (TeX Live 2016/Debian) (preloaded format=pdflatex)
 restricted \write18 enabled.
entering extended mode
(./management-defence-operations-sun-su.tex
LaTeX2e <2017/01/01> patch level 3
Babel <3.9r> and hyphenation patterns for 3 language(s) loaded.
(./sphinxmanual.cls
Document Class: sphinxmanual 2017/03/26 v1.6 Document class (Sphinx manual)
(/usr/share/texlive/texmf-dist/tex/latex/base/report.cls
Document Class: report 2014/09/29 v1.4h Standard LaTeX document class
(/usr/share/texlive/texmf-dist/tex/latex/base/size10.clo)))
(/usr/share/texlive/texmf-dist/tex/latex/base/inputenc.sty
(/usr/share/texlive/texmf-dist/tex/latex/base/utf8.def
(/usr/share/texlive/texmf-dist/tex/latex/base/t1enc.dfu)
(/usr/share/texlive/texmf-dist/tex/latex/base/ot1enc.dfu)
(/usr/share/texlive/texmf-dist/tex/latex/base/omsenc.dfu)))
(/usr/share/texlive/texmf-dist/tex/latex/cmap/cmap.sty)
(/usr/share/texlive/texmf-dist/tex/latex/base/fontenc.sty
(/usr/share/texlive/texmf-dist/tex/latex/base/t1enc.def)<<t1.cmap>>)
(/usr/share/texlive/texmf-dist/tex/latex/amsmath/amsmath.sty
For additional information on amsmath, use the `?' option.
(/usr/share/texlive/texmf-dist/tex/latex/amsmath/amstext.sty
(/usr/share/texlive/texmf-dist/tex/latex/amsmath/amsgen.sty))
(/usr/share/texlive/texmf-dist/tex/latex/amsmath/amsbsy.sty)
(/usr/share/texlive/texmf-dist/tex/latex/amsmath/amsopn.sty))
(/usr/share/texlive/texmf-dist/tex/latex/amsfonts/amssymb.sty
(/usr/share/texlive/texmf-dist/tex/latex/amsfonts/amsfonts.sty))
(/usr/share/texlive/texmf-dist/tex/generic/babel/babel.sty
(/usr/share/texlive/texmf-dist/tex/generic/babel-english/english.ldf
(/usr/share/texlive/texmf-dist/tex/generic/babel/babel.def)))
(/usr/share/texlive/texmf-dist/tex/latex/psnfss/times.sty)
(/usr/share/texlive/texmf-dist/tex/latex/fncychap/fncychap.sty) (./sphinx.sty
(/usr/share/texlive/texmf-dist/tex/generic/oberdiek/ltxcmds.sty)
(/usr/share/texlive/texmf-dist/tex/latex/graphics/graphicx.sty
(/usr/share/texlive/texmf-dist/tex/latex/graphics/keyval.sty)
(/usr/share/texlive/texmf-dist/tex/latex/graphics/graphics.sty
(/usr/share/texlive/texmf-dist/tex/latex/graphics/trig.sty)
(/usr/share/texlive/texmf-dist/tex/latex/graphics-cfg/graphics.cfg)
(/usr/share/texlive/texmf-dist/tex/latex/graphics-def/pdftex.def
(/usr/share/texlive/texmf-dist/tex/generic/oberdiek/infwarerr.sty))))
(/usr/share/texlive/texmf-dist/tex/latex/fancyhdr/fancyhdr.sty)
(/usr/share/texlive/texmf-dist/tex/latex/base/textcomp.sty
(/usr/share/texlive/texmf-dist/tex/latex/base/ts1enc.def
(/usr/share/texlive/texmf-dist/tex/latex/base/ts1enc.dfu)))
(/usr/share/texlive/texmf-dist/tex/latex/titlesec/titlesec.sty)
(/usr/share/texlive/texmf-dist/tex/latex/tabulary/tabulary.sty
(/usr/share/texlive/texmf-dist/tex/latex/tools/array.sty))
(/usr/share/texlive/texmf-dist/tex/latex/tools/longtable.sty)
(/usr/share/texlive/texmf-dist/tex/latex/varwidth/varwidth.sty)
(./sphinxmulticell.sty)
(/usr/share/texlive/texmf-dist/tex/latex/base/makeidx.sty)
(/usr/share/texlive/texmf-dist/tex/latex/framed/framed.sty)
(/usr/share/texlive/texmf-dist/tex/latex/xcolor/xcolor.sty
(/usr/share/texlive/texmf-dist/tex/latex/graphics-cfg/color.cfg))
(/usr/share/texlive/texmf-dist/tex/latex/fancyvrb/fancyvrb.sty
Style option: `fancyvrb' v2.7a, with DG/SPQR fixes, and firstline=lastline fix 
<2008/02/07> (tvz)) (./footnotehyper-sphinx.sty)
(/usr/share/texlive/texmf-dist/tex/latex/float/float.sty)
(/usr/share/texlive/texmf-dist/tex/latex/wrapfig/wrapfig.sty)
(/usr/share/texlive/texmf-dist/tex/latex/parskip/parskip.sty)
(/usr/share/texlive/texmf-dist/tex/latex/base/alltt.sty)
(/usr/share/texlive/texmf-dist/tex/latex/upquote/upquote.sty)
(/usr/share/texlive/texmf-dist/tex/latex/capt-of/capt-of.sty)
(/usr/share/texlive/texmf-dist/tex/latex/needspace/needspace.sty)
(/usr/share/texlive/texmf-dist/tex/latex/carlisle/remreset.sty)
(./sphinxhighlight.sty)
(/usr/share/texlive/texmf-dist/tex/latex/oberdiek/kvoptions.sty
(/usr/share/texlive/texmf-dist/tex/generic/oberdiek/kvsetkeys.sty
(/usr/share/texlive/texmf-dist/tex/generic/oberdiek/etexcmds.sty
(/usr/share/texlive/texmf-dist/tex/generic/oberdiek/ifluatex.sty)))))
(/usr/share/texlive/texmf-dist/tex/latex/geometry/geometry.sty
(/usr/share/texlive/texmf-dist/tex/generic/oberdiek/ifpdf.sty)
(/usr/share/texlive/texmf-dist/tex/generic/oberdiek/ifvtex.sty)
(/usr/share/texlive/texmf-dist/tex/generic/ifxetex/ifxetex.sty))
(/usr/share/texlive/texmf-dist/tex/latex/hyperref/hyperref.sty
(/usr/share/texlive/texmf-dist/tex/generic/oberdiek/hobsub-hyperref.sty
(/usr/share/texlive/texmf-dist/tex/generic/oberdiek/hobsub-generic.sty))
(/usr/share/texlive/texmf-dist/tex/latex/oberdiek/auxhook.sty)
(/usr/share/texlive/texmf-dist/tex/latex/hyperref/pd1enc.def)
(/usr/share/texlive/texmf-dist/tex/latex/latexconfig/hyperref.cfg)
(/usr/share/texlive/texmf-dist/tex/latex/hyperref/puenc.def)
(/usr/share/texlive/texmf-dist/tex/latex/url/url.sty))

Package hyperref Message: Driver (autodetected): hpdftex.

(/usr/share/texlive/texmf-dist/tex/latex/hyperref/hpdftex.def
(/usr/share/texlive/texmf-dist/tex/latex/oberdiek/rerunfilecheck.sty))
(/usr/share/texlive/texmf-dist/tex/latex/oberdiek/hypcap.sty)
Writing index file management-defence-operations-sun-su.idx
(./management-defence-operations-sun-su.aux)
(/usr/share/texlive/texmf-dist/tex/latex/base/ts1cmr.fd)
(/usr/share/texlive/texmf-dist/tex/latex/psnfss/t1ptm.fd)
(/usr/share/texlive/texmf-dist/tex/context/base/mkii/supp-pdf.mkii
[Loading MPS to PDF converter (version 2006.09.02).]
) (/usr/share/texlive/texmf-dist/tex/latex/oberdiek/epstopdf-base.sty
(/usr/share/texlive/texmf-dist/tex/latex/oberdiek/grfext.sty)
(/usr/share/texlive/texmf-dist/tex/latex/latexconfig/epstopdf-sys.cfg))
*geometry* driver: auto-detecting
*geometry* detected driver: pdftex
(/usr/share/texlive/texmf-dist/tex/latex/hyperref/nameref.sty
(/usr/share/texlive/texmf-dist/tex/generic/oberdiek/gettitlestring.sty))
(/usr/share/texlive/texmf-dist/tex/latex/psnfss/t1phv.fd)<<ot1.cmap>><<oml.cmap
>><<oms.cmap>><<omx.cmap>>
(/usr/share/texlive/texmf-dist/tex/latex/amsfonts/umsa.fd)
(/usr/share/texlive/texmf-dist/tex/latex/amsfonts/umsb.fd) [1{/var/lib/texmf/fo
nts/map/pdftex/updmap/pdftex.map}]

Package Fancyhdr Warning: \fancyfoot's `E' option without twoside option is use
less on input line 68.


Package Fancyhdr Warning: \fancyfoot's `E' option without twoside option is use
less on input line 68.

[1]

Package Fancyhdr Warning: \fancyfoot's `E' option without twoside option is use
less on input line 68.


Package Fancyhdr Warning: \fancyfoot's `E' option without twoside option is use
less on input line 68.


Package Fancyhdr Warning: \fancyhead's `E' option without twoside option is use
less on input line 68.

Chapter 1.

Underfull \hbox (badness 10000) in paragraph at lines 147--148
[]|\T1/ptm/m/n/10 YYYY-

Underfull \hbox (badness 10000) in paragraph at lines 147--148
\T1/ptm/m/n/10 MM-

Package Fancyhdr Warning: \fancyfoot's `E' option without twoside option is use
less on input line 168.

[1] [2]
Chapter 2.

Package Fancyhdr Warning: \fancyfoot's `E' option without twoside option is use
less on input line 185.

[3] [4] [5] <new-british-society.png, id=57, 385.44pt x 257.96375pt>
(/usr/share/texlive/texmf-dist/tex/latex/psnfss/t1pcr.fd)
<use new-british-society.png> [6] [7 <./new-british-society.png>]
<forest-campus.png, id=69, 816.04875pt x 386.44376pt> <use forest-campus.png>
[8 <./forest-campus.png>] <modules.png, id=76, 603.25375pt x 228.855pt>
<use modules.png> [9 <./modules.png>]
(/usr/share/texlive/texmf-dist/tex/latex/psnfss/ts1ptm.fd) [10]
<integration.png, id=94, 746.79pt x 299.1175pt> <use integration.png> [11]
<store.png, id=101, 502.87875pt x 237.88875pt> <use store.png>
<boundaries.png, id=102, 773.89125pt x 369.38pt> <use boundaries.png> [12 <./in
tegration.png> <./store.png>]
<timeline.png, id=113, 860.21375pt x 364.36125pt> <use timeline.png>
<structure.png, id=114, 451.6875pt x 405.515pt> <use structure.png> [13 <./boun
daries.png> <./timeline.png>] <website.png, id=121, 482.80376pt x 237.88875pt>
<use website.png> <transition.png, id=122, 636.3775pt x 431.6125pt>
<use transition.png> [14 <./structure.png> <./website.png>]
<securities-exchange.png, id=129, 865.2325pt x 404.51125pt>
<use securities-exchange.png>
<income-expendature.png, id=130, 1210.5225pt x 401.5pt>
<use income-expendature.png> [15 <./transition.png> <./securities-exchange.png>
] <investment-vs-status-1.png, id=137, 1251.67625pt x 625.33624pt>
<use investment-vs-status-1.png>
<investment-vs-status-2.png, id=138, 1252.68pt x 596.2275pt>
<use investment-vs-status-2.png>
<investment-vs-status-3.png, id=139, 1254.6875pt x 353.32pt>
<use investment-vs-status-3.png> [16 <./income-expendature.png> <./investment-v
s-status-1.png> <./investment-vs-status-2.png>]
<summary.png, id=147, 503.8825pt x 570.13pt> <use summary.png> [17 <./investmen
t-vs-status-3.png>] [18 <./summary.png>]
Chapter 3.

Package Fancyhdr Warning: \fancyfoot's `E' option without twoside option is use
less on input line 404.

[19]
Chapter 4.

Package Fancyhdr Warning: \fancyfoot's `E' option without twoside option is use
less on input line 407.

[20]
Chapter 5.

Package Fancyhdr Warning: \fancyfoot's `E' option without twoside option is use
less on input line 410.

[21]
Chapter 6.

Package Fancyhdr Warning: \fancyfoot's `E' option without twoside option is use
less on input line 413.

[22]
Chapter 7.

Package Fancyhdr Warning: \fancyfoot's `E' option without twoside option is use
less on input line 416.

[23]
Chapter 8.

Package Fancyhdr Warning: \fancyfoot's `E' option without twoside option is use
less on input line 419.

[24]
Chapter 9.
No file management-defence-operations-sun-su.ind.

Package Fancyhdr Warning: \fancyfoot's `E' option without twoside option is use
less on input line 427.

[25] (./management-defence-operations-sun-su.aux)

Package rerunfilecheck Warning: File `management-defence-operations-sun-su.out'
 has changed.
(rerunfilecheck)                Rerun to get outlines right
(rerunfilecheck)                or use package `bookmark'.


LaTeX Warning: Label(s) may have changed. Rerun to get cross-references right.

 )
(see the transcript file for additional information){/usr/share/texlive/texmf-d
ist/fonts/enc/dvips/base/8r.enc}</usr/share/texlive/texmf-dist/fonts/type1/urw/
helvetic/uhvb8a.pfb></usr/share/texlive/texmf-dist/fonts/type1/urw/helvetic/uhv
bo8a.pfb></usr/share/texlive/texmf-dist/fonts/type1/urw/helvetic/uhvr8a.pfb></u
sr/share/texlive/texmf-dist/fonts/type1/urw/times/utmb8a.pfb></usr/share/texliv
e/texmf-dist/fonts/type1/urw/times/utmr8a.pfb>
Output written on management-defence-operations-sun-su.pdf (27 pages, 4561204 b
ytes).
Transcript written on management-defence-operations-sun-su.log.
Latexmk: Index file 'management-defence-operations-sun-su.idx' was written
Latexmk: Missing input file: 'management-defence-operations-sun-su.ind' from line
  'No file management-defence-operations-sun-su.ind.'
Latexmk: References changed.
Latexmk: References changed.
Latexmk: Log file says output to 'management-defence-operations-sun-su.pdf'
Latexmk: Log file says output to 'management-defence-operations-sun-su.pdf'
Rule 'makeindex management-defence-operations-sun-su.idx': File changes, etc:
   Non-existent destination files:
      'management-defence-operations-sun-su.ind'
------------
Run number 1 of rule 'makeindex management-defence-operations-sun-su.idx'
------------
------------
Running 'makeindex -s python.ist  -o "management-defence-operations-sun-su.ind" "management-defence-operations-sun-su.idx"'
------------
Latexmk: applying rule 'makeindex management-defence-operations-sun-su.idx'...
This is makeindex, version 2.15 [TeX Live 2016] (kpathsea + Thai support).
Scanning style file ./python.ist.......done (7 attributes redefined, 0 ignored).
Scanning input file management-defence-operations-sun-su.idx...done (0 entries accepted, 0 rejected).
Nothing written in management-defence-operations-sun-su.ind.
Transcript written in management-defence-operations-sun-su.ilg.
Rule 'pdflatex': File changes, etc:
   Changed files, or newly in use since previous run(s):
      'management-defence-operations-sun-su.aux'
      'management-defence-operations-sun-su.ind'
------------
Run number 2 of rule 'pdflatex'
------------
------------
Running 'pdflatex   -recorder  "management-defence-operations-sun-su.tex"'
------------
Latexmk: applying rule 'pdflatex'...
This is pdfTeX, Version 3.14159265-2.6-1.40.17 (TeX Live 2016/Debian) (preloaded format=pdflatex)
 restricted \write18 enabled.
entering extended mode
(./management-defence-operations-sun-su.tex
LaTeX2e <2017/01/01> patch level 3
Babel <3.9r> and hyphenation patterns for 3 language(s) loaded.
(./sphinxmanual.cls
Document Class: sphinxmanual 2017/03/26 v1.6 Document class (Sphinx manual)
(/usr/share/texlive/texmf-dist/tex/latex/base/report.cls
Document Class: report 2014/09/29 v1.4h Standard LaTeX document class
(/usr/share/texlive/texmf-dist/tex/latex/base/size10.clo)))
(/usr/share/texlive/texmf-dist/tex/latex/base/inputenc.sty
(/usr/share/texlive/texmf-dist/tex/latex/base/utf8.def
(/usr/share/texlive/texmf-dist/tex/latex/base/t1enc.dfu)
(/usr/share/texlive/texmf-dist/tex/latex/base/ot1enc.dfu)
(/usr/share/texlive/texmf-dist/tex/latex/base/omsenc.dfu)))
(/usr/share/texlive/texmf-dist/tex/latex/cmap/cmap.sty)
(/usr/share/texlive/texmf-dist/tex/latex/base/fontenc.sty
(/usr/share/texlive/texmf-dist/tex/latex/base/t1enc.def)<<t1.cmap>>)
(/usr/share/texlive/texmf-dist/tex/latex/amsmath/amsmath.sty
For additional information on amsmath, use the `?' option.
(/usr/share/texlive/texmf-dist/tex/latex/amsmath/amstext.sty
(/usr/share/texlive/texmf-dist/tex/latex/amsmath/amsgen.sty))
(/usr/share/texlive/texmf-dist/tex/latex/amsmath/amsbsy.sty)
(/usr/share/texlive/texmf-dist/tex/latex/amsmath/amsopn.sty))
(/usr/share/texlive/texmf-dist/tex/latex/amsfonts/amssymb.sty
(/usr/share/texlive/texmf-dist/tex/latex/amsfonts/amsfonts.sty))
(/usr/share/texlive/texmf-dist/tex/generic/babel/babel.sty
(/usr/share/texlive/texmf-dist/tex/generic/babel-english/english.ldf
(/usr/share/texlive/texmf-dist/tex/generic/babel/babel.def)))
(/usr/share/texlive/texmf-dist/tex/latex/psnfss/times.sty)
(/usr/share/texlive/texmf-dist/tex/latex/fncychap/fncychap.sty) (./sphinx.sty
(/usr/share/texlive/texmf-dist/tex/generic/oberdiek/ltxcmds.sty)
(/usr/share/texlive/texmf-dist/tex/latex/graphics/graphicx.sty
(/usr/share/texlive/texmf-dist/tex/latex/graphics/keyval.sty)
(/usr/share/texlive/texmf-dist/tex/latex/graphics/graphics.sty
(/usr/share/texlive/texmf-dist/tex/latex/graphics/trig.sty)
(/usr/share/texlive/texmf-dist/tex/latex/graphics-cfg/graphics.cfg)
(/usr/share/texlive/texmf-dist/tex/latex/graphics-def/pdftex.def
(/usr/share/texlive/texmf-dist/tex/generic/oberdiek/infwarerr.sty))))
(/usr/share/texlive/texmf-dist/tex/latex/fancyhdr/fancyhdr.sty)
(/usr/share/texlive/texmf-dist/tex/latex/base/textcomp.sty
(/usr/share/texlive/texmf-dist/tex/latex/base/ts1enc.def
(/usr/share/texlive/texmf-dist/tex/latex/base/ts1enc.dfu)))
(/usr/share/texlive/texmf-dist/tex/latex/titlesec/titlesec.sty)
(/usr/share/texlive/texmf-dist/tex/latex/tabulary/tabulary.sty
(/usr/share/texlive/texmf-dist/tex/latex/tools/array.sty))
(/usr/share/texlive/texmf-dist/tex/latex/tools/longtable.sty)
(/usr/share/texlive/texmf-dist/tex/latex/varwidth/varwidth.sty)
(./sphinxmulticell.sty)
(/usr/share/texlive/texmf-dist/tex/latex/base/makeidx.sty)
(/usr/share/texlive/texmf-dist/tex/latex/framed/framed.sty)
(/usr/share/texlive/texmf-dist/tex/latex/xcolor/xcolor.sty
(/usr/share/texlive/texmf-dist/tex/latex/graphics-cfg/color.cfg))
(/usr/share/texlive/texmf-dist/tex/latex/fancyvrb/fancyvrb.sty
Style option: `fancyvrb' v2.7a, with DG/SPQR fixes, and firstline=lastline fix 
<2008/02/07> (tvz)) (./footnotehyper-sphinx.sty)
(/usr/share/texlive/texmf-dist/tex/latex/float/float.sty)
(/usr/share/texlive/texmf-dist/tex/latex/wrapfig/wrapfig.sty)
(/usr/share/texlive/texmf-dist/tex/latex/parskip/parskip.sty)
(/usr/share/texlive/texmf-dist/tex/latex/base/alltt.sty)
(/usr/share/texlive/texmf-dist/tex/latex/upquote/upquote.sty)
(/usr/share/texlive/texmf-dist/tex/latex/capt-of/capt-of.sty)
(/usr/share/texlive/texmf-dist/tex/latex/needspace/needspace.sty)
(/usr/share/texlive/texmf-dist/tex/latex/carlisle/remreset.sty)
(./sphinxhighlight.sty)
(/usr/share/texlive/texmf-dist/tex/latex/oberdiek/kvoptions.sty
(/usr/share/texlive/texmf-dist/tex/generic/oberdiek/kvsetkeys.sty
(/usr/share/texlive/texmf-dist/tex/generic/oberdiek/etexcmds.sty
(/usr/share/texlive/texmf-dist/tex/generic/oberdiek/ifluatex.sty)))))
(/usr/share/texlive/texmf-dist/tex/latex/geometry/geometry.sty
(/usr/share/texlive/texmf-dist/tex/generic/oberdiek/ifpdf.sty)
(/usr/share/texlive/texmf-dist/tex/generic/oberdiek/ifvtex.sty)
(/usr/share/texlive/texmf-dist/tex/generic/ifxetex/ifxetex.sty))
(/usr/share/texlive/texmf-dist/tex/latex/hyperref/hyperref.sty
(/usr/share/texlive/texmf-dist/tex/generic/oberdiek/hobsub-hyperref.sty
(/usr/share/texlive/texmf-dist/tex/generic/oberdiek/hobsub-generic.sty))
(/usr/share/texlive/texmf-dist/tex/latex/oberdiek/auxhook.sty)
(/usr/share/texlive/texmf-dist/tex/latex/hyperref/pd1enc.def)
(/usr/share/texlive/texmf-dist/tex/latex/latexconfig/hyperref.cfg)
(/usr/share/texlive/texmf-dist/tex/latex/hyperref/puenc.def)
(/usr/share/texlive/texmf-dist/tex/latex/url/url.sty))

Package hyperref Message: Driver (autodetected): hpdftex.

(/usr/share/texlive/texmf-dist/tex/latex/hyperref/hpdftex.def
(/usr/share/texlive/texmf-dist/tex/latex/oberdiek/rerunfilecheck.sty))
(/usr/share/texlive/texmf-dist/tex/latex/oberdiek/hypcap.sty)
Writing index file management-defence-operations-sun-su.idx
(./management-defence-operations-sun-su.aux)
(/usr/share/texlive/texmf-dist/tex/latex/base/ts1cmr.fd)
(/usr/share/texlive/texmf-dist/tex/latex/psnfss/t1ptm.fd)
(/usr/share/texlive/texmf-dist/tex/context/base/mkii/supp-pdf.mkii
[Loading MPS to PDF converter (version 2006.09.02).]
) (/usr/share/texlive/texmf-dist/tex/latex/oberdiek/epstopdf-base.sty
(/usr/share/texlive/texmf-dist/tex/latex/oberdiek/grfext.sty)
(/usr/share/texlive/texmf-dist/tex/latex/latexconfig/epstopdf-sys.cfg))
*geometry* driver: auto-detecting
*geometry* detected driver: pdftex
(/usr/share/texlive/texmf-dist/tex/latex/hyperref/nameref.sty
(/usr/share/texlive/texmf-dist/tex/generic/oberdiek/gettitlestring.sty))
(./management-defence-operations-sun-su.out)
(./management-defence-operations-sun-su.out)
(/usr/share/texlive/texmf-dist/tex/latex/psnfss/t1phv.fd)<<ot1.cmap>><<oml.cmap
>><<oms.cmap>><<omx.cmap>>
(/usr/share/texlive/texmf-dist/tex/latex/amsfonts/umsa.fd)
(/usr/share/texlive/texmf-dist/tex/latex/amsfonts/umsb.fd) [1{/var/lib/texmf/fo
nts/map/pdftex/updmap/pdftex.map}]

Package Fancyhdr Warning: \fancyfoot's `E' option without twoside option is use
less on input line 68.

(./management-defence-operations-sun-su.toc)

Package Fancyhdr Warning: \fancyfoot's `E' option without twoside option is use
less on input line 68.

[1]

Package Fancyhdr Warning: \fancyfoot's `E' option without twoside option is use
less on input line 68.


Package Fancyhdr Warning: \fancyfoot's `E' option without twoside option is use
less on input line 68.


Package Fancyhdr Warning: \fancyhead's `E' option without twoside option is use
less on input line 68.

Chapter 1.

Underfull \hbox (badness 10000) in paragraph at lines 147--148
[]|\T1/ptm/m/n/10 YYYY-

Underfull \hbox (badness 10000) in paragraph at lines 147--148
\T1/ptm/m/n/10 MM-

Package Fancyhdr Warning: \fancyfoot's `E' option without twoside option is use
less on input line 168.

[1] [2]
Chapter 2.

Package Fancyhdr Warning: \fancyfoot's `E' option without twoside option is use
less on input line 185.

[3] [4] [5] <new-british-society.png, id=203, 385.44pt x 257.96375pt>
(/usr/share/texlive/texmf-dist/tex/latex/psnfss/t1pcr.fd)
<use new-british-society.png> [6] [7 <./new-british-society.png>]
<forest-campus.png, id=214, 816.04875pt x 386.44376pt> <use forest-campus.png>
[8 <./forest-campus.png>] <modules.png, id=220, 603.25375pt x 228.855pt>
<use modules.png> [9 <./modules.png>]
(/usr/share/texlive/texmf-dist/tex/latex/psnfss/ts1ptm.fd) [10]
<integration.png, id=233, 746.79pt x 299.1175pt> <use integration.png> [11]
<store.png, id=239, 502.87875pt x 237.88875pt> <use store.png>
<boundaries.png, id=240, 773.89125pt x 369.38pt> <use boundaries.png> [12 <./in
tegration.png> <./store.png>]
<timeline.png, id=247, 860.21375pt x 364.36125pt> <use timeline.png>
<structure.png, id=248, 451.6875pt x 405.515pt> <use structure.png> [13 <./boun
daries.png> <./timeline.png>] <website.png, id=255, 482.80376pt x 237.88875pt>
<use website.png> <transition.png, id=256, 636.3775pt x 431.6125pt>
<use transition.png> [14 <./structure.png> <./website.png>]
<securities-exchange.png, id=263, 865.2325pt x 404.51125pt>
<use securities-exchange.png>
<income-expendature.png, id=264, 1210.5225pt x 401.5pt>
<use income-expendature.png> [15 <./transition.png> <./securities-exchange.png>
] <investment-vs-status-1.png, id=271, 1251.67625pt x 625.33624pt>
<use investment-vs-status-1.png>
<investment-vs-status-2.png, id=272, 1252.68pt x 596.2275pt>
<use investment-vs-status-2.png>
<investment-vs-status-3.png, id=273, 1254.6875pt x 353.32pt>
<use investment-vs-status-3.png> [16 <./income-expendature.png> <./investment-v
s-status-1.png> <./investment-vs-status-2.png>]
<summary.png, id=281, 503.8825pt x 570.13pt> <use summary.png> [17 <./investmen
t-vs-status-3.png>] [18 <./summary.png>]
Chapter 3.

Package Fancyhdr Warning: \fancyfoot's `E' option without twoside option is use
less on input line 404.

[19]
Chapter 4.

Package Fancyhdr Warning: \fancyfoot's `E' option without twoside option is use
less on input line 407.

[20]
Chapter 5.

Package Fancyhdr Warning: \fancyfoot's `E' option without twoside option is use
less on input line 410.

[21]
Chapter 6.

Package Fancyhdr Warning: \fancyfoot's `E' option without twoside option is use
less on input line 413.

[22]
Chapter 7.

Package Fancyhdr Warning: \fancyfoot's `E' option without twoside option is use
less on input line 416.

[23]
Chapter 8.

Package Fancyhdr Warning: \fancyfoot's `E' option without twoside option is use
less on input line 419.

[24]
Chapter 9.
(./management-defence-operations-sun-su.ind)

Package Fancyhdr Warning: \fancyfoot's `E' option without twoside option is use
less on input line 427.

[25] (./management-defence-operations-sun-su.aux) )
(see the transcript file for additional information){/usr/share/texlive/texmf-d
ist/fonts/enc/dvips/base/8r.enc}</usr/share/texlive/texmf-dist/fonts/type1/urw/
helvetic/uhvb8a.pfb></usr/share/texlive/texmf-dist/fonts/type1/urw/helvetic/uhv
bo8a.pfb></usr/share/texlive/texmf-dist/fonts/type1/urw/helvetic/uhvr8a.pfb></u
sr/share/texlive/texmf-dist/fonts/type1/urw/times/utmb8a.pfb></usr/share/texliv
e/texmf-dist/fonts/type1/urw/times/utmr8a.pfb>
Output written on management-defence-operations-sun-su.pdf (27 pages, 4567502 b
ytes).
Transcript written on management-defence-operations-sun-su.log.
Latexmk: Index file 'management-defence-operations-sun-su.idx' was written
Latexmk: Log file says output to 'management-defence-operations-sun-su.pdf'
Latexmk: Log file says output to 'management-defence-operations-sun-su.pdf'
Rule 'pdflatex': File changes, etc:
   Changed files, or newly in use since previous run(s):
      'management-defence-operations-sun-su.out'
      'management-defence-operations-sun-su.toc'
------------
Run number 3 of rule 'pdflatex'
------------
------------
Running 'pdflatex   -recorder  "management-defence-operations-sun-su.tex"'
------------
Latexmk: applying rule 'pdflatex'...
This is pdfTeX, Version 3.14159265-2.6-1.40.17 (TeX Live 2016/Debian) (preloaded format=pdflatex)
 restricted \write18 enabled.
entering extended mode
(./management-defence-operations-sun-su.tex
LaTeX2e <2017/01/01> patch level 3
Babel <3.9r> and hyphenation patterns for 3 language(s) loaded.
(./sphinxmanual.cls
Document Class: sphinxmanual 2017/03/26 v1.6 Document class (Sphinx manual)
(/usr/share/texlive/texmf-dist/tex/latex/base/report.cls
Document Class: report 2014/09/29 v1.4h Standard LaTeX document class
(/usr/share/texlive/texmf-dist/tex/latex/base/size10.clo)))
(/usr/share/texlive/texmf-dist/tex/latex/base/inputenc.sty
(/usr/share/texlive/texmf-dist/tex/latex/base/utf8.def
(/usr/share/texlive/texmf-dist/tex/latex/base/t1enc.dfu)
(/usr/share/texlive/texmf-dist/tex/latex/base/ot1enc.dfu)
(/usr/share/texlive/texmf-dist/tex/latex/base/omsenc.dfu)))
(/usr/share/texlive/texmf-dist/tex/latex/cmap/cmap.sty)
(/usr/share/texlive/texmf-dist/tex/latex/base/fontenc.sty
(/usr/share/texlive/texmf-dist/tex/latex/base/t1enc.def)<<t1.cmap>>)
(/usr/share/texlive/texmf-dist/tex/latex/amsmath/amsmath.sty
For additional information on amsmath, use the `?' option.
(/usr/share/texlive/texmf-dist/tex/latex/amsmath/amstext.sty
(/usr/share/texlive/texmf-dist/tex/latex/amsmath/amsgen.sty))
(/usr/share/texlive/texmf-dist/tex/latex/amsmath/amsbsy.sty)
(/usr/share/texlive/texmf-dist/tex/latex/amsmath/amsopn.sty))
(/usr/share/texlive/texmf-dist/tex/latex/amsfonts/amssymb.sty
(/usr/share/texlive/texmf-dist/tex/latex/amsfonts/amsfonts.sty))
(/usr/share/texlive/texmf-dist/tex/generic/babel/babel.sty
(/usr/share/texlive/texmf-dist/tex/generic/babel-english/english.ldf
(/usr/share/texlive/texmf-dist/tex/generic/babel/babel.def)))
(/usr/share/texlive/texmf-dist/tex/latex/psnfss/times.sty)
(/usr/share/texlive/texmf-dist/tex/latex/fncychap/fncychap.sty) (./sphinx.sty
(/usr/share/texlive/texmf-dist/tex/generic/oberdiek/ltxcmds.sty)
(/usr/share/texlive/texmf-dist/tex/latex/graphics/graphicx.sty
(/usr/share/texlive/texmf-dist/tex/latex/graphics/keyval.sty)
(/usr/share/texlive/texmf-dist/tex/latex/graphics/graphics.sty
(/usr/share/texlive/texmf-dist/tex/latex/graphics/trig.sty)
(/usr/share/texlive/texmf-dist/tex/latex/graphics-cfg/graphics.cfg)
(/usr/share/texlive/texmf-dist/tex/latex/graphics-def/pdftex.def
(/usr/share/texlive/texmf-dist/tex/generic/oberdiek/infwarerr.sty))))
(/usr/share/texlive/texmf-dist/tex/latex/fancyhdr/fancyhdr.sty)
(/usr/share/texlive/texmf-dist/tex/latex/base/textcomp.sty
(/usr/share/texlive/texmf-dist/tex/latex/base/ts1enc.def
(/usr/share/texlive/texmf-dist/tex/latex/base/ts1enc.dfu)))
(/usr/share/texlive/texmf-dist/tex/latex/titlesec/titlesec.sty)
(/usr/share/texlive/texmf-dist/tex/latex/tabulary/tabulary.sty
(/usr/share/texlive/texmf-dist/tex/latex/tools/array.sty))
(/usr/share/texlive/texmf-dist/tex/latex/tools/longtable.sty)
(/usr/share/texlive/texmf-dist/tex/latex/varwidth/varwidth.sty)
(./sphinxmulticell.sty)
(/usr/share/texlive/texmf-dist/tex/latex/base/makeidx.sty)
(/usr/share/texlive/texmf-dist/tex/latex/framed/framed.sty)
(/usr/share/texlive/texmf-dist/tex/latex/xcolor/xcolor.sty
(/usr/share/texlive/texmf-dist/tex/latex/graphics-cfg/color.cfg))
(/usr/share/texlive/texmf-dist/tex/latex/fancyvrb/fancyvrb.sty
Style option: `fancyvrb' v2.7a, with DG/SPQR fixes, and firstline=lastline fix 
<2008/02/07> (tvz)) (./footnotehyper-sphinx.sty)
(/usr/share/texlive/texmf-dist/tex/latex/float/float.sty)
(/usr/share/texlive/texmf-dist/tex/latex/wrapfig/wrapfig.sty)
(/usr/share/texlive/texmf-dist/tex/latex/parskip/parskip.sty)
(/usr/share/texlive/texmf-dist/tex/latex/base/alltt.sty)
(/usr/share/texlive/texmf-dist/tex/latex/upquote/upquote.sty)
(/usr/share/texlive/texmf-dist/tex/latex/capt-of/capt-of.sty)
(/usr/share/texlive/texmf-dist/tex/latex/needspace/needspace.sty)
(/usr/share/texlive/texmf-dist/tex/latex/carlisle/remreset.sty)
(./sphinxhighlight.sty)
(/usr/share/texlive/texmf-dist/tex/latex/oberdiek/kvoptions.sty
(/usr/share/texlive/texmf-dist/tex/generic/oberdiek/kvsetkeys.sty
(/usr/share/texlive/texmf-dist/tex/generic/oberdiek/etexcmds.sty
(/usr/share/texlive/texmf-dist/tex/generic/oberdiek/ifluatex.sty)))))
(/usr/share/texlive/texmf-dist/tex/latex/geometry/geometry.sty
(/usr/share/texlive/texmf-dist/tex/generic/oberdiek/ifpdf.sty)
(/usr/share/texlive/texmf-dist/tex/generic/oberdiek/ifvtex.sty)
(/usr/share/texlive/texmf-dist/tex/generic/ifxetex/ifxetex.sty))
(/usr/share/texlive/texmf-dist/tex/latex/hyperref/hyperref.sty
(/usr/share/texlive/texmf-dist/tex/generic/oberdiek/hobsub-hyperref.sty
(/usr/share/texlive/texmf-dist/tex/generic/oberdiek/hobsub-generic.sty))
(/usr/share/texlive/texmf-dist/tex/latex/oberdiek/auxhook.sty)
(/usr/share/texlive/texmf-dist/tex/latex/hyperref/pd1enc.def)
(/usr/share/texlive/texmf-dist/tex/latex/latexconfig/hyperref.cfg)
(/usr/share/texlive/texmf-dist/tex/latex/hyperref/puenc.def)
(/usr/share/texlive/texmf-dist/tex/latex/url/url.sty))

Package hyperref Message: Driver (autodetected): hpdftex.

(/usr/share/texlive/texmf-dist/tex/latex/hyperref/hpdftex.def
(/usr/share/texlive/texmf-dist/tex/latex/oberdiek/rerunfilecheck.sty))
(/usr/share/texlive/texmf-dist/tex/latex/oberdiek/hypcap.sty)
Writing index file management-defence-operations-sun-su.idx
(./management-defence-operations-sun-su.aux)
(/usr/share/texlive/texmf-dist/tex/latex/base/ts1cmr.fd)
(/usr/share/texlive/texmf-dist/tex/latex/psnfss/t1ptm.fd)
(/usr/share/texlive/texmf-dist/tex/context/base/mkii/supp-pdf.mkii
[Loading MPS to PDF converter (version 2006.09.02).]
) (/usr/share/texlive/texmf-dist/tex/latex/oberdiek/epstopdf-base.sty
(/usr/share/texlive/texmf-dist/tex/latex/oberdiek/grfext.sty)
(/usr/share/texlive/texmf-dist/tex/latex/latexconfig/epstopdf-sys.cfg))
*geometry* driver: auto-detecting
*geometry* detected driver: pdftex
(/usr/share/texlive/texmf-dist/tex/latex/hyperref/nameref.sty
(/usr/share/texlive/texmf-dist/tex/generic/oberdiek/gettitlestring.sty))
(./management-defence-operations-sun-su.out)
(./management-defence-operations-sun-su.out)
(/usr/share/texlive/texmf-dist/tex/latex/psnfss/t1phv.fd)<<ot1.cmap>><<oml.cmap
>><<oms.cmap>><<omx.cmap>>
(/usr/share/texlive/texmf-dist/tex/latex/amsfonts/umsa.fd)
(/usr/share/texlive/texmf-dist/tex/latex/amsfonts/umsb.fd) [1{/var/lib/texmf/fo
nts/map/pdftex/updmap/pdftex.map}]

Package Fancyhdr Warning: \fancyfoot's `E' option without twoside option is use
less on input line 68.

(./management-defence-operations-sun-su.toc)

Package Fancyhdr Warning: \fancyfoot's `E' option without twoside option is use
less on input line 68.

[1]

Package Fancyhdr Warning: \fancyfoot's `E' option without twoside option is use
less on input line 68.


Package Fancyhdr Warning: \fancyfoot's `E' option without twoside option is use
less on input line 68.


Package Fancyhdr Warning: \fancyhead's `E' option without twoside option is use
less on input line 68.

Chapter 1.

Underfull \hbox (badness 10000) in paragraph at lines 147--148
[]|\T1/ptm/m/n/10 YYYY-

Underfull \hbox (badness 10000) in paragraph at lines 147--148
\T1/ptm/m/n/10 MM-

Package Fancyhdr Warning: \fancyfoot's `E' option without twoside option is use
less on input line 168.

[1] [2]
Chapter 2.

Package Fancyhdr Warning: \fancyfoot's `E' option without twoside option is use
less on input line 185.

[3] [4] [5] <new-british-society.png, id=203, 385.44pt x 257.96375pt>
(/usr/share/texlive/texmf-dist/tex/latex/psnfss/t1pcr.fd)
<use new-british-society.png> [6] [7 <./new-british-society.png>]
<forest-campus.png, id=214, 816.04875pt x 386.44376pt> <use forest-campus.png>
[8 <./forest-campus.png>] <modules.png, id=220, 603.25375pt x 228.855pt>
<use modules.png> [9 <./modules.png>]
(/usr/share/texlive/texmf-dist/tex/latex/psnfss/ts1ptm.fd) [10]
<integration.png, id=233, 746.79pt x 299.1175pt> <use integration.png> [11]
<store.png, id=239, 502.87875pt x 237.88875pt> <use store.png>
<boundaries.png, id=240, 773.89125pt x 369.38pt> <use boundaries.png> [12 <./in
tegration.png> <./store.png>]
<timeline.png, id=247, 860.21375pt x 364.36125pt> <use timeline.png>
<structure.png, id=248, 451.6875pt x 405.515pt> <use structure.png> [13 <./boun
daries.png> <./timeline.png>] <website.png, id=255, 482.80376pt x 237.88875pt>
<use website.png> <transition.png, id=256, 636.3775pt x 431.6125pt>
<use transition.png> [14 <./structure.png> <./website.png>]
<securities-exchange.png, id=263, 865.2325pt x 404.51125pt>
<use securities-exchange.png>
<income-expendature.png, id=264, 1210.5225pt x 401.5pt>
<use income-expendature.png> [15 <./transition.png> <./securities-exchange.png>
] <investment-vs-status-1.png, id=271, 1251.67625pt x 625.33624pt>
<use investment-vs-status-1.png>
<investment-vs-status-2.png, id=272, 1252.68pt x 596.2275pt>
<use investment-vs-status-2.png>
<investment-vs-status-3.png, id=273, 1254.6875pt x 353.32pt>
<use investment-vs-status-3.png> [16 <./income-expendature.png> <./investment-v
s-status-1.png> <./investment-vs-status-2.png>]
<summary.png, id=281, 503.8825pt x 570.13pt> <use summary.png> [17 <./investmen
t-vs-status-3.png>] [18 <./summary.png>]
Chapter 3.

Package Fancyhdr Warning: \fancyfoot's `E' option without twoside option is use
less on input line 404.

[19]
Chapter 4.

Package Fancyhdr Warning: \fancyfoot's `E' option without twoside option is use
less on input line 407.

[20]
Chapter 5.

Package Fancyhdr Warning: \fancyfoot's `E' option without twoside option is use
less on input line 410.

[21]
Chapter 6.

Package Fancyhdr Warning: \fancyfoot's `E' option without twoside option is use
less on input line 413.

[22]
Chapter 7.

Package Fancyhdr Warning: \fancyfoot's `E' option without twoside option is use
less on input line 416.

[23]
Chapter 8.

Package Fancyhdr Warning: \fancyfoot's `E' option without twoside option is use
less on input line 419.

[24]
Chapter 9.
(./management-defence-operations-sun-su.ind)

Package Fancyhdr Warning: \fancyfoot's `E' option without twoside option is use
less on input line 427.

[25] (./management-defence-operations-sun-su.aux) )
(see the transcript file for additional information){/usr/share/texlive/texmf-d
ist/fonts/enc/dvips/base/8r.enc}</usr/share/texlive/texmf-dist/fonts/type1/urw/
helvetic/uhvb8a.pfb></usr/share/texlive/texmf-dist/fonts/type1/urw/helvetic/uhv
bo8a.pfb></usr/share/texlive/texmf-dist/fonts/type1/urw/helvetic/uhvr8a.pfb></u
sr/share/texlive/texmf-dist/fonts/type1/urw/times/utmb8a.pfb></usr/share/texliv
e/texmf-dist/fonts/type1/urw/times/utmr8a.pfb>
Output written on management-defence-operations-sun-su.pdf (27 pages, 4567502 b
ytes).
Transcript written on management-defence-operations-sun-su.log.
Latexmk: Index file 'management-defence-operations-sun-su.idx' was written
Latexmk: Log file says output to 'management-defence-operations-sun-su.pdf'
Latexmk: Log file says output to 'management-defence-operations-sun-su.pdf'
Latexmk: All targets (management-defence-operations-sun-su.pdf) are up-to-date
make[1]: Leaving directory '/mnt/c/Users/loco/Documents/GitHub/gh-docs.hotspotbnb.com/docs/management/defence-operations-sun-su/build/latex'
