\BOOKMARK [0][-]{chapter.1}{\376\377\000R\000e\000l\000e\000a\000s\000e\000\040\000N\000o\000t\000e\000s\000\040\000a\000n\000d\000\040\000N\000o\000t\000i\000c\000e\000s}{}% 1
\BOOKMARK [1][-]{section.1.1}{\376\377\000T\000h\000i\000s\000\040\000R\000e\000l\000e\000a\000s\000e\000\040\000\050\0000\000.\0000\000.\0000\000\051}{chapter.1}% 2
\BOOKMARK [2][-]{subsection.1.1.1}{\376\377\000O\000l\000d\000e\000r\000\040\000V\000e\000r\000s\000i\000o\000n\000s}{section.1.1}% 3
\BOOKMARK [2][-]{subsection.1.1.2}{\376\377\000V\000e\000r\000s\000i\000o\000n\000\040\0000\000.\0000\000.\0000}{section.1.1}% 4
\BOOKMARK [1][-]{section.1.2}{\376\377\000K\000n\000o\000w\000n\000\040\000a\000n\000d\000\040\000C\000o\000r\000r\000e\000c\000t\000e\000d\000\040\000I\000s\000s\000u\000e\000s}{chapter.1}% 5
\BOOKMARK [0][-]{chapter.2}{\376\377\000I\000n\000t\000r\000o\000d\000u\000c\000t\000i\000o\000n}{}% 6
\BOOKMARK [0][-]{chapter.3}{\376\377\000C\000a\000t\000e\000g\000o\000r\000i\000e\000s}{}% 7
\BOOKMARK [1][-]{section.3.1}{\376\377\000E\000x\000p\000e\000n\000s\000e\000s}{chapter.3}% 8
\BOOKMARK [2][-]{subsection.3.1.1}{\376\377\000P\000r\000o\000p\000e\000r\000t\000y\000\040\000L\000e\000a\000s\000e}{section.3.1}% 9
\BOOKMARK [2][-]{subsection.3.1.2}{\376\377\000C\000o\000m\000m\000u\000n\000i\000c\000a\000t\000i\000o\000n\000s\000\040\000\046\000\040\000E\000n\000t\000e\000r\000t\000a\000i\000n\000m\000e\000n\000t}{section.3.1}% 10
\BOOKMARK [2][-]{subsection.3.1.3}{\376\377\000E\000n\000e\000r\000g\000y}{section.3.1}% 11
\BOOKMARK [2][-]{subsection.3.1.4}{\376\377\000M\000a\000i\000n\000t\000e\000n\000a\000n\000c\000e\000\040\000\046\000\040\000R\000e\000p\000a\000i\000r\000s}{section.3.1}% 12
\BOOKMARK [2][-]{subsection.3.1.5}{\376\377\000C\000o\000o\000k\000i\000n\000g\000\040\000G\000a\000s}{section.3.1}% 13
\BOOKMARK [2][-]{subsection.3.1.6}{\376\377\000L\000a\000u\000n\000d\000r\000y}{section.3.1}% 14
\BOOKMARK [2][-]{subsection.3.1.7}{\376\377\000T\000r\000a\000n\000s\000p\000o\000r\000t}{section.3.1}% 15
\BOOKMARK [2][-]{subsection.3.1.8}{\376\377\000G\000r\000o\000c\000e\000r\000i\000e\000s}{section.3.1}% 16
\BOOKMARK [1][-]{section.3.2}{\376\377\000I\000n\000v\000e\000n\000t\000o\000r\000y}{chapter.3}% 17
\BOOKMARK [2][-]{subsection.3.2.1}{\376\377\000K\000i\000t\000c\000h\000e\000n}{section.3.2}% 18
\BOOKMARK [2][-]{subsection.3.2.2}{\376\377\000B\000e\000d\000r\000o\000o\000m\000\040\0001}{section.3.2}% 19
\BOOKMARK [2][-]{subsection.3.2.3}{\376\377\000B\000e\000d\000r\000o\000o\000m\000\040\0002}{section.3.2}% 20
\BOOKMARK [2][-]{subsection.3.2.4}{\376\377\000L\000o\000f\000t}{section.3.2}% 21
\BOOKMARK [2][-]{subsection.3.2.5}{\376\377\000B\000a\000t\000h\000r\000o\000o\000m}{section.3.2}% 22
\BOOKMARK [2][-]{subsection.3.2.6}{\376\377\000L\000i\000v\000i\000n\000g\000\040\000R\000o\000o\000m}{section.3.2}% 23
\BOOKMARK [2][-]{subsection.3.2.7}{\376\377\000F\000r\000o\000n\000t\000\040\000B\000a\000l\000c\000o\000n\000y}{section.3.2}% 24
\BOOKMARK [0][-]{chapter.4}{\376\377\000A\000n\000n\000e\000x\000u\000r\000e\000s}{}% 25
\BOOKMARK [1][-]{section.4.1}{\376\377\000L\000e\000a\000s\000e\000\040\000C\000o\000n\000t\000r\000a\000c\000t\000\040\000S\000t\000a\000t\000e\000m\000e\000n\000t\000s}{chapter.4}% 26
\BOOKMARK [2][-]{subsection.4.1.1}{\376\377\000L\000C\000-\000I\000\040\000S\000t\000a\000t\000e\000m\000e\000n\000t}{section.4.1}% 27
\BOOKMARK [2][-]{subsection.4.1.2}{\376\377\000L\000C\000-\000I\000I\000\040\000S\000t\000a\000t\000e\000m\000e\000n\000t}{section.4.1}% 28
\BOOKMARK [2][-]{subsection.4.1.3}{\376\377\000L\000C\000-\000I\000I\000I\000\040\000S\000t\000a\000t\000e\000m\000e\000n\000t}{section.4.1}% 29
\BOOKMARK [2][-]{subsection.4.1.4}{\376\377\000L\000C\000-\000I\000V\000\040\000S\000t\000a\000t\000e\000m\000e\000n\000t}{section.4.1}% 30
\BOOKMARK [1][-]{section.4.2}{\376\377\000I\000n\000v\000e\000n\000t\000o\000r\000y}{chapter.4}% 31
\BOOKMARK [1][-]{section.4.3}{\376\377\000D\000o\000w\000n\000l\000o\000a\000d\000\040\000L\000i\000n\000k\000s}{chapter.4}% 32
\BOOKMARK [0][-]{chapter.5}{\376\377\000D\000o\000c\000u\000m\000e\000n\000t\000\040\000A\000u\000t\000h\000o\000r\000:}{}% 33
\BOOKMARK [1][-]{section.5.1}{\376\377\000T\000h\000e\000\040\000T\000e\000a\000m\000\040\000@\000\040\000D\000A\000T\000R\000O\000\040\000C\000o\000n\000s\000o\000r\000t\000i\000u\000m}{chapter.5}% 34
