Running Sphinx v3.5.3
making output directory... done
loading pickled environment... done
building [mo]: targets for 0 po files that are out of date
building [latex]: all documents
updating environment: 0 added, 0 changed, 0 removed
looking for now-outdated files... none found
processing consortium_campus-casestudy_campus1.tex... index releasenotes background planvperformance issuesrisks forwardplan annex-list 
resolving references...
done
writing... done
copying images... [  7%] _static/land_1_756x150.png
copying images... [ 15%] _static/campusone_756x150.png
copying images... [ 23%] _static/pacheco_200x150.png
copying images... [ 30%] _static/buckler_200x150.png
copying images... [ 38%] _static/armani_ddwrt_756_150.png
copying images... [ 46%] _static/staffphoto_756_150.jpg
copying images... [ 53%] _static/otherassets_756x150.png
copying images... [ 61%] _static/office_756x150.png
copying images... [ 69%] _static/outdooroffice_756x150.png
copying images... [ 76%] _static/outdooroffice2_756x150.png
copying images... [ 84%] _static/staff_performance.png
copying images... [ 92%] _static/rafishouseandwife_756x150.png
copying images... [100%] _static/2014-05-04_vor_incident_1_800x150.png

copying TeX support files... copying TeX support files...
done
build succeeded.

The LaTeX files are in build/latex.
Run 'make' in that directory to run these through (pdf)latex
(use `make latexpdf' here to do that automatically).
Rc files read:
  /etc/LatexMk
  latexmkrc
Latexmk: This is Latexmk, John Collins, 17 Apr. 2020, version: 4.69a.
Rule 'pdflatex': The following rules & subrules became out-of-date:
      'pdflatex'
------------
Run number 1 of rule 'pdflatex'
------------
------------
Running 'pdflatex   -recorder  "consortium_campus-casestudy_campus1.tex"'
------------
Latexmk: applying rule 'pdflatex'...
This is pdfTeX, Version 3.14159265-2.6-1.40.21 (TeX Live 2020/Debian) (preloaded format=pdflatex)
 restricted \write18 enabled.
entering extended mode
(./consortium_campus-casestudy_campus1.tex
LaTeX2e <2020-02-02> patch level 5
L3 programming layer <2020-07-17> (./sphinxmanual.cls
Document Class: sphinxmanual 2019/12/01 v2.3.0 Document class (Sphinx manual)
(/usr/share/texlive/texmf-dist/tex/latex/base/report.cls
Document Class: report 2019/12/20 v1.4l Standard LaTeX document class
(/usr/share/texlive/texmf-dist/tex/latex/base/size10.clo)))
(/usr/share/texlive/texmf-dist/tex/latex/base/inputenc.sty)
(/usr/share/texlive/texmf-dist/tex/latex/cmap/cmap.sty)
(/usr/share/texlive/texmf-dist/tex/latex/base/fontenc.sty<<t1.cmap>>)
(/usr/share/texlive/texmf-dist/tex/latex/amsmath/amsmath.sty
For additional information on amsmath, use the `?' option.
(/usr/share/texlive/texmf-dist/tex/latex/amsmath/amstext.sty
(/usr/share/texlive/texmf-dist/tex/latex/amsmath/amsgen.sty))
(/usr/share/texlive/texmf-dist/tex/latex/amsmath/amsbsy.sty)
(/usr/share/texlive/texmf-dist/tex/latex/amsmath/amsopn.sty))
(/usr/share/texlive/texmf-dist/tex/latex/amsfonts/amssymb.sty
(/usr/share/texlive/texmf-dist/tex/latex/amsfonts/amsfonts.sty))
(/usr/share/texlive/texmf-dist/tex/generic/babel/babel.sty
(/usr/share/texlive/texmf-dist/tex/generic/babel/babel.def
(/usr/share/texlive/texmf-dist/tex/generic/babel/txtbabel.def))
(/usr/share/texlive/texmf-dist/tex/generic/babel-english/english.ldf))
(/usr/share/texlive/texmf-dist/tex/latex/psnfss/times.sty)
(/usr/share/texlive/texmf-dist/tex/latex/fncychap/fncychap.sty) (./sphinx.sty
(/usr/share/texlive/texmf-dist/tex/generic/ltxcmds/ltxcmds.sty)
(/usr/share/texlive/texmf-dist/tex/latex/graphics/graphicx.sty
(/usr/share/texlive/texmf-dist/tex/latex/graphics/keyval.sty)
(/usr/share/texlive/texmf-dist/tex/latex/graphics/graphics.sty
(/usr/share/texlive/texmf-dist/tex/latex/graphics/trig.sty)
(/usr/share/texlive/texmf-dist/tex/latex/graphics-cfg/graphics.cfg)
(/usr/share/texlive/texmf-dist/tex/latex/graphics-def/pdftex.def)))
(/usr/share/texlive/texmf-dist/tex/latex/fancyhdr/fancyhdr.sty)
(/usr/share/texlive/texmf-dist/tex/latex/base/textcomp.sty)
(/usr/share/texlive/texmf-dist/tex/latex/titlesec/titlesec.sty)
(/usr/share/texlive/texmf-dist/tex/latex/tabulary/tabulary.sty
(/usr/share/texlive/texmf-dist/tex/latex/tools/array.sty))
(/usr/share/texlive/texmf-dist/tex/latex/tools/longtable.sty)
(/usr/share/texlive/texmf-dist/tex/latex/varwidth/varwidth.sty)
(./sphinxmulticell.sty)
(/usr/share/texlive/texmf-dist/tex/latex/base/makeidx.sty)
(/usr/share/texlive/texmf-dist/tex/latex/framed/framed.sty)
(/usr/share/texlive/texmf-dist/tex/latex/xcolor/xcolor.sty
(/usr/share/texlive/texmf-dist/tex/latex/graphics-cfg/color.cfg))
(/usr/share/texlive/texmf-dist/tex/latex/fancyvrb/fancyvrb.sty)
(./footnotehyper-sphinx.sty)
(/usr/share/texlive/texmf-dist/tex/latex/float/float.sty)
(/usr/share/texlive/texmf-dist/tex/latex/wrapfig/wrapfig.sty)
(/usr/share/texlive/texmf-dist/tex/latex/parskip/parskip.sty
(/usr/share/texlive/texmf-dist/tex/latex/parskip/parskip-2001-04-09.sty))
(/usr/share/texlive/texmf-dist/tex/latex/base/alltt.sty)
(/usr/share/texlive/texmf-dist/tex/latex/upquote/upquote.sty)
(/usr/share/texlive/texmf-dist/tex/latex/capt-of/capt-of.sty)
(/usr/share/texlive/texmf-dist/tex/latex/needspace/needspace.sty)
(/usr/share/texlive/texmf-dist/tex/latex/tools/multicol.sty)
(./sphinxhighlight.sty)
(/usr/share/texlive/texmf-dist/tex/latex/kvoptions/kvoptions.sty
(/usr/share/texlive/texmf-dist/tex/generic/kvsetkeys/kvsetkeys.sty)))
(/usr/share/texlive/texmf-dist/tex/latex/geometry/geometry.sty
(/usr/share/texlive/texmf-dist/tex/generic/iftex/ifvtex.sty
(/usr/share/texlive/texmf-dist/tex/generic/iftex/iftex.sty)))
(/usr/share/texlive/texmf-dist/tex/latex/hyperref/hyperref.sty
(/usr/share/texlive/texmf-dist/tex/generic/pdftexcmds/pdftexcmds.sty
(/usr/share/texlive/texmf-dist/tex/generic/infwarerr/infwarerr.sty))
(/usr/share/texlive/texmf-dist/tex/generic/kvdefinekeys/kvdefinekeys.sty)
(/usr/share/texlive/texmf-dist/tex/generic/pdfescape/pdfescape.sty)
(/usr/share/texlive/texmf-dist/tex/latex/hycolor/hycolor.sty)
(/usr/share/texlive/texmf-dist/tex/latex/letltxmacro/letltxmacro.sty)
(/usr/share/texlive/texmf-dist/tex/latex/auxhook/auxhook.sty)
(/usr/share/texlive/texmf-dist/tex/latex/hyperref/pd1enc.def)
(/usr/share/texlive/texmf-dist/tex/generic/intcalc/intcalc.sty)
(/usr/share/texlive/texmf-dist/tex/generic/etexcmds/etexcmds.sty)
(/usr/share/texlive/texmf-dist/tex/latex/hyperref/puenc.def)
(/usr/share/texlive/texmf-dist/tex/latex/url/url.sty)
(/usr/share/texlive/texmf-dist/tex/generic/bitset/bitset.sty
(/usr/share/texlive/texmf-dist/tex/generic/bigintcalc/bigintcalc.sty))
(/usr/share/texlive/texmf-dist/tex/generic/atbegshi/atbegshi.sty))
(/usr/share/texlive/texmf-dist/tex/latex/hyperref/hpdftex.def
(/usr/share/texlive/texmf-dist/tex/latex/atveryend/atveryend.sty)
(/usr/share/texlive/texmf-dist/tex/latex/rerunfilecheck/rerunfilecheck.sty
(/usr/share/texlive/texmf-dist/tex/generic/uniquecounter/uniquecounter.sty)))
(/usr/share/texlive/texmf-dist/tex/latex/oberdiek/hypcap.sty)
(./sphinxmessages.sty)
Writing index file consortium_campus-casestudy_campus1.idx
(/usr/share/texlive/texmf-dist/tex/latex/l3backend/l3backend-pdfmode.def)
(./consortium_campus-casestudy_campus1.aux)
(/usr/share/texlive/texmf-dist/tex/latex/psnfss/t1ptm.fd)
(/usr/share/texlive/texmf-dist/tex/context/base/mkii/supp-pdf.mkii
[Loading MPS to PDF converter (version 2006.09.02).]
) (/usr/share/texlive/texmf-dist/tex/latex/epstopdf-pkg/epstopdf-base.sty
(/usr/share/texlive/texmf-dist/tex/latex/latexconfig/epstopdf-sys.cfg))
*geometry* driver: auto-detecting
*geometry* detected driver: pdftex
(/usr/share/texlive/texmf-dist/tex/latex/hyperref/nameref.sty
(/usr/share/texlive/texmf-dist/tex/latex/refcount/refcount.sty)
(/usr/share/texlive/texmf-dist/tex/generic/gettitlestring/gettitlestring.sty))
(/usr/share/texlive/texmf-dist/tex/latex/psnfss/t1pcr.fd)
(/usr/share/texlive/texmf-dist/tex/latex/psnfss/t1phv.fd)
(/usr/share/texlive/texmf-dist/tex/latex/psnfss/ts1phv.fd)<<ot1.cmap>><<oml.cma
p>><<oms.cmap>><<omx.cmap>>
(/usr/share/texlive/texmf-dist/tex/latex/amsfonts/umsa.fd)
(/usr/share/texlive/texmf-dist/tex/latex/amsfonts/umsb.fd) [1{/var/lib/texmf/fo
nts/map/pdftex/updmap/pdftex.map} <./logo.jpg>] [1] [1]
Chapter 1.
(/usr/share/texlive/texmf-dist/tex/latex/psnfss/ts1ptm.fd)

Package textcomp Warning: Symbol \textasciigrave not provided by
(textcomp)                font family ptm in TS1 encoding.
(textcomp)                Default family used instead on input line 130.

[2]
Chapter 2.
[3 <./land_1_756x150.png> <./campusone_756x150.png>] [4]
Chapter 3.
[5 <./pacheco_200x150.png> <./buckler_200x150.png>] [6] [7] [8 <./armani_ddwrt_
756_150.png>]
Overfull \hbox (17.6721pt too wide) in paragraph at lines 1013--1015
[]|\T1/phv/b/n/10 Hours| 

Overfull \hbox (3.93224pt too wide) in paragraph at lines 1032--1034
[]|\T1/ptm/m/n/10 100| 

Underfull \hbox (badness 7631) in paragraph at lines 1143--1145
[]|\T1/ptm/m/n/10 Founder & CEO/
[9 <./staffphoto_756_150.jpg>] [10 <./otherassets_756x150.png>] [11 <./office_7
56x150.png> <./outdooroffice_756x150.png> <./outdooroffice2_756x150.png>]
[12 <./staff_performance.png> <./rafishouseandwife_756x150.png>]
Chapter 4.
[13] [14] [15] [16 <./2014-05-04_vor_incident_1_800x150.png>]
Chapter 5.
[17] [18]
Chapter 6.

Underfull \hbox (badness 10000) in paragraph at lines 1903--1905
[]|\T1/ptm/m/n/10 TYFMAV-K6AIW-

Underfull \hbox (badness 10000) in paragraph at lines 1929--1931
[]|\T1/ptm/m/n/10 TUUUDZ-2LE2U-

Underfull \hbox (badness 10000) in paragraph at lines 1942--1944
[]|\T1/ptm/m/n/10 TQWNCS-YGE7G-

Underfull \hbox (badness 10000) in paragraph at lines 1955--1957
[]|\T1/ptm/m/n/10 T4KL5K-IWKJS-

Underfull \hbox (badness 10000) in paragraph at lines 1968--1970
[]|\T1/ptm/m/n/10 TQD6QO-FZ6AP-

Underfull \hbox (badness 10000) in paragraph at lines 1981--1983
[]|\T1/ptm/m/n/10 TDGMGZ-UWVDP-

Underfull \hbox (badness 10000) in paragraph at lines 1994--1996
[]|\T1/ptm/m/n/10 TJ5MR6-WONBD-

Underfull \hbox (badness 10000) in paragraph at lines 2007--2009
[]|\T1/ptm/m/n/10 TPZZNL-J7LZY-

Underfull \hbox (badness 10000) in paragraph at lines 2020--2022
[]|\T1/ptm/m/n/10 TKRPDT-TAJDI-

Underfull \hbox (badness 10000) in paragraph at lines 2033--2035
[]|\T1/ptm/m/n/10 TNH6YT-ZWHLT-

Underfull \hbox (badness 10000) in paragraph at lines 2046--2048
[]|\T1/ptm/m/n/10 TFHTJ3-SXPDL-

Underfull \hbox (badness 10000) in paragraph at lines 2059--2061
[]|\T1/ptm/m/n/10 TFDY7B-JEJXD-

Underfull \hbox (badness 10000) in paragraph at lines 2072--2074
[]|\T1/ptm/m/n/10 TC43HP-3FFYO-

Underfull \hbox (badness 10000) in paragraph at lines 2085--2087
[]|\T1/ptm/m/n/10 TGPJ7O-OBRAS-

Underfull \hbox (badness 10000) in paragraph at lines 2098--2100
[]|\T1/ptm/m/n/10 TEF2ET-JQJH2-

Underfull \hbox (badness 10000) in paragraph at lines 2111--2113
[]|\T1/ptm/m/n/10 TMC5IT-RPPJW-

Underfull \hbox (badness 10000) in paragraph at lines 2124--2126
[]|\T1/ptm/m/n/10 TQH2DP-Y7BVI-

Underfull \hbox (badness 10000) in paragraph at lines 2137--2139
[]|\T1/ptm/m/n/10 TV3EBN-ZFPQU-

Underfull \hbox (badness 10000) in paragraph at lines 2150--2152
[]|\T1/ptm/m/n/10 TEBE7B-ZYZK6-

Underfull \hbox (badness 10000) in paragraph at lines 2163--2165
[]|\T1/ptm/m/n/10 TDOVX6-7ULSM-

Underfull \hbox (badness 10000) in paragraph at lines 2176--2178
[]|\T1/ptm/m/n/10 THXZHX-F3NQR-

Underfull \hbox (badness 10000) in paragraph at lines 2189--2191
[]|\T1/ptm/m/n/10 TQ2HRY-YQJLU-

Underfull \hbox (badness 10000) in paragraph at lines 2215--2217
[]|\T1/ptm/m/n/10 TCTDOF-YKDHP-

Underfull \hbox (badness 10000) in paragraph at lines 2228--2230
[]|\T1/ptm/m/n/10 TCSGU2-CLGI4-

Underfull \hbox (badness 10000) in paragraph at lines 2241--2243
[]|\T1/ptm/m/n/10 TI64KD-ROIPY-

Underfull \hbox (badness 10000) in paragraph at lines 2254--2256
[]|\T1/ptm/m/n/10 TFMXWP-2XQ6P-

Underfull \hbox (badness 10000) in paragraph at lines 2267--2269
[]|\T1/ptm/m/n/10 TUBKDX-ADDUW-

Underfull \hbox (badness 10000) in paragraph at lines 2280--2282
[]|\T1/ptm/m/n/10 TX4USO-O6ZT3-

Underfull \hbox (badness 10000) in paragraph at lines 2293--2295
[]|\T1/ptm/m/n/10 THZAL3-Q7LEL-

Underfull \hbox (badness 10000) in paragraph at lines 2319--2321
[]|\T1/ptm/m/n/10 TTPMTZ-IJD4Q-

Underfull \hbox (badness 10000) in paragraph at lines 2332--2334
[]|\T1/ptm/m/n/10 TNMZ2E-BHJI3-

Underfull \hbox (badness 10000) in paragraph at lines 2345--2347
[]|\T1/ptm/m/n/10 TNI4QK-QMSP5-

Underfull \hbox (badness 10000) in paragraph at lines 2358--2360
[]|\T1/ptm/m/n/10 TM5QPR-FSM6H-

Underfull \hbox (badness 10000) in paragraph at lines 2371--2373
[]|\T1/ptm/m/n/10 TFOEJT-MPIJF-

Underfull \hbox (badness 10000) in paragraph at lines 2384--2386
[]|\T1/ptm/m/n/10 TWAGVX-DIY4P-

Underfull \hbox (badness 10000) in paragraph at lines 2397--2399
[]|\T1/ptm/m/n/10 TNC2NR-6NHNK-

Underfull \hbox (badness 10000) in paragraph at lines 2410--2412
[]|\T1/ptm/m/n/10 TPZY54-FM7OO-
[19]
Underfull \hbox (badness 10000) in paragraph at lines 2423--2425
[]|\T1/ptm/m/n/10 TERS6X-KZETO-

Underfull \hbox (badness 10000) in paragraph at lines 2436--2438
[]|\T1/ptm/m/n/10 TRMAUY-TWCVV-

Underfull \hbox (badness 10000) in paragraph at lines 2449--2451
[]|\T1/ptm/m/n/10 TEQ5KW-4SKOZ-

Underfull \hbox (badness 10000) in paragraph at lines 2462--2464
[]|\T1/ptm/m/n/10 TQ5K7H-2CJTR-

Underfull \hbox (badness 10000) in paragraph at lines 2475--2477
[]|\T1/ptm/m/n/10 TIJSQQ-DWETO-

Underfull \hbox (badness 10000) in paragraph at lines 2488--2490
[]|\T1/ptm/m/n/10 TQLO4N-7WL5U-

Underfull \hbox (badness 10000) in paragraph at lines 2501--2503
[]|\T1/ptm/m/n/10 TR44EC-WXBOK-

Underfull \hbox (badness 10000) in paragraph at lines 2514--2516
[]|\T1/ptm/m/n/10 TX2JNZ-XOXQG-

Underfull \hbox (badness 10000) in paragraph at lines 2527--2529
[]|\T1/ptm/m/n/10 TAVH34-MDPS2-

Underfull \hbox (badness 10000) in paragraph at lines 2540--2542
[]|\T1/ptm/m/n/10 T7AQ5T-AKUZQ-

Underfull \hbox (badness 10000) in paragraph at lines 2553--2555
[]|\T1/ptm/m/n/10 TMBCVD-IFRFF-

Underfull \hbox (badness 10000) in paragraph at lines 2566--2568
[]|\T1/ptm/m/n/10 T5ZKMI-N2G5M-

Underfull \hbox (badness 10000) in paragraph at lines 2579--2581
[]|\T1/ptm/m/n/10 TCQD2W-V5OVQ-

Underfull \hbox (badness 10000) in paragraph at lines 2592--2594
[]|\T1/ptm/m/n/10 TPARWM-FPMYC-

Underfull \hbox (badness 10000) in paragraph at lines 2605--2607
[]|\T1/ptm/m/n/10 TWINGM-3CTRW-

Underfull \hbox (badness 10000) in paragraph at lines 2618--2620
[]|\T1/ptm/m/n/10 TW74C6-JMGCL-

Underfull \hbox (badness 10000) in paragraph at lines 2631--2633
[]|\T1/ptm/m/n/10 TJOSTY-T53DZ-

Underfull \hbox (badness 10000) in paragraph at lines 2644--2646
[]|\T1/ptm/m/n/10 TDOPUI-643W2-

Underfull \hbox (badness 10000) in paragraph at lines 2657--2659
[]|\T1/ptm/m/n/10 TGWBUL-LSVUR-

Underfull \hbox (badness 10000) in paragraph at lines 2670--2672
[]|\T1/ptm/m/n/10 TTIRPQ-ZDL2T-

Underfull \hbox (badness 10000) in paragraph at lines 2683--2685
[]|\T1/ptm/m/n/10 TN4MNG-JRVKG-

Underfull \hbox (badness 10000) in paragraph at lines 2696--2698
[]|\T1/ptm/m/n/10 TT62CO-7WEOZ-

Underfull \hbox (badness 10000) in paragraph at lines 2709--2711
[]|\T1/ptm/m/n/10 TI5APH-XGOZ7-

Underfull \hbox (badness 10000) in paragraph at lines 2722--2724
[]|\T1/ptm/m/n/10 T667DJ-CZWWN-
[20] [21]
Chapter 7.
No file consortium_campus-casestudy_campus1.ind.
[22] (./consortium_campus-casestudy_campus1.aux)

Package rerunfilecheck Warning: File `consortium_campus-casestudy_campus1.out' 
has changed.
(rerunfilecheck)                Rerun to get outlines right
(rerunfilecheck)                or use package `bookmark'.


LaTeX Warning: Label(s) may have changed. Rerun to get cross-references right.

 )
(see the transcript file for additional information){/usr/share/texlive/texmf-d
ist/fonts/enc/dvips/base/8r.enc} </root/.texlive2020/texmf-var/fonts/pk/ljfour/
jknappen/ec/tcrm1000.600pk></usr/share/texlive/texmf-dist/fonts/type1/urw/helve
tic/uhvb8a.pfb></usr/share/texlive/texmf-dist/fonts/type1/urw/helvetic/uhvbo8a.
pfb></usr/share/texlive/texmf-dist/fonts/type1/urw/helvetic/uhvr8a.pfb></usr/sh
are/texlive/texmf-dist/fonts/type1/urw/times/utmb8a.pfb></usr/share/texlive/tex
mf-dist/fonts/type1/urw/times/utmr8a.pfb></usr/share/texlive/texmf-dist/fonts/t
ype1/urw/times/utmri8a.pfb>
Output written on consortium_campus-casestudy_campus1.pdf (24 pages, 3044530 by
tes).
Transcript written on consortium_campus-casestudy_campus1.log.
Latexmk: Index file 'consortium_campus-casestudy_campus1.idx' was written
Latexmk: Missing input file: 'consortium_campus-casestudy_campus1.ind' from line
  'No file consortium_campus-casestudy_campus1.ind.'
Latexmk: References changed.
Latexmk: References changed.
Latexmk: Log file says output to 'consortium_campus-casestudy_campus1.pdf'
Latexmk: Log file says output to 'consortium_campus-casestudy_campus1.pdf'
Rule 'makeindex consortium_campus-casestudy_campus1.idx': File changes, etc:
   Changed files, or newly in use since previous run(s):
      'consortium_campus-casestudy_campus1.idx'
------------
Run number 1 of rule 'makeindex consortium_campus-casestudy_campus1.idx'
------------
------------
Running 'makeindex -s python.ist  -o "consortium_campus-casestudy_campus1.ind" "consortium_campus-casestudy_campus1.idx"'
------------
=== TeX engine is 'pdfTeX'
Latexmk: applying rule 'makeindex consortium_campus-casestudy_campus1.idx'...
This is makeindex, version 2.15 [TeX Live 2020] (kpathsea + Thai support).
Scanning style file ./python.ist.......done (7 attributes redefined, 0 ignored).
Scanning input file consortium_campus-casestudy_campus1.idx...done (0 entries accepted, 0 rejected).
Nothing written in consortium_campus-casestudy_campus1.ind.
Transcript written in consortium_campus-casestudy_campus1.ilg.
Rule 'pdflatex': File changes, etc:
   Changed files, or newly in use since previous run(s):
      'consortium_campus-casestudy_campus1.aux'
      'consortium_campus-casestudy_campus1.ind'
      'consortium_campus-casestudy_campus1.out'
------------
Run number 2 of rule 'pdflatex'
------------
------------
Running 'pdflatex   -recorder  "consortium_campus-casestudy_campus1.tex"'
------------
Latexmk: applying rule 'pdflatex'...
This is pdfTeX, Version 3.14159265-2.6-1.40.21 (TeX Live 2020/Debian) (preloaded format=pdflatex)
 restricted \write18 enabled.
entering extended mode
(./consortium_campus-casestudy_campus1.tex
LaTeX2e <2020-02-02> patch level 5
L3 programming layer <2020-07-17> (./sphinxmanual.cls
Document Class: sphinxmanual 2019/12/01 v2.3.0 Document class (Sphinx manual)
(/usr/share/texlive/texmf-dist/tex/latex/base/report.cls
Document Class: report 2019/12/20 v1.4l Standard LaTeX document class
(/usr/share/texlive/texmf-dist/tex/latex/base/size10.clo)))
(/usr/share/texlive/texmf-dist/tex/latex/base/inputenc.sty)
(/usr/share/texlive/texmf-dist/tex/latex/cmap/cmap.sty)
(/usr/share/texlive/texmf-dist/tex/latex/base/fontenc.sty<<t1.cmap>>)
(/usr/share/texlive/texmf-dist/tex/latex/amsmath/amsmath.sty
For additional information on amsmath, use the `?' option.
(/usr/share/texlive/texmf-dist/tex/latex/amsmath/amstext.sty
(/usr/share/texlive/texmf-dist/tex/latex/amsmath/amsgen.sty))
(/usr/share/texlive/texmf-dist/tex/latex/amsmath/amsbsy.sty)
(/usr/share/texlive/texmf-dist/tex/latex/amsmath/amsopn.sty))
(/usr/share/texlive/texmf-dist/tex/latex/amsfonts/amssymb.sty
(/usr/share/texlive/texmf-dist/tex/latex/amsfonts/amsfonts.sty))
(/usr/share/texlive/texmf-dist/tex/generic/babel/babel.sty
(/usr/share/texlive/texmf-dist/tex/generic/babel/babel.def
(/usr/share/texlive/texmf-dist/tex/generic/babel/txtbabel.def))
(/usr/share/texlive/texmf-dist/tex/generic/babel-english/english.ldf))
(/usr/share/texlive/texmf-dist/tex/latex/psnfss/times.sty)
(/usr/share/texlive/texmf-dist/tex/latex/fncychap/fncychap.sty) (./sphinx.sty
(/usr/share/texlive/texmf-dist/tex/generic/ltxcmds/ltxcmds.sty)
(/usr/share/texlive/texmf-dist/tex/latex/graphics/graphicx.sty
(/usr/share/texlive/texmf-dist/tex/latex/graphics/keyval.sty)
(/usr/share/texlive/texmf-dist/tex/latex/graphics/graphics.sty
(/usr/share/texlive/texmf-dist/tex/latex/graphics/trig.sty)
(/usr/share/texlive/texmf-dist/tex/latex/graphics-cfg/graphics.cfg)
(/usr/share/texlive/texmf-dist/tex/latex/graphics-def/pdftex.def)))
(/usr/share/texlive/texmf-dist/tex/latex/fancyhdr/fancyhdr.sty)
(/usr/share/texlive/texmf-dist/tex/latex/base/textcomp.sty)
(/usr/share/texlive/texmf-dist/tex/latex/titlesec/titlesec.sty)
(/usr/share/texlive/texmf-dist/tex/latex/tabulary/tabulary.sty
(/usr/share/texlive/texmf-dist/tex/latex/tools/array.sty))
(/usr/share/texlive/texmf-dist/tex/latex/tools/longtable.sty)
(/usr/share/texlive/texmf-dist/tex/latex/varwidth/varwidth.sty)
(./sphinxmulticell.sty)
(/usr/share/texlive/texmf-dist/tex/latex/base/makeidx.sty)
(/usr/share/texlive/texmf-dist/tex/latex/framed/framed.sty)
(/usr/share/texlive/texmf-dist/tex/latex/xcolor/xcolor.sty
(/usr/share/texlive/texmf-dist/tex/latex/graphics-cfg/color.cfg))
(/usr/share/texlive/texmf-dist/tex/latex/fancyvrb/fancyvrb.sty)
(./footnotehyper-sphinx.sty)
(/usr/share/texlive/texmf-dist/tex/latex/float/float.sty)
(/usr/share/texlive/texmf-dist/tex/latex/wrapfig/wrapfig.sty)
(/usr/share/texlive/texmf-dist/tex/latex/parskip/parskip.sty
(/usr/share/texlive/texmf-dist/tex/latex/parskip/parskip-2001-04-09.sty))
(/usr/share/texlive/texmf-dist/tex/latex/base/alltt.sty)
(/usr/share/texlive/texmf-dist/tex/latex/upquote/upquote.sty)
(/usr/share/texlive/texmf-dist/tex/latex/capt-of/capt-of.sty)
(/usr/share/texlive/texmf-dist/tex/latex/needspace/needspace.sty)
(/usr/share/texlive/texmf-dist/tex/latex/tools/multicol.sty)
(./sphinxhighlight.sty)
(/usr/share/texlive/texmf-dist/tex/latex/kvoptions/kvoptions.sty
(/usr/share/texlive/texmf-dist/tex/generic/kvsetkeys/kvsetkeys.sty)))
(/usr/share/texlive/texmf-dist/tex/latex/geometry/geometry.sty
(/usr/share/texlive/texmf-dist/tex/generic/iftex/ifvtex.sty
(/usr/share/texlive/texmf-dist/tex/generic/iftex/iftex.sty)))
(/usr/share/texlive/texmf-dist/tex/latex/hyperref/hyperref.sty
(/usr/share/texlive/texmf-dist/tex/generic/pdftexcmds/pdftexcmds.sty
(/usr/share/texlive/texmf-dist/tex/generic/infwarerr/infwarerr.sty))
(/usr/share/texlive/texmf-dist/tex/generic/kvdefinekeys/kvdefinekeys.sty)
(/usr/share/texlive/texmf-dist/tex/generic/pdfescape/pdfescape.sty)
(/usr/share/texlive/texmf-dist/tex/latex/hycolor/hycolor.sty)
(/usr/share/texlive/texmf-dist/tex/latex/letltxmacro/letltxmacro.sty)
(/usr/share/texlive/texmf-dist/tex/latex/auxhook/auxhook.sty)
(/usr/share/texlive/texmf-dist/tex/latex/hyperref/pd1enc.def)
(/usr/share/texlive/texmf-dist/tex/generic/intcalc/intcalc.sty)
(/usr/share/texlive/texmf-dist/tex/generic/etexcmds/etexcmds.sty)
(/usr/share/texlive/texmf-dist/tex/latex/hyperref/puenc.def)
(/usr/share/texlive/texmf-dist/tex/latex/url/url.sty)
(/usr/share/texlive/texmf-dist/tex/generic/bitset/bitset.sty
(/usr/share/texlive/texmf-dist/tex/generic/bigintcalc/bigintcalc.sty))
(/usr/share/texlive/texmf-dist/tex/generic/atbegshi/atbegshi.sty))
(/usr/share/texlive/texmf-dist/tex/latex/hyperref/hpdftex.def
(/usr/share/texlive/texmf-dist/tex/latex/atveryend/atveryend.sty)
(/usr/share/texlive/texmf-dist/tex/latex/rerunfilecheck/rerunfilecheck.sty
(/usr/share/texlive/texmf-dist/tex/generic/uniquecounter/uniquecounter.sty)))
(/usr/share/texlive/texmf-dist/tex/latex/oberdiek/hypcap.sty)
(./sphinxmessages.sty)
Writing index file consortium_campus-casestudy_campus1.idx
(/usr/share/texlive/texmf-dist/tex/latex/l3backend/l3backend-pdfmode.def)
(./consortium_campus-casestudy_campus1.aux)
(/usr/share/texlive/texmf-dist/tex/latex/psnfss/t1ptm.fd)
(/usr/share/texlive/texmf-dist/tex/context/base/mkii/supp-pdf.mkii
[Loading MPS to PDF converter (version 2006.09.02).]
) (/usr/share/texlive/texmf-dist/tex/latex/epstopdf-pkg/epstopdf-base.sty
(/usr/share/texlive/texmf-dist/tex/latex/latexconfig/epstopdf-sys.cfg))
*geometry* driver: auto-detecting
*geometry* detected driver: pdftex
(/usr/share/texlive/texmf-dist/tex/latex/hyperref/nameref.sty
(/usr/share/texlive/texmf-dist/tex/latex/refcount/refcount.sty)
(/usr/share/texlive/texmf-dist/tex/generic/gettitlestring/gettitlestring.sty))
(./consortium_campus-casestudy_campus1.out)
(./consortium_campus-casestudy_campus1.out)
(/usr/share/texlive/texmf-dist/tex/latex/psnfss/t1pcr.fd)
(/usr/share/texlive/texmf-dist/tex/latex/psnfss/t1phv.fd)
(/usr/share/texlive/texmf-dist/tex/latex/psnfss/ts1phv.fd)<<ot1.cmap>><<oml.cma
p>><<oms.cmap>><<omx.cmap>>
(/usr/share/texlive/texmf-dist/tex/latex/amsfonts/umsa.fd)
(/usr/share/texlive/texmf-dist/tex/latex/amsfonts/umsb.fd) [1{/var/lib/texmf/fo
nts/map/pdftex/updmap/pdftex.map} <./logo.jpg>]
(./consortium_campus-casestudy_campus1.toc) [1] [1]
Chapter 1.
(/usr/share/texlive/texmf-dist/tex/latex/psnfss/ts1ptm.fd)

Package textcomp Warning: Symbol \textasciigrave not provided by
(textcomp)                font family ptm in TS1 encoding.
(textcomp)                Default family used instead on input line 130.

[2]
Chapter 2.
[3 <./land_1_756x150.png> <./campusone_756x150.png>] [4]
Chapter 3.
[5 <./pacheco_200x150.png> <./buckler_200x150.png>] [6] [7] [8 <./armani_ddwrt_
756_150.png>]
Overfull \hbox (17.6721pt too wide) in paragraph at lines 1013--1015
[]|\T1/phv/b/n/10 Hours| 

Overfull \hbox (3.93224pt too wide) in paragraph at lines 1032--1034
[]|\T1/ptm/m/n/10 100| 

Underfull \hbox (badness 7631) in paragraph at lines 1143--1145
[]|\T1/ptm/m/n/10 Founder & CEO/
[9 <./staffphoto_756_150.jpg>] [10 <./otherassets_756x150.png>] [11 <./office_7
56x150.png> <./outdooroffice_756x150.png> <./outdooroffice2_756x150.png>]
[12 <./staff_performance.png> <./rafishouseandwife_756x150.png>]
Chapter 4.
[13] [14] [15] [16 <./2014-05-04_vor_incident_1_800x150.png>]
Chapter 5.
[17] [18]
Chapter 6.

Underfull \hbox (badness 10000) in paragraph at lines 1903--1905
[]|\T1/ptm/m/n/10 TYFMAV-K6AIW-

Underfull \hbox (badness 10000) in paragraph at lines 1929--1931
[]|\T1/ptm/m/n/10 TUUUDZ-2LE2U-

Underfull \hbox (badness 10000) in paragraph at lines 1942--1944
[]|\T1/ptm/m/n/10 TQWNCS-YGE7G-

Underfull \hbox (badness 10000) in paragraph at lines 1955--1957
[]|\T1/ptm/m/n/10 T4KL5K-IWKJS-

Underfull \hbox (badness 10000) in paragraph at lines 1968--1970
[]|\T1/ptm/m/n/10 TQD6QO-FZ6AP-

Underfull \hbox (badness 10000) in paragraph at lines 1981--1983
[]|\T1/ptm/m/n/10 TDGMGZ-UWVDP-

Underfull \hbox (badness 10000) in paragraph at lines 1994--1996
[]|\T1/ptm/m/n/10 TJ5MR6-WONBD-

Underfull \hbox (badness 10000) in paragraph at lines 2007--2009
[]|\T1/ptm/m/n/10 TPZZNL-J7LZY-

Underfull \hbox (badness 10000) in paragraph at lines 2020--2022
[]|\T1/ptm/m/n/10 TKRPDT-TAJDI-

Underfull \hbox (badness 10000) in paragraph at lines 2033--2035
[]|\T1/ptm/m/n/10 TNH6YT-ZWHLT-

Underfull \hbox (badness 10000) in paragraph at lines 2046--2048
[]|\T1/ptm/m/n/10 TFHTJ3-SXPDL-

Underfull \hbox (badness 10000) in paragraph at lines 2059--2061
[]|\T1/ptm/m/n/10 TFDY7B-JEJXD-

Underfull \hbox (badness 10000) in paragraph at lines 2072--2074
[]|\T1/ptm/m/n/10 TC43HP-3FFYO-

Underfull \hbox (badness 10000) in paragraph at lines 2085--2087
[]|\T1/ptm/m/n/10 TGPJ7O-OBRAS-

Underfull \hbox (badness 10000) in paragraph at lines 2098--2100
[]|\T1/ptm/m/n/10 TEF2ET-JQJH2-

Underfull \hbox (badness 10000) in paragraph at lines 2111--2113
[]|\T1/ptm/m/n/10 TMC5IT-RPPJW-

Underfull \hbox (badness 10000) in paragraph at lines 2124--2126
[]|\T1/ptm/m/n/10 TQH2DP-Y7BVI-

Underfull \hbox (badness 10000) in paragraph at lines 2137--2139
[]|\T1/ptm/m/n/10 TV3EBN-ZFPQU-

Underfull \hbox (badness 10000) in paragraph at lines 2150--2152
[]|\T1/ptm/m/n/10 TEBE7B-ZYZK6-

Underfull \hbox (badness 10000) in paragraph at lines 2163--2165
[]|\T1/ptm/m/n/10 TDOVX6-7ULSM-

Underfull \hbox (badness 10000) in paragraph at lines 2176--2178
[]|\T1/ptm/m/n/10 THXZHX-F3NQR-

Underfull \hbox (badness 10000) in paragraph at lines 2189--2191
[]|\T1/ptm/m/n/10 TQ2HRY-YQJLU-

Underfull \hbox (badness 10000) in paragraph at lines 2215--2217
[]|\T1/ptm/m/n/10 TCTDOF-YKDHP-

Underfull \hbox (badness 10000) in paragraph at lines 2228--2230
[]|\T1/ptm/m/n/10 TCSGU2-CLGI4-

Underfull \hbox (badness 10000) in paragraph at lines 2241--2243
[]|\T1/ptm/m/n/10 TI64KD-ROIPY-

Underfull \hbox (badness 10000) in paragraph at lines 2254--2256
[]|\T1/ptm/m/n/10 TFMXWP-2XQ6P-

Underfull \hbox (badness 10000) in paragraph at lines 2267--2269
[]|\T1/ptm/m/n/10 TUBKDX-ADDUW-

Underfull \hbox (badness 10000) in paragraph at lines 2280--2282
[]|\T1/ptm/m/n/10 TX4USO-O6ZT3-

Underfull \hbox (badness 10000) in paragraph at lines 2293--2295
[]|\T1/ptm/m/n/10 THZAL3-Q7LEL-

Underfull \hbox (badness 10000) in paragraph at lines 2319--2321
[]|\T1/ptm/m/n/10 TTPMTZ-IJD4Q-

Underfull \hbox (badness 10000) in paragraph at lines 2332--2334
[]|\T1/ptm/m/n/10 TNMZ2E-BHJI3-

Underfull \hbox (badness 10000) in paragraph at lines 2345--2347
[]|\T1/ptm/m/n/10 TNI4QK-QMSP5-

Underfull \hbox (badness 10000) in paragraph at lines 2358--2360
[]|\T1/ptm/m/n/10 TM5QPR-FSM6H-

Underfull \hbox (badness 10000) in paragraph at lines 2371--2373
[]|\T1/ptm/m/n/10 TFOEJT-MPIJF-

Underfull \hbox (badness 10000) in paragraph at lines 2384--2386
[]|\T1/ptm/m/n/10 TWAGVX-DIY4P-

Underfull \hbox (badness 10000) in paragraph at lines 2397--2399
[]|\T1/ptm/m/n/10 TNC2NR-6NHNK-

Underfull \hbox (badness 10000) in paragraph at lines 2410--2412
[]|\T1/ptm/m/n/10 TPZY54-FM7OO-
[19]
Underfull \hbox (badness 10000) in paragraph at lines 2423--2425
[]|\T1/ptm/m/n/10 TERS6X-KZETO-

Underfull \hbox (badness 10000) in paragraph at lines 2436--2438
[]|\T1/ptm/m/n/10 TRMAUY-TWCVV-

Underfull \hbox (badness 10000) in paragraph at lines 2449--2451
[]|\T1/ptm/m/n/10 TEQ5KW-4SKOZ-

Underfull \hbox (badness 10000) in paragraph at lines 2462--2464
[]|\T1/ptm/m/n/10 TQ5K7H-2CJTR-

Underfull \hbox (badness 10000) in paragraph at lines 2475--2477
[]|\T1/ptm/m/n/10 TIJSQQ-DWETO-

Underfull \hbox (badness 10000) in paragraph at lines 2488--2490
[]|\T1/ptm/m/n/10 TQLO4N-7WL5U-

Underfull \hbox (badness 10000) in paragraph at lines 2501--2503
[]|\T1/ptm/m/n/10 TR44EC-WXBOK-

Underfull \hbox (badness 10000) in paragraph at lines 2514--2516
[]|\T1/ptm/m/n/10 TX2JNZ-XOXQG-

Underfull \hbox (badness 10000) in paragraph at lines 2527--2529
[]|\T1/ptm/m/n/10 TAVH34-MDPS2-

Underfull \hbox (badness 10000) in paragraph at lines 2540--2542
[]|\T1/ptm/m/n/10 T7AQ5T-AKUZQ-

Underfull \hbox (badness 10000) in paragraph at lines 2553--2555
[]|\T1/ptm/m/n/10 TMBCVD-IFRFF-

Underfull \hbox (badness 10000) in paragraph at lines 2566--2568
[]|\T1/ptm/m/n/10 T5ZKMI-N2G5M-

Underfull \hbox (badness 10000) in paragraph at lines 2579--2581
[]|\T1/ptm/m/n/10 TCQD2W-V5OVQ-

Underfull \hbox (badness 10000) in paragraph at lines 2592--2594
[]|\T1/ptm/m/n/10 TPARWM-FPMYC-

Underfull \hbox (badness 10000) in paragraph at lines 2605--2607
[]|\T1/ptm/m/n/10 TWINGM-3CTRW-

Underfull \hbox (badness 10000) in paragraph at lines 2618--2620
[]|\T1/ptm/m/n/10 TW74C6-JMGCL-

Underfull \hbox (badness 10000) in paragraph at lines 2631--2633
[]|\T1/ptm/m/n/10 TJOSTY-T53DZ-

Underfull \hbox (badness 10000) in paragraph at lines 2644--2646
[]|\T1/ptm/m/n/10 TDOPUI-643W2-

Underfull \hbox (badness 10000) in paragraph at lines 2657--2659
[]|\T1/ptm/m/n/10 TGWBUL-LSVUR-

Underfull \hbox (badness 10000) in paragraph at lines 2670--2672
[]|\T1/ptm/m/n/10 TTIRPQ-ZDL2T-

Underfull \hbox (badness 10000) in paragraph at lines 2683--2685
[]|\T1/ptm/m/n/10 TN4MNG-JRVKG-

Underfull \hbox (badness 10000) in paragraph at lines 2696--2698
[]|\T1/ptm/m/n/10 TT62CO-7WEOZ-

Underfull \hbox (badness 10000) in paragraph at lines 2709--2711
[]|\T1/ptm/m/n/10 TI5APH-XGOZ7-

Underfull \hbox (badness 10000) in paragraph at lines 2722--2724
[]|\T1/ptm/m/n/10 T667DJ-CZWWN-
[20] [21]
Chapter 7.
(./consortium_campus-casestudy_campus1.ind) [22]
(./consortium_campus-casestudy_campus1.aux) )
(see the transcript file for additional information){/usr/share/texlive/texmf-d
ist/fonts/enc/dvips/base/8r.enc} </root/.texlive2020/texmf-var/fonts/pk/ljfour/
jknappen/ec/tcrm1000.600pk></usr/share/texlive/texmf-dist/fonts/type1/urw/helve
tic/uhvb8a.pfb></usr/share/texlive/texmf-dist/fonts/type1/urw/helvetic/uhvbo8a.
pfb></usr/share/texlive/texmf-dist/fonts/type1/urw/helvetic/uhvr8a.pfb></usr/sh
are/texlive/texmf-dist/fonts/type1/urw/times/utmb8a.pfb></usr/share/texlive/tex
mf-dist/fonts/type1/urw/times/utmr8a.pfb></usr/share/texlive/texmf-dist/fonts/t
ype1/urw/times/utmri8a.pfb>
Output written on consortium_campus-casestudy_campus1.pdf (24 pages, 3049180 by
tes).
Transcript written on consortium_campus-casestudy_campus1.log.
Latexmk: Index file 'consortium_campus-casestudy_campus1.idx' was written
Latexmk: Log file says output to 'consortium_campus-casestudy_campus1.pdf'
Latexmk: Log file says output to 'consortium_campus-casestudy_campus1.pdf'
Rule 'pdflatex': File changes, etc:
   Changed files, or newly in use since previous run(s):
      'consortium_campus-casestudy_campus1.toc'
------------
Run number 3 of rule 'pdflatex'
------------
------------
Running 'pdflatex   -recorder  "consortium_campus-casestudy_campus1.tex"'
------------
=== TeX engine is 'pdfTeX'
Latexmk: applying rule 'pdflatex'...
This is pdfTeX, Version 3.14159265-2.6-1.40.21 (TeX Live 2020/Debian) (preloaded format=pdflatex)
 restricted \write18 enabled.
entering extended mode
(./consortium_campus-casestudy_campus1.tex
LaTeX2e <2020-02-02> patch level 5
L3 programming layer <2020-07-17> (./sphinxmanual.cls
Document Class: sphinxmanual 2019/12/01 v2.3.0 Document class (Sphinx manual)
(/usr/share/texlive/texmf-dist/tex/latex/base/report.cls
Document Class: report 2019/12/20 v1.4l Standard LaTeX document class
(/usr/share/texlive/texmf-dist/tex/latex/base/size10.clo)))
(/usr/share/texlive/texmf-dist/tex/latex/base/inputenc.sty)
(/usr/share/texlive/texmf-dist/tex/latex/cmap/cmap.sty)
(/usr/share/texlive/texmf-dist/tex/latex/base/fontenc.sty<<t1.cmap>>)
(/usr/share/texlive/texmf-dist/tex/latex/amsmath/amsmath.sty
For additional information on amsmath, use the `?' option.
(/usr/share/texlive/texmf-dist/tex/latex/amsmath/amstext.sty
(/usr/share/texlive/texmf-dist/tex/latex/amsmath/amsgen.sty))
(/usr/share/texlive/texmf-dist/tex/latex/amsmath/amsbsy.sty)
(/usr/share/texlive/texmf-dist/tex/latex/amsmath/amsopn.sty))
(/usr/share/texlive/texmf-dist/tex/latex/amsfonts/amssymb.sty
(/usr/share/texlive/texmf-dist/tex/latex/amsfonts/amsfonts.sty))
(/usr/share/texlive/texmf-dist/tex/generic/babel/babel.sty
(/usr/share/texlive/texmf-dist/tex/generic/babel/babel.def
(/usr/share/texlive/texmf-dist/tex/generic/babel/txtbabel.def))
(/usr/share/texlive/texmf-dist/tex/generic/babel-english/english.ldf))
(/usr/share/texlive/texmf-dist/tex/latex/psnfss/times.sty)
(/usr/share/texlive/texmf-dist/tex/latex/fncychap/fncychap.sty) (./sphinx.sty
(/usr/share/texlive/texmf-dist/tex/generic/ltxcmds/ltxcmds.sty)
(/usr/share/texlive/texmf-dist/tex/latex/graphics/graphicx.sty
(/usr/share/texlive/texmf-dist/tex/latex/graphics/keyval.sty)
(/usr/share/texlive/texmf-dist/tex/latex/graphics/graphics.sty
(/usr/share/texlive/texmf-dist/tex/latex/graphics/trig.sty)
(/usr/share/texlive/texmf-dist/tex/latex/graphics-cfg/graphics.cfg)
(/usr/share/texlive/texmf-dist/tex/latex/graphics-def/pdftex.def)))
(/usr/share/texlive/texmf-dist/tex/latex/fancyhdr/fancyhdr.sty)
(/usr/share/texlive/texmf-dist/tex/latex/base/textcomp.sty)
(/usr/share/texlive/texmf-dist/tex/latex/titlesec/titlesec.sty)
(/usr/share/texlive/texmf-dist/tex/latex/tabulary/tabulary.sty
(/usr/share/texlive/texmf-dist/tex/latex/tools/array.sty))
(/usr/share/texlive/texmf-dist/tex/latex/tools/longtable.sty)
(/usr/share/texlive/texmf-dist/tex/latex/varwidth/varwidth.sty)
(./sphinxmulticell.sty)
(/usr/share/texlive/texmf-dist/tex/latex/base/makeidx.sty)
(/usr/share/texlive/texmf-dist/tex/latex/framed/framed.sty)
(/usr/share/texlive/texmf-dist/tex/latex/xcolor/xcolor.sty
(/usr/share/texlive/texmf-dist/tex/latex/graphics-cfg/color.cfg))
(/usr/share/texlive/texmf-dist/tex/latex/fancyvrb/fancyvrb.sty)
(./footnotehyper-sphinx.sty)
(/usr/share/texlive/texmf-dist/tex/latex/float/float.sty)
(/usr/share/texlive/texmf-dist/tex/latex/wrapfig/wrapfig.sty)
(/usr/share/texlive/texmf-dist/tex/latex/parskip/parskip.sty
(/usr/share/texlive/texmf-dist/tex/latex/parskip/parskip-2001-04-09.sty))
(/usr/share/texlive/texmf-dist/tex/latex/base/alltt.sty)
(/usr/share/texlive/texmf-dist/tex/latex/upquote/upquote.sty)
(/usr/share/texlive/texmf-dist/tex/latex/capt-of/capt-of.sty)
(/usr/share/texlive/texmf-dist/tex/latex/needspace/needspace.sty)
(/usr/share/texlive/texmf-dist/tex/latex/tools/multicol.sty)
(./sphinxhighlight.sty)
(/usr/share/texlive/texmf-dist/tex/latex/kvoptions/kvoptions.sty
(/usr/share/texlive/texmf-dist/tex/generic/kvsetkeys/kvsetkeys.sty)))
(/usr/share/texlive/texmf-dist/tex/latex/geometry/geometry.sty
(/usr/share/texlive/texmf-dist/tex/generic/iftex/ifvtex.sty
(/usr/share/texlive/texmf-dist/tex/generic/iftex/iftex.sty)))
(/usr/share/texlive/texmf-dist/tex/latex/hyperref/hyperref.sty
(/usr/share/texlive/texmf-dist/tex/generic/pdftexcmds/pdftexcmds.sty
(/usr/share/texlive/texmf-dist/tex/generic/infwarerr/infwarerr.sty))
(/usr/share/texlive/texmf-dist/tex/generic/kvdefinekeys/kvdefinekeys.sty)
(/usr/share/texlive/texmf-dist/tex/generic/pdfescape/pdfescape.sty)
(/usr/share/texlive/texmf-dist/tex/latex/hycolor/hycolor.sty)
(/usr/share/texlive/texmf-dist/tex/latex/letltxmacro/letltxmacro.sty)
(/usr/share/texlive/texmf-dist/tex/latex/auxhook/auxhook.sty)
(/usr/share/texlive/texmf-dist/tex/latex/hyperref/pd1enc.def)
(/usr/share/texlive/texmf-dist/tex/generic/intcalc/intcalc.sty)
(/usr/share/texlive/texmf-dist/tex/generic/etexcmds/etexcmds.sty)
(/usr/share/texlive/texmf-dist/tex/latex/hyperref/puenc.def)
(/usr/share/texlive/texmf-dist/tex/latex/url/url.sty)
(/usr/share/texlive/texmf-dist/tex/generic/bitset/bitset.sty
(/usr/share/texlive/texmf-dist/tex/generic/bigintcalc/bigintcalc.sty))
(/usr/share/texlive/texmf-dist/tex/generic/atbegshi/atbegshi.sty))
(/usr/share/texlive/texmf-dist/tex/latex/hyperref/hpdftex.def
(/usr/share/texlive/texmf-dist/tex/latex/atveryend/atveryend.sty)
(/usr/share/texlive/texmf-dist/tex/latex/rerunfilecheck/rerunfilecheck.sty
(/usr/share/texlive/texmf-dist/tex/generic/uniquecounter/uniquecounter.sty)))
(/usr/share/texlive/texmf-dist/tex/latex/oberdiek/hypcap.sty)
(./sphinxmessages.sty)
Writing index file consortium_campus-casestudy_campus1.idx
(/usr/share/texlive/texmf-dist/tex/latex/l3backend/l3backend-pdfmode.def)
(./consortium_campus-casestudy_campus1.aux)
(/usr/share/texlive/texmf-dist/tex/latex/psnfss/t1ptm.fd)
(/usr/share/texlive/texmf-dist/tex/context/base/mkii/supp-pdf.mkii
[Loading MPS to PDF converter (version 2006.09.02).]
) (/usr/share/texlive/texmf-dist/tex/latex/epstopdf-pkg/epstopdf-base.sty
(/usr/share/texlive/texmf-dist/tex/latex/latexconfig/epstopdf-sys.cfg))
*geometry* driver: auto-detecting
*geometry* detected driver: pdftex
(/usr/share/texlive/texmf-dist/tex/latex/hyperref/nameref.sty
(/usr/share/texlive/texmf-dist/tex/latex/refcount/refcount.sty)
(/usr/share/texlive/texmf-dist/tex/generic/gettitlestring/gettitlestring.sty))
(./consortium_campus-casestudy_campus1.out)
(./consortium_campus-casestudy_campus1.out)
(/usr/share/texlive/texmf-dist/tex/latex/psnfss/t1pcr.fd)
(/usr/share/texlive/texmf-dist/tex/latex/psnfss/t1phv.fd)
(/usr/share/texlive/texmf-dist/tex/latex/psnfss/ts1phv.fd)<<ot1.cmap>><<oml.cma
p>><<oms.cmap>><<omx.cmap>>
(/usr/share/texlive/texmf-dist/tex/latex/amsfonts/umsa.fd)
(/usr/share/texlive/texmf-dist/tex/latex/amsfonts/umsb.fd) [1{/var/lib/texmf/fo
nts/map/pdftex/updmap/pdftex.map} <./logo.jpg>]
(./consortium_campus-casestudy_campus1.toc) [1] [1]
Chapter 1.
(/usr/share/texlive/texmf-dist/tex/latex/psnfss/ts1ptm.fd)

Package textcomp Warning: Symbol \textasciigrave not provided by
(textcomp)                font family ptm in TS1 encoding.
(textcomp)                Default family used instead on input line 130.

[2]
Chapter 2.
[3 <./land_1_756x150.png> <./campusone_756x150.png>] [4]
Chapter 3.
[5 <./pacheco_200x150.png> <./buckler_200x150.png>] [6] [7] [8 <./armani_ddwrt_
756_150.png>]
Overfull \hbox (17.6721pt too wide) in paragraph at lines 1013--1015
[]|\T1/phv/b/n/10 Hours| 

Overfull \hbox (3.93224pt too wide) in paragraph at lines 1032--1034
[]|\T1/ptm/m/n/10 100| 

Underfull \hbox (badness 7631) in paragraph at lines 1143--1145
[]|\T1/ptm/m/n/10 Founder & CEO/
[9 <./staffphoto_756_150.jpg>] [10 <./otherassets_756x150.png>] [11 <./office_7
56x150.png> <./outdooroffice_756x150.png> <./outdooroffice2_756x150.png>]
[12 <./staff_performance.png> <./rafishouseandwife_756x150.png>]
Chapter 4.
[13] [14] [15] [16 <./2014-05-04_vor_incident_1_800x150.png>]
Chapter 5.
[17] [18]
Chapter 6.

Underfull \hbox (badness 10000) in paragraph at lines 1903--1905
[]|\T1/ptm/m/n/10 TYFMAV-K6AIW-

Underfull \hbox (badness 10000) in paragraph at lines 1929--1931
[]|\T1/ptm/m/n/10 TUUUDZ-2LE2U-

Underfull \hbox (badness 10000) in paragraph at lines 1942--1944
[]|\T1/ptm/m/n/10 TQWNCS-YGE7G-

Underfull \hbox (badness 10000) in paragraph at lines 1955--1957
[]|\T1/ptm/m/n/10 T4KL5K-IWKJS-

Underfull \hbox (badness 10000) in paragraph at lines 1968--1970
[]|\T1/ptm/m/n/10 TQD6QO-FZ6AP-

Underfull \hbox (badness 10000) in paragraph at lines 1981--1983
[]|\T1/ptm/m/n/10 TDGMGZ-UWVDP-

Underfull \hbox (badness 10000) in paragraph at lines 1994--1996
[]|\T1/ptm/m/n/10 TJ5MR6-WONBD-

Underfull \hbox (badness 10000) in paragraph at lines 2007--2009
[]|\T1/ptm/m/n/10 TPZZNL-J7LZY-

Underfull \hbox (badness 10000) in paragraph at lines 2020--2022
[]|\T1/ptm/m/n/10 TKRPDT-TAJDI-

Underfull \hbox (badness 10000) in paragraph at lines 2033--2035
[]|\T1/ptm/m/n/10 TNH6YT-ZWHLT-

Underfull \hbox (badness 10000) in paragraph at lines 2046--2048
[]|\T1/ptm/m/n/10 TFHTJ3-SXPDL-

Underfull \hbox (badness 10000) in paragraph at lines 2059--2061
[]|\T1/ptm/m/n/10 TFDY7B-JEJXD-

Underfull \hbox (badness 10000) in paragraph at lines 2072--2074
[]|\T1/ptm/m/n/10 TC43HP-3FFYO-

Underfull \hbox (badness 10000) in paragraph at lines 2085--2087
[]|\T1/ptm/m/n/10 TGPJ7O-OBRAS-

Underfull \hbox (badness 10000) in paragraph at lines 2098--2100
[]|\T1/ptm/m/n/10 TEF2ET-JQJH2-

Underfull \hbox (badness 10000) in paragraph at lines 2111--2113
[]|\T1/ptm/m/n/10 TMC5IT-RPPJW-

Underfull \hbox (badness 10000) in paragraph at lines 2124--2126
[]|\T1/ptm/m/n/10 TQH2DP-Y7BVI-

Underfull \hbox (badness 10000) in paragraph at lines 2137--2139
[]|\T1/ptm/m/n/10 TV3EBN-ZFPQU-

Underfull \hbox (badness 10000) in paragraph at lines 2150--2152
[]|\T1/ptm/m/n/10 TEBE7B-ZYZK6-

Underfull \hbox (badness 10000) in paragraph at lines 2163--2165
[]|\T1/ptm/m/n/10 TDOVX6-7ULSM-

Underfull \hbox (badness 10000) in paragraph at lines 2176--2178
[]|\T1/ptm/m/n/10 THXZHX-F3NQR-

Underfull \hbox (badness 10000) in paragraph at lines 2189--2191
[]|\T1/ptm/m/n/10 TQ2HRY-YQJLU-

Underfull \hbox (badness 10000) in paragraph at lines 2215--2217
[]|\T1/ptm/m/n/10 TCTDOF-YKDHP-

Underfull \hbox (badness 10000) in paragraph at lines 2228--2230
[]|\T1/ptm/m/n/10 TCSGU2-CLGI4-

Underfull \hbox (badness 10000) in paragraph at lines 2241--2243
[]|\T1/ptm/m/n/10 TI64KD-ROIPY-

Underfull \hbox (badness 10000) in paragraph at lines 2254--2256
[]|\T1/ptm/m/n/10 TFMXWP-2XQ6P-

Underfull \hbox (badness 10000) in paragraph at lines 2267--2269
[]|\T1/ptm/m/n/10 TUBKDX-ADDUW-

Underfull \hbox (badness 10000) in paragraph at lines 2280--2282
[]|\T1/ptm/m/n/10 TX4USO-O6ZT3-

Underfull \hbox (badness 10000) in paragraph at lines 2293--2295
[]|\T1/ptm/m/n/10 THZAL3-Q7LEL-

Underfull \hbox (badness 10000) in paragraph at lines 2319--2321
[]|\T1/ptm/m/n/10 TTPMTZ-IJD4Q-

Underfull \hbox (badness 10000) in paragraph at lines 2332--2334
[]|\T1/ptm/m/n/10 TNMZ2E-BHJI3-

Underfull \hbox (badness 10000) in paragraph at lines 2345--2347
[]|\T1/ptm/m/n/10 TNI4QK-QMSP5-

Underfull \hbox (badness 10000) in paragraph at lines 2358--2360
[]|\T1/ptm/m/n/10 TM5QPR-FSM6H-

Underfull \hbox (badness 10000) in paragraph at lines 2371--2373
[]|\T1/ptm/m/n/10 TFOEJT-MPIJF-

Underfull \hbox (badness 10000) in paragraph at lines 2384--2386
[]|\T1/ptm/m/n/10 TWAGVX-DIY4P-

Underfull \hbox (badness 10000) in paragraph at lines 2397--2399
[]|\T1/ptm/m/n/10 TNC2NR-6NHNK-

Underfull \hbox (badness 10000) in paragraph at lines 2410--2412
[]|\T1/ptm/m/n/10 TPZY54-FM7OO-
[19]
Underfull \hbox (badness 10000) in paragraph at lines 2423--2425
[]|\T1/ptm/m/n/10 TERS6X-KZETO-

Underfull \hbox (badness 10000) in paragraph at lines 2436--2438
[]|\T1/ptm/m/n/10 TRMAUY-TWCVV-

Underfull \hbox (badness 10000) in paragraph at lines 2449--2451
[]|\T1/ptm/m/n/10 TEQ5KW-4SKOZ-

Underfull \hbox (badness 10000) in paragraph at lines 2462--2464
[]|\T1/ptm/m/n/10 TQ5K7H-2CJTR-

Underfull \hbox (badness 10000) in paragraph at lines 2475--2477
[]|\T1/ptm/m/n/10 TIJSQQ-DWETO-

Underfull \hbox (badness 10000) in paragraph at lines 2488--2490
[]|\T1/ptm/m/n/10 TQLO4N-7WL5U-

Underfull \hbox (badness 10000) in paragraph at lines 2501--2503
[]|\T1/ptm/m/n/10 TR44EC-WXBOK-

Underfull \hbox (badness 10000) in paragraph at lines 2514--2516
[]|\T1/ptm/m/n/10 TX2JNZ-XOXQG-

Underfull \hbox (badness 10000) in paragraph at lines 2527--2529
[]|\T1/ptm/m/n/10 TAVH34-MDPS2-

Underfull \hbox (badness 10000) in paragraph at lines 2540--2542
[]|\T1/ptm/m/n/10 T7AQ5T-AKUZQ-

Underfull \hbox (badness 10000) in paragraph at lines 2553--2555
[]|\T1/ptm/m/n/10 TMBCVD-IFRFF-

Underfull \hbox (badness 10000) in paragraph at lines 2566--2568
[]|\T1/ptm/m/n/10 T5ZKMI-N2G5M-

Underfull \hbox (badness 10000) in paragraph at lines 2579--2581
[]|\T1/ptm/m/n/10 TCQD2W-V5OVQ-

Underfull \hbox (badness 10000) in paragraph at lines 2592--2594
[]|\T1/ptm/m/n/10 TPARWM-FPMYC-

Underfull \hbox (badness 10000) in paragraph at lines 2605--2607
[]|\T1/ptm/m/n/10 TWINGM-3CTRW-

Underfull \hbox (badness 10000) in paragraph at lines 2618--2620
[]|\T1/ptm/m/n/10 TW74C6-JMGCL-

Underfull \hbox (badness 10000) in paragraph at lines 2631--2633
[]|\T1/ptm/m/n/10 TJOSTY-T53DZ-

Underfull \hbox (badness 10000) in paragraph at lines 2644--2646
[]|\T1/ptm/m/n/10 TDOPUI-643W2-

Underfull \hbox (badness 10000) in paragraph at lines 2657--2659
[]|\T1/ptm/m/n/10 TGWBUL-LSVUR-

Underfull \hbox (badness 10000) in paragraph at lines 2670--2672
[]|\T1/ptm/m/n/10 TTIRPQ-ZDL2T-

Underfull \hbox (badness 10000) in paragraph at lines 2683--2685
[]|\T1/ptm/m/n/10 TN4MNG-JRVKG-

Underfull \hbox (badness 10000) in paragraph at lines 2696--2698
[]|\T1/ptm/m/n/10 TT62CO-7WEOZ-

Underfull \hbox (badness 10000) in paragraph at lines 2709--2711
[]|\T1/ptm/m/n/10 TI5APH-XGOZ7-

Underfull \hbox (badness 10000) in paragraph at lines 2722--2724
[]|\T1/ptm/m/n/10 T667DJ-CZWWN-
[20] [21]
Chapter 7.
(./consortium_campus-casestudy_campus1.ind) [22]
(./consortium_campus-casestudy_campus1.aux) )
(see the transcript file for additional information){/usr/share/texlive/texmf-d
ist/fonts/enc/dvips/base/8r.enc} </root/.texlive2020/texmf-var/fonts/pk/ljfour/
jknappen/ec/tcrm1000.600pk></usr/share/texlive/texmf-dist/fonts/type1/urw/helve
tic/uhvb8a.pfb></usr/share/texlive/texmf-dist/fonts/type1/urw/helvetic/uhvbo8a.
pfb></usr/share/texlive/texmf-dist/fonts/type1/urw/helvetic/uhvr8a.pfb></usr/sh
are/texlive/texmf-dist/fonts/type1/urw/times/utmb8a.pfb></usr/share/texlive/tex
mf-dist/fonts/type1/urw/times/utmr8a.pfb></usr/share/texlive/texmf-dist/fonts/t
ype1/urw/times/utmri8a.pfb>
Output written on consortium_campus-casestudy_campus1.pdf (24 pages, 3049180 by
tes).
Transcript written on consortium_campus-casestudy_campus1.log.
Latexmk: Index file 'consortium_campus-casestudy_campus1.idx' was written
Latexmk: Log file says output to 'consortium_campus-casestudy_campus1.pdf'
Latexmk: Log file says output to 'consortium_campus-casestudy_campus1.pdf'
=== TeX engine is 'pdfTeX'
Latexmk: All targets (consortium_campus-casestudy_campus1.pdf) are up-to-date
