Running Sphinx v4.2.0+
loading translations [fr]... done
loading pickled environment... done
building [mo]: targets for 0 po files that are out of date
building [latex]: all documents
updating environment: [config changed ('language')] 15 added, 0 changed, 0 removed
reading sources... [  6%] afterinstallconfig
reading sources... [ 13%] developers
reading sources... [ 20%] docsandvideos
reading sources... [ 26%] end-user
reading sources... [ 33%] faq
reading sources... [ 40%] gettingstarted
reading sources... [ 46%] index
reading sources... [ 53%] installation
reading sources... [ 60%] integration
reading sources... [ 66%] networkmaint
reading sources... [ 73%] preperation
reading sources... [ 80%] productmaint
reading sources... [ 86%] releasenotes
reading sources... [ 93%] troubleshooting
reading sources... [100%] upgrading

/var/www/html/datro-gh-pages/static/library/hotspotbnb_os/manuals_userguide/latest/source/afterinstallconfig.rst:5: WARNING: duplicate label hyperlink, other instance in /var/www/html/datro-gh-pages/static/library/hotspotbnb_os/manuals_userguide/latest/source/troubleshooting.rst
/var/www/html/datro-gh-pages/static/library/hotspotbnb_os/manuals_userguide/latest/source/afterinstallconfig.rst:10: WARNING: duplicate label command lines, other instance in /var/www/html/datro-gh-pages/static/library/hotspotbnb_os/manuals_userguide/latest/source/troubleshooting.rst
/var/www/html/datro-gh-pages/static/library/hotspotbnb_os/manuals_userguide/latest/source/afterinstallconfig.rst:18: WARNING: duplicate label text block, other instance in /var/www/html/datro-gh-pages/static/library/hotspotbnb_os/manuals_userguide/latest/source/troubleshooting.rst
/var/www/html/datro-gh-pages/static/library/hotspotbnb_os/manuals_userguide/latest/source/developers.rst:5: WARNING: duplicate label hyperlink, other instance in /var/www/html/datro-gh-pages/static/library/hotspotbnb_os/manuals_userguide/latest/source/afterinstallconfig.rst
/var/www/html/datro-gh-pages/static/library/hotspotbnb_os/manuals_userguide/latest/source/developers.rst:10: WARNING: duplicate label command lines, other instance in /var/www/html/datro-gh-pages/static/library/hotspotbnb_os/manuals_userguide/latest/source/afterinstallconfig.rst
/var/www/html/datro-gh-pages/static/library/hotspotbnb_os/manuals_userguide/latest/source/developers.rst:17: WARNING: duplicate label text block, other instance in /var/www/html/datro-gh-pages/static/library/hotspotbnb_os/manuals_userguide/latest/source/afterinstallconfig.rst
/var/www/html/datro-gh-pages/static/library/hotspotbnb_os/manuals_userguide/latest/source/docsandvideos.rst:5: WARNING: duplicate label hyperlink, other instance in /var/www/html/datro-gh-pages/static/library/hotspotbnb_os/manuals_userguide/latest/source/developers.rst
/var/www/html/datro-gh-pages/static/library/hotspotbnb_os/manuals_userguide/latest/source/docsandvideos.rst:10: WARNING: duplicate label command lines, other instance in /var/www/html/datro-gh-pages/static/library/hotspotbnb_os/manuals_userguide/latest/source/developers.rst
/var/www/html/datro-gh-pages/static/library/hotspotbnb_os/manuals_userguide/latest/source/docsandvideos.rst:18: WARNING: duplicate label text block, other instance in /var/www/html/datro-gh-pages/static/library/hotspotbnb_os/manuals_userguide/latest/source/developers.rst
/var/www/html/datro-gh-pages/static/library/hotspotbnb_os/manuals_userguide/latest/source/end-user.rst:5: WARNING: Title underline too short.

What is HotspotBnB?
-----------------
/var/www/html/datro-gh-pages/static/library/hotspotbnb_os/manuals_userguide/latest/source/faq.rst:5: WARNING: duplicate label hyperlink, other instance in /var/www/html/datro-gh-pages/static/library/hotspotbnb_os/manuals_userguide/latest/source/docsandvideos.rst
/var/www/html/datro-gh-pages/static/library/hotspotbnb_os/manuals_userguide/latest/source/faq.rst:10: WARNING: duplicate label command lines, other instance in /var/www/html/datro-gh-pages/static/library/hotspotbnb_os/manuals_userguide/latest/source/docsandvideos.rst
/var/www/html/datro-gh-pages/static/library/hotspotbnb_os/manuals_userguide/latest/source/faq.rst:18: WARNING: duplicate label text block, other instance in /var/www/html/datro-gh-pages/static/library/hotspotbnb_os/manuals_userguide/latest/source/docsandvideos.rst
/var/www/html/datro-gh-pages/static/library/hotspotbnb_os/manuals_userguide/latest/source/gettingstarted.rst:23: WARNING: Unexpected indentation.
/var/www/html/datro-gh-pages/static/library/hotspotbnb_os/manuals_userguide/latest/source/gettingstarted.rst:44: WARNING: Unexpected indentation.
/var/www/html/datro-gh-pages/static/library/hotspotbnb_os/manuals_userguide/latest/source/gettingstarted.rst:46: WARNING: Block quote ends without a blank line; unexpected unindent.
/var/www/html/datro-gh-pages/static/library/hotspotbnb_os/manuals_userguide/latest/source/gettingstarted.rst:64: WARNING: Unexpected indentation.
/var/www/html/datro-gh-pages/static/library/hotspotbnb_os/manuals_userguide/latest/source/gettingstarted.rst:82: WARNING: duplicate label notes, other instance in /var/www/html/datro-gh-pages/static/library/hotspotbnb_os/manuals_userguide/latest/source/gettingstarted.rst
/var/www/html/datro-gh-pages/static/library/hotspotbnb_os/manuals_userguide/latest/source/integration.rst:5: WARNING: duplicate label hyperlink, other instance in /var/www/html/datro-gh-pages/static/library/hotspotbnb_os/manuals_userguide/latest/source/faq.rst
/var/www/html/datro-gh-pages/static/library/hotspotbnb_os/manuals_userguide/latest/source/integration.rst:10: WARNING: duplicate label command lines, other instance in /var/www/html/datro-gh-pages/static/library/hotspotbnb_os/manuals_userguide/latest/source/faq.rst
/var/www/html/datro-gh-pages/static/library/hotspotbnb_os/manuals_userguide/latest/source/integration.rst:18: WARNING: duplicate label text block, other instance in /var/www/html/datro-gh-pages/static/library/hotspotbnb_os/manuals_userguide/latest/source/faq.rst
/var/www/html/datro-gh-pages/static/library/hotspotbnb_os/manuals_userguide/latest/source/networkmaint.rst:5: WARNING: duplicate label hyperlink, other instance in /var/www/html/datro-gh-pages/static/library/hotspotbnb_os/manuals_userguide/latest/source/integration.rst
/var/www/html/datro-gh-pages/static/library/hotspotbnb_os/manuals_userguide/latest/source/networkmaint.rst:10: WARNING: duplicate label command lines, other instance in /var/www/html/datro-gh-pages/static/library/hotspotbnb_os/manuals_userguide/latest/source/integration.rst
/var/www/html/datro-gh-pages/static/library/hotspotbnb_os/manuals_userguide/latest/source/networkmaint.rst:18: WARNING: duplicate label text block, other instance in /var/www/html/datro-gh-pages/static/library/hotspotbnb_os/manuals_userguide/latest/source/integration.rst
/var/www/html/datro-gh-pages/static/library/hotspotbnb_os/manuals_userguide/latest/source/productmaint.rst:5: WARNING: duplicate label hyperlink, other instance in /var/www/html/datro-gh-pages/static/library/hotspotbnb_os/manuals_userguide/latest/source/networkmaint.rst
/var/www/html/datro-gh-pages/static/library/hotspotbnb_os/manuals_userguide/latest/source/productmaint.rst:10: WARNING: duplicate label command lines, other instance in /var/www/html/datro-gh-pages/static/library/hotspotbnb_os/manuals_userguide/latest/source/networkmaint.rst
/var/www/html/datro-gh-pages/static/library/hotspotbnb_os/manuals_userguide/latest/source/productmaint.rst:18: WARNING: duplicate label text block, other instance in /var/www/html/datro-gh-pages/static/library/hotspotbnb_os/manuals_userguide/latest/source/networkmaint.rst
/var/www/html/datro-gh-pages/static/library/hotspotbnb_os/manuals_userguide/latest/source/troubleshooting.rst:5: WARNING: duplicate label hyperlink, other instance in /var/www/html/datro-gh-pages/static/library/hotspotbnb_os/manuals_userguide/latest/source/productmaint.rst
/var/www/html/datro-gh-pages/static/library/hotspotbnb_os/manuals_userguide/latest/source/troubleshooting.rst:10: WARNING: duplicate label command lines, other instance in /var/www/html/datro-gh-pages/static/library/hotspotbnb_os/manuals_userguide/latest/source/productmaint.rst
/var/www/html/datro-gh-pages/static/library/hotspotbnb_os/manuals_userguide/latest/source/troubleshooting.rst:18: WARNING: duplicate label text block, other instance in /var/www/html/datro-gh-pages/static/library/hotspotbnb_os/manuals_userguide/latest/source/productmaint.rst
looking for now-outdated files... none found
pickling environment... done
checking consistency... done
processing hotspotbnb_os-technical_userguide.tex... index releasenotes preperation gettingstarted installation end-user productmaint afterinstallconfig integration upgrading troubleshooting docsandvideos faq developers networkmaint 
resolving references...
done
writing... done
copying TeX support files... copying TeX support files...
done
build succeeded, 30 warnings.

The LaTeX files are in build/latex.
Run 'make' in that directory to run these through (pdf)latex
(use `make latexpdf' here to do that automatically).
Rc files read:
  /etc/LatexMk
  latexmkrc
Latexmk: This is Latexmk, John Collins, 17 Apr. 2020, version: 4.69a.
Rule 'pdflatex': The following rules & subrules became out-of-date:
      'pdflatex'
------------
Run number 1 of rule 'pdflatex'
------------
------------
Running 'pdflatex   -recorder  "hotspotbnb_os-technical_userguide.tex"'
------------
Latexmk: applying rule 'pdflatex'...
This is pdfTeX, Version 3.14159265-2.6-1.40.21 (TeX Live 2020/Debian) (preloaded format=pdflatex)
 restricted \write18 enabled.
entering extended mode
(./hotspotbnb_os-technical_userguide.tex
LaTeX2e <2020-02-02> patch level 5
L3 programming layer <2020-07-17> (./sphinxmanual.cls
Document Class: sphinxmanual 2019/12/01 v2.3.0 Document class (Sphinx manual)
(/usr/share/texlive/texmf-dist/tex/latex/base/report.cls
Document Class: report 2019/12/20 v1.4l Standard LaTeX document class
(/usr/share/texlive/texmf-dist/tex/latex/base/size10.clo)))
(/usr/share/texlive/texmf-dist/tex/latex/base/inputenc.sty)
(/usr/share/texlive/texmf-dist/tex/latex/cmap/cmap.sty)
(/usr/share/texlive/texmf-dist/tex/latex/base/fontenc.sty<<t1.cmap>>)
(/usr/share/texlive/texmf-dist/tex/latex/amsmath/amsmath.sty
For additional information on amsmath, use the `?' option.
(/usr/share/texlive/texmf-dist/tex/latex/amsmath/amstext.sty
(/usr/share/texlive/texmf-dist/tex/latex/amsmath/amsgen.sty))
(/usr/share/texlive/texmf-dist/tex/latex/amsmath/amsbsy.sty)
(/usr/share/texlive/texmf-dist/tex/latex/amsmath/amsopn.sty))
(/usr/share/texlive/texmf-dist/tex/latex/amsfonts/amssymb.sty
(/usr/share/texlive/texmf-dist/tex/latex/amsfonts/amsfonts.sty))
(/usr/share/texlive/texmf-dist/tex/generic/babel/babel.sty
(/usr/share/texlive/texmf-dist/tex/generic/babel/babel.def
(/usr/share/texlive/texmf-dist/tex/generic/babel/txtbabel.def))
(/usr/share/texlive/texmf-dist/tex/generic/babel-english/english.ldf))
(/usr/share/texmf/tex/latex/tex-gyre/tgtermes.sty
(/usr/share/texlive/texmf-dist/tex/latex/kvoptions/kvoptions.sty
(/usr/share/texlive/texmf-dist/tex/latex/graphics/keyval.sty)
(/usr/share/texlive/texmf-dist/tex/generic/ltxcmds/ltxcmds.sty)
(/usr/share/texlive/texmf-dist/tex/generic/kvsetkeys/kvsetkeys.sty)))
(/usr/share/texmf/tex/latex/tex-gyre/tgheros.sty)
(/usr/share/texlive/texmf-dist/tex/latex/fncychap/fncychap.sty) (./sphinx.sty
(/usr/share/texlive/texmf-dist/tex/latex/xcolor/xcolor.sty
(/usr/share/texlive/texmf-dist/tex/latex/graphics-cfg/color.cfg)
(/usr/share/texlive/texmf-dist/tex/latex/graphics-def/pdftex.def))
(./sphinxoptionshyperref.sty) (./sphinxoptionsgeometry.sty)
(/usr/share/texlive/texmf-dist/tex/latex/base/textcomp.sty)
(/usr/share/texlive/texmf-dist/tex/latex/float/float.sty)
(/usr/share/texlive/texmf-dist/tex/latex/wrapfig/wrapfig.sty)
(/usr/share/texlive/texmf-dist/tex/latex/capt-of/capt-of.sty)
(/usr/share/texlive/texmf-dist/tex/latex/tools/multicol.sty)
(/usr/share/texlive/texmf-dist/tex/latex/graphics/graphicx.sty
(/usr/share/texlive/texmf-dist/tex/latex/graphics/graphics.sty
(/usr/share/texlive/texmf-dist/tex/latex/graphics/trig.sty)
(/usr/share/texlive/texmf-dist/tex/latex/graphics-cfg/graphics.cfg)))
(./sphinxlatexgraphics.sty) (./sphinxlatexadmonitions.sty
(/usr/share/texlive/texmf-dist/tex/latex/framed/framed.sty))
(./sphinxlatexliterals.sty
(/usr/share/texlive/texmf-dist/tex/latex/fancyvrb/fancyvrb.sty)
(/usr/share/texlive/texmf-dist/tex/latex/base/alltt.sty)
(/usr/share/texlive/texmf-dist/tex/latex/upquote/upquote.sty)
(/usr/share/texlive/texmf-dist/tex/latex/needspace/needspace.sty))
(./sphinxlatexshadowbox.sty) (./sphinxlatexcontainers.sty)
(./sphinxhighlight.sty) (./sphinxlatextables.sty
(/usr/share/texlive/texmf-dist/tex/latex/tabulary/tabulary.sty
(/usr/share/texlive/texmf-dist/tex/latex/tools/array.sty))
(/usr/share/texlive/texmf-dist/tex/latex/tools/longtable.sty)
(/usr/share/texlive/texmf-dist/tex/latex/varwidth/varwidth.sty))
(./sphinxlatexnumfig.sty) (./sphinxlatexlists.sty) (./sphinxpackagefootnote.sty
) (./sphinxlatexindbibtoc.sty
(/usr/share/texlive/texmf-dist/tex/latex/base/makeidx.sty))
(./sphinxlatexstylepage.sty
(/usr/share/texlive/texmf-dist/tex/latex/parskip/parskip.sty
(/usr/share/texlive/texmf-dist/tex/latex/parskip/parskip-2001-04-09.sty))
(/usr/share/texlive/texmf-dist/tex/latex/fancyhdr/fancyhdr.sty))
(./sphinxlatexstyleheadings.sty
(/usr/share/texlive/texmf-dist/tex/latex/titlesec/titlesec.sty))
(./sphinxlatexstyletext.sty) (./sphinxlatexobjects.sty))
(/usr/share/texlive/texmf-dist/tex/latex/geometry/geometry.sty
(/usr/share/texlive/texmf-dist/tex/generic/iftex/ifvtex.sty
(/usr/share/texlive/texmf-dist/tex/generic/iftex/iftex.sty)))
(/usr/share/texlive/texmf-dist/tex/latex/hyperref/hyperref.sty
(/usr/share/texlive/texmf-dist/tex/generic/pdftexcmds/pdftexcmds.sty
(/usr/share/texlive/texmf-dist/tex/generic/infwarerr/infwarerr.sty))
(/usr/share/texlive/texmf-dist/tex/generic/kvdefinekeys/kvdefinekeys.sty)
(/usr/share/texlive/texmf-dist/tex/generic/pdfescape/pdfescape.sty)
(/usr/share/texlive/texmf-dist/tex/latex/hycolor/hycolor.sty)
(/usr/share/texlive/texmf-dist/tex/latex/letltxmacro/letltxmacro.sty)
(/usr/share/texlive/texmf-dist/tex/latex/auxhook/auxhook.sty)
(/usr/share/texlive/texmf-dist/tex/latex/hyperref/pd1enc.def)
(/usr/share/texlive/texmf-dist/tex/generic/intcalc/intcalc.sty)
(/usr/share/texlive/texmf-dist/tex/generic/etexcmds/etexcmds.sty)
(/usr/share/texlive/texmf-dist/tex/latex/hyperref/puenc.def)
(/usr/share/texlive/texmf-dist/tex/latex/url/url.sty)
(/usr/share/texlive/texmf-dist/tex/generic/bitset/bitset.sty
(/usr/share/texlive/texmf-dist/tex/generic/bigintcalc/bigintcalc.sty))
(/usr/share/texlive/texmf-dist/tex/generic/atbegshi/atbegshi.sty))
(/usr/share/texlive/texmf-dist/tex/latex/hyperref/hpdftex.def
(/usr/share/texlive/texmf-dist/tex/latex/atveryend/atveryend.sty)
(/usr/share/texlive/texmf-dist/tex/latex/rerunfilecheck/rerunfilecheck.sty
(/usr/share/texlive/texmf-dist/tex/generic/uniquecounter/uniquecounter.sty)))
(/usr/share/texlive/texmf-dist/tex/latex/oberdiek/hypcap.sty)
(./sphinxmessages.sty)
Writing index file hotspotbnb_os-technical_userguide.idx
(/usr/share/texlive/texmf-dist/tex/latex/l3backend/l3backend-pdfmode.def)
(./hotspotbnb_os-technical_userguide.aux)
(/usr/share/texmf/tex/latex/tex-gyre/t1qtm.fd)
(/usr/share/texlive/texmf-dist/tex/context/base/mkii/supp-pdf.mkii
[Loading MPS to PDF converter (version 2006.09.02).]
) (/usr/share/texlive/texmf-dist/tex/latex/epstopdf-pkg/epstopdf-base.sty
(/usr/share/texlive/texmf-dist/tex/latex/latexconfig/epstopdf-sys.cfg))
*geometry* driver: auto-detecting
*geometry* detected driver: pdftex
(/usr/share/texlive/texmf-dist/tex/latex/hyperref/nameref.sty
(/usr/share/texlive/texmf-dist/tex/latex/refcount/refcount.sty)
(/usr/share/texlive/texmf-dist/tex/generic/gettitlestring/gettitlestring.sty))
(/usr/share/texlive/texmf-dist/tex/latex/txfonts/t1txtt.fd)
(/usr/share/texmf/tex/latex/tex-gyre/t1qhv.fd)<<ot1.cmap>><<oml.cmap>><<oms.cma
p>><<omx.cmap>> (/usr/share/texlive/texmf-dist/tex/latex/amsfonts/umsa.fd)
(/usr/share/texlive/texmf-dist/tex/latex/amsfonts/umsb.fd) [1{/var/lib/texmf/fo
nts/map/pdftex/updmap/pdftex.map} <./logo.png>] [1]
Chapter 1.
(/usr/share/texmf/tex/latex/tex-gyre/ts1qtm.fd) [1] [2] [3] [4]
Underfull \hbox (badness 10000) in paragraph at lines 477--479
\T1/qtm/m/n/10 v0.0.1-rc.8]([][]$https : / / mega . nz / # ! ZCAziaQb ! P4r2Frk
Y0-[]bQnDqThiQkY0Da0ORtguYO2tCnO3CO _ Ec$[][]
[5] [6] [7] [8] [9] [10] [11]
No file hotspotbnb_os-technical_userguide.ind.
[12] (./hotspotbnb_os-technical_userguide.aux)

Package rerunfilecheck Warning: File `hotspotbnb_os-technical_userguide.out' ha
s changed.
(rerunfilecheck)                Rerun to get outlines right
(rerunfilecheck)                or use package `bookmark'.


LaTeX Warning: Label(s) may have changed. Rerun to get cross-references right.

 )
(see the transcript file for additional information){/usr/share/texmf/fonts/enc
/dvips/tex-gyre/q-ec.enc}{/usr/share/texmf/fonts/enc/dvips/tex-gyre/q-ts1.enc}<
/usr/share/texmf/fonts/type1/public/tex-gyre/qhvb.pfb></usr/share/texmf/fonts/t
ype1/public/tex-gyre/qhvbi.pfb></usr/share/texmf/fonts/type1/public/tex-gyre/qh
vr.pfb></usr/share/texmf/fonts/type1/public/tex-gyre/qtmb.pfb></usr/share/texmf
/fonts/type1/public/tex-gyre/qtmbi.pfb></usr/share/texmf/fonts/type1/public/tex
-gyre/qtmr.pfb></usr/share/texmf/fonts/type1/public/tex-gyre/qtmri.pfb></usr/sh
are/texlive/texmf-dist/fonts/type1/public/txfonts/t1xtt.pfb></usr/share/texlive
/texmf-dist/fonts/type1/public/txfonts/t1xtt.pfb>
Output written on hotspotbnb_os-technical_userguide.pdf (14 pages, 281321 bytes
).
Transcript written on hotspotbnb_os-technical_userguide.log.
Latexmk: Index file 'hotspotbnb_os-technical_userguide.idx' was written
Latexmk: Missing input file: 'hotspotbnb_os-technical_userguide.ind' from line
  'No file hotspotbnb_os-technical_userguide.ind.'
Latexmk: References changed.
Latexmk: References changed.
Latexmk: Log file says output to 'hotspotbnb_os-technical_userguide.pdf'
Latexmk: Log file says output to 'hotspotbnb_os-technical_userguide.pdf'
Rule 'makeindex hotspotbnb_os-technical_userguide.idx': File changes, etc:
   Changed files, or newly in use since previous run(s):
      'hotspotbnb_os-technical_userguide.idx'
------------
Run number 1 of rule 'makeindex hotspotbnb_os-technical_userguide.idx'
------------
------------
Running 'makeindex -s python.ist  -o "hotspotbnb_os-technical_userguide.ind" "hotspotbnb_os-technical_userguide.idx"'
------------
=== TeX engine is 'pdfTeX'
Latexmk: applying rule 'makeindex hotspotbnb_os-technical_userguide.idx'...
This is makeindex, version 2.15 [TeX Live 2020] (kpathsea + Thai support).
Scanning style file ./python.ist.......done (7 attributes redefined, 0 ignored).
Scanning input file hotspotbnb_os-technical_userguide.idx...done (0 entries accepted, 0 rejected).
Nothing written in hotspotbnb_os-technical_userguide.ind.
Transcript written in hotspotbnb_os-technical_userguide.ilg.
Rule 'pdflatex': File changes, etc:
   Changed files, or newly in use since previous run(s):
      'hotspotbnb_os-technical_userguide.aux'
      'hotspotbnb_os-technical_userguide.ind'
      'hotspotbnb_os-technical_userguide.out'
------------
Run number 2 of rule 'pdflatex'
------------
------------
Running 'pdflatex   -recorder  "hotspotbnb_os-technical_userguide.tex"'
------------
Latexmk: applying rule 'pdflatex'...
This is pdfTeX, Version 3.14159265-2.6-1.40.21 (TeX Live 2020/Debian) (preloaded format=pdflatex)
 restricted \write18 enabled.
entering extended mode
(./hotspotbnb_os-technical_userguide.tex
LaTeX2e <2020-02-02> patch level 5
L3 programming layer <2020-07-17> (./sphinxmanual.cls
Document Class: sphinxmanual 2019/12/01 v2.3.0 Document class (Sphinx manual)
(/usr/share/texlive/texmf-dist/tex/latex/base/report.cls
Document Class: report 2019/12/20 v1.4l Standard LaTeX document class
(/usr/share/texlive/texmf-dist/tex/latex/base/size10.clo)))
(/usr/share/texlive/texmf-dist/tex/latex/base/inputenc.sty)
(/usr/share/texlive/texmf-dist/tex/latex/cmap/cmap.sty)
(/usr/share/texlive/texmf-dist/tex/latex/base/fontenc.sty<<t1.cmap>>)
(/usr/share/texlive/texmf-dist/tex/latex/amsmath/amsmath.sty
For additional information on amsmath, use the `?' option.
(/usr/share/texlive/texmf-dist/tex/latex/amsmath/amstext.sty
(/usr/share/texlive/texmf-dist/tex/latex/amsmath/amsgen.sty))
(/usr/share/texlive/texmf-dist/tex/latex/amsmath/amsbsy.sty)
(/usr/share/texlive/texmf-dist/tex/latex/amsmath/amsopn.sty))
(/usr/share/texlive/texmf-dist/tex/latex/amsfonts/amssymb.sty
(/usr/share/texlive/texmf-dist/tex/latex/amsfonts/amsfonts.sty))
(/usr/share/texlive/texmf-dist/tex/generic/babel/babel.sty
(/usr/share/texlive/texmf-dist/tex/generic/babel/babel.def
(/usr/share/texlive/texmf-dist/tex/generic/babel/txtbabel.def))
(/usr/share/texlive/texmf-dist/tex/generic/babel-english/english.ldf))
(/usr/share/texmf/tex/latex/tex-gyre/tgtermes.sty
(/usr/share/texlive/texmf-dist/tex/latex/kvoptions/kvoptions.sty
(/usr/share/texlive/texmf-dist/tex/latex/graphics/keyval.sty)
(/usr/share/texlive/texmf-dist/tex/generic/ltxcmds/ltxcmds.sty)
(/usr/share/texlive/texmf-dist/tex/generic/kvsetkeys/kvsetkeys.sty)))
(/usr/share/texmf/tex/latex/tex-gyre/tgheros.sty)
(/usr/share/texlive/texmf-dist/tex/latex/fncychap/fncychap.sty) (./sphinx.sty
(/usr/share/texlive/texmf-dist/tex/latex/xcolor/xcolor.sty
(/usr/share/texlive/texmf-dist/tex/latex/graphics-cfg/color.cfg)
(/usr/share/texlive/texmf-dist/tex/latex/graphics-def/pdftex.def))
(./sphinxoptionshyperref.sty) (./sphinxoptionsgeometry.sty)
(/usr/share/texlive/texmf-dist/tex/latex/base/textcomp.sty)
(/usr/share/texlive/texmf-dist/tex/latex/float/float.sty)
(/usr/share/texlive/texmf-dist/tex/latex/wrapfig/wrapfig.sty)
(/usr/share/texlive/texmf-dist/tex/latex/capt-of/capt-of.sty)
(/usr/share/texlive/texmf-dist/tex/latex/tools/multicol.sty)
(/usr/share/texlive/texmf-dist/tex/latex/graphics/graphicx.sty
(/usr/share/texlive/texmf-dist/tex/latex/graphics/graphics.sty
(/usr/share/texlive/texmf-dist/tex/latex/graphics/trig.sty)
(/usr/share/texlive/texmf-dist/tex/latex/graphics-cfg/graphics.cfg)))
(./sphinxlatexgraphics.sty) (./sphinxlatexadmonitions.sty
(/usr/share/texlive/texmf-dist/tex/latex/framed/framed.sty))
(./sphinxlatexliterals.sty
(/usr/share/texlive/texmf-dist/tex/latex/fancyvrb/fancyvrb.sty)
(/usr/share/texlive/texmf-dist/tex/latex/base/alltt.sty)
(/usr/share/texlive/texmf-dist/tex/latex/upquote/upquote.sty)
(/usr/share/texlive/texmf-dist/tex/latex/needspace/needspace.sty))
(./sphinxlatexshadowbox.sty) (./sphinxlatexcontainers.sty)
(./sphinxhighlight.sty) (./sphinxlatextables.sty
(/usr/share/texlive/texmf-dist/tex/latex/tabulary/tabulary.sty
(/usr/share/texlive/texmf-dist/tex/latex/tools/array.sty))
(/usr/share/texlive/texmf-dist/tex/latex/tools/longtable.sty)
(/usr/share/texlive/texmf-dist/tex/latex/varwidth/varwidth.sty))
(./sphinxlatexnumfig.sty) (./sphinxlatexlists.sty) (./sphinxpackagefootnote.sty
) (./sphinxlatexindbibtoc.sty
(/usr/share/texlive/texmf-dist/tex/latex/base/makeidx.sty))
(./sphinxlatexstylepage.sty
(/usr/share/texlive/texmf-dist/tex/latex/parskip/parskip.sty
(/usr/share/texlive/texmf-dist/tex/latex/parskip/parskip-2001-04-09.sty))
(/usr/share/texlive/texmf-dist/tex/latex/fancyhdr/fancyhdr.sty))
(./sphinxlatexstyleheadings.sty
(/usr/share/texlive/texmf-dist/tex/latex/titlesec/titlesec.sty))
(./sphinxlatexstyletext.sty) (./sphinxlatexobjects.sty))
(/usr/share/texlive/texmf-dist/tex/latex/geometry/geometry.sty
(/usr/share/texlive/texmf-dist/tex/generic/iftex/ifvtex.sty
(/usr/share/texlive/texmf-dist/tex/generic/iftex/iftex.sty)))
(/usr/share/texlive/texmf-dist/tex/latex/hyperref/hyperref.sty
(/usr/share/texlive/texmf-dist/tex/generic/pdftexcmds/pdftexcmds.sty
(/usr/share/texlive/texmf-dist/tex/generic/infwarerr/infwarerr.sty))
(/usr/share/texlive/texmf-dist/tex/generic/kvdefinekeys/kvdefinekeys.sty)
(/usr/share/texlive/texmf-dist/tex/generic/pdfescape/pdfescape.sty)
(/usr/share/texlive/texmf-dist/tex/latex/hycolor/hycolor.sty)
(/usr/share/texlive/texmf-dist/tex/latex/letltxmacro/letltxmacro.sty)
(/usr/share/texlive/texmf-dist/tex/latex/auxhook/auxhook.sty)
(/usr/share/texlive/texmf-dist/tex/latex/hyperref/pd1enc.def)
(/usr/share/texlive/texmf-dist/tex/generic/intcalc/intcalc.sty)
(/usr/share/texlive/texmf-dist/tex/generic/etexcmds/etexcmds.sty)
(/usr/share/texlive/texmf-dist/tex/latex/hyperref/puenc.def)
(/usr/share/texlive/texmf-dist/tex/latex/url/url.sty)
(/usr/share/texlive/texmf-dist/tex/generic/bitset/bitset.sty
(/usr/share/texlive/texmf-dist/tex/generic/bigintcalc/bigintcalc.sty))
(/usr/share/texlive/texmf-dist/tex/generic/atbegshi/atbegshi.sty))
(/usr/share/texlive/texmf-dist/tex/latex/hyperref/hpdftex.def
(/usr/share/texlive/texmf-dist/tex/latex/atveryend/atveryend.sty)
(/usr/share/texlive/texmf-dist/tex/latex/rerunfilecheck/rerunfilecheck.sty
(/usr/share/texlive/texmf-dist/tex/generic/uniquecounter/uniquecounter.sty)))
(/usr/share/texlive/texmf-dist/tex/latex/oberdiek/hypcap.sty)
(./sphinxmessages.sty)
Writing index file hotspotbnb_os-technical_userguide.idx
(/usr/share/texlive/texmf-dist/tex/latex/l3backend/l3backend-pdfmode.def)
(./hotspotbnb_os-technical_userguide.aux)
(/usr/share/texmf/tex/latex/tex-gyre/t1qtm.fd)
(/usr/share/texlive/texmf-dist/tex/context/base/mkii/supp-pdf.mkii
[Loading MPS to PDF converter (version 2006.09.02).]
) (/usr/share/texlive/texmf-dist/tex/latex/epstopdf-pkg/epstopdf-base.sty
(/usr/share/texlive/texmf-dist/tex/latex/latexconfig/epstopdf-sys.cfg))
*geometry* driver: auto-detecting
*geometry* detected driver: pdftex
(/usr/share/texlive/texmf-dist/tex/latex/hyperref/nameref.sty
(/usr/share/texlive/texmf-dist/tex/latex/refcount/refcount.sty)
(/usr/share/texlive/texmf-dist/tex/generic/gettitlestring/gettitlestring.sty))
(./hotspotbnb_os-technical_userguide.out)
(./hotspotbnb_os-technical_userguide.out)
(/usr/share/texlive/texmf-dist/tex/latex/txfonts/t1txtt.fd)
(/usr/share/texmf/tex/latex/tex-gyre/t1qhv.fd)<<ot1.cmap>><<oml.cmap>><<oms.cma
p>><<omx.cmap>> (/usr/share/texlive/texmf-dist/tex/latex/amsfonts/umsa.fd)
(/usr/share/texlive/texmf-dist/tex/latex/amsfonts/umsb.fd) [1{/var/lib/texmf/fo
nts/map/pdftex/updmap/pdftex.map} <./logo.png>]
(./hotspotbnb_os-technical_userguide.toc) [1]
Chapter 1.
(/usr/share/texmf/tex/latex/tex-gyre/ts1qtm.fd) [1] [2] [3] [4]
Underfull \hbox (badness 10000) in paragraph at lines 477--479
\T1/qtm/m/n/10 v0.0.1-rc.8]([][]$https : / / mega . nz / # ! ZCAziaQb ! P4r2Frk
Y0-[]bQnDqThiQkY0Da0ORtguYO2tCnO3CO _ Ec$[][]
[5] [6] [7] [8] [9] [10] [11] (./hotspotbnb_os-technical_userguide.ind)
[12] (./hotspotbnb_os-technical_userguide.aux) )
(see the transcript file for additional information){/usr/share/texmf/fonts/enc
/dvips/tex-gyre/q-ec.enc}{/usr/share/texmf/fonts/enc/dvips/tex-gyre/q-ts1.enc}<
/usr/share/texmf/fonts/type1/public/tex-gyre/qhvb.pfb></usr/share/texmf/fonts/t
ype1/public/tex-gyre/qhvbi.pfb></usr/share/texmf/fonts/type1/public/tex-gyre/qh
vr.pfb></usr/share/texmf/fonts/type1/public/tex-gyre/qtmb.pfb></usr/share/texmf
/fonts/type1/public/tex-gyre/qtmbi.pfb></usr/share/texmf/fonts/type1/public/tex
-gyre/qtmr.pfb></usr/share/texmf/fonts/type1/public/tex-gyre/qtmri.pfb></usr/sh
are/texlive/texmf-dist/fonts/type1/public/txfonts/t1xtt.pfb></usr/share/texlive
/texmf-dist/fonts/type1/public/txfonts/t1xtt.pfb>
Output written on hotspotbnb_os-technical_userguide.pdf (14 pages, 286991 bytes
).
Transcript written on hotspotbnb_os-technical_userguide.log.
Latexmk: Index file 'hotspotbnb_os-technical_userguide.idx' was written
Latexmk: Log file says output to 'hotspotbnb_os-technical_userguide.pdf'
Latexmk: Log file says output to 'hotspotbnb_os-technical_userguide.pdf'
Rule 'pdflatex': File changes, etc:
   Changed files, or newly in use since previous run(s):
      'hotspotbnb_os-technical_userguide.toc'
------------
Run number 3 of rule 'pdflatex'
------------
------------
Running 'pdflatex   -recorder  "hotspotbnb_os-technical_userguide.tex"'
------------
=== TeX engine is 'pdfTeX'
Latexmk: applying rule 'pdflatex'...
This is pdfTeX, Version 3.14159265-2.6-1.40.21 (TeX Live 2020/Debian) (preloaded format=pdflatex)
 restricted \write18 enabled.
entering extended mode
(./hotspotbnb_os-technical_userguide.tex
LaTeX2e <2020-02-02> patch level 5
L3 programming layer <2020-07-17> (./sphinxmanual.cls
Document Class: sphinxmanual 2019/12/01 v2.3.0 Document class (Sphinx manual)
(/usr/share/texlive/texmf-dist/tex/latex/base/report.cls
Document Class: report 2019/12/20 v1.4l Standard LaTeX document class
(/usr/share/texlive/texmf-dist/tex/latex/base/size10.clo)))
(/usr/share/texlive/texmf-dist/tex/latex/base/inputenc.sty)
(/usr/share/texlive/texmf-dist/tex/latex/cmap/cmap.sty)
(/usr/share/texlive/texmf-dist/tex/latex/base/fontenc.sty<<t1.cmap>>)
(/usr/share/texlive/texmf-dist/tex/latex/amsmath/amsmath.sty
For additional information on amsmath, use the `?' option.
(/usr/share/texlive/texmf-dist/tex/latex/amsmath/amstext.sty
(/usr/share/texlive/texmf-dist/tex/latex/amsmath/amsgen.sty))
(/usr/share/texlive/texmf-dist/tex/latex/amsmath/amsbsy.sty)
(/usr/share/texlive/texmf-dist/tex/latex/amsmath/amsopn.sty))
(/usr/share/texlive/texmf-dist/tex/latex/amsfonts/amssymb.sty
(/usr/share/texlive/texmf-dist/tex/latex/amsfonts/amsfonts.sty))
(/usr/share/texlive/texmf-dist/tex/generic/babel/babel.sty
(/usr/share/texlive/texmf-dist/tex/generic/babel/babel.def
(/usr/share/texlive/texmf-dist/tex/generic/babel/txtbabel.def))
(/usr/share/texlive/texmf-dist/tex/generic/babel-english/english.ldf))
(/usr/share/texmf/tex/latex/tex-gyre/tgtermes.sty
(/usr/share/texlive/texmf-dist/tex/latex/kvoptions/kvoptions.sty
(/usr/share/texlive/texmf-dist/tex/latex/graphics/keyval.sty)
(/usr/share/texlive/texmf-dist/tex/generic/ltxcmds/ltxcmds.sty)
(/usr/share/texlive/texmf-dist/tex/generic/kvsetkeys/kvsetkeys.sty)))
(/usr/share/texmf/tex/latex/tex-gyre/tgheros.sty)
(/usr/share/texlive/texmf-dist/tex/latex/fncychap/fncychap.sty) (./sphinx.sty
(/usr/share/texlive/texmf-dist/tex/latex/xcolor/xcolor.sty
(/usr/share/texlive/texmf-dist/tex/latex/graphics-cfg/color.cfg)
(/usr/share/texlive/texmf-dist/tex/latex/graphics-def/pdftex.def))
(./sphinxoptionshyperref.sty) (./sphinxoptionsgeometry.sty)
(/usr/share/texlive/texmf-dist/tex/latex/base/textcomp.sty)
(/usr/share/texlive/texmf-dist/tex/latex/float/float.sty)
(/usr/share/texlive/texmf-dist/tex/latex/wrapfig/wrapfig.sty)
(/usr/share/texlive/texmf-dist/tex/latex/capt-of/capt-of.sty)
(/usr/share/texlive/texmf-dist/tex/latex/tools/multicol.sty)
(/usr/share/texlive/texmf-dist/tex/latex/graphics/graphicx.sty
(/usr/share/texlive/texmf-dist/tex/latex/graphics/graphics.sty
(/usr/share/texlive/texmf-dist/tex/latex/graphics/trig.sty)
(/usr/share/texlive/texmf-dist/tex/latex/graphics-cfg/graphics.cfg)))
(./sphinxlatexgraphics.sty) (./sphinxlatexadmonitions.sty
(/usr/share/texlive/texmf-dist/tex/latex/framed/framed.sty))
(./sphinxlatexliterals.sty
(/usr/share/texlive/texmf-dist/tex/latex/fancyvrb/fancyvrb.sty)
(/usr/share/texlive/texmf-dist/tex/latex/base/alltt.sty)
(/usr/share/texlive/texmf-dist/tex/latex/upquote/upquote.sty)
(/usr/share/texlive/texmf-dist/tex/latex/needspace/needspace.sty))
(./sphinxlatexshadowbox.sty) (./sphinxlatexcontainers.sty)
(./sphinxhighlight.sty) (./sphinxlatextables.sty
(/usr/share/texlive/texmf-dist/tex/latex/tabulary/tabulary.sty
(/usr/share/texlive/texmf-dist/tex/latex/tools/array.sty))
(/usr/share/texlive/texmf-dist/tex/latex/tools/longtable.sty)
(/usr/share/texlive/texmf-dist/tex/latex/varwidth/varwidth.sty))
(./sphinxlatexnumfig.sty) (./sphinxlatexlists.sty) (./sphinxpackagefootnote.sty
) (./sphinxlatexindbibtoc.sty
(/usr/share/texlive/texmf-dist/tex/latex/base/makeidx.sty))
(./sphinxlatexstylepage.sty
(/usr/share/texlive/texmf-dist/tex/latex/parskip/parskip.sty
(/usr/share/texlive/texmf-dist/tex/latex/parskip/parskip-2001-04-09.sty))
(/usr/share/texlive/texmf-dist/tex/latex/fancyhdr/fancyhdr.sty))
(./sphinxlatexstyleheadings.sty
(/usr/share/texlive/texmf-dist/tex/latex/titlesec/titlesec.sty))
(./sphinxlatexstyletext.sty) (./sphinxlatexobjects.sty))
(/usr/share/texlive/texmf-dist/tex/latex/geometry/geometry.sty
(/usr/share/texlive/texmf-dist/tex/generic/iftex/ifvtex.sty
(/usr/share/texlive/texmf-dist/tex/generic/iftex/iftex.sty)))
(/usr/share/texlive/texmf-dist/tex/latex/hyperref/hyperref.sty
(/usr/share/texlive/texmf-dist/tex/generic/pdftexcmds/pdftexcmds.sty
(/usr/share/texlive/texmf-dist/tex/generic/infwarerr/infwarerr.sty))
(/usr/share/texlive/texmf-dist/tex/generic/kvdefinekeys/kvdefinekeys.sty)
(/usr/share/texlive/texmf-dist/tex/generic/pdfescape/pdfescape.sty)
(/usr/share/texlive/texmf-dist/tex/latex/hycolor/hycolor.sty)
(/usr/share/texlive/texmf-dist/tex/latex/letltxmacro/letltxmacro.sty)
(/usr/share/texlive/texmf-dist/tex/latex/auxhook/auxhook.sty)
(/usr/share/texlive/texmf-dist/tex/latex/hyperref/pd1enc.def)
(/usr/share/texlive/texmf-dist/tex/generic/intcalc/intcalc.sty)
(/usr/share/texlive/texmf-dist/tex/generic/etexcmds/etexcmds.sty)
(/usr/share/texlive/texmf-dist/tex/latex/hyperref/puenc.def)
(/usr/share/texlive/texmf-dist/tex/latex/url/url.sty)
(/usr/share/texlive/texmf-dist/tex/generic/bitset/bitset.sty
(/usr/share/texlive/texmf-dist/tex/generic/bigintcalc/bigintcalc.sty))
(/usr/share/texlive/texmf-dist/tex/generic/atbegshi/atbegshi.sty))
(/usr/share/texlive/texmf-dist/tex/latex/hyperref/hpdftex.def
(/usr/share/texlive/texmf-dist/tex/latex/atveryend/atveryend.sty)
(/usr/share/texlive/texmf-dist/tex/latex/rerunfilecheck/rerunfilecheck.sty
(/usr/share/texlive/texmf-dist/tex/generic/uniquecounter/uniquecounter.sty)))
(/usr/share/texlive/texmf-dist/tex/latex/oberdiek/hypcap.sty)
(./sphinxmessages.sty)
Writing index file hotspotbnb_os-technical_userguide.idx
(/usr/share/texlive/texmf-dist/tex/latex/l3backend/l3backend-pdfmode.def)
(./hotspotbnb_os-technical_userguide.aux)
(/usr/share/texmf/tex/latex/tex-gyre/t1qtm.fd)
(/usr/share/texlive/texmf-dist/tex/context/base/mkii/supp-pdf.mkii
[Loading MPS to PDF converter (version 2006.09.02).]
) (/usr/share/texlive/texmf-dist/tex/latex/epstopdf-pkg/epstopdf-base.sty
(/usr/share/texlive/texmf-dist/tex/latex/latexconfig/epstopdf-sys.cfg))
*geometry* driver: auto-detecting
*geometry* detected driver: pdftex
(/usr/share/texlive/texmf-dist/tex/latex/hyperref/nameref.sty
(/usr/share/texlive/texmf-dist/tex/latex/refcount/refcount.sty)
(/usr/share/texlive/texmf-dist/tex/generic/gettitlestring/gettitlestring.sty))
(./hotspotbnb_os-technical_userguide.out)
(./hotspotbnb_os-technical_userguide.out)
(/usr/share/texlive/texmf-dist/tex/latex/txfonts/t1txtt.fd)
(/usr/share/texmf/tex/latex/tex-gyre/t1qhv.fd)<<ot1.cmap>><<oml.cmap>><<oms.cma
p>><<omx.cmap>> (/usr/share/texlive/texmf-dist/tex/latex/amsfonts/umsa.fd)
(/usr/share/texlive/texmf-dist/tex/latex/amsfonts/umsb.fd) [1{/var/lib/texmf/fo
nts/map/pdftex/updmap/pdftex.map} <./logo.png>]
(./hotspotbnb_os-technical_userguide.toc) [1]
Chapter 1.
(/usr/share/texmf/tex/latex/tex-gyre/ts1qtm.fd) [1] [2] [3] [4]
Underfull \hbox (badness 10000) in paragraph at lines 477--479
\T1/qtm/m/n/10 v0.0.1-rc.8]([][]$https : / / mega . nz / # ! ZCAziaQb ! P4r2Frk
Y0-[]bQnDqThiQkY0Da0ORtguYO2tCnO3CO _ Ec$[][]
[5] [6] [7] [8] [9] [10] [11] (./hotspotbnb_os-technical_userguide.ind)
[12] (./hotspotbnb_os-technical_userguide.aux) )
(see the transcript file for additional information){/usr/share/texmf/fonts/enc
/dvips/tex-gyre/q-ec.enc}{/usr/share/texmf/fonts/enc/dvips/tex-gyre/q-ts1.enc}<
/usr/share/texmf/fonts/type1/public/tex-gyre/qhvb.pfb></usr/share/texmf/fonts/t
ype1/public/tex-gyre/qhvbi.pfb></usr/share/texmf/fonts/type1/public/tex-gyre/qh
vr.pfb></usr/share/texmf/fonts/type1/public/tex-gyre/qtmb.pfb></usr/share/texmf
/fonts/type1/public/tex-gyre/qtmbi.pfb></usr/share/texmf/fonts/type1/public/tex
-gyre/qtmr.pfb></usr/share/texmf/fonts/type1/public/tex-gyre/qtmri.pfb></usr/sh
are/texlive/texmf-dist/fonts/type1/public/txfonts/t1xtt.pfb></usr/share/texlive
/texmf-dist/fonts/type1/public/txfonts/t1xtt.pfb>
Output written on hotspotbnb_os-technical_userguide.pdf (14 pages, 286991 bytes
).
Transcript written on hotspotbnb_os-technical_userguide.log.
Latexmk: Index file 'hotspotbnb_os-technical_userguide.idx' was written
Latexmk: Log file says output to 'hotspotbnb_os-technical_userguide.pdf'
Latexmk: Log file says output to 'hotspotbnb_os-technical_userguide.pdf'
=== TeX engine is 'pdfTeX'
Latexmk: All targets (hotspotbnb_os-technical_userguide.pdf) are up-to-date
