\BOOKMARK [0][-]{chapter.1}{\376\377\000R\000e\000l\000e\000a\000s\000e\000\040\000N\000o\000t\000e\000s\000\040\000a\000n\000d\000\040\000N\000o\000t\000i\000c\000e\000s}{}% 1
\BOOKMARK [1][-]{section.1.1}{\376\377\000T\000h\000i\000s\000\040\000R\000e\000l\000e\000a\000s\000e\000\040\000\050\000V\000e\000r\000s\000i\000o\000n\000\040\0000\000.\0001\000.\0007\000\051}{chapter.1}% 2
\BOOKMARK [1][-]{section.1.2}{\376\377\000O\000l\000d\000e\000r\000\040\000V\000e\000r\000s\000i\000o\000n\000s}{chapter.1}% 3
\BOOKMARK [1][-]{section.1.3}{\376\377\000K\000n\000o\000w\000n\000\040\000a\000n\000d\000\040\000C\000o\000r\000r\000e\000c\000t\000e\000d\000\040\000I\000s\000s\000u\000e\000s}{chapter.1}% 4
\BOOKMARK [0][-]{chapter.2}{\376\377\000I\000n\000t\000r\000o\000d\000u\000c\000t\000i\000o\000n}{}% 5
\BOOKMARK [0][-]{chapter.3}{\376\377\000S\000e\000e\000d\000\040\000F\000u\000n\000d\000\040\000R\000o\000u\000n\000d\000\040\000\050\000S\000u\000m\000m\000a\000r\000y\000\051}{}% 6
\BOOKMARK [0][-]{chapter.4}{\376\377\000S\000e\000e\000d\000\040\000F\000u\000n\000d\000\040\000R\000o\000u\000n\000d\000\040\000\050\000D\000e\000t\000a\000i\000l\000e\000d\000\051}{}% 7
\BOOKMARK [1][-]{section.4.1}{\376\377\000B\000-\000L\000e\000o\000n\000i\000d\000e\000s\000\040\000\050\000A\000c\000c\000o\000u\000n\000t\000:\0001\0000\0001\000\051}{chapter.4}% 8
\BOOKMARK [1][-]{section.4.2}{\376\377\000M\000-\000H\000o\000l\000m\000e\000s\000\040\000\050\000A\000c\000c\000o\000u\000n\000t\000:\0001\0000\0002\000\051}{chapter.4}% 9
\BOOKMARK [1][-]{section.4.3}{\376\377\000R\000-\000J\000a\000m\000e\000s\000\040\000\050\000A\000c\000c\000o\000u\000n\000t\000:\0001\0000\0003\000\051}{chapter.4}% 10
\BOOKMARK [1][-]{section.4.4}{\376\377\000S\000-\000B\000a\000r\000n\000e\000s\000\040\000\050\000A\000c\000c\000o\000u\000n\000t\000:\0001\0000\0004\000\051}{chapter.4}% 11
\BOOKMARK [1][-]{section.4.5}{\376\377\000C\000-\000G\000i\000l\000d\000e\000r\000\040\000\050\000A\000c\000c\000o\000u\000n\000t\000:\0001\0000\0005\000\051}{chapter.4}% 12
\BOOKMARK [1][-]{section.4.6}{\376\377\000P\000-\000B\000e\000a\000l\000s\000\040\000\050\000A\000c\000c\000o\000u\000n\000t\000:\0001\0000\0006\000\051}{chapter.4}% 13
\BOOKMARK [1][-]{section.4.7}{\376\377\000P\000-\000B\000r\000o\000w\000n\000\040\000\050\000A\000c\000c\000o\000u\000n\000t\000:\0001\0000\0007\000\051}{chapter.4}% 14
\BOOKMARK [1][-]{section.4.8}{\376\377\000M\000-\000H\000o\000u\000g\000h\000\040\000\050\000A\000c\000c\000o\000u\000n\000t\000:\0001\0000\0008\000\051}{chapter.4}% 15
\BOOKMARK [1][-]{section.4.9}{\376\377\000A\000-\000W\000i\000t\000c\000o\000m\000b\000\040\000\050\000A\000c\000c\000o\000u\000n\000t\000:\0001\0000\0009\000\051}{chapter.4}% 16
\BOOKMARK [1][-]{section.4.10}{\376\377\000D\000-\000O\000w\000e\000n\000\040\000\050\000A\000c\000c\000o\000u\000n\000t\000:\0001\0001\0000\000\051}{chapter.4}% 17
\BOOKMARK [1][-]{section.4.11}{\376\377\000J\000-\000S\000m\000i\000t\000h\000-\000W\000a\000l\000k\000e\000r\000\040\000\050\000A\000c\000c\000o\000u\000n\000t\000:\0001\0001\0001\000\051}{chapter.4}% 18
\BOOKMARK [1][-]{section.4.12}{\376\377\000S\000-\000G\000a\000t\000e\000s\000\040\000\050\000A\000c\000c\000o\000u\000n\000t\000:\0001\0001\0002\000\051}{chapter.4}% 19
\BOOKMARK [1][-]{section.4.13}{\376\377\000C\000-\000A\000-\000D\000o\000i\000c\000k\000\040\000\050\000A\000c\000c\000o\000u\000n\000t\000:\0001\0001\0003\000\051}{chapter.4}% 20
\BOOKMARK [1][-]{section.4.14}{\376\377\000C\000-\000K\000e\000l\000l\000\040\000\050\000A\000c\000c\000o\000u\000n\000t\000:\0001\0001\0004\000\051}{chapter.4}% 21
\BOOKMARK [1][-]{section.4.15}{\376\377\000S\000-\000P\000u\000r\000c\000e\000l\000l\000\040\000\050\000A\000c\000c\000o\000u\000n\000t\000:\0001\0001\0005\000\051}{chapter.4}% 22
\BOOKMARK [1][-]{section.4.16}{\376\377\000C\000-\000C\000h\000a\000p\000m\000a\000n\000\040\000\050\000A\000c\000c\000o\000u\000n\000t\000:\0001\0001\0006\000\051}{chapter.4}% 23
\BOOKMARK [1][-]{section.4.17}{\376\377\000T\000-\000M\000a\000r\000s\000h\000a\000l\000l\000\040\000\050\000A\000c\000c\000o\000u\000n\000t\000:\0001\0001\0007\000\051}{chapter.4}% 24
\BOOKMARK [1][-]{section.4.18}{\376\377\000C\000-\000M\000a\000r\000s\000h\000a\000l\000l\000\040\000\050\000A\000c\000c\000o\000u\000n\000t\000:\0001\0001\0008\000\051}{chapter.4}% 25
\BOOKMARK [1][-]{section.4.19}{\376\377\000H\000-\000D\000a\000v\000i\000e\000s\000\040\000\050\000A\000c\000c\000o\000u\000n\000t\000:\0001\0001\0009\000\051}{chapter.4}% 26
\BOOKMARK [1][-]{section.4.20}{\376\377\000M\000-\000S\000i\000m\000p\000s\000o\000n\000\040\000\050\000A\000c\000c\000o\000u\000n\000t\000:\0001\0002\0000\000\051}{chapter.4}% 27
\BOOKMARK [1][-]{section.4.21}{\376\377\000S\000-\000H\000u\000m\000e\000\040\000\050\000A\000c\000c\000o\000u\000n\000t\000:\0001\0002\0001\000\051}{chapter.4}% 28
\BOOKMARK [1][-]{section.4.22}{\376\377\000B\000-\000P\000u\000l\000l\000e\000n\000\040\000\050\000A\000c\000c\000o\000u\000n\000t\000:\0001\0002\0002\000\051}{chapter.4}% 29
\BOOKMARK [1][-]{section.4.23}{\376\377\000G\000-\000C\000a\000i\000n\000e\000s\000\040\000\050\000A\000c\000c\000o\000u\000n\000t\000:\0001\0002\0003\000\051}{chapter.4}% 30
\BOOKMARK [1][-]{section.4.24}{\376\377\000A\000-\000P\000o\000w\000e\000l\000l\000\040\000\050\000A\000c\000c\000o\000u\000n\000t\000:\0001\0002\0004\000\051}{chapter.4}% 31
\BOOKMARK [1][-]{section.4.25}{\376\377\000M\000-\000P\000r\000e\000s\000t\000o\000n\000\040\000\050\000A\000c\000c\000o\000u\000n\000t\000:\0001\0002\0005\000\051}{chapter.4}% 32
\BOOKMARK [1][-]{section.4.26}{\376\377\000S\000-\000C\000h\000a\000p\000m\000a\000n\000\040\000\050\000A\000c\000c\000o\000u\000n\000t\000:\0001\0002\0006\000\051}{chapter.4}% 33
\BOOKMARK [1][-]{section.4.27}{\376\377\000L\000-\000W\000a\000l\000l\000a\000c\000e\000\040\000\050\000A\000c\000c\000o\000u\000n\000t\000:\0001\0002\0007\000\051}{chapter.4}% 34
\BOOKMARK [1][-]{section.4.28}{\376\377\000M\000-\000B\000o\000y\000d\000\040\000\050\000A\000c\000c\000o\000u\000n\000t\000:\0001\0002\0008\000\051}{chapter.4}% 35
\BOOKMARK [1][-]{section.4.29}{\376\377\000M\000-\000G\000e\000r\000a\000r\000d\000\040\000\050\000A\000c\000c\000o\000u\000n\000t\000:\0001\0002\0009\000\051}{chapter.4}% 36
\BOOKMARK [1][-]{section.4.30}{\376\377\000S\000-\000H\000a\000r\000g\000r\000e\000a\000v\000e\000s\000\040\000\050\000A\000c\000c\000o\000u\000n\000t\000:\0001\0003\0000\000\051}{chapter.4}% 37
\BOOKMARK [1][-]{section.4.31}{\376\377\000G\000-\000S\000t\000e\000w\000a\000r\000t\000\040\000\050\000A\000c\000c\000o\000u\000n\000t\000:\0001\0003\0001\000\051}{chapter.4}% 38
\BOOKMARK [1][-]{section.4.32}{\376\377\000S\000-\000R\000e\000y\000n\000o\000l\000d\000s\000\040\000\050\000A\000c\000c\000o\000u\000n\000t\000:\0001\0003\0002\000\051}{chapter.4}% 39
\BOOKMARK [1][-]{section.4.33}{\376\377\000D\000-\000A\000l\000l\000e\000n\000\040\000\050\000A\000c\000c\000o\000u\000n\000t\000:\0001\0003\0003\000\051}{chapter.4}% 40
\BOOKMARK [1][-]{section.4.34}{\376\377\000J\000-\000D\000a\000v\000i\000s\000\040\000\050\000A\000c\000c\000o\000u\000n\000t\000:\0001\0003\0004\000\051}{chapter.4}% 41
\BOOKMARK [1][-]{section.4.35}{\376\377\000N\000-\000S\000m\000i\000t\000h\000\040\000\050\000A\000c\000c\000o\000u\000n\000t\000:\0001\0003\0005\000\051}{chapter.4}% 42
\BOOKMARK [1][-]{section.4.36}{\376\377\000D\000-\000M\000a\000r\000s\000h\000a\000l\000l\000\040\000\050\000A\000c\000c\000o\000u\000n\000t\000:\0001\0003\0006\000\051}{chapter.4}% 43
\BOOKMARK [1][-]{section.4.37}{\376\377\000A\000-\000V\000a\000s\000h\000i\000\040\000\050\000A\000c\000c\000o\000u\000n\000t\000:\0001\0003\0007\000\051}{chapter.4}% 44
\BOOKMARK [1][-]{section.4.38}{\376\377\000C\000-\000P\000i\000t\000c\000a\000i\000r\000n\000\040\000\050\000A\000c\000c\000o\000u\000n\000t\000:\0001\0003\0008\000\051}{chapter.4}% 45
\BOOKMARK [1][-]{section.4.39}{\376\377\000H\000-\000P\000i\000t\000c\000a\000i\000r\000n\000\040\000\050\000A\000c\000c\000o\000u\000n\000t\000:\0001\0003\0009\000\051}{chapter.4}% 46
\BOOKMARK [1][-]{section.4.40}{\376\377\000L\000-\000A\000l\000l\000e\000n\000\040\000\050\000A\000c\000c\000o\000u\000n\000t\000:\0001\0004\0000\000\051}{chapter.4}% 47
\BOOKMARK [1][-]{section.4.41}{\376\377\000G\000-\000P\000i\000t\000c\000a\000i\000r\000n\000\040\000\050\000A\000c\000c\000o\000u\000n\000t\000:\0001\0004\0001\000\051}{chapter.4}% 48
\BOOKMARK [1][-]{section.4.42}{\376\377\000P\000-\000C\000a\000i\000n\000e\000s\000\040\000\050\000A\000c\000c\000o\000u\000n\000t\000:\0001\0004\0002\000\051}{chapter.4}% 49
\BOOKMARK [1][-]{section.4.43}{\376\377\000S\000-\000B\000u\000c\000k\000l\000e\000r\000\040\000\050\000A\000c\000c\000o\000u\000n\000t\000:\0001\0004\0003\000\051}{chapter.4}% 50
\BOOKMARK [1][-]{section.4.44}{\376\377\000E\000-\000Y\000o\000u\000n\000g\000\040\000\050\000A\000c\000c\000o\000u\000n\000t\000:\0001\0004\0004\000\051}{chapter.4}% 51
\BOOKMARK [1][-]{section.4.45}{\376\377\000J\000-\000O\000-\000S\000u\000l\000l\000i\000v\000a\000n\000\040\000\050\000A\000c\000c\000o\000u\000n\000t\000:\0001\0004\0005\000\051}{chapter.4}% 52
\BOOKMARK [1][-]{section.4.46}{\376\377\000Y\000-\000S\000a\000k\000o\000w\000i\000t\000z\000\040\000\050\000A\000c\000c\000o\000u\000n\000t\000:\0001\0004\0006\000\051}{chapter.4}% 53
\BOOKMARK [1][-]{section.4.47}{\376\377\000M\000-\000W\000e\000a\000v\000e\000r\000\040\000\050\000A\000c\000c\000o\000u\000n\000t\000:\0001\0004\0007\000\051}{chapter.4}% 54
\BOOKMARK [1][-]{section.4.48}{\376\377\000J\000-\000C\000h\000o\000u\000d\000h\000u\000r\000y\000-\000L\000u\000c\000a\000s\000\040\000\050\000A\000c\000c\000o\000u\000n\000t\000:\0001\0004\0008\000\051}{chapter.4}% 55
\BOOKMARK [1][-]{section.4.49}{\376\377\000R\000-\000S\000t\000e\000v\000e\000n\000s\000o\000n\000\040\000\050\000A\000c\000c\000o\000u\000n\000t\000:\0001\0004\0009\000\051}{chapter.4}% 56
\BOOKMARK [1][-]{section.4.50}{\376\377\000B\000-\000N\000a\000i\000p\000a\000u\000l\000\040\000\050\000A\000c\000c\000o\000u\000n\000t\000:\0001\0005\0000\000\051}{chapter.4}% 57
\BOOKMARK [0][-]{chapter.5}{\376\377\000S\000t\000a\000r\000t\000u\000p\000\040\000F\000u\000n\000d\000\040\000R\000o\000u\000n\000d\000\040\000\050\000S\000u\000m\000m\000a\000r\000y\000\051}{}% 58
\BOOKMARK [0][-]{chapter.6}{\376\377\000S\000t\000a\000r\000t\000u\000p\000\040\000F\000u\000n\000d\000\040\000R\000o\000u\000n\000d\000\040\000\050\000D\000e\000t\000a\000i\000l\000e\000d\000\051}{}% 59
\BOOKMARK [0][-]{chapter.7}{\376\377\000D\000o\000c\000u\000m\000e\000n\000t\000\040\000A\000u\000t\000h\000o\000r\000:}{}% 60
\BOOKMARK [1][-]{section.7.1}{\376\377\000S\000i\000o\000n\000\040\000B\000u\000c\000k\000l\000e\000r\000,\000\040\000F\000o\000u\000n\000d\000e\000r}{chapter.7}% 61
