Running Sphinx v1.7.9
making output directory...
loading pickled environment... done
building [mo]: targets for 0 po files that are out of date
building [latex]: all documents
updating environment: 0 added, 0 changed, 0 removed
looking for now-outdated files... none found
processing index.tex...index releasenotes terminology preperation gettingstarted installation productmaint troubleshooting developers 
resolving references...
writing... done
copying images... [100%] images/hardware.png

copying TeX support files...
done
build succeeded.

The LaTeX files are in build/latex.
Run 'make' in that directory to run these through (pdf)latex
(use `make latexpdf' here to do that automatically).
make[1]: Entering directory '/mnt/c/users/loco/Documents/GitHub/gh-docs.hotspotbnb.com/docs/management/planning-business-retail/0.1.0/build/latex'
latexmk -pdf -dvi- -ps-  'index.tex'
Latexmk: This is Latexmk, John Collins, 1 January 2015, version: 4.41.
Rule 'pdflatex': Rules & subrules not known to be previously run:
   pdflatex
Rule 'pdflatex': The following rules & subrules became out-of-date:
      'pdflatex'
------------
Run number 1 of rule 'pdflatex'
------------
------------
Running 'pdflatex   -recorder  "index.tex"'
------------
Latexmk: applying rule 'pdflatex'...
This is pdfTeX, Version 3.14159265-2.6-1.40.17 (TeX Live 2016/Debian) (preloaded format=pdflatex)
 restricted \write18 enabled.
entering extended mode
(./index.tex
LaTeX2e <2017/01/01> patch level 3
Babel <3.9r> and hyphenation patterns for 3 language(s) loaded.
(./sphinxmanual.cls
Document Class: sphinxmanual 2017/03/26 v1.6 Document class (Sphinx manual)
(/usr/share/texlive/texmf-dist/tex/latex/base/report.cls
Document Class: report 2014/09/29 v1.4h Standard LaTeX document class
(/usr/share/texlive/texmf-dist/tex/latex/base/size10.clo)))
(/usr/share/texlive/texmf-dist/tex/latex/base/inputenc.sty
(/usr/share/texlive/texmf-dist/tex/latex/base/utf8.def
(/usr/share/texlive/texmf-dist/tex/latex/base/t1enc.dfu)
(/usr/share/texlive/texmf-dist/tex/latex/base/ot1enc.dfu)
(/usr/share/texlive/texmf-dist/tex/latex/base/omsenc.dfu)))
(/usr/share/texlive/texmf-dist/tex/latex/cmap/cmap.sty)
(/usr/share/texlive/texmf-dist/tex/latex/base/fontenc.sty
(/usr/share/texlive/texmf-dist/tex/latex/base/t1enc.def)<<t1.cmap>>)
(/usr/share/texlive/texmf-dist/tex/latex/amsmath/amsmath.sty
For additional information on amsmath, use the `?' option.
(/usr/share/texlive/texmf-dist/tex/latex/amsmath/amstext.sty
(/usr/share/texlive/texmf-dist/tex/latex/amsmath/amsgen.sty))
(/usr/share/texlive/texmf-dist/tex/latex/amsmath/amsbsy.sty)
(/usr/share/texlive/texmf-dist/tex/latex/amsmath/amsopn.sty))
(/usr/share/texlive/texmf-dist/tex/latex/amsfonts/amssymb.sty
(/usr/share/texlive/texmf-dist/tex/latex/amsfonts/amsfonts.sty))
(/usr/share/texlive/texmf-dist/tex/generic/babel/babel.sty
(/usr/share/texlive/texmf-dist/tex/generic/babel-english/english.ldf
(/usr/share/texlive/texmf-dist/tex/generic/babel/babel.def)))
(/usr/share/texlive/texmf-dist/tex/latex/psnfss/times.sty)
(/usr/share/texlive/texmf-dist/tex/latex/fncychap/fncychap.sty) (./sphinx.sty
(/usr/share/texlive/texmf-dist/tex/generic/oberdiek/ltxcmds.sty)
(/usr/share/texlive/texmf-dist/tex/latex/graphics/graphicx.sty
(/usr/share/texlive/texmf-dist/tex/latex/graphics/keyval.sty)
(/usr/share/texlive/texmf-dist/tex/latex/graphics/graphics.sty
(/usr/share/texlive/texmf-dist/tex/latex/graphics/trig.sty)
(/usr/share/texlive/texmf-dist/tex/latex/graphics-cfg/graphics.cfg)
(/usr/share/texlive/texmf-dist/tex/latex/graphics-def/pdftex.def
(/usr/share/texlive/texmf-dist/tex/generic/oberdiek/infwarerr.sty))))
(/usr/share/texlive/texmf-dist/tex/latex/fancyhdr/fancyhdr.sty)
(/usr/share/texlive/texmf-dist/tex/latex/base/textcomp.sty
(/usr/share/texlive/texmf-dist/tex/latex/base/ts1enc.def
(/usr/share/texlive/texmf-dist/tex/latex/base/ts1enc.dfu)))
(/usr/share/texlive/texmf-dist/tex/latex/titlesec/titlesec.sty)
(/usr/share/texlive/texmf-dist/tex/latex/tabulary/tabulary.sty
(/usr/share/texlive/texmf-dist/tex/latex/tools/array.sty))
(/usr/share/texlive/texmf-dist/tex/latex/tools/longtable.sty)
(/usr/share/texlive/texmf-dist/tex/latex/varwidth/varwidth.sty)
(./sphinxmulticell.sty)
(/usr/share/texlive/texmf-dist/tex/latex/base/makeidx.sty)
(/usr/share/texlive/texmf-dist/tex/latex/framed/framed.sty)
(/usr/share/texlive/texmf-dist/tex/latex/xcolor/xcolor.sty
(/usr/share/texlive/texmf-dist/tex/latex/graphics-cfg/color.cfg))
(/usr/share/texlive/texmf-dist/tex/latex/fancyvrb/fancyvrb.sty
Style option: `fancyvrb' v2.7a, with DG/SPQR fixes, and firstline=lastline fix 
<2008/02/07> (tvz)) (./footnotehyper-sphinx.sty)
(/usr/share/texlive/texmf-dist/tex/latex/float/float.sty)
(/usr/share/texlive/texmf-dist/tex/latex/wrapfig/wrapfig.sty)
(/usr/share/texlive/texmf-dist/tex/latex/parskip/parskip.sty)
(/usr/share/texlive/texmf-dist/tex/latex/base/alltt.sty)
(/usr/share/texlive/texmf-dist/tex/latex/upquote/upquote.sty)
(/usr/share/texlive/texmf-dist/tex/latex/capt-of/capt-of.sty)
(/usr/share/texlive/texmf-dist/tex/latex/needspace/needspace.sty)
(/usr/share/texlive/texmf-dist/tex/latex/carlisle/remreset.sty)
(./sphinxhighlight.sty)
(/usr/share/texlive/texmf-dist/tex/latex/oberdiek/kvoptions.sty
(/usr/share/texlive/texmf-dist/tex/generic/oberdiek/kvsetkeys.sty
(/usr/share/texlive/texmf-dist/tex/generic/oberdiek/etexcmds.sty
(/usr/share/texlive/texmf-dist/tex/generic/oberdiek/ifluatex.sty)))))
(/usr/share/texlive/texmf-dist/tex/latex/geometry/geometry.sty
(/usr/share/texlive/texmf-dist/tex/generic/oberdiek/ifpdf.sty)
(/usr/share/texlive/texmf-dist/tex/generic/oberdiek/ifvtex.sty)
(/usr/share/texlive/texmf-dist/tex/generic/ifxetex/ifxetex.sty))
(/usr/share/texlive/texmf-dist/tex/latex/hyperref/hyperref.sty
(/usr/share/texlive/texmf-dist/tex/generic/oberdiek/hobsub-hyperref.sty
(/usr/share/texlive/texmf-dist/tex/generic/oberdiek/hobsub-generic.sty))
(/usr/share/texlive/texmf-dist/tex/latex/oberdiek/auxhook.sty)
(/usr/share/texlive/texmf-dist/tex/latex/hyperref/pd1enc.def)
(/usr/share/texlive/texmf-dist/tex/latex/latexconfig/hyperref.cfg)
(/usr/share/texlive/texmf-dist/tex/latex/hyperref/puenc.def)
(/usr/share/texlive/texmf-dist/tex/latex/url/url.sty))

Package hyperref Message: Driver (autodetected): hpdftex.

(/usr/share/texlive/texmf-dist/tex/latex/hyperref/hpdftex.def
(/usr/share/texlive/texmf-dist/tex/latex/oberdiek/rerunfilecheck.sty))
(/usr/share/texlive/texmf-dist/tex/latex/oberdiek/hypcap.sty)
Writing index file index.idx
(./index.aux) (/usr/share/texlive/texmf-dist/tex/latex/base/ts1cmr.fd)
(/usr/share/texlive/texmf-dist/tex/latex/psnfss/t1ptm.fd)
(/usr/share/texlive/texmf-dist/tex/context/base/mkii/supp-pdf.mkii
[Loading MPS to PDF converter (version 2006.09.02).]
) (/usr/share/texlive/texmf-dist/tex/latex/oberdiek/epstopdf-base.sty
(/usr/share/texlive/texmf-dist/tex/latex/oberdiek/grfext.sty)
(/usr/share/texlive/texmf-dist/tex/latex/latexconfig/epstopdf-sys.cfg))
*geometry* driver: auto-detecting
*geometry* detected driver: pdftex
(/usr/share/texlive/texmf-dist/tex/latex/hyperref/nameref.sty
(/usr/share/texlive/texmf-dist/tex/generic/oberdiek/gettitlestring.sty))
(/usr/share/texlive/texmf-dist/tex/latex/psnfss/t1phv.fd)<<ot1.cmap>><<oml.cmap
>><<oms.cmap>><<omx.cmap>>
(/usr/share/texlive/texmf-dist/tex/latex/amsfonts/umsa.fd)
(/usr/share/texlive/texmf-dist/tex/latex/amsfonts/umsb.fd) [1{/var/lib/texmf/fo
nts/map/pdftex/updmap/pdftex.map}]

Package Fancyhdr Warning: \fancyfoot's `E' option without twoside option is use
less on input line 68.


Package Fancyhdr Warning: \fancyfoot's `E' option without twoside option is use
less on input line 68.

[1]

Package Fancyhdr Warning: \fancyfoot's `E' option without twoside option is use
less on input line 68.


Package Fancyhdr Warning: \fancyfoot's `E' option without twoside option is use
less on input line 68.


Package Fancyhdr Warning: \fancyhead's `E' option without twoside option is use
less on input line 68.

Chapter 1.
<hardware.png, id=20, 301.125pt x 220.825pt>
(/usr/share/texlive/texmf-dist/tex/latex/psnfss/t1pcr.fd) <use hardware.png>

Package Fancyhdr Warning: \fancyfoot's `E' option without twoside option is use
less on input line 88.

[1 <./hardware.png>] [2] [3]
(/usr/share/texlive/texmf-dist/tex/latex/psnfss/ts1ptm.fd) [4] [5]
(/usr/share/texlive/texmf-dist/tex/latex/psnfss/ts1pcr.fd)
No file index.ind.
[6] (./index.aux)

Package rerunfilecheck Warning: File `index.out' has changed.
(rerunfilecheck)                Rerun to get outlines right
(rerunfilecheck)                or use package `bookmark'.


LaTeX Warning: Label(s) may have changed. Rerun to get cross-references right.

 ){/usr/share/texlive/texmf-dist/fonts/enc/dvips/base/8r.enc}</usr/share/texliv
e/texmf-dist/fonts/type1/public/amsfonts/cm/cmmi5.pfb></usr/share/texlive/texmf
-dist/fonts/type1/public/amsfonts/cm/cmsy5.pfb></usr/share/texlive/texmf-dist/f
onts/type1/urw/courier/ucrr8a.pfb></usr/share/texlive/texmf-dist/fonts/type1/ur
w/courier/ucrro8a.pfb></usr/share/texlive/texmf-dist/fonts/type1/urw/helvetic/u
hvb8a.pfb></usr/share/texlive/texmf-dist/fonts/type1/urw/helvetic/uhvbo8a.pfb><
/usr/share/texlive/texmf-dist/fonts/type1/urw/helvetic/uhvr8a.pfb></usr/share/t
exlive/texmf-dist/fonts/type1/urw/times/utmb8a.pfb></usr/share/texlive/texmf-di
st/fonts/type1/urw/times/utmr8a.pfb>
Output written on index.pdf (8 pages, 180515 bytes).
Transcript written on index.log.
Latexmk: Index file 'index.idx' was written
Latexmk: Missing input file: 'index.ind' from line
  'No file index.ind.'
Latexmk: References changed.
Latexmk: References changed.
Latexmk: Log file says output to 'index.pdf'
Rule 'makeindex index.idx': File changes, etc:
   Non-existent destination files:
      'index.ind'
------------
Run number 1 of rule 'makeindex index.idx'
------------
------------
Running 'makeindex -s python.ist  -o "index.ind" "index.idx"'
------------
Latexmk: applying rule 'makeindex index.idx'...
This is makeindex, version 2.15 [TeX Live 2016] (kpathsea + Thai support).
Scanning style file ./python.ist.......done (7 attributes redefined, 0 ignored).
Scanning input file index.idx...done (0 entries accepted, 0 rejected).
Nothing written in index.ind.
Transcript written in index.ilg.
Rule 'pdflatex': File changes, etc:
   Changed files, or newly in use since previous run(s):
      'index.aux'
      'index.ind'
------------
Run number 2 of rule 'pdflatex'
------------
------------
Running 'pdflatex   -recorder  "index.tex"'
------------
Latexmk: applying rule 'pdflatex'...
This is pdfTeX, Version 3.14159265-2.6-1.40.17 (TeX Live 2016/Debian) (preloaded format=pdflatex)
 restricted \write18 enabled.
entering extended mode
(./index.tex
LaTeX2e <2017/01/01> patch level 3
Babel <3.9r> and hyphenation patterns for 3 language(s) loaded.
(./sphinxmanual.cls
Document Class: sphinxmanual 2017/03/26 v1.6 Document class (Sphinx manual)
(/usr/share/texlive/texmf-dist/tex/latex/base/report.cls
Document Class: report 2014/09/29 v1.4h Standard LaTeX document class
(/usr/share/texlive/texmf-dist/tex/latex/base/size10.clo)))
(/usr/share/texlive/texmf-dist/tex/latex/base/inputenc.sty
(/usr/share/texlive/texmf-dist/tex/latex/base/utf8.def
(/usr/share/texlive/texmf-dist/tex/latex/base/t1enc.dfu)
(/usr/share/texlive/texmf-dist/tex/latex/base/ot1enc.dfu)
(/usr/share/texlive/texmf-dist/tex/latex/base/omsenc.dfu)))
(/usr/share/texlive/texmf-dist/tex/latex/cmap/cmap.sty)
(/usr/share/texlive/texmf-dist/tex/latex/base/fontenc.sty
(/usr/share/texlive/texmf-dist/tex/latex/base/t1enc.def)<<t1.cmap>>)
(/usr/share/texlive/texmf-dist/tex/latex/amsmath/amsmath.sty
For additional information on amsmath, use the `?' option.
(/usr/share/texlive/texmf-dist/tex/latex/amsmath/amstext.sty
(/usr/share/texlive/texmf-dist/tex/latex/amsmath/amsgen.sty))
(/usr/share/texlive/texmf-dist/tex/latex/amsmath/amsbsy.sty)
(/usr/share/texlive/texmf-dist/tex/latex/amsmath/amsopn.sty))
(/usr/share/texlive/texmf-dist/tex/latex/amsfonts/amssymb.sty
(/usr/share/texlive/texmf-dist/tex/latex/amsfonts/amsfonts.sty))
(/usr/share/texlive/texmf-dist/tex/generic/babel/babel.sty
(/usr/share/texlive/texmf-dist/tex/generic/babel-english/english.ldf
(/usr/share/texlive/texmf-dist/tex/generic/babel/babel.def)))
(/usr/share/texlive/texmf-dist/tex/latex/psnfss/times.sty)
(/usr/share/texlive/texmf-dist/tex/latex/fncychap/fncychap.sty) (./sphinx.sty
(/usr/share/texlive/texmf-dist/tex/generic/oberdiek/ltxcmds.sty)
(/usr/share/texlive/texmf-dist/tex/latex/graphics/graphicx.sty
(/usr/share/texlive/texmf-dist/tex/latex/graphics/keyval.sty)
(/usr/share/texlive/texmf-dist/tex/latex/graphics/graphics.sty
(/usr/share/texlive/texmf-dist/tex/latex/graphics/trig.sty)
(/usr/share/texlive/texmf-dist/tex/latex/graphics-cfg/graphics.cfg)
(/usr/share/texlive/texmf-dist/tex/latex/graphics-def/pdftex.def
(/usr/share/texlive/texmf-dist/tex/generic/oberdiek/infwarerr.sty))))
(/usr/share/texlive/texmf-dist/tex/latex/fancyhdr/fancyhdr.sty)
(/usr/share/texlive/texmf-dist/tex/latex/base/textcomp.sty
(/usr/share/texlive/texmf-dist/tex/latex/base/ts1enc.def
(/usr/share/texlive/texmf-dist/tex/latex/base/ts1enc.dfu)))
(/usr/share/texlive/texmf-dist/tex/latex/titlesec/titlesec.sty)
(/usr/share/texlive/texmf-dist/tex/latex/tabulary/tabulary.sty
(/usr/share/texlive/texmf-dist/tex/latex/tools/array.sty))
(/usr/share/texlive/texmf-dist/tex/latex/tools/longtable.sty)
(/usr/share/texlive/texmf-dist/tex/latex/varwidth/varwidth.sty)
(./sphinxmulticell.sty)
(/usr/share/texlive/texmf-dist/tex/latex/base/makeidx.sty)
(/usr/share/texlive/texmf-dist/tex/latex/framed/framed.sty)
(/usr/share/texlive/texmf-dist/tex/latex/xcolor/xcolor.sty
(/usr/share/texlive/texmf-dist/tex/latex/graphics-cfg/color.cfg))
(/usr/share/texlive/texmf-dist/tex/latex/fancyvrb/fancyvrb.sty
Style option: `fancyvrb' v2.7a, with DG/SPQR fixes, and firstline=lastline fix 
<2008/02/07> (tvz)) (./footnotehyper-sphinx.sty)
(/usr/share/texlive/texmf-dist/tex/latex/float/float.sty)
(/usr/share/texlive/texmf-dist/tex/latex/wrapfig/wrapfig.sty)
(/usr/share/texlive/texmf-dist/tex/latex/parskip/parskip.sty)
(/usr/share/texlive/texmf-dist/tex/latex/base/alltt.sty)
(/usr/share/texlive/texmf-dist/tex/latex/upquote/upquote.sty)
(/usr/share/texlive/texmf-dist/tex/latex/capt-of/capt-of.sty)
(/usr/share/texlive/texmf-dist/tex/latex/needspace/needspace.sty)
(/usr/share/texlive/texmf-dist/tex/latex/carlisle/remreset.sty)
(./sphinxhighlight.sty)
(/usr/share/texlive/texmf-dist/tex/latex/oberdiek/kvoptions.sty
(/usr/share/texlive/texmf-dist/tex/generic/oberdiek/kvsetkeys.sty
(/usr/share/texlive/texmf-dist/tex/generic/oberdiek/etexcmds.sty
(/usr/share/texlive/texmf-dist/tex/generic/oberdiek/ifluatex.sty)))))
(/usr/share/texlive/texmf-dist/tex/latex/geometry/geometry.sty
(/usr/share/texlive/texmf-dist/tex/generic/oberdiek/ifpdf.sty)
(/usr/share/texlive/texmf-dist/tex/generic/oberdiek/ifvtex.sty)
(/usr/share/texlive/texmf-dist/tex/generic/ifxetex/ifxetex.sty))
(/usr/share/texlive/texmf-dist/tex/latex/hyperref/hyperref.sty
(/usr/share/texlive/texmf-dist/tex/generic/oberdiek/hobsub-hyperref.sty
(/usr/share/texlive/texmf-dist/tex/generic/oberdiek/hobsub-generic.sty))
(/usr/share/texlive/texmf-dist/tex/latex/oberdiek/auxhook.sty)
(/usr/share/texlive/texmf-dist/tex/latex/hyperref/pd1enc.def)
(/usr/share/texlive/texmf-dist/tex/latex/latexconfig/hyperref.cfg)
(/usr/share/texlive/texmf-dist/tex/latex/hyperref/puenc.def)
(/usr/share/texlive/texmf-dist/tex/latex/url/url.sty))

Package hyperref Message: Driver (autodetected): hpdftex.

(/usr/share/texlive/texmf-dist/tex/latex/hyperref/hpdftex.def
(/usr/share/texlive/texmf-dist/tex/latex/oberdiek/rerunfilecheck.sty))
(/usr/share/texlive/texmf-dist/tex/latex/oberdiek/hypcap.sty)
Writing index file index.idx
(./index.aux) (/usr/share/texlive/texmf-dist/tex/latex/base/ts1cmr.fd)
(/usr/share/texlive/texmf-dist/tex/latex/psnfss/t1ptm.fd)
(/usr/share/texlive/texmf-dist/tex/context/base/mkii/supp-pdf.mkii
[Loading MPS to PDF converter (version 2006.09.02).]
) (/usr/share/texlive/texmf-dist/tex/latex/oberdiek/epstopdf-base.sty
(/usr/share/texlive/texmf-dist/tex/latex/oberdiek/grfext.sty)
(/usr/share/texlive/texmf-dist/tex/latex/latexconfig/epstopdf-sys.cfg))
*geometry* driver: auto-detecting
*geometry* detected driver: pdftex
(/usr/share/texlive/texmf-dist/tex/latex/hyperref/nameref.sty
(/usr/share/texlive/texmf-dist/tex/generic/oberdiek/gettitlestring.sty))
(./index.out) (./index.out)
(/usr/share/texlive/texmf-dist/tex/latex/psnfss/t1phv.fd)<<ot1.cmap>><<oml.cmap
>><<oms.cmap>><<omx.cmap>>
(/usr/share/texlive/texmf-dist/tex/latex/amsfonts/umsa.fd)
(/usr/share/texlive/texmf-dist/tex/latex/amsfonts/umsb.fd) [1{/var/lib/texmf/fo
nts/map/pdftex/updmap/pdftex.map}]

Package Fancyhdr Warning: \fancyfoot's `E' option without twoside option is use
less on input line 68.

(./index.toc)

Package Fancyhdr Warning: \fancyfoot's `E' option without twoside option is use
less on input line 68.

[1]

Package Fancyhdr Warning: \fancyfoot's `E' option without twoside option is use
less on input line 68.


Package Fancyhdr Warning: \fancyfoot's `E' option without twoside option is use
less on input line 68.


Package Fancyhdr Warning: \fancyhead's `E' option without twoside option is use
less on input line 68.

Chapter 1.
<hardware.png, id=72, 301.125pt x 220.825pt>
(/usr/share/texlive/texmf-dist/tex/latex/psnfss/t1pcr.fd) <use hardware.png>

Package Fancyhdr Warning: \fancyfoot's `E' option without twoside option is use
less on input line 88.

[1 <./hardware.png>] [2] [3]
(/usr/share/texlive/texmf-dist/tex/latex/psnfss/ts1ptm.fd) [4] [5]
(/usr/share/texlive/texmf-dist/tex/latex/psnfss/ts1pcr.fd) (./index.ind)
[6] (./index.aux) ){/usr/share/texlive/texmf-dist/fonts/enc/dvips/base/8r.enc}<
/usr/share/texlive/texmf-dist/fonts/type1/public/amsfonts/cm/cmmi5.pfb></usr/sh
are/texlive/texmf-dist/fonts/type1/public/amsfonts/cm/cmsy5.pfb></usr/share/tex
live/texmf-dist/fonts/type1/urw/courier/ucrr8a.pfb></usr/share/texlive/texmf-di
st/fonts/type1/urw/courier/ucrro8a.pfb></usr/share/texlive/texmf-dist/fonts/typ
e1/urw/helvetic/uhvb8a.pfb></usr/share/texlive/texmf-dist/fonts/type1/urw/helve
tic/uhvbo8a.pfb></usr/share/texlive/texmf-dist/fonts/type1/urw/helvetic/uhvr8a.
pfb></usr/share/texlive/texmf-dist/fonts/type1/urw/times/utmb8a.pfb></usr/share
/texlive/texmf-dist/fonts/type1/urw/times/utmr8a.pfb>
Output written on index.pdf (8 pages, 182471 bytes).
Transcript written on index.log.
Latexmk: Index file 'index.idx' was written
Latexmk: Log file says output to 'index.pdf'
Rule 'pdflatex': File changes, etc:
   Changed files, or newly in use since previous run(s):
      'index.out'
      'index.toc'
------------
Run number 3 of rule 'pdflatex'
------------
------------
Running 'pdflatex   -recorder  "index.tex"'
------------
Latexmk: applying rule 'pdflatex'...
This is pdfTeX, Version 3.14159265-2.6-1.40.17 (TeX Live 2016/Debian) (preloaded format=pdflatex)
 restricted \write18 enabled.
entering extended mode
(./index.tex
LaTeX2e <2017/01/01> patch level 3
Babel <3.9r> and hyphenation patterns for 3 language(s) loaded.
(./sphinxmanual.cls
Document Class: sphinxmanual 2017/03/26 v1.6 Document class (Sphinx manual)
(/usr/share/texlive/texmf-dist/tex/latex/base/report.cls
Document Class: report 2014/09/29 v1.4h Standard LaTeX document class
(/usr/share/texlive/texmf-dist/tex/latex/base/size10.clo)))
(/usr/share/texlive/texmf-dist/tex/latex/base/inputenc.sty
(/usr/share/texlive/texmf-dist/tex/latex/base/utf8.def
(/usr/share/texlive/texmf-dist/tex/latex/base/t1enc.dfu)
(/usr/share/texlive/texmf-dist/tex/latex/base/ot1enc.dfu)
(/usr/share/texlive/texmf-dist/tex/latex/base/omsenc.dfu)))
(/usr/share/texlive/texmf-dist/tex/latex/cmap/cmap.sty)
(/usr/share/texlive/texmf-dist/tex/latex/base/fontenc.sty
(/usr/share/texlive/texmf-dist/tex/latex/base/t1enc.def)<<t1.cmap>>)
(/usr/share/texlive/texmf-dist/tex/latex/amsmath/amsmath.sty
For additional information on amsmath, use the `?' option.
(/usr/share/texlive/texmf-dist/tex/latex/amsmath/amstext.sty
(/usr/share/texlive/texmf-dist/tex/latex/amsmath/amsgen.sty))
(/usr/share/texlive/texmf-dist/tex/latex/amsmath/amsbsy.sty)
(/usr/share/texlive/texmf-dist/tex/latex/amsmath/amsopn.sty))
(/usr/share/texlive/texmf-dist/tex/latex/amsfonts/amssymb.sty
(/usr/share/texlive/texmf-dist/tex/latex/amsfonts/amsfonts.sty))
(/usr/share/texlive/texmf-dist/tex/generic/babel/babel.sty
(/usr/share/texlive/texmf-dist/tex/generic/babel-english/english.ldf
(/usr/share/texlive/texmf-dist/tex/generic/babel/babel.def)))
(/usr/share/texlive/texmf-dist/tex/latex/psnfss/times.sty)
(/usr/share/texlive/texmf-dist/tex/latex/fncychap/fncychap.sty) (./sphinx.sty
(/usr/share/texlive/texmf-dist/tex/generic/oberdiek/ltxcmds.sty)
(/usr/share/texlive/texmf-dist/tex/latex/graphics/graphicx.sty
(/usr/share/texlive/texmf-dist/tex/latex/graphics/keyval.sty)
(/usr/share/texlive/texmf-dist/tex/latex/graphics/graphics.sty
(/usr/share/texlive/texmf-dist/tex/latex/graphics/trig.sty)
(/usr/share/texlive/texmf-dist/tex/latex/graphics-cfg/graphics.cfg)
(/usr/share/texlive/texmf-dist/tex/latex/graphics-def/pdftex.def
(/usr/share/texlive/texmf-dist/tex/generic/oberdiek/infwarerr.sty))))
(/usr/share/texlive/texmf-dist/tex/latex/fancyhdr/fancyhdr.sty)
(/usr/share/texlive/texmf-dist/tex/latex/base/textcomp.sty
(/usr/share/texlive/texmf-dist/tex/latex/base/ts1enc.def
(/usr/share/texlive/texmf-dist/tex/latex/base/ts1enc.dfu)))
(/usr/share/texlive/texmf-dist/tex/latex/titlesec/titlesec.sty)
(/usr/share/texlive/texmf-dist/tex/latex/tabulary/tabulary.sty
(/usr/share/texlive/texmf-dist/tex/latex/tools/array.sty))
(/usr/share/texlive/texmf-dist/tex/latex/tools/longtable.sty)
(/usr/share/texlive/texmf-dist/tex/latex/varwidth/varwidth.sty)
(./sphinxmulticell.sty)
(/usr/share/texlive/texmf-dist/tex/latex/base/makeidx.sty)
(/usr/share/texlive/texmf-dist/tex/latex/framed/framed.sty)
(/usr/share/texlive/texmf-dist/tex/latex/xcolor/xcolor.sty
(/usr/share/texlive/texmf-dist/tex/latex/graphics-cfg/color.cfg))
(/usr/share/texlive/texmf-dist/tex/latex/fancyvrb/fancyvrb.sty
Style option: `fancyvrb' v2.7a, with DG/SPQR fixes, and firstline=lastline fix 
<2008/02/07> (tvz)) (./footnotehyper-sphinx.sty)
(/usr/share/texlive/texmf-dist/tex/latex/float/float.sty)
(/usr/share/texlive/texmf-dist/tex/latex/wrapfig/wrapfig.sty)
(/usr/share/texlive/texmf-dist/tex/latex/parskip/parskip.sty)
(/usr/share/texlive/texmf-dist/tex/latex/base/alltt.sty)
(/usr/share/texlive/texmf-dist/tex/latex/upquote/upquote.sty)
(/usr/share/texlive/texmf-dist/tex/latex/capt-of/capt-of.sty)
(/usr/share/texlive/texmf-dist/tex/latex/needspace/needspace.sty)
(/usr/share/texlive/texmf-dist/tex/latex/carlisle/remreset.sty)
(./sphinxhighlight.sty)
(/usr/share/texlive/texmf-dist/tex/latex/oberdiek/kvoptions.sty
(/usr/share/texlive/texmf-dist/tex/generic/oberdiek/kvsetkeys.sty
(/usr/share/texlive/texmf-dist/tex/generic/oberdiek/etexcmds.sty
(/usr/share/texlive/texmf-dist/tex/generic/oberdiek/ifluatex.sty)))))
(/usr/share/texlive/texmf-dist/tex/latex/geometry/geometry.sty
(/usr/share/texlive/texmf-dist/tex/generic/oberdiek/ifpdf.sty)
(/usr/share/texlive/texmf-dist/tex/generic/oberdiek/ifvtex.sty)
(/usr/share/texlive/texmf-dist/tex/generic/ifxetex/ifxetex.sty))
(/usr/share/texlive/texmf-dist/tex/latex/hyperref/hyperref.sty
(/usr/share/texlive/texmf-dist/tex/generic/oberdiek/hobsub-hyperref.sty
(/usr/share/texlive/texmf-dist/tex/generic/oberdiek/hobsub-generic.sty))
(/usr/share/texlive/texmf-dist/tex/latex/oberdiek/auxhook.sty)
(/usr/share/texlive/texmf-dist/tex/latex/hyperref/pd1enc.def)
(/usr/share/texlive/texmf-dist/tex/latex/latexconfig/hyperref.cfg)
(/usr/share/texlive/texmf-dist/tex/latex/hyperref/puenc.def)
(/usr/share/texlive/texmf-dist/tex/latex/url/url.sty))

Package hyperref Message: Driver (autodetected): hpdftex.

(/usr/share/texlive/texmf-dist/tex/latex/hyperref/hpdftex.def
(/usr/share/texlive/texmf-dist/tex/latex/oberdiek/rerunfilecheck.sty))
(/usr/share/texlive/texmf-dist/tex/latex/oberdiek/hypcap.sty)
Writing index file index.idx
(./index.aux) (/usr/share/texlive/texmf-dist/tex/latex/base/ts1cmr.fd)
(/usr/share/texlive/texmf-dist/tex/latex/psnfss/t1ptm.fd)
(/usr/share/texlive/texmf-dist/tex/context/base/mkii/supp-pdf.mkii
[Loading MPS to PDF converter (version 2006.09.02).]
) (/usr/share/texlive/texmf-dist/tex/latex/oberdiek/epstopdf-base.sty
(/usr/share/texlive/texmf-dist/tex/latex/oberdiek/grfext.sty)
(/usr/share/texlive/texmf-dist/tex/latex/latexconfig/epstopdf-sys.cfg))
*geometry* driver: auto-detecting
*geometry* detected driver: pdftex
(/usr/share/texlive/texmf-dist/tex/latex/hyperref/nameref.sty
(/usr/share/texlive/texmf-dist/tex/generic/oberdiek/gettitlestring.sty))
(./index.out) (./index.out)
(/usr/share/texlive/texmf-dist/tex/latex/psnfss/t1phv.fd)<<ot1.cmap>><<oml.cmap
>><<oms.cmap>><<omx.cmap>>
(/usr/share/texlive/texmf-dist/tex/latex/amsfonts/umsa.fd)
(/usr/share/texlive/texmf-dist/tex/latex/amsfonts/umsb.fd) [1{/var/lib/texmf/fo
nts/map/pdftex/updmap/pdftex.map}]

Package Fancyhdr Warning: \fancyfoot's `E' option without twoside option is use
less on input line 68.

(./index.toc)

Package Fancyhdr Warning: \fancyfoot's `E' option without twoside option is use
less on input line 68.

[1]

Package Fancyhdr Warning: \fancyfoot's `E' option without twoside option is use
less on input line 68.


Package Fancyhdr Warning: \fancyfoot's `E' option without twoside option is use
less on input line 68.


Package Fancyhdr Warning: \fancyhead's `E' option without twoside option is use
less on input line 68.

Chapter 1.
<hardware.png, id=72, 301.125pt x 220.825pt>
(/usr/share/texlive/texmf-dist/tex/latex/psnfss/t1pcr.fd) <use hardware.png>

Package Fancyhdr Warning: \fancyfoot's `E' option without twoside option is use
less on input line 88.

[1 <./hardware.png>] [2] [3]
(/usr/share/texlive/texmf-dist/tex/latex/psnfss/ts1ptm.fd) [4] [5]
(/usr/share/texlive/texmf-dist/tex/latex/psnfss/ts1pcr.fd) (./index.ind)
[6] (./index.aux) ){/usr/share/texlive/texmf-dist/fonts/enc/dvips/base/8r.enc}<
/usr/share/texlive/texmf-dist/fonts/type1/public/amsfonts/cm/cmmi5.pfb></usr/sh
are/texlive/texmf-dist/fonts/type1/public/amsfonts/cm/cmsy5.pfb></usr/share/tex
live/texmf-dist/fonts/type1/urw/courier/ucrr8a.pfb></usr/share/texlive/texmf-di
st/fonts/type1/urw/courier/ucrro8a.pfb></usr/share/texlive/texmf-dist/fonts/typ
e1/urw/helvetic/uhvb8a.pfb></usr/share/texlive/texmf-dist/fonts/type1/urw/helve
tic/uhvbo8a.pfb></usr/share/texlive/texmf-dist/fonts/type1/urw/helvetic/uhvr8a.
pfb></usr/share/texlive/texmf-dist/fonts/type1/urw/times/utmb8a.pfb></usr/share
/texlive/texmf-dist/fonts/type1/urw/times/utmr8a.pfb>
Output written on index.pdf (8 pages, 182471 bytes).
Transcript written on index.log.
Latexmk: Index file 'index.idx' was written
Latexmk: Log file says output to 'index.pdf'
Latexmk: All targets (index.pdf) are up-to-date
make[1]: Leaving directory '/mnt/c/users/loco/Documents/GitHub/gh-docs.hotspotbnb.com/docs/management/planning-business-retail/0.1.0/build/latex'
