Running Sphinx v3.5.3
making output directory... done
loading pickled environment... done
building [mo]: targets for 0 po files that are out of date
building [latex]: all documents
updating environment: 0 added, 0 changed, 0 removed
looking for now-outdated files... none found
processing consortium_finance-funding_investors.tex... index releasenotes introduction summary-seed detailed-seed 
resolving references...
done
writing... done
copying TeX support files... copying TeX support files...
done
build succeeded.

The LaTeX files are in build/latex.
Run 'make' in that directory to run these through (pdf)latex
(use `make latexpdf' here to do that automatically).
Rc files read:
  /etc/LatexMk
  latexmkrc
Latexmk: This is Latexmk, John Collins, 17 Apr. 2020, version: 4.69a.
Rule 'pdflatex': The following rules & subrules became out-of-date:
      'pdflatex'
------------
Run number 1 of rule 'pdflatex'
------------
------------
Running 'pdflatex   -recorder  "consortium_finance-funding_investors.tex"'
------------
Latexmk: applying rule 'pdflatex'...
This is pdfTeX, Version 3.14159265-2.6-1.40.21 (TeX Live 2020/Debian) (preloaded format=pdflatex)
 restricted \write18 enabled.
entering extended mode
(./consortium_finance-funding_investors.tex
LaTeX2e <2020-02-02> patch level 5
L3 programming layer <2020-07-17> (./sphinxmanual.cls
Document Class: sphinxmanual 2019/12/01 v2.3.0 Document class (Sphinx manual)
(/usr/share/texlive/texmf-dist/tex/latex/base/report.cls
Document Class: report 2019/12/20 v1.4l Standard LaTeX document class
(/usr/share/texlive/texmf-dist/tex/latex/base/size10.clo)))
(/usr/share/texlive/texmf-dist/tex/latex/base/inputenc.sty)
(/usr/share/texlive/texmf-dist/tex/latex/cmap/cmap.sty)
(/usr/share/texlive/texmf-dist/tex/latex/base/fontenc.sty<<t1.cmap>>)
(/usr/share/texlive/texmf-dist/tex/latex/amsmath/amsmath.sty
For additional information on amsmath, use the `?' option.
(/usr/share/texlive/texmf-dist/tex/latex/amsmath/amstext.sty
(/usr/share/texlive/texmf-dist/tex/latex/amsmath/amsgen.sty))
(/usr/share/texlive/texmf-dist/tex/latex/amsmath/amsbsy.sty)
(/usr/share/texlive/texmf-dist/tex/latex/amsmath/amsopn.sty))
(/usr/share/texlive/texmf-dist/tex/latex/amsfonts/amssymb.sty
(/usr/share/texlive/texmf-dist/tex/latex/amsfonts/amsfonts.sty))
(/usr/share/texlive/texmf-dist/tex/generic/babel/babel.sty
(/usr/share/texlive/texmf-dist/tex/generic/babel/babel.def
(/usr/share/texlive/texmf-dist/tex/generic/babel/txtbabel.def))
(/usr/share/texlive/texmf-dist/tex/generic/babel-english/english.ldf))
(/usr/share/texlive/texmf-dist/tex/latex/psnfss/times.sty)
(/usr/share/texlive/texmf-dist/tex/latex/fncychap/fncychap.sty) (./sphinx.sty
(/usr/share/texlive/texmf-dist/tex/generic/ltxcmds/ltxcmds.sty)
(/usr/share/texlive/texmf-dist/tex/latex/graphics/graphicx.sty
(/usr/share/texlive/texmf-dist/tex/latex/graphics/keyval.sty)
(/usr/share/texlive/texmf-dist/tex/latex/graphics/graphics.sty
(/usr/share/texlive/texmf-dist/tex/latex/graphics/trig.sty)
(/usr/share/texlive/texmf-dist/tex/latex/graphics-cfg/graphics.cfg)
(/usr/share/texlive/texmf-dist/tex/latex/graphics-def/pdftex.def)))
(/usr/share/texlive/texmf-dist/tex/latex/fancyhdr/fancyhdr.sty)
(/usr/share/texlive/texmf-dist/tex/latex/base/textcomp.sty)
(/usr/share/texlive/texmf-dist/tex/latex/titlesec/titlesec.sty)
(/usr/share/texlive/texmf-dist/tex/latex/tabulary/tabulary.sty
(/usr/share/texlive/texmf-dist/tex/latex/tools/array.sty))
(/usr/share/texlive/texmf-dist/tex/latex/tools/longtable.sty)
(/usr/share/texlive/texmf-dist/tex/latex/varwidth/varwidth.sty)
(./sphinxmulticell.sty)
(/usr/share/texlive/texmf-dist/tex/latex/base/makeidx.sty)
(/usr/share/texlive/texmf-dist/tex/latex/framed/framed.sty)
(/usr/share/texlive/texmf-dist/tex/latex/xcolor/xcolor.sty
(/usr/share/texlive/texmf-dist/tex/latex/graphics-cfg/color.cfg))
(/usr/share/texlive/texmf-dist/tex/latex/fancyvrb/fancyvrb.sty)
(./footnotehyper-sphinx.sty)
(/usr/share/texlive/texmf-dist/tex/latex/float/float.sty)
(/usr/share/texlive/texmf-dist/tex/latex/wrapfig/wrapfig.sty)
(/usr/share/texlive/texmf-dist/tex/latex/parskip/parskip.sty
(/usr/share/texlive/texmf-dist/tex/latex/parskip/parskip-2001-04-09.sty))
(/usr/share/texlive/texmf-dist/tex/latex/base/alltt.sty)
(/usr/share/texlive/texmf-dist/tex/latex/upquote/upquote.sty)
(/usr/share/texlive/texmf-dist/tex/latex/capt-of/capt-of.sty)
(/usr/share/texlive/texmf-dist/tex/latex/needspace/needspace.sty)
(/usr/share/texlive/texmf-dist/tex/latex/tools/multicol.sty)
(./sphinxhighlight.sty)
(/usr/share/texlive/texmf-dist/tex/latex/kvoptions/kvoptions.sty
(/usr/share/texlive/texmf-dist/tex/generic/kvsetkeys/kvsetkeys.sty)))
(/usr/share/texlive/texmf-dist/tex/latex/geometry/geometry.sty
(/usr/share/texlive/texmf-dist/tex/generic/iftex/ifvtex.sty
(/usr/share/texlive/texmf-dist/tex/generic/iftex/iftex.sty)))
(/usr/share/texlive/texmf-dist/tex/latex/hyperref/hyperref.sty
(/usr/share/texlive/texmf-dist/tex/generic/pdftexcmds/pdftexcmds.sty
(/usr/share/texlive/texmf-dist/tex/generic/infwarerr/infwarerr.sty))
(/usr/share/texlive/texmf-dist/tex/generic/kvdefinekeys/kvdefinekeys.sty)
(/usr/share/texlive/texmf-dist/tex/generic/pdfescape/pdfescape.sty)
(/usr/share/texlive/texmf-dist/tex/latex/hycolor/hycolor.sty)
(/usr/share/texlive/texmf-dist/tex/latex/letltxmacro/letltxmacro.sty)
(/usr/share/texlive/texmf-dist/tex/latex/auxhook/auxhook.sty)
(/usr/share/texlive/texmf-dist/tex/latex/hyperref/pd1enc.def)
(/usr/share/texlive/texmf-dist/tex/generic/intcalc/intcalc.sty)
(/usr/share/texlive/texmf-dist/tex/generic/etexcmds/etexcmds.sty)
(/usr/share/texlive/texmf-dist/tex/latex/hyperref/puenc.def)
(/usr/share/texlive/texmf-dist/tex/latex/url/url.sty)
(/usr/share/texlive/texmf-dist/tex/generic/bitset/bitset.sty
(/usr/share/texlive/texmf-dist/tex/generic/bigintcalc/bigintcalc.sty))
(/usr/share/texlive/texmf-dist/tex/generic/atbegshi/atbegshi.sty))
(/usr/share/texlive/texmf-dist/tex/latex/hyperref/hpdftex.def
(/usr/share/texlive/texmf-dist/tex/latex/atveryend/atveryend.sty)
(/usr/share/texlive/texmf-dist/tex/latex/rerunfilecheck/rerunfilecheck.sty
(/usr/share/texlive/texmf-dist/tex/generic/uniquecounter/uniquecounter.sty)))
(/usr/share/texlive/texmf-dist/tex/latex/oberdiek/hypcap.sty)
(./sphinxmessages.sty)
Writing index file consortium_finance-funding_investors.idx
(/usr/share/texlive/texmf-dist/tex/latex/l3backend/l3backend-pdfmode.def)
(./consortium_finance-funding_investors.aux)
(/usr/share/texlive/texmf-dist/tex/latex/psnfss/t1ptm.fd)
(/usr/share/texlive/texmf-dist/tex/context/base/mkii/supp-pdf.mkii
[Loading MPS to PDF converter (version 2006.09.02).]
) (/usr/share/texlive/texmf-dist/tex/latex/epstopdf-pkg/epstopdf-base.sty
(/usr/share/texlive/texmf-dist/tex/latex/latexconfig/epstopdf-sys.cfg))
*geometry* driver: auto-detecting
*geometry* detected driver: pdftex
(/usr/share/texlive/texmf-dist/tex/latex/hyperref/nameref.sty
(/usr/share/texlive/texmf-dist/tex/latex/refcount/refcount.sty)
(/usr/share/texlive/texmf-dist/tex/generic/gettitlestring/gettitlestring.sty))
(/usr/share/texlive/texmf-dist/tex/latex/psnfss/t1phv.fd)<<ot1.cmap>><<oml.cmap
>><<oms.cmap>><<omx.cmap>>
(/usr/share/texlive/texmf-dist/tex/latex/amsfonts/umsa.fd)
(/usr/share/texlive/texmf-dist/tex/latex/amsfonts/umsb.fd) [1{/var/lib/texmf/fo
nts/map/pdftex/updmap/pdftex.map}] [1]
(/usr/share/texlive/texmf-dist/tex/latex/psnfss/ts1ptm.fd) [1]
Chapter 1.
[2] [3]
Chapter 2.
[4]
Chapter 3.

Overfull \hbox (6.15207pt too wide) in paragraph at lines 443--446
[]|\T1/phv/m/n/10 UID| 

Overfull \hbox (6.15207pt too wide) in paragraph at lines 471--474
[]|\T1/phv/m/n/10 UID| 

Overfull \hbox (3.93224pt too wide) in paragraph at lines 502--504
[]|\T1/ptm/m/n/10 101| 

Overfull \hbox (3.93224pt too wide) in paragraph at lines 521--523
[]|\T1/ptm/m/n/10 102| 

Overfull \hbox (3.93224pt too wide) in paragraph at lines 543--545
[]|\T1/ptm/m/n/10 103| 

Overfull \hbox (3.93224pt too wide) in paragraph at lines 565--567
[]|\T1/ptm/m/n/10 104| 

Overfull \hbox (3.93224pt too wide) in paragraph at lines 587--589
[]|\T1/ptm/m/n/10 105| 

Overfull \hbox (3.93224pt too wide) in paragraph at lines 609--611
[]|\T1/ptm/m/n/10 106| 

Overfull \hbox (3.93224pt too wide) in paragraph at lines 631--633
[]|\T1/ptm/m/n/10 107| 

Overfull \hbox (3.93224pt too wide) in paragraph at lines 650--652
[]|\T1/ptm/m/n/10 108| 

Overfull \hbox (3.93224pt too wide) in paragraph at lines 669--671
[]|\T1/ptm/m/n/10 109| 

Overfull \hbox (3.93224pt too wide) in paragraph at lines 688--690
[]|\T1/ptm/m/n/10 110| 

Overfull \hbox (3.93224pt too wide) in paragraph at lines 710--712
[]|\T1/ptm/m/n/10 111| 

Overfull \hbox (3.93224pt too wide) in paragraph at lines 732--734
[]|\T1/ptm/m/n/10 112| 

Overfull \hbox (3.93224pt too wide) in paragraph at lines 751--753
[]|\T1/ptm/m/n/10 113| 

Overfull \hbox (3.93224pt too wide) in paragraph at lines 773--775
[]|\T1/ptm/m/n/10 114| 

Overfull \hbox (3.93224pt too wide) in paragraph at lines 795--797
[]|\T1/ptm/m/n/10 115| 

Overfull \hbox (3.93224pt too wide) in paragraph at lines 817--819
[]|\T1/ptm/m/n/10 116| 

Overfull \hbox (3.93224pt too wide) in paragraph at lines 839--841
[]|\T1/ptm/m/n/10 117| 

Overfull \hbox (3.93224pt too wide) in paragraph at lines 861--863
[]|\T1/ptm/m/n/10 118| 

Overfull \hbox (3.93224pt too wide) in paragraph at lines 883--885
[]|\T1/ptm/m/n/10 119| 

Overfull \hbox (3.93224pt too wide) in paragraph at lines 902--904
[]|\T1/ptm/m/n/10 120| 

Overfull \hbox (3.93224pt too wide) in paragraph at lines 924--926
[]|\T1/ptm/m/n/10 121| 

Overfull \hbox (3.93224pt too wide) in paragraph at lines 946--948
[]|\T1/ptm/m/n/10 122| 

Overfull \hbox (3.93224pt too wide) in paragraph at lines 968--970
[]|\T1/ptm/m/n/10 123| 

Overfull \hbox (3.93224pt too wide) in paragraph at lines 990--992
[]|\T1/ptm/m/n/10 124| 

Overfull \hbox (3.93224pt too wide) in paragraph at lines 1012--1014
[]|\T1/ptm/m/n/10 125| 

Overfull \hbox (3.93224pt too wide) in paragraph at lines 1031--1033
[]|\T1/ptm/m/n/10 126| 

Overfull \hbox (3.93224pt too wide) in paragraph at lines 1053--1055
[]|\T1/ptm/m/n/10 127| 

Overfull \hbox (3.93224pt too wide) in paragraph at lines 1072--1074
[]|\T1/ptm/m/n/10 128| 

Overfull \hbox (3.93224pt too wide) in paragraph at lines 1094--1096
[]|\T1/ptm/m/n/10 129| 

Overfull \hbox (3.93224pt too wide) in paragraph at lines 1116--1118
[]|\T1/ptm/m/n/10 130| 

Overfull \hbox (3.93224pt too wide) in paragraph at lines 1135--1137
[]|\T1/ptm/m/n/10 131| 

Overfull \hbox (3.93224pt too wide) in paragraph at lines 1154--1156
[]|\T1/ptm/m/n/10 132| 

Overfull \hbox (3.93224pt too wide) in paragraph at lines 1173--1175
[]|\T1/ptm/m/n/10 133| 

Overfull \hbox (3.93224pt too wide) in paragraph at lines 1195--1197
[]|\T1/ptm/m/n/10 134| 

Overfull \hbox (3.93224pt too wide) in paragraph at lines 1217--1219
[]|\T1/ptm/m/n/10 135| 

Overfull \hbox (3.93224pt too wide) in paragraph at lines 1236--1238
[]|\T1/ptm/m/n/10 136| 

Overfull \hbox (3.93224pt too wide) in paragraph at lines 1258--1260
[]|\T1/ptm/m/n/10 137| 

Overfull \hbox (3.93224pt too wide) in paragraph at lines 1280--1282
[]|\T1/ptm/m/n/10 138| 

Overfull \hbox (3.93224pt too wide) in paragraph at lines 1299--1301
[]|\T1/ptm/m/n/10 139| 

Overfull \hbox (3.93224pt too wide) in paragraph at lines 1321--1323
[]|\T1/ptm/m/n/10 140| 

Overfull \hbox (2.9645pt too wide) in paragraph at lines 1330--1332
[]|\T1/ptm/m/n/10 28385.78| 

Overfull \hbox (3.93224pt too wide) in paragraph at lines 1343--1345
[]|\T1/ptm/m/n/10 141| 

Overfull \hbox (3.93224pt too wide) in paragraph at lines 1362--1364
[]|\T1/ptm/m/n/10 142| 

Overfull \hbox (2.9645pt too wide) in paragraph at lines 1371--1373
[]|\T1/ptm/m/n/10 14375.09| 

Overfull \hbox (3.93224pt too wide) in paragraph at lines 1384--1386
[]|\T1/ptm/m/n/10 143| 

Overfull \hbox (2.9645pt too wide) in paragraph at lines 1393--1395
[]|\T1/ptm/m/n/10 25700.63| 

Overfull \hbox (3.93224pt too wide) in paragraph at lines 1406--1408
[]|\T1/ptm/m/n/10 144| 

Overfull \hbox (3.93224pt too wide) in paragraph at lines 1425--1427
[]|\T1/ptm/m/n/10 145| 

Overfull \hbox (3.93224pt too wide) in paragraph at lines 1444--1446
[]|\T1/ptm/m/n/10 146| 

Overfull \hbox (3.93224pt too wide) in paragraph at lines 1463--1465
[]|\T1/ptm/m/n/10 147| 

Overfull \hbox (3.93224pt too wide) in paragraph at lines 1482--1484
[]|\T1/ptm/m/n/10 148| 

Overfull \hbox (3.93224pt too wide) in paragraph at lines 1504--1506
[]|\T1/ptm/m/n/10 149| 

Overfull \hbox (3.93224pt too wide) in paragraph at lines 1523--1525
[]|\T1/ptm/m/n/10 150| 

Overfull \hbox (3.93224pt too wide) in paragraph at lines 1543--1545
[]|\T1/ptm/m/n/10 401| 

Overfull \hbox (7.9645pt too wide) in paragraph at lines 1572--1574
[]|\T1/ptm/m/n/10 100824.64| 

Overfull \hbox (1.29445pt too wide) in paragraph at lines 1581--1584
[]|\T1/ptm/m/n/10 100.00%| 
[5] [6]
Chapter 4.
[7] [8] [9] [10] [11] [12] [13] [14] [15] [16] [17] [18] [19]
Chapter 5.
No file consortium_finance-funding_investors.ind.
[20] (./consortium_finance-funding_investors.aux)

Package rerunfilecheck Warning: File `consortium_finance-funding_investors.out'
 has changed.
(rerunfilecheck)                Rerun to get outlines right
(rerunfilecheck)                or use package `bookmark'.


LaTeX Warning: Label(s) may have changed. Rerun to get cross-references right.

 )
(see the transcript file for additional information){/usr/share/texlive/texmf-d
ist/fonts/enc/dvips/base/8r.enc}</usr/share/texlive/texmf-dist/fonts/type1/urw/
helvetic/uhvb8a.pfb></usr/share/texlive/texmf-dist/fonts/type1/urw/helvetic/uhv
bo8a.pfb></usr/share/texlive/texmf-dist/fonts/type1/urw/helvetic/uhvr8a.pfb></u
sr/share/texlive/texmf-dist/fonts/type1/urw/times/utmb8a.pfb></usr/share/texliv
e/texmf-dist/fonts/type1/urw/times/utmr8a.pfb></usr/share/texlive/texmf-dist/fo
nts/type1/urw/times/utmri8a.pfb>
Output written on consortium_finance-funding_investors.pdf (22 pages, 124671 by
tes).
Transcript written on consortium_finance-funding_investors.log.
Latexmk: Index file 'consortium_finance-funding_investors.idx' was written
Latexmk: Missing input file: 'consortium_finance-funding_investors.ind' from line
  'No file consortium_finance-funding_investors.ind.'
Latexmk: References changed.
Latexmk: References changed.
Latexmk: Log file says output to 'consortium_finance-funding_investors.pdf'
Latexmk: Log file says output to 'consortium_finance-funding_investors.pdf'
Rule 'makeindex consortium_finance-funding_investors.idx': File changes, etc:
   Changed files, or newly in use since previous run(s):
      'consortium_finance-funding_investors.idx'
------------
Run number 1 of rule 'makeindex consortium_finance-funding_investors.idx'
------------
------------
Running 'makeindex -s python.ist  -o "consortium_finance-funding_investors.ind" "consortium_finance-funding_investors.idx"'
------------
=== TeX engine is 'pdfTeX'
Latexmk: applying rule 'makeindex consortium_finance-funding_investors.idx'...
This is makeindex, version 2.15 [TeX Live 2020] (kpathsea + Thai support).
Scanning style file ./python.ist.......done (7 attributes redefined, 0 ignored).
Scanning input file consortium_finance-funding_investors.idx...done (0 entries accepted, 0 rejected).
Nothing written in consortium_finance-funding_investors.ind.
Transcript written in consortium_finance-funding_investors.ilg.
Rule 'pdflatex': File changes, etc:
   Changed files, or newly in use since previous run(s):
      'consortium_finance-funding_investors.aux'
      'consortium_finance-funding_investors.ind'
      'consortium_finance-funding_investors.out'
------------
Run number 2 of rule 'pdflatex'
------------
------------
Running 'pdflatex   -recorder  "consortium_finance-funding_investors.tex"'
------------
Latexmk: applying rule 'pdflatex'...
This is pdfTeX, Version 3.14159265-2.6-1.40.21 (TeX Live 2020/Debian) (preloaded format=pdflatex)
 restricted \write18 enabled.
entering extended mode
(./consortium_finance-funding_investors.tex
LaTeX2e <2020-02-02> patch level 5
L3 programming layer <2020-07-17> (./sphinxmanual.cls
Document Class: sphinxmanual 2019/12/01 v2.3.0 Document class (Sphinx manual)
(/usr/share/texlive/texmf-dist/tex/latex/base/report.cls
Document Class: report 2019/12/20 v1.4l Standard LaTeX document class
(/usr/share/texlive/texmf-dist/tex/latex/base/size10.clo)))
(/usr/share/texlive/texmf-dist/tex/latex/base/inputenc.sty)
(/usr/share/texlive/texmf-dist/tex/latex/cmap/cmap.sty)
(/usr/share/texlive/texmf-dist/tex/latex/base/fontenc.sty<<t1.cmap>>)
(/usr/share/texlive/texmf-dist/tex/latex/amsmath/amsmath.sty
For additional information on amsmath, use the `?' option.
(/usr/share/texlive/texmf-dist/tex/latex/amsmath/amstext.sty
(/usr/share/texlive/texmf-dist/tex/latex/amsmath/amsgen.sty))
(/usr/share/texlive/texmf-dist/tex/latex/amsmath/amsbsy.sty)
(/usr/share/texlive/texmf-dist/tex/latex/amsmath/amsopn.sty))
(/usr/share/texlive/texmf-dist/tex/latex/amsfonts/amssymb.sty
(/usr/share/texlive/texmf-dist/tex/latex/amsfonts/amsfonts.sty))
(/usr/share/texlive/texmf-dist/tex/generic/babel/babel.sty
(/usr/share/texlive/texmf-dist/tex/generic/babel/babel.def
(/usr/share/texlive/texmf-dist/tex/generic/babel/txtbabel.def))
(/usr/share/texlive/texmf-dist/tex/generic/babel-english/english.ldf))
(/usr/share/texlive/texmf-dist/tex/latex/psnfss/times.sty)
(/usr/share/texlive/texmf-dist/tex/latex/fncychap/fncychap.sty) (./sphinx.sty
(/usr/share/texlive/texmf-dist/tex/generic/ltxcmds/ltxcmds.sty)
(/usr/share/texlive/texmf-dist/tex/latex/graphics/graphicx.sty
(/usr/share/texlive/texmf-dist/tex/latex/graphics/keyval.sty)
(/usr/share/texlive/texmf-dist/tex/latex/graphics/graphics.sty
(/usr/share/texlive/texmf-dist/tex/latex/graphics/trig.sty)
(/usr/share/texlive/texmf-dist/tex/latex/graphics-cfg/graphics.cfg)
(/usr/share/texlive/texmf-dist/tex/latex/graphics-def/pdftex.def)))
(/usr/share/texlive/texmf-dist/tex/latex/fancyhdr/fancyhdr.sty)
(/usr/share/texlive/texmf-dist/tex/latex/base/textcomp.sty)
(/usr/share/texlive/texmf-dist/tex/latex/titlesec/titlesec.sty)
(/usr/share/texlive/texmf-dist/tex/latex/tabulary/tabulary.sty
(/usr/share/texlive/texmf-dist/tex/latex/tools/array.sty))
(/usr/share/texlive/texmf-dist/tex/latex/tools/longtable.sty)
(/usr/share/texlive/texmf-dist/tex/latex/varwidth/varwidth.sty)
(./sphinxmulticell.sty)
(/usr/share/texlive/texmf-dist/tex/latex/base/makeidx.sty)
(/usr/share/texlive/texmf-dist/tex/latex/framed/framed.sty)
(/usr/share/texlive/texmf-dist/tex/latex/xcolor/xcolor.sty
(/usr/share/texlive/texmf-dist/tex/latex/graphics-cfg/color.cfg))
(/usr/share/texlive/texmf-dist/tex/latex/fancyvrb/fancyvrb.sty)
(./footnotehyper-sphinx.sty)
(/usr/share/texlive/texmf-dist/tex/latex/float/float.sty)
(/usr/share/texlive/texmf-dist/tex/latex/wrapfig/wrapfig.sty)
(/usr/share/texlive/texmf-dist/tex/latex/parskip/parskip.sty
(/usr/share/texlive/texmf-dist/tex/latex/parskip/parskip-2001-04-09.sty))
(/usr/share/texlive/texmf-dist/tex/latex/base/alltt.sty)
(/usr/share/texlive/texmf-dist/tex/latex/upquote/upquote.sty)
(/usr/share/texlive/texmf-dist/tex/latex/capt-of/capt-of.sty)
(/usr/share/texlive/texmf-dist/tex/latex/needspace/needspace.sty)
(/usr/share/texlive/texmf-dist/tex/latex/tools/multicol.sty)
(./sphinxhighlight.sty)
(/usr/share/texlive/texmf-dist/tex/latex/kvoptions/kvoptions.sty
(/usr/share/texlive/texmf-dist/tex/generic/kvsetkeys/kvsetkeys.sty)))
(/usr/share/texlive/texmf-dist/tex/latex/geometry/geometry.sty
(/usr/share/texlive/texmf-dist/tex/generic/iftex/ifvtex.sty
(/usr/share/texlive/texmf-dist/tex/generic/iftex/iftex.sty)))
(/usr/share/texlive/texmf-dist/tex/latex/hyperref/hyperref.sty
(/usr/share/texlive/texmf-dist/tex/generic/pdftexcmds/pdftexcmds.sty
(/usr/share/texlive/texmf-dist/tex/generic/infwarerr/infwarerr.sty))
(/usr/share/texlive/texmf-dist/tex/generic/kvdefinekeys/kvdefinekeys.sty)
(/usr/share/texlive/texmf-dist/tex/generic/pdfescape/pdfescape.sty)
(/usr/share/texlive/texmf-dist/tex/latex/hycolor/hycolor.sty)
(/usr/share/texlive/texmf-dist/tex/latex/letltxmacro/letltxmacro.sty)
(/usr/share/texlive/texmf-dist/tex/latex/auxhook/auxhook.sty)
(/usr/share/texlive/texmf-dist/tex/latex/hyperref/pd1enc.def)
(/usr/share/texlive/texmf-dist/tex/generic/intcalc/intcalc.sty)
(/usr/share/texlive/texmf-dist/tex/generic/etexcmds/etexcmds.sty)
(/usr/share/texlive/texmf-dist/tex/latex/hyperref/puenc.def)
(/usr/share/texlive/texmf-dist/tex/latex/url/url.sty)
(/usr/share/texlive/texmf-dist/tex/generic/bitset/bitset.sty
(/usr/share/texlive/texmf-dist/tex/generic/bigintcalc/bigintcalc.sty))
(/usr/share/texlive/texmf-dist/tex/generic/atbegshi/atbegshi.sty))
(/usr/share/texlive/texmf-dist/tex/latex/hyperref/hpdftex.def
(/usr/share/texlive/texmf-dist/tex/latex/atveryend/atveryend.sty)
(/usr/share/texlive/texmf-dist/tex/latex/rerunfilecheck/rerunfilecheck.sty
(/usr/share/texlive/texmf-dist/tex/generic/uniquecounter/uniquecounter.sty)))
(/usr/share/texlive/texmf-dist/tex/latex/oberdiek/hypcap.sty)
(./sphinxmessages.sty)
Writing index file consortium_finance-funding_investors.idx
(/usr/share/texlive/texmf-dist/tex/latex/l3backend/l3backend-pdfmode.def)
(./consortium_finance-funding_investors.aux)
(/usr/share/texlive/texmf-dist/tex/latex/psnfss/t1ptm.fd)
(/usr/share/texlive/texmf-dist/tex/context/base/mkii/supp-pdf.mkii
[Loading MPS to PDF converter (version 2006.09.02).]
) (/usr/share/texlive/texmf-dist/tex/latex/epstopdf-pkg/epstopdf-base.sty
(/usr/share/texlive/texmf-dist/tex/latex/latexconfig/epstopdf-sys.cfg))
*geometry* driver: auto-detecting
*geometry* detected driver: pdftex
(/usr/share/texlive/texmf-dist/tex/latex/hyperref/nameref.sty
(/usr/share/texlive/texmf-dist/tex/latex/refcount/refcount.sty)
(/usr/share/texlive/texmf-dist/tex/generic/gettitlestring/gettitlestring.sty))
(./consortium_finance-funding_investors.out)
(./consortium_finance-funding_investors.out)
(/usr/share/texlive/texmf-dist/tex/latex/psnfss/t1phv.fd)<<ot1.cmap>><<oml.cmap
>><<oms.cmap>><<omx.cmap>>
(/usr/share/texlive/texmf-dist/tex/latex/amsfonts/umsa.fd)
(/usr/share/texlive/texmf-dist/tex/latex/amsfonts/umsb.fd) [1{/var/lib/texmf/fo
nts/map/pdftex/updmap/pdftex.map}] (./consortium_finance-funding_investors.toc
[1]) [2] (/usr/share/texlive/texmf-dist/tex/latex/psnfss/ts1ptm.fd) [1]
Chapter 1.
[2] [3]
Chapter 2.
[4]
Chapter 3.

Overfull \hbox (6.15207pt too wide) in paragraph at lines 443--446
[]|\T1/phv/m/n/10 UID| 

Overfull \hbox (6.15207pt too wide) in paragraph at lines 471--474
[]|\T1/phv/m/n/10 UID| 

Overfull \hbox (3.93224pt too wide) in paragraph at lines 502--504
[]|\T1/ptm/m/n/10 101| 

Overfull \hbox (3.93224pt too wide) in paragraph at lines 521--523
[]|\T1/ptm/m/n/10 102| 

Overfull \hbox (3.93224pt too wide) in paragraph at lines 543--545
[]|\T1/ptm/m/n/10 103| 

Overfull \hbox (3.93224pt too wide) in paragraph at lines 565--567
[]|\T1/ptm/m/n/10 104| 

Overfull \hbox (3.93224pt too wide) in paragraph at lines 587--589
[]|\T1/ptm/m/n/10 105| 

Overfull \hbox (3.93224pt too wide) in paragraph at lines 609--611
[]|\T1/ptm/m/n/10 106| 

Overfull \hbox (3.93224pt too wide) in paragraph at lines 631--633
[]|\T1/ptm/m/n/10 107| 

Overfull \hbox (3.93224pt too wide) in paragraph at lines 650--652
[]|\T1/ptm/m/n/10 108| 

Overfull \hbox (3.93224pt too wide) in paragraph at lines 669--671
[]|\T1/ptm/m/n/10 109| 

Overfull \hbox (3.93224pt too wide) in paragraph at lines 688--690
[]|\T1/ptm/m/n/10 110| 

Overfull \hbox (3.93224pt too wide) in paragraph at lines 710--712
[]|\T1/ptm/m/n/10 111| 

Overfull \hbox (3.93224pt too wide) in paragraph at lines 732--734
[]|\T1/ptm/m/n/10 112| 

Overfull \hbox (3.93224pt too wide) in paragraph at lines 751--753
[]|\T1/ptm/m/n/10 113| 

Overfull \hbox (3.93224pt too wide) in paragraph at lines 773--775
[]|\T1/ptm/m/n/10 114| 

Overfull \hbox (3.93224pt too wide) in paragraph at lines 795--797
[]|\T1/ptm/m/n/10 115| 

Overfull \hbox (3.93224pt too wide) in paragraph at lines 817--819
[]|\T1/ptm/m/n/10 116| 

Overfull \hbox (3.93224pt too wide) in paragraph at lines 839--841
[]|\T1/ptm/m/n/10 117| 

Overfull \hbox (3.93224pt too wide) in paragraph at lines 861--863
[]|\T1/ptm/m/n/10 118| 

Overfull \hbox (3.93224pt too wide) in paragraph at lines 883--885
[]|\T1/ptm/m/n/10 119| 

Overfull \hbox (3.93224pt too wide) in paragraph at lines 902--904
[]|\T1/ptm/m/n/10 120| 

Overfull \hbox (3.93224pt too wide) in paragraph at lines 924--926
[]|\T1/ptm/m/n/10 121| 

Overfull \hbox (3.93224pt too wide) in paragraph at lines 946--948
[]|\T1/ptm/m/n/10 122| 

Overfull \hbox (3.93224pt too wide) in paragraph at lines 968--970
[]|\T1/ptm/m/n/10 123| 

Overfull \hbox (3.93224pt too wide) in paragraph at lines 990--992
[]|\T1/ptm/m/n/10 124| 

Overfull \hbox (3.93224pt too wide) in paragraph at lines 1012--1014
[]|\T1/ptm/m/n/10 125| 

Overfull \hbox (3.93224pt too wide) in paragraph at lines 1031--1033
[]|\T1/ptm/m/n/10 126| 

Overfull \hbox (3.93224pt too wide) in paragraph at lines 1053--1055
[]|\T1/ptm/m/n/10 127| 

Overfull \hbox (3.93224pt too wide) in paragraph at lines 1072--1074
[]|\T1/ptm/m/n/10 128| 

Overfull \hbox (3.93224pt too wide) in paragraph at lines 1094--1096
[]|\T1/ptm/m/n/10 129| 

Overfull \hbox (3.93224pt too wide) in paragraph at lines 1116--1118
[]|\T1/ptm/m/n/10 130| 

Overfull \hbox (3.93224pt too wide) in paragraph at lines 1135--1137
[]|\T1/ptm/m/n/10 131| 

Overfull \hbox (3.93224pt too wide) in paragraph at lines 1154--1156
[]|\T1/ptm/m/n/10 132| 

Overfull \hbox (3.93224pt too wide) in paragraph at lines 1173--1175
[]|\T1/ptm/m/n/10 133| 

Overfull \hbox (3.93224pt too wide) in paragraph at lines 1195--1197
[]|\T1/ptm/m/n/10 134| 

Overfull \hbox (3.93224pt too wide) in paragraph at lines 1217--1219
[]|\T1/ptm/m/n/10 135| 

Overfull \hbox (3.93224pt too wide) in paragraph at lines 1236--1238
[]|\T1/ptm/m/n/10 136| 

Overfull \hbox (3.93224pt too wide) in paragraph at lines 1258--1260
[]|\T1/ptm/m/n/10 137| 

Overfull \hbox (3.93224pt too wide) in paragraph at lines 1280--1282
[]|\T1/ptm/m/n/10 138| 

Overfull \hbox (3.93224pt too wide) in paragraph at lines 1299--1301
[]|\T1/ptm/m/n/10 139| 

Overfull \hbox (3.93224pt too wide) in paragraph at lines 1321--1323
[]|\T1/ptm/m/n/10 140| 

Overfull \hbox (2.9645pt too wide) in paragraph at lines 1330--1332
[]|\T1/ptm/m/n/10 28385.78| 

Overfull \hbox (3.93224pt too wide) in paragraph at lines 1343--1345
[]|\T1/ptm/m/n/10 141| 

Overfull \hbox (3.93224pt too wide) in paragraph at lines 1362--1364
[]|\T1/ptm/m/n/10 142| 

Overfull \hbox (2.9645pt too wide) in paragraph at lines 1371--1373
[]|\T1/ptm/m/n/10 14375.09| 

Overfull \hbox (3.93224pt too wide) in paragraph at lines 1384--1386
[]|\T1/ptm/m/n/10 143| 

Overfull \hbox (2.9645pt too wide) in paragraph at lines 1393--1395
[]|\T1/ptm/m/n/10 25700.63| 

Overfull \hbox (3.93224pt too wide) in paragraph at lines 1406--1408
[]|\T1/ptm/m/n/10 144| 

Overfull \hbox (3.93224pt too wide) in paragraph at lines 1425--1427
[]|\T1/ptm/m/n/10 145| 

Overfull \hbox (3.93224pt too wide) in paragraph at lines 1444--1446
[]|\T1/ptm/m/n/10 146| 

Overfull \hbox (3.93224pt too wide) in paragraph at lines 1463--1465
[]|\T1/ptm/m/n/10 147| 

Overfull \hbox (3.93224pt too wide) in paragraph at lines 1482--1484
[]|\T1/ptm/m/n/10 148| 

Overfull \hbox (3.93224pt too wide) in paragraph at lines 1504--1506
[]|\T1/ptm/m/n/10 149| 

Overfull \hbox (3.93224pt too wide) in paragraph at lines 1523--1525
[]|\T1/ptm/m/n/10 150| 

Overfull \hbox (3.93224pt too wide) in paragraph at lines 1543--1545
[]|\T1/ptm/m/n/10 401| 

Overfull \hbox (7.9645pt too wide) in paragraph at lines 1572--1574
[]|\T1/ptm/m/n/10 100824.64| 

Overfull \hbox (1.29445pt too wide) in paragraph at lines 1581--1584
[]|\T1/ptm/m/n/10 100.00%| 
[5] [6]
Chapter 4.
[7] [8] [9] [10] [11] [12] [13] [14] [15] [16] [17] [18] [19]
Chapter 5.
(./consortium_finance-funding_investors.ind) [20]
(./consortium_finance-funding_investors.aux) )
(see the transcript file for additional information){/usr/share/texlive/texmf-d
ist/fonts/enc/dvips/base/8r.enc}</usr/share/texlive/texmf-dist/fonts/type1/urw/
helvetic/uhvb8a.pfb></usr/share/texlive/texmf-dist/fonts/type1/urw/helvetic/uhv
bo8a.pfb></usr/share/texlive/texmf-dist/fonts/type1/urw/helvetic/uhvr8a.pfb></u
sr/share/texlive/texmf-dist/fonts/type1/urw/times/utmb8a.pfb></usr/share/texliv
e/texmf-dist/fonts/type1/urw/times/utmr8a.pfb></usr/share/texlive/texmf-dist/fo
nts/type1/urw/times/utmri8a.pfb>
Output written on consortium_finance-funding_investors.pdf (23 pages, 134689 by
tes).
Transcript written on consortium_finance-funding_investors.log.
Latexmk: Index file 'consortium_finance-funding_investors.idx' was written
Latexmk: Log file says output to 'consortium_finance-funding_investors.pdf'
Latexmk: Log file says output to 'consortium_finance-funding_investors.pdf'
Rule 'pdflatex': File changes, etc:
   Changed files, or newly in use since previous run(s):
      'consortium_finance-funding_investors.toc'
------------
Run number 3 of rule 'pdflatex'
------------
------------
Running 'pdflatex   -recorder  "consortium_finance-funding_investors.tex"'
------------
=== TeX engine is 'pdfTeX'
Latexmk: applying rule 'pdflatex'...
This is pdfTeX, Version 3.14159265-2.6-1.40.21 (TeX Live 2020/Debian) (preloaded format=pdflatex)
 restricted \write18 enabled.
entering extended mode
(./consortium_finance-funding_investors.tex
LaTeX2e <2020-02-02> patch level 5
L3 programming layer <2020-07-17> (./sphinxmanual.cls
Document Class: sphinxmanual 2019/12/01 v2.3.0 Document class (Sphinx manual)
(/usr/share/texlive/texmf-dist/tex/latex/base/report.cls
Document Class: report 2019/12/20 v1.4l Standard LaTeX document class
(/usr/share/texlive/texmf-dist/tex/latex/base/size10.clo)))
(/usr/share/texlive/texmf-dist/tex/latex/base/inputenc.sty)
(/usr/share/texlive/texmf-dist/tex/latex/cmap/cmap.sty)
(/usr/share/texlive/texmf-dist/tex/latex/base/fontenc.sty<<t1.cmap>>)
(/usr/share/texlive/texmf-dist/tex/latex/amsmath/amsmath.sty
For additional information on amsmath, use the `?' option.
(/usr/share/texlive/texmf-dist/tex/latex/amsmath/amstext.sty
(/usr/share/texlive/texmf-dist/tex/latex/amsmath/amsgen.sty))
(/usr/share/texlive/texmf-dist/tex/latex/amsmath/amsbsy.sty)
(/usr/share/texlive/texmf-dist/tex/latex/amsmath/amsopn.sty))
(/usr/share/texlive/texmf-dist/tex/latex/amsfonts/amssymb.sty
(/usr/share/texlive/texmf-dist/tex/latex/amsfonts/amsfonts.sty))
(/usr/share/texlive/texmf-dist/tex/generic/babel/babel.sty
(/usr/share/texlive/texmf-dist/tex/generic/babel/babel.def
(/usr/share/texlive/texmf-dist/tex/generic/babel/txtbabel.def))
(/usr/share/texlive/texmf-dist/tex/generic/babel-english/english.ldf))
(/usr/share/texlive/texmf-dist/tex/latex/psnfss/times.sty)
(/usr/share/texlive/texmf-dist/tex/latex/fncychap/fncychap.sty) (./sphinx.sty
(/usr/share/texlive/texmf-dist/tex/generic/ltxcmds/ltxcmds.sty)
(/usr/share/texlive/texmf-dist/tex/latex/graphics/graphicx.sty
(/usr/share/texlive/texmf-dist/tex/latex/graphics/keyval.sty)
(/usr/share/texlive/texmf-dist/tex/latex/graphics/graphics.sty
(/usr/share/texlive/texmf-dist/tex/latex/graphics/trig.sty)
(/usr/share/texlive/texmf-dist/tex/latex/graphics-cfg/graphics.cfg)
(/usr/share/texlive/texmf-dist/tex/latex/graphics-def/pdftex.def)))
(/usr/share/texlive/texmf-dist/tex/latex/fancyhdr/fancyhdr.sty)
(/usr/share/texlive/texmf-dist/tex/latex/base/textcomp.sty)
(/usr/share/texlive/texmf-dist/tex/latex/titlesec/titlesec.sty)
(/usr/share/texlive/texmf-dist/tex/latex/tabulary/tabulary.sty
(/usr/share/texlive/texmf-dist/tex/latex/tools/array.sty))
(/usr/share/texlive/texmf-dist/tex/latex/tools/longtable.sty)
(/usr/share/texlive/texmf-dist/tex/latex/varwidth/varwidth.sty)
(./sphinxmulticell.sty)
(/usr/share/texlive/texmf-dist/tex/latex/base/makeidx.sty)
(/usr/share/texlive/texmf-dist/tex/latex/framed/framed.sty)
(/usr/share/texlive/texmf-dist/tex/latex/xcolor/xcolor.sty
(/usr/share/texlive/texmf-dist/tex/latex/graphics-cfg/color.cfg))
(/usr/share/texlive/texmf-dist/tex/latex/fancyvrb/fancyvrb.sty)
(./footnotehyper-sphinx.sty)
(/usr/share/texlive/texmf-dist/tex/latex/float/float.sty)
(/usr/share/texlive/texmf-dist/tex/latex/wrapfig/wrapfig.sty)
(/usr/share/texlive/texmf-dist/tex/latex/parskip/parskip.sty
(/usr/share/texlive/texmf-dist/tex/latex/parskip/parskip-2001-04-09.sty))
(/usr/share/texlive/texmf-dist/tex/latex/base/alltt.sty)
(/usr/share/texlive/texmf-dist/tex/latex/upquote/upquote.sty)
(/usr/share/texlive/texmf-dist/tex/latex/capt-of/capt-of.sty)
(/usr/share/texlive/texmf-dist/tex/latex/needspace/needspace.sty)
(/usr/share/texlive/texmf-dist/tex/latex/tools/multicol.sty)
(./sphinxhighlight.sty)
(/usr/share/texlive/texmf-dist/tex/latex/kvoptions/kvoptions.sty
(/usr/share/texlive/texmf-dist/tex/generic/kvsetkeys/kvsetkeys.sty)))
(/usr/share/texlive/texmf-dist/tex/latex/geometry/geometry.sty
(/usr/share/texlive/texmf-dist/tex/generic/iftex/ifvtex.sty
(/usr/share/texlive/texmf-dist/tex/generic/iftex/iftex.sty)))
(/usr/share/texlive/texmf-dist/tex/latex/hyperref/hyperref.sty
(/usr/share/texlive/texmf-dist/tex/generic/pdftexcmds/pdftexcmds.sty
(/usr/share/texlive/texmf-dist/tex/generic/infwarerr/infwarerr.sty))
(/usr/share/texlive/texmf-dist/tex/generic/kvdefinekeys/kvdefinekeys.sty)
(/usr/share/texlive/texmf-dist/tex/generic/pdfescape/pdfescape.sty)
(/usr/share/texlive/texmf-dist/tex/latex/hycolor/hycolor.sty)
(/usr/share/texlive/texmf-dist/tex/latex/letltxmacro/letltxmacro.sty)
(/usr/share/texlive/texmf-dist/tex/latex/auxhook/auxhook.sty)
(/usr/share/texlive/texmf-dist/tex/latex/hyperref/pd1enc.def)
(/usr/share/texlive/texmf-dist/tex/generic/intcalc/intcalc.sty)
(/usr/share/texlive/texmf-dist/tex/generic/etexcmds/etexcmds.sty)
(/usr/share/texlive/texmf-dist/tex/latex/hyperref/puenc.def)
(/usr/share/texlive/texmf-dist/tex/latex/url/url.sty)
(/usr/share/texlive/texmf-dist/tex/generic/bitset/bitset.sty
(/usr/share/texlive/texmf-dist/tex/generic/bigintcalc/bigintcalc.sty))
(/usr/share/texlive/texmf-dist/tex/generic/atbegshi/atbegshi.sty))
(/usr/share/texlive/texmf-dist/tex/latex/hyperref/hpdftex.def
(/usr/share/texlive/texmf-dist/tex/latex/atveryend/atveryend.sty)
(/usr/share/texlive/texmf-dist/tex/latex/rerunfilecheck/rerunfilecheck.sty
(/usr/share/texlive/texmf-dist/tex/generic/uniquecounter/uniquecounter.sty)))
(/usr/share/texlive/texmf-dist/tex/latex/oberdiek/hypcap.sty)
(./sphinxmessages.sty)
Writing index file consortium_finance-funding_investors.idx
(/usr/share/texlive/texmf-dist/tex/latex/l3backend/l3backend-pdfmode.def)
(./consortium_finance-funding_investors.aux)
(/usr/share/texlive/texmf-dist/tex/latex/psnfss/t1ptm.fd)
(/usr/share/texlive/texmf-dist/tex/context/base/mkii/supp-pdf.mkii
[Loading MPS to PDF converter (version 2006.09.02).]
) (/usr/share/texlive/texmf-dist/tex/latex/epstopdf-pkg/epstopdf-base.sty
(/usr/share/texlive/texmf-dist/tex/latex/latexconfig/epstopdf-sys.cfg))
*geometry* driver: auto-detecting
*geometry* detected driver: pdftex
(/usr/share/texlive/texmf-dist/tex/latex/hyperref/nameref.sty
(/usr/share/texlive/texmf-dist/tex/latex/refcount/refcount.sty)
(/usr/share/texlive/texmf-dist/tex/generic/gettitlestring/gettitlestring.sty))
(./consortium_finance-funding_investors.out)
(./consortium_finance-funding_investors.out)
(/usr/share/texlive/texmf-dist/tex/latex/psnfss/t1phv.fd)<<ot1.cmap>><<oml.cmap
>><<oms.cmap>><<omx.cmap>>
(/usr/share/texlive/texmf-dist/tex/latex/amsfonts/umsa.fd)
(/usr/share/texlive/texmf-dist/tex/latex/amsfonts/umsb.fd) [1{/var/lib/texmf/fo
nts/map/pdftex/updmap/pdftex.map}] (./consortium_finance-funding_investors.toc
[1]) [2] (/usr/share/texlive/texmf-dist/tex/latex/psnfss/ts1ptm.fd) [1]
Chapter 1.
[2] [3]
Chapter 2.
[4]
Chapter 3.

Overfull \hbox (6.15207pt too wide) in paragraph at lines 443--446
[]|\T1/phv/m/n/10 UID| 

Overfull \hbox (6.15207pt too wide) in paragraph at lines 471--474
[]|\T1/phv/m/n/10 UID| 

Overfull \hbox (3.93224pt too wide) in paragraph at lines 502--504
[]|\T1/ptm/m/n/10 101| 

Overfull \hbox (3.93224pt too wide) in paragraph at lines 521--523
[]|\T1/ptm/m/n/10 102| 

Overfull \hbox (3.93224pt too wide) in paragraph at lines 543--545
[]|\T1/ptm/m/n/10 103| 

Overfull \hbox (3.93224pt too wide) in paragraph at lines 565--567
[]|\T1/ptm/m/n/10 104| 

Overfull \hbox (3.93224pt too wide) in paragraph at lines 587--589
[]|\T1/ptm/m/n/10 105| 

Overfull \hbox (3.93224pt too wide) in paragraph at lines 609--611
[]|\T1/ptm/m/n/10 106| 

Overfull \hbox (3.93224pt too wide) in paragraph at lines 631--633
[]|\T1/ptm/m/n/10 107| 

Overfull \hbox (3.93224pt too wide) in paragraph at lines 650--652
[]|\T1/ptm/m/n/10 108| 

Overfull \hbox (3.93224pt too wide) in paragraph at lines 669--671
[]|\T1/ptm/m/n/10 109| 

Overfull \hbox (3.93224pt too wide) in paragraph at lines 688--690
[]|\T1/ptm/m/n/10 110| 

Overfull \hbox (3.93224pt too wide) in paragraph at lines 710--712
[]|\T1/ptm/m/n/10 111| 

Overfull \hbox (3.93224pt too wide) in paragraph at lines 732--734
[]|\T1/ptm/m/n/10 112| 

Overfull \hbox (3.93224pt too wide) in paragraph at lines 751--753
[]|\T1/ptm/m/n/10 113| 

Overfull \hbox (3.93224pt too wide) in paragraph at lines 773--775
[]|\T1/ptm/m/n/10 114| 

Overfull \hbox (3.93224pt too wide) in paragraph at lines 795--797
[]|\T1/ptm/m/n/10 115| 

Overfull \hbox (3.93224pt too wide) in paragraph at lines 817--819
[]|\T1/ptm/m/n/10 116| 

Overfull \hbox (3.93224pt too wide) in paragraph at lines 839--841
[]|\T1/ptm/m/n/10 117| 

Overfull \hbox (3.93224pt too wide) in paragraph at lines 861--863
[]|\T1/ptm/m/n/10 118| 

Overfull \hbox (3.93224pt too wide) in paragraph at lines 883--885
[]|\T1/ptm/m/n/10 119| 

Overfull \hbox (3.93224pt too wide) in paragraph at lines 902--904
[]|\T1/ptm/m/n/10 120| 

Overfull \hbox (3.93224pt too wide) in paragraph at lines 924--926
[]|\T1/ptm/m/n/10 121| 

Overfull \hbox (3.93224pt too wide) in paragraph at lines 946--948
[]|\T1/ptm/m/n/10 122| 

Overfull \hbox (3.93224pt too wide) in paragraph at lines 968--970
[]|\T1/ptm/m/n/10 123| 

Overfull \hbox (3.93224pt too wide) in paragraph at lines 990--992
[]|\T1/ptm/m/n/10 124| 

Overfull \hbox (3.93224pt too wide) in paragraph at lines 1012--1014
[]|\T1/ptm/m/n/10 125| 

Overfull \hbox (3.93224pt too wide) in paragraph at lines 1031--1033
[]|\T1/ptm/m/n/10 126| 

Overfull \hbox (3.93224pt too wide) in paragraph at lines 1053--1055
[]|\T1/ptm/m/n/10 127| 

Overfull \hbox (3.93224pt too wide) in paragraph at lines 1072--1074
[]|\T1/ptm/m/n/10 128| 

Overfull \hbox (3.93224pt too wide) in paragraph at lines 1094--1096
[]|\T1/ptm/m/n/10 129| 

Overfull \hbox (3.93224pt too wide) in paragraph at lines 1116--1118
[]|\T1/ptm/m/n/10 130| 

Overfull \hbox (3.93224pt too wide) in paragraph at lines 1135--1137
[]|\T1/ptm/m/n/10 131| 

Overfull \hbox (3.93224pt too wide) in paragraph at lines 1154--1156
[]|\T1/ptm/m/n/10 132| 

Overfull \hbox (3.93224pt too wide) in paragraph at lines 1173--1175
[]|\T1/ptm/m/n/10 133| 

Overfull \hbox (3.93224pt too wide) in paragraph at lines 1195--1197
[]|\T1/ptm/m/n/10 134| 

Overfull \hbox (3.93224pt too wide) in paragraph at lines 1217--1219
[]|\T1/ptm/m/n/10 135| 

Overfull \hbox (3.93224pt too wide) in paragraph at lines 1236--1238
[]|\T1/ptm/m/n/10 136| 

Overfull \hbox (3.93224pt too wide) in paragraph at lines 1258--1260
[]|\T1/ptm/m/n/10 137| 

Overfull \hbox (3.93224pt too wide) in paragraph at lines 1280--1282
[]|\T1/ptm/m/n/10 138| 

Overfull \hbox (3.93224pt too wide) in paragraph at lines 1299--1301
[]|\T1/ptm/m/n/10 139| 

Overfull \hbox (3.93224pt too wide) in paragraph at lines 1321--1323
[]|\T1/ptm/m/n/10 140| 

Overfull \hbox (2.9645pt too wide) in paragraph at lines 1330--1332
[]|\T1/ptm/m/n/10 28385.78| 

Overfull \hbox (3.93224pt too wide) in paragraph at lines 1343--1345
[]|\T1/ptm/m/n/10 141| 

Overfull \hbox (3.93224pt too wide) in paragraph at lines 1362--1364
[]|\T1/ptm/m/n/10 142| 

Overfull \hbox (2.9645pt too wide) in paragraph at lines 1371--1373
[]|\T1/ptm/m/n/10 14375.09| 

Overfull \hbox (3.93224pt too wide) in paragraph at lines 1384--1386
[]|\T1/ptm/m/n/10 143| 

Overfull \hbox (2.9645pt too wide) in paragraph at lines 1393--1395
[]|\T1/ptm/m/n/10 25700.63| 

Overfull \hbox (3.93224pt too wide) in paragraph at lines 1406--1408
[]|\T1/ptm/m/n/10 144| 

Overfull \hbox (3.93224pt too wide) in paragraph at lines 1425--1427
[]|\T1/ptm/m/n/10 145| 

Overfull \hbox (3.93224pt too wide) in paragraph at lines 1444--1446
[]|\T1/ptm/m/n/10 146| 

Overfull \hbox (3.93224pt too wide) in paragraph at lines 1463--1465
[]|\T1/ptm/m/n/10 147| 

Overfull \hbox (3.93224pt too wide) in paragraph at lines 1482--1484
[]|\T1/ptm/m/n/10 148| 

Overfull \hbox (3.93224pt too wide) in paragraph at lines 1504--1506
[]|\T1/ptm/m/n/10 149| 

Overfull \hbox (3.93224pt too wide) in paragraph at lines 1523--1525
[]|\T1/ptm/m/n/10 150| 

Overfull \hbox (3.93224pt too wide) in paragraph at lines 1543--1545
[]|\T1/ptm/m/n/10 401| 

Overfull \hbox (7.9645pt too wide) in paragraph at lines 1572--1574
[]|\T1/ptm/m/n/10 100824.64| 

Overfull \hbox (1.29445pt too wide) in paragraph at lines 1581--1584
[]|\T1/ptm/m/n/10 100.00%| 
[5] [6]
Chapter 4.
[7] [8] [9] [10] [11] [12] [13] [14] [15] [16] [17] [18] [19]
Chapter 5.
(./consortium_finance-funding_investors.ind) [20]
(./consortium_finance-funding_investors.aux) )
(see the transcript file for additional information){/usr/share/texlive/texmf-d
ist/fonts/enc/dvips/base/8r.enc}</usr/share/texlive/texmf-dist/fonts/type1/urw/
helvetic/uhvb8a.pfb></usr/share/texlive/texmf-dist/fonts/type1/urw/helvetic/uhv
bo8a.pfb></usr/share/texlive/texmf-dist/fonts/type1/urw/helvetic/uhvr8a.pfb></u
sr/share/texlive/texmf-dist/fonts/type1/urw/times/utmb8a.pfb></usr/share/texliv
e/texmf-dist/fonts/type1/urw/times/utmr8a.pfb></usr/share/texlive/texmf-dist/fo
nts/type1/urw/times/utmri8a.pfb>
Output written on consortium_finance-funding_investors.pdf (23 pages, 134689 by
tes).
Transcript written on consortium_finance-funding_investors.log.
Latexmk: Index file 'consortium_finance-funding_investors.idx' was written
Latexmk: Log file says output to 'consortium_finance-funding_investors.pdf'
Latexmk: Log file says output to 'consortium_finance-funding_investors.pdf'
=== TeX engine is 'pdfTeX'
Latexmk: All targets (consortium_finance-funding_investors.pdf) are up-to-date
