Running Sphinx v3.5.3
making output directory... done
loading pickled environment... done
building [mo]: targets for 0 po files that are out of date
building [latex]: all documents
updating environment: 0 added, 0 changed, 0 removed
looking for now-outdated files... none found
processing consortium_finance-funding_investors.tex... index releasenotes investoraccounts 
resolving references...
done
writing... done
copying TeX support files... copying TeX support files...
done
build succeeded.

The LaTeX files are in build/latex.
Run 'make' in that directory to run these through (pdf)latex
(use `make latexpdf' here to do that automatically).
Rc files read:
  /etc/LatexMk
  latexmkrc
Latexmk: This is Latexmk, John Collins, 17 Apr. 2020, version: 4.69a.
Rule 'pdflatex': The following rules & subrules became out-of-date:
      'pdflatex'
------------
Run number 1 of rule 'pdflatex'
------------
------------
Running 'pdflatex   -recorder  "consortium_finance-funding_investors.tex"'
------------
Latexmk: applying rule 'pdflatex'...
This is pdfTeX, Version 3.14159265-2.6-1.40.21 (TeX Live 2020/Debian) (preloaded format=pdflatex)
 restricted \write18 enabled.
entering extended mode
(./consortium_finance-funding_investors.tex
LaTeX2e <2020-02-02> patch level 5
L3 programming layer <2020-07-17> (./sphinxmanual.cls
Document Class: sphinxmanual 2019/12/01 v2.3.0 Document class (Sphinx manual)
(/usr/share/texlive/texmf-dist/tex/latex/base/report.cls
Document Class: report 2019/12/20 v1.4l Standard LaTeX document class
(/usr/share/texlive/texmf-dist/tex/latex/base/size10.clo)))
(/usr/share/texlive/texmf-dist/tex/latex/base/inputenc.sty)
(/usr/share/texlive/texmf-dist/tex/latex/cmap/cmap.sty)
(/usr/share/texlive/texmf-dist/tex/latex/base/fontenc.sty<<t1.cmap>>)
(/usr/share/texlive/texmf-dist/tex/latex/amsmath/amsmath.sty
For additional information on amsmath, use the `?' option.
(/usr/share/texlive/texmf-dist/tex/latex/amsmath/amstext.sty
(/usr/share/texlive/texmf-dist/tex/latex/amsmath/amsgen.sty))
(/usr/share/texlive/texmf-dist/tex/latex/amsmath/amsbsy.sty)
(/usr/share/texlive/texmf-dist/tex/latex/amsmath/amsopn.sty))
(/usr/share/texlive/texmf-dist/tex/latex/amsfonts/amssymb.sty
(/usr/share/texlive/texmf-dist/tex/latex/amsfonts/amsfonts.sty))
(/usr/share/texlive/texmf-dist/tex/generic/babel/babel.sty
(/usr/share/texlive/texmf-dist/tex/generic/babel/babel.def
(/usr/share/texlive/texmf-dist/tex/generic/babel/txtbabel.def))
(/usr/share/texlive/texmf-dist/tex/generic/babel-english/english.ldf))
(/usr/share/texlive/texmf-dist/tex/latex/psnfss/times.sty)
(/usr/share/texlive/texmf-dist/tex/latex/fncychap/fncychap.sty) (./sphinx.sty
(/usr/share/texlive/texmf-dist/tex/generic/ltxcmds/ltxcmds.sty)
(/usr/share/texlive/texmf-dist/tex/latex/graphics/graphicx.sty
(/usr/share/texlive/texmf-dist/tex/latex/graphics/keyval.sty)
(/usr/share/texlive/texmf-dist/tex/latex/graphics/graphics.sty
(/usr/share/texlive/texmf-dist/tex/latex/graphics/trig.sty)
(/usr/share/texlive/texmf-dist/tex/latex/graphics-cfg/graphics.cfg)
(/usr/share/texlive/texmf-dist/tex/latex/graphics-def/pdftex.def)))
(/usr/share/texlive/texmf-dist/tex/latex/fancyhdr/fancyhdr.sty)
(/usr/share/texlive/texmf-dist/tex/latex/base/textcomp.sty)
(/usr/share/texlive/texmf-dist/tex/latex/titlesec/titlesec.sty)
(/usr/share/texlive/texmf-dist/tex/latex/tabulary/tabulary.sty
(/usr/share/texlive/texmf-dist/tex/latex/tools/array.sty))
(/usr/share/texlive/texmf-dist/tex/latex/tools/longtable.sty)
(/usr/share/texlive/texmf-dist/tex/latex/varwidth/varwidth.sty)
(./sphinxmulticell.sty)
(/usr/share/texlive/texmf-dist/tex/latex/base/makeidx.sty)
(/usr/share/texlive/texmf-dist/tex/latex/framed/framed.sty)
(/usr/share/texlive/texmf-dist/tex/latex/xcolor/xcolor.sty
(/usr/share/texlive/texmf-dist/tex/latex/graphics-cfg/color.cfg))
(/usr/share/texlive/texmf-dist/tex/latex/fancyvrb/fancyvrb.sty)
(./footnotehyper-sphinx.sty)
(/usr/share/texlive/texmf-dist/tex/latex/float/float.sty)
(/usr/share/texlive/texmf-dist/tex/latex/wrapfig/wrapfig.sty)
(/usr/share/texlive/texmf-dist/tex/latex/parskip/parskip.sty
(/usr/share/texlive/texmf-dist/tex/latex/parskip/parskip-2001-04-09.sty))
(/usr/share/texlive/texmf-dist/tex/latex/base/alltt.sty)
(/usr/share/texlive/texmf-dist/tex/latex/upquote/upquote.sty)
(/usr/share/texlive/texmf-dist/tex/latex/capt-of/capt-of.sty)
(/usr/share/texlive/texmf-dist/tex/latex/needspace/needspace.sty)
(/usr/share/texlive/texmf-dist/tex/latex/tools/multicol.sty)
(./sphinxhighlight.sty)
(/usr/share/texlive/texmf-dist/tex/latex/kvoptions/kvoptions.sty
(/usr/share/texlive/texmf-dist/tex/generic/kvsetkeys/kvsetkeys.sty)))
(/usr/share/texlive/texmf-dist/tex/latex/geometry/geometry.sty
(/usr/share/texlive/texmf-dist/tex/generic/iftex/ifvtex.sty
(/usr/share/texlive/texmf-dist/tex/generic/iftex/iftex.sty)))
(/usr/share/texlive/texmf-dist/tex/latex/hyperref/hyperref.sty
(/usr/share/texlive/texmf-dist/tex/generic/pdftexcmds/pdftexcmds.sty
(/usr/share/texlive/texmf-dist/tex/generic/infwarerr/infwarerr.sty))
(/usr/share/texlive/texmf-dist/tex/generic/kvdefinekeys/kvdefinekeys.sty)
(/usr/share/texlive/texmf-dist/tex/generic/pdfescape/pdfescape.sty)
(/usr/share/texlive/texmf-dist/tex/latex/hycolor/hycolor.sty)
(/usr/share/texlive/texmf-dist/tex/latex/letltxmacro/letltxmacro.sty)
(/usr/share/texlive/texmf-dist/tex/latex/auxhook/auxhook.sty)
(/usr/share/texlive/texmf-dist/tex/latex/hyperref/pd1enc.def)
(/usr/share/texlive/texmf-dist/tex/generic/intcalc/intcalc.sty)
(/usr/share/texlive/texmf-dist/tex/generic/etexcmds/etexcmds.sty)
(/usr/share/texlive/texmf-dist/tex/latex/hyperref/puenc.def)
(/usr/share/texlive/texmf-dist/tex/latex/url/url.sty)
(/usr/share/texlive/texmf-dist/tex/generic/bitset/bitset.sty
(/usr/share/texlive/texmf-dist/tex/generic/bigintcalc/bigintcalc.sty))
(/usr/share/texlive/texmf-dist/tex/generic/atbegshi/atbegshi.sty))
(/usr/share/texlive/texmf-dist/tex/latex/hyperref/hpdftex.def
(/usr/share/texlive/texmf-dist/tex/latex/atveryend/atveryend.sty)
(/usr/share/texlive/texmf-dist/tex/latex/rerunfilecheck/rerunfilecheck.sty
(/usr/share/texlive/texmf-dist/tex/generic/uniquecounter/uniquecounter.sty)))
(/usr/share/texlive/texmf-dist/tex/latex/oberdiek/hypcap.sty)
(./sphinxmessages.sty)
Writing index file consortium_finance-funding_investors.idx
(/usr/share/texlive/texmf-dist/tex/latex/l3backend/l3backend-pdfmode.def)
(./consortium_finance-funding_investors.aux)
(/usr/share/texlive/texmf-dist/tex/latex/psnfss/t1ptm.fd)
(/usr/share/texlive/texmf-dist/tex/context/base/mkii/supp-pdf.mkii
[Loading MPS to PDF converter (version 2006.09.02).]
) (/usr/share/texlive/texmf-dist/tex/latex/epstopdf-pkg/epstopdf-base.sty
(/usr/share/texlive/texmf-dist/tex/latex/latexconfig/epstopdf-sys.cfg))
*geometry* driver: auto-detecting
*geometry* detected driver: pdftex
(/usr/share/texlive/texmf-dist/tex/latex/hyperref/nameref.sty
(/usr/share/texlive/texmf-dist/tex/latex/refcount/refcount.sty)
(/usr/share/texlive/texmf-dist/tex/generic/gettitlestring/gettitlestring.sty))
(/usr/share/texlive/texmf-dist/tex/latex/psnfss/t1phv.fd)<<ot1.cmap>><<oml.cmap
>><<oms.cmap>><<omx.cmap>>
(/usr/share/texlive/texmf-dist/tex/latex/amsfonts/umsa.fd)
(/usr/share/texlive/texmf-dist/tex/latex/amsfonts/umsb.fd) [1{/var/lib/texmf/fo
nts/map/pdftex/updmap/pdftex.map}] [1] [1]
Chapter 1.
(/usr/share/texlive/texmf-dist/tex/latex/psnfss/ts1ptm.fd)

Package textcomp Warning: Symbol \textasciigrave not provided by
(textcomp)                font family ptm in TS1 encoding.
(textcomp)                Default family used instead on input line 221.

[2]

Package textcomp Warning: Symbol \textasciigrave not provided by
(textcomp)                font family ptm in TS1 encoding.
(textcomp)                Default family used instead on input line 230.

[3]
Chapter 2.

Overfull \hbox (6.15207pt too wide) in paragraph at lines 337--340
[]|\T1/phv/m/n/10 UID| 

Overfull \hbox (6.15207pt too wide) in paragraph at lines 365--368
[]|\T1/phv/m/n/10 UID| 

Overfull \hbox (3.93224pt too wide) in paragraph at lines 396--398
[]|\T1/ptm/m/n/10 101| 

Overfull \hbox (3.93224pt too wide) in paragraph at lines 415--417
[]|\T1/ptm/m/n/10 102| 

Overfull \hbox (3.93224pt too wide) in paragraph at lines 437--439
[]|\T1/ptm/m/n/10 103| 

Overfull \hbox (3.93224pt too wide) in paragraph at lines 459--461
[]|\T1/ptm/m/n/10 104| 

Overfull \hbox (3.93224pt too wide) in paragraph at lines 481--483
[]|\T1/ptm/m/n/10 105| 

Overfull \hbox (3.93224pt too wide) in paragraph at lines 503--505
[]|\T1/ptm/m/n/10 106| 

Overfull \hbox (3.93224pt too wide) in paragraph at lines 525--527
[]|\T1/ptm/m/n/10 107| 

Overfull \hbox (3.93224pt too wide) in paragraph at lines 544--546
[]|\T1/ptm/m/n/10 108| 

Overfull \hbox (3.93224pt too wide) in paragraph at lines 563--565
[]|\T1/ptm/m/n/10 109| 

Overfull \hbox (3.93224pt too wide) in paragraph at lines 582--584
[]|\T1/ptm/m/n/10 110| 

Overfull \hbox (3.93224pt too wide) in paragraph at lines 604--606
[]|\T1/ptm/m/n/10 111| 

Overfull \hbox (3.93224pt too wide) in paragraph at lines 626--628
[]|\T1/ptm/m/n/10 112| 

Overfull \hbox (3.93224pt too wide) in paragraph at lines 645--647
[]|\T1/ptm/m/n/10 113| 

Overfull \hbox (3.93224pt too wide) in paragraph at lines 667--669
[]|\T1/ptm/m/n/10 114| 

Overfull \hbox (3.93224pt too wide) in paragraph at lines 689--691
[]|\T1/ptm/m/n/10 115| 

Overfull \hbox (3.93224pt too wide) in paragraph at lines 711--713
[]|\T1/ptm/m/n/10 116| 

Overfull \hbox (3.93224pt too wide) in paragraph at lines 733--735
[]|\T1/ptm/m/n/10 117| 

Overfull \hbox (3.93224pt too wide) in paragraph at lines 755--757
[]|\T1/ptm/m/n/10 118| 

Overfull \hbox (3.93224pt too wide) in paragraph at lines 777--779
[]|\T1/ptm/m/n/10 119| 

Overfull \hbox (3.93224pt too wide) in paragraph at lines 796--798
[]|\T1/ptm/m/n/10 120| 

Overfull \hbox (3.93224pt too wide) in paragraph at lines 818--820
[]|\T1/ptm/m/n/10 121| 

Overfull \hbox (3.93224pt too wide) in paragraph at lines 840--842
[]|\T1/ptm/m/n/10 122| 

Overfull \hbox (3.93224pt too wide) in paragraph at lines 862--864
[]|\T1/ptm/m/n/10 123| 

Overfull \hbox (3.93224pt too wide) in paragraph at lines 884--886
[]|\T1/ptm/m/n/10 124| 

Overfull \hbox (3.93224pt too wide) in paragraph at lines 906--908
[]|\T1/ptm/m/n/10 125| 

Overfull \hbox (3.93224pt too wide) in paragraph at lines 925--927
[]|\T1/ptm/m/n/10 126| 

Overfull \hbox (3.93224pt too wide) in paragraph at lines 947--949
[]|\T1/ptm/m/n/10 127| 

Overfull \hbox (3.93224pt too wide) in paragraph at lines 966--968
[]|\T1/ptm/m/n/10 128| 

Overfull \hbox (3.93224pt too wide) in paragraph at lines 988--990
[]|\T1/ptm/m/n/10 129| 

Overfull \hbox (3.93224pt too wide) in paragraph at lines 1010--1012
[]|\T1/ptm/m/n/10 130| 

Overfull \hbox (3.93224pt too wide) in paragraph at lines 1029--1031
[]|\T1/ptm/m/n/10 131| 

Overfull \hbox (3.93224pt too wide) in paragraph at lines 1048--1050
[]|\T1/ptm/m/n/10 132| 

Overfull \hbox (3.93224pt too wide) in paragraph at lines 1067--1069
[]|\T1/ptm/m/n/10 133| 

Overfull \hbox (3.93224pt too wide) in paragraph at lines 1089--1091
[]|\T1/ptm/m/n/10 134| 

Overfull \hbox (3.93224pt too wide) in paragraph at lines 1111--1113
[]|\T1/ptm/m/n/10 135| 

Overfull \hbox (3.93224pt too wide) in paragraph at lines 1130--1132
[]|\T1/ptm/m/n/10 136| 

Overfull \hbox (3.93224pt too wide) in paragraph at lines 1152--1154
[]|\T1/ptm/m/n/10 137| 

Overfull \hbox (3.93224pt too wide) in paragraph at lines 1174--1176
[]|\T1/ptm/m/n/10 138| 

Overfull \hbox (3.93224pt too wide) in paragraph at lines 1193--1195
[]|\T1/ptm/m/n/10 139| 

Overfull \hbox (3.93224pt too wide) in paragraph at lines 1215--1217
[]|\T1/ptm/m/n/10 140| 

Overfull \hbox (3.93224pt too wide) in paragraph at lines 1237--1239
[]|\T1/ptm/m/n/10 141| 

Overfull \hbox (3.93224pt too wide) in paragraph at lines 1256--1258
[]|\T1/ptm/m/n/10 142| 

Overfull \hbox (1.29445pt too wide) in paragraph at lines 1274--1277
[]|\T1/ptm/m/n/10 14.210%| 

Overfull \hbox (3.93224pt too wide) in paragraph at lines 1278--1280
[]|\T1/ptm/m/n/10 143| 

Overfull \hbox (1.29445pt too wide) in paragraph at lines 1296--1299
[]|\T1/ptm/m/n/10 28.108%| 

Overfull \hbox (3.93224pt too wide) in paragraph at lines 1300--1302
[]|\T1/ptm/m/n/10 144| 

Overfull \hbox (3.93224pt too wide) in paragraph at lines 1319--1321
[]|\T1/ptm/m/n/10 145| 

Overfull \hbox (3.93224pt too wide) in paragraph at lines 1338--1340
[]|\T1/ptm/m/n/10 146| 

Overfull \hbox (3.93224pt too wide) in paragraph at lines 1357--1359
[]|\T1/ptm/m/n/10 147| 

Overfull \hbox (3.93224pt too wide) in paragraph at lines 1376--1378
[]|\T1/ptm/m/n/10 148| 

Overfull \hbox (3.93224pt too wide) in paragraph at lines 1398--1400
[]|\T1/ptm/m/n/10 149| 

Overfull \hbox (3.93224pt too wide) in paragraph at lines 1417--1419
[]|\T1/ptm/m/n/10 150| 

Overfull \hbox (3.93224pt too wide) in paragraph at lines 1436--1438
[]|\T1/ptm/m/n/10 151| 

Underfull \hbox (badness 10000) in paragraph at lines 1454--1457
[]|\T1/ptm/m/n/10 Queued

Overfull \hbox (3.93224pt too wide) in paragraph at lines 1458--1460
[]|\T1/ptm/m/n/10 152| 

Underfull \hbox (badness 10000) in paragraph at lines 1476--1479
[]|\T1/ptm/m/n/10 Queued

Overfull \hbox (3.93224pt too wide) in paragraph at lines 1480--1482
[]|\T1/ptm/m/n/10 153| 

Underfull \hbox (badness 10000) in paragraph at lines 1498--1501
[]|\T1/ptm/m/n/10 Queued

Overfull \hbox (3.93224pt too wide) in paragraph at lines 1502--1504
[]|\T1/ptm/m/n/10 154| 

Overfull \hbox (3.93224pt too wide) in paragraph at lines 1525--1527
[]|\T1/ptm/m/n/10 401| 

Overfull \hbox (1.29445pt too wide) in paragraph at lines 1540--1543
[]|\T1/ptm/m/n/10 15.018%| 

Overfull \hbox (6.29445pt too wide) in paragraph at lines 1563--1566
[]|\T1/ptm/m/n/10 100.000%| 
[4] [5] [6] [7] [8] [9] [10] [11] [12] [13] [14] [15] [16] [17] [18]
Chapter 3.
No file consortium_finance-funding_investors.ind.
[19] (./consortium_finance-funding_investors.aux)

Package rerunfilecheck Warning: File `consortium_finance-funding_investors.out'
 has changed.
(rerunfilecheck)                Rerun to get outlines right
(rerunfilecheck)                or use package `bookmark'.


LaTeX Warning: Label(s) may have changed. Rerun to get cross-references right.

 )
(see the transcript file for additional information){/usr/share/texlive/texmf-d
ist/fonts/enc/dvips/base/8r.enc} </root/.texlive2020/texmf-var/fonts/pk/ljfour/
jknappen/ec/tcrb1000.600pk></usr/share/texlive/texmf-dist/fonts/type1/urw/helve
tic/uhvb8a.pfb></usr/share/texlive/texmf-dist/fonts/type1/urw/helvetic/uhvbo8a.
pfb></usr/share/texlive/texmf-dist/fonts/type1/urw/helvetic/uhvr8a.pfb></usr/sh
are/texlive/texmf-dist/fonts/type1/urw/times/utmb8a.pfb></usr/share/texlive/tex
mf-dist/fonts/type1/urw/times/utmr8a.pfb></usr/share/texlive/texmf-dist/fonts/t
ype1/urw/times/utmri8a.pfb>
Output written on consortium_finance-funding_investors.pdf (21 pages, 121325 by
tes).
Transcript written on consortium_finance-funding_investors.log.
Latexmk: Index file 'consortium_finance-funding_investors.idx' was written
Latexmk: Missing input file: 'consortium_finance-funding_investors.ind' from line
  'No file consortium_finance-funding_investors.ind.'
Latexmk: References changed.
Latexmk: References changed.
Latexmk: Log file says output to 'consortium_finance-funding_investors.pdf'
Latexmk: Log file says output to 'consortium_finance-funding_investors.pdf'
Rule 'makeindex consortium_finance-funding_investors.idx': File changes, etc:
   Changed files, or newly in use since previous run(s):
      'consortium_finance-funding_investors.idx'
------------
Run number 1 of rule 'makeindex consortium_finance-funding_investors.idx'
------------
------------
Running 'makeindex -s python.ist  -o "consortium_finance-funding_investors.ind" "consortium_finance-funding_investors.idx"'
------------
=== TeX engine is 'pdfTeX'
Latexmk: applying rule 'makeindex consortium_finance-funding_investors.idx'...
This is makeindex, version 2.15 [TeX Live 2020] (kpathsea + Thai support).
Scanning style file ./python.ist.......done (7 attributes redefined, 0 ignored).
Scanning input file consortium_finance-funding_investors.idx...done (0 entries accepted, 0 rejected).
Nothing written in consortium_finance-funding_investors.ind.
Transcript written in consortium_finance-funding_investors.ilg.
Rule 'pdflatex': File changes, etc:
   Changed files, or newly in use since previous run(s):
      'consortium_finance-funding_investors.aux'
      'consortium_finance-funding_investors.ind'
      'consortium_finance-funding_investors.out'
------------
Run number 2 of rule 'pdflatex'
------------
------------
Running 'pdflatex   -recorder  "consortium_finance-funding_investors.tex"'
------------
Latexmk: applying rule 'pdflatex'...
This is pdfTeX, Version 3.14159265-2.6-1.40.21 (TeX Live 2020/Debian) (preloaded format=pdflatex)
 restricted \write18 enabled.
entering extended mode
(./consortium_finance-funding_investors.tex
LaTeX2e <2020-02-02> patch level 5
L3 programming layer <2020-07-17> (./sphinxmanual.cls
Document Class: sphinxmanual 2019/12/01 v2.3.0 Document class (Sphinx manual)
(/usr/share/texlive/texmf-dist/tex/latex/base/report.cls
Document Class: report 2019/12/20 v1.4l Standard LaTeX document class
(/usr/share/texlive/texmf-dist/tex/latex/base/size10.clo)))
(/usr/share/texlive/texmf-dist/tex/latex/base/inputenc.sty)
(/usr/share/texlive/texmf-dist/tex/latex/cmap/cmap.sty)
(/usr/share/texlive/texmf-dist/tex/latex/base/fontenc.sty<<t1.cmap>>)
(/usr/share/texlive/texmf-dist/tex/latex/amsmath/amsmath.sty
For additional information on amsmath, use the `?' option.
(/usr/share/texlive/texmf-dist/tex/latex/amsmath/amstext.sty
(/usr/share/texlive/texmf-dist/tex/latex/amsmath/amsgen.sty))
(/usr/share/texlive/texmf-dist/tex/latex/amsmath/amsbsy.sty)
(/usr/share/texlive/texmf-dist/tex/latex/amsmath/amsopn.sty))
(/usr/share/texlive/texmf-dist/tex/latex/amsfonts/amssymb.sty
(/usr/share/texlive/texmf-dist/tex/latex/amsfonts/amsfonts.sty))
(/usr/share/texlive/texmf-dist/tex/generic/babel/babel.sty
(/usr/share/texlive/texmf-dist/tex/generic/babel/babel.def
(/usr/share/texlive/texmf-dist/tex/generic/babel/txtbabel.def))
(/usr/share/texlive/texmf-dist/tex/generic/babel-english/english.ldf))
(/usr/share/texlive/texmf-dist/tex/latex/psnfss/times.sty)
(/usr/share/texlive/texmf-dist/tex/latex/fncychap/fncychap.sty) (./sphinx.sty
(/usr/share/texlive/texmf-dist/tex/generic/ltxcmds/ltxcmds.sty)
(/usr/share/texlive/texmf-dist/tex/latex/graphics/graphicx.sty
(/usr/share/texlive/texmf-dist/tex/latex/graphics/keyval.sty)
(/usr/share/texlive/texmf-dist/tex/latex/graphics/graphics.sty
(/usr/share/texlive/texmf-dist/tex/latex/graphics/trig.sty)
(/usr/share/texlive/texmf-dist/tex/latex/graphics-cfg/graphics.cfg)
(/usr/share/texlive/texmf-dist/tex/latex/graphics-def/pdftex.def)))
(/usr/share/texlive/texmf-dist/tex/latex/fancyhdr/fancyhdr.sty)
(/usr/share/texlive/texmf-dist/tex/latex/base/textcomp.sty)
(/usr/share/texlive/texmf-dist/tex/latex/titlesec/titlesec.sty)
(/usr/share/texlive/texmf-dist/tex/latex/tabulary/tabulary.sty
(/usr/share/texlive/texmf-dist/tex/latex/tools/array.sty))
(/usr/share/texlive/texmf-dist/tex/latex/tools/longtable.sty)
(/usr/share/texlive/texmf-dist/tex/latex/varwidth/varwidth.sty)
(./sphinxmulticell.sty)
(/usr/share/texlive/texmf-dist/tex/latex/base/makeidx.sty)
(/usr/share/texlive/texmf-dist/tex/latex/framed/framed.sty)
(/usr/share/texlive/texmf-dist/tex/latex/xcolor/xcolor.sty
(/usr/share/texlive/texmf-dist/tex/latex/graphics-cfg/color.cfg))
(/usr/share/texlive/texmf-dist/tex/latex/fancyvrb/fancyvrb.sty)
(./footnotehyper-sphinx.sty)
(/usr/share/texlive/texmf-dist/tex/latex/float/float.sty)
(/usr/share/texlive/texmf-dist/tex/latex/wrapfig/wrapfig.sty)
(/usr/share/texlive/texmf-dist/tex/latex/parskip/parskip.sty
(/usr/share/texlive/texmf-dist/tex/latex/parskip/parskip-2001-04-09.sty))
(/usr/share/texlive/texmf-dist/tex/latex/base/alltt.sty)
(/usr/share/texlive/texmf-dist/tex/latex/upquote/upquote.sty)
(/usr/share/texlive/texmf-dist/tex/latex/capt-of/capt-of.sty)
(/usr/share/texlive/texmf-dist/tex/latex/needspace/needspace.sty)
(/usr/share/texlive/texmf-dist/tex/latex/tools/multicol.sty)
(./sphinxhighlight.sty)
(/usr/share/texlive/texmf-dist/tex/latex/kvoptions/kvoptions.sty
(/usr/share/texlive/texmf-dist/tex/generic/kvsetkeys/kvsetkeys.sty)))
(/usr/share/texlive/texmf-dist/tex/latex/geometry/geometry.sty
(/usr/share/texlive/texmf-dist/tex/generic/iftex/ifvtex.sty
(/usr/share/texlive/texmf-dist/tex/generic/iftex/iftex.sty)))
(/usr/share/texlive/texmf-dist/tex/latex/hyperref/hyperref.sty
(/usr/share/texlive/texmf-dist/tex/generic/pdftexcmds/pdftexcmds.sty
(/usr/share/texlive/texmf-dist/tex/generic/infwarerr/infwarerr.sty))
(/usr/share/texlive/texmf-dist/tex/generic/kvdefinekeys/kvdefinekeys.sty)
(/usr/share/texlive/texmf-dist/tex/generic/pdfescape/pdfescape.sty)
(/usr/share/texlive/texmf-dist/tex/latex/hycolor/hycolor.sty)
(/usr/share/texlive/texmf-dist/tex/latex/letltxmacro/letltxmacro.sty)
(/usr/share/texlive/texmf-dist/tex/latex/auxhook/auxhook.sty)
(/usr/share/texlive/texmf-dist/tex/latex/hyperref/pd1enc.def)
(/usr/share/texlive/texmf-dist/tex/generic/intcalc/intcalc.sty)
(/usr/share/texlive/texmf-dist/tex/generic/etexcmds/etexcmds.sty)
(/usr/share/texlive/texmf-dist/tex/latex/hyperref/puenc.def)
(/usr/share/texlive/texmf-dist/tex/latex/url/url.sty)
(/usr/share/texlive/texmf-dist/tex/generic/bitset/bitset.sty
(/usr/share/texlive/texmf-dist/tex/generic/bigintcalc/bigintcalc.sty))
(/usr/share/texlive/texmf-dist/tex/generic/atbegshi/atbegshi.sty))
(/usr/share/texlive/texmf-dist/tex/latex/hyperref/hpdftex.def
(/usr/share/texlive/texmf-dist/tex/latex/atveryend/atveryend.sty)
(/usr/share/texlive/texmf-dist/tex/latex/rerunfilecheck/rerunfilecheck.sty
(/usr/share/texlive/texmf-dist/tex/generic/uniquecounter/uniquecounter.sty)))
(/usr/share/texlive/texmf-dist/tex/latex/oberdiek/hypcap.sty)
(./sphinxmessages.sty)
Writing index file consortium_finance-funding_investors.idx
(/usr/share/texlive/texmf-dist/tex/latex/l3backend/l3backend-pdfmode.def)
(./consortium_finance-funding_investors.aux)
(/usr/share/texlive/texmf-dist/tex/latex/psnfss/t1ptm.fd)
(/usr/share/texlive/texmf-dist/tex/context/base/mkii/supp-pdf.mkii
[Loading MPS to PDF converter (version 2006.09.02).]
) (/usr/share/texlive/texmf-dist/tex/latex/epstopdf-pkg/epstopdf-base.sty
(/usr/share/texlive/texmf-dist/tex/latex/latexconfig/epstopdf-sys.cfg))
*geometry* driver: auto-detecting
*geometry* detected driver: pdftex
(/usr/share/texlive/texmf-dist/tex/latex/hyperref/nameref.sty
(/usr/share/texlive/texmf-dist/tex/latex/refcount/refcount.sty)
(/usr/share/texlive/texmf-dist/tex/generic/gettitlestring/gettitlestring.sty))
(./consortium_finance-funding_investors.out)
(./consortium_finance-funding_investors.out)
(/usr/share/texlive/texmf-dist/tex/latex/psnfss/t1phv.fd)<<ot1.cmap>><<oml.cmap
>><<oms.cmap>><<omx.cmap>>
(/usr/share/texlive/texmf-dist/tex/latex/amsfonts/umsa.fd)
(/usr/share/texlive/texmf-dist/tex/latex/amsfonts/umsb.fd) [1{/var/lib/texmf/fo
nts/map/pdftex/updmap/pdftex.map}] (./consortium_finance-funding_investors.toc)
[1] [1]
Chapter 1.
(/usr/share/texlive/texmf-dist/tex/latex/psnfss/ts1ptm.fd)

Package textcomp Warning: Symbol \textasciigrave not provided by
(textcomp)                font family ptm in TS1 encoding.
(textcomp)                Default family used instead on input line 221.

[2]

Package textcomp Warning: Symbol \textasciigrave not provided by
(textcomp)                font family ptm in TS1 encoding.
(textcomp)                Default family used instead on input line 230.

[3]
Chapter 2.

Overfull \hbox (6.15207pt too wide) in paragraph at lines 337--340
[]|\T1/phv/m/n/10 UID| 

Overfull \hbox (6.15207pt too wide) in paragraph at lines 365--368
[]|\T1/phv/m/n/10 UID| 

Overfull \hbox (3.93224pt too wide) in paragraph at lines 396--398
[]|\T1/ptm/m/n/10 101| 

Overfull \hbox (3.93224pt too wide) in paragraph at lines 415--417
[]|\T1/ptm/m/n/10 102| 

Overfull \hbox (3.93224pt too wide) in paragraph at lines 437--439
[]|\T1/ptm/m/n/10 103| 

Overfull \hbox (3.93224pt too wide) in paragraph at lines 459--461
[]|\T1/ptm/m/n/10 104| 

Overfull \hbox (3.93224pt too wide) in paragraph at lines 481--483
[]|\T1/ptm/m/n/10 105| 

Overfull \hbox (3.93224pt too wide) in paragraph at lines 503--505
[]|\T1/ptm/m/n/10 106| 

Overfull \hbox (3.93224pt too wide) in paragraph at lines 525--527
[]|\T1/ptm/m/n/10 107| 

Overfull \hbox (3.93224pt too wide) in paragraph at lines 544--546
[]|\T1/ptm/m/n/10 108| 

Overfull \hbox (3.93224pt too wide) in paragraph at lines 563--565
[]|\T1/ptm/m/n/10 109| 

Overfull \hbox (3.93224pt too wide) in paragraph at lines 582--584
[]|\T1/ptm/m/n/10 110| 

Overfull \hbox (3.93224pt too wide) in paragraph at lines 604--606
[]|\T1/ptm/m/n/10 111| 

Overfull \hbox (3.93224pt too wide) in paragraph at lines 626--628
[]|\T1/ptm/m/n/10 112| 

Overfull \hbox (3.93224pt too wide) in paragraph at lines 645--647
[]|\T1/ptm/m/n/10 113| 

Overfull \hbox (3.93224pt too wide) in paragraph at lines 667--669
[]|\T1/ptm/m/n/10 114| 

Overfull \hbox (3.93224pt too wide) in paragraph at lines 689--691
[]|\T1/ptm/m/n/10 115| 

Overfull \hbox (3.93224pt too wide) in paragraph at lines 711--713
[]|\T1/ptm/m/n/10 116| 

Overfull \hbox (3.93224pt too wide) in paragraph at lines 733--735
[]|\T1/ptm/m/n/10 117| 

Overfull \hbox (3.93224pt too wide) in paragraph at lines 755--757
[]|\T1/ptm/m/n/10 118| 

Overfull \hbox (3.93224pt too wide) in paragraph at lines 777--779
[]|\T1/ptm/m/n/10 119| 

Overfull \hbox (3.93224pt too wide) in paragraph at lines 796--798
[]|\T1/ptm/m/n/10 120| 

Overfull \hbox (3.93224pt too wide) in paragraph at lines 818--820
[]|\T1/ptm/m/n/10 121| 

Overfull \hbox (3.93224pt too wide) in paragraph at lines 840--842
[]|\T1/ptm/m/n/10 122| 

Overfull \hbox (3.93224pt too wide) in paragraph at lines 862--864
[]|\T1/ptm/m/n/10 123| 

Overfull \hbox (3.93224pt too wide) in paragraph at lines 884--886
[]|\T1/ptm/m/n/10 124| 

Overfull \hbox (3.93224pt too wide) in paragraph at lines 906--908
[]|\T1/ptm/m/n/10 125| 

Overfull \hbox (3.93224pt too wide) in paragraph at lines 925--927
[]|\T1/ptm/m/n/10 126| 

Overfull \hbox (3.93224pt too wide) in paragraph at lines 947--949
[]|\T1/ptm/m/n/10 127| 

Overfull \hbox (3.93224pt too wide) in paragraph at lines 966--968
[]|\T1/ptm/m/n/10 128| 

Overfull \hbox (3.93224pt too wide) in paragraph at lines 988--990
[]|\T1/ptm/m/n/10 129| 

Overfull \hbox (3.93224pt too wide) in paragraph at lines 1010--1012
[]|\T1/ptm/m/n/10 130| 

Overfull \hbox (3.93224pt too wide) in paragraph at lines 1029--1031
[]|\T1/ptm/m/n/10 131| 

Overfull \hbox (3.93224pt too wide) in paragraph at lines 1048--1050
[]|\T1/ptm/m/n/10 132| 

Overfull \hbox (3.93224pt too wide) in paragraph at lines 1067--1069
[]|\T1/ptm/m/n/10 133| 

Overfull \hbox (3.93224pt too wide) in paragraph at lines 1089--1091
[]|\T1/ptm/m/n/10 134| 

Overfull \hbox (3.93224pt too wide) in paragraph at lines 1111--1113
[]|\T1/ptm/m/n/10 135| 

Overfull \hbox (3.93224pt too wide) in paragraph at lines 1130--1132
[]|\T1/ptm/m/n/10 136| 

Overfull \hbox (3.93224pt too wide) in paragraph at lines 1152--1154
[]|\T1/ptm/m/n/10 137| 

Overfull \hbox (3.93224pt too wide) in paragraph at lines 1174--1176
[]|\T1/ptm/m/n/10 138| 

Overfull \hbox (3.93224pt too wide) in paragraph at lines 1193--1195
[]|\T1/ptm/m/n/10 139| 

Overfull \hbox (3.93224pt too wide) in paragraph at lines 1215--1217
[]|\T1/ptm/m/n/10 140| 

Overfull \hbox (3.93224pt too wide) in paragraph at lines 1237--1239
[]|\T1/ptm/m/n/10 141| 

Overfull \hbox (3.93224pt too wide) in paragraph at lines 1256--1258
[]|\T1/ptm/m/n/10 142| 

Overfull \hbox (1.29445pt too wide) in paragraph at lines 1274--1277
[]|\T1/ptm/m/n/10 14.210%| 

Overfull \hbox (3.93224pt too wide) in paragraph at lines 1278--1280
[]|\T1/ptm/m/n/10 143| 

Overfull \hbox (1.29445pt too wide) in paragraph at lines 1296--1299
[]|\T1/ptm/m/n/10 28.108%| 

Overfull \hbox (3.93224pt too wide) in paragraph at lines 1300--1302
[]|\T1/ptm/m/n/10 144| 

Overfull \hbox (3.93224pt too wide) in paragraph at lines 1319--1321
[]|\T1/ptm/m/n/10 145| 

Overfull \hbox (3.93224pt too wide) in paragraph at lines 1338--1340
[]|\T1/ptm/m/n/10 146| 

Overfull \hbox (3.93224pt too wide) in paragraph at lines 1357--1359
[]|\T1/ptm/m/n/10 147| 

Overfull \hbox (3.93224pt too wide) in paragraph at lines 1376--1378
[]|\T1/ptm/m/n/10 148| 

Overfull \hbox (3.93224pt too wide) in paragraph at lines 1398--1400
[]|\T1/ptm/m/n/10 149| 

Overfull \hbox (3.93224pt too wide) in paragraph at lines 1417--1419
[]|\T1/ptm/m/n/10 150| 

Overfull \hbox (3.93224pt too wide) in paragraph at lines 1436--1438
[]|\T1/ptm/m/n/10 151| 

Underfull \hbox (badness 10000) in paragraph at lines 1454--1457
[]|\T1/ptm/m/n/10 Queued

Overfull \hbox (3.93224pt too wide) in paragraph at lines 1458--1460
[]|\T1/ptm/m/n/10 152| 

Underfull \hbox (badness 10000) in paragraph at lines 1476--1479
[]|\T1/ptm/m/n/10 Queued

Overfull \hbox (3.93224pt too wide) in paragraph at lines 1480--1482
[]|\T1/ptm/m/n/10 153| 

Underfull \hbox (badness 10000) in paragraph at lines 1498--1501
[]|\T1/ptm/m/n/10 Queued

Overfull \hbox (3.93224pt too wide) in paragraph at lines 1502--1504
[]|\T1/ptm/m/n/10 154| 

Overfull \hbox (3.93224pt too wide) in paragraph at lines 1525--1527
[]|\T1/ptm/m/n/10 401| 

Overfull \hbox (1.29445pt too wide) in paragraph at lines 1540--1543
[]|\T1/ptm/m/n/10 15.018%| 

Overfull \hbox (6.29445pt too wide) in paragraph at lines 1563--1566
[]|\T1/ptm/m/n/10 100.000%| 
[4] [5] [6] [7] [8] [9] [10] [11] [12] [13] [14] [15] [16] [17] [18]
Chapter 3.
(./consortium_finance-funding_investors.ind) [19]
(./consortium_finance-funding_investors.aux) )
(see the transcript file for additional information){/usr/share/texlive/texmf-d
ist/fonts/enc/dvips/base/8r.enc} </root/.texlive2020/texmf-var/fonts/pk/ljfour/
jknappen/ec/tcrb1000.600pk></usr/share/texlive/texmf-dist/fonts/type1/urw/helve
tic/uhvb8a.pfb></usr/share/texlive/texmf-dist/fonts/type1/urw/helvetic/uhvbo8a.
pfb></usr/share/texlive/texmf-dist/fonts/type1/urw/helvetic/uhvr8a.pfb></usr/sh
are/texlive/texmf-dist/fonts/type1/urw/times/utmb8a.pfb></usr/share/texlive/tex
mf-dist/fonts/type1/urw/times/utmr8a.pfb></usr/share/texlive/texmf-dist/fonts/t
ype1/urw/times/utmri8a.pfb>
Output written on consortium_finance-funding_investors.pdf (21 pages, 124999 by
tes).
Transcript written on consortium_finance-funding_investors.log.
Latexmk: Index file 'consortium_finance-funding_investors.idx' was written
Latexmk: Log file says output to 'consortium_finance-funding_investors.pdf'
Latexmk: Log file says output to 'consortium_finance-funding_investors.pdf'
Rule 'pdflatex': File changes, etc:
   Changed files, or newly in use since previous run(s):
      'consortium_finance-funding_investors.toc'
------------
Run number 3 of rule 'pdflatex'
------------
------------
Running 'pdflatex   -recorder  "consortium_finance-funding_investors.tex"'
------------
=== TeX engine is 'pdfTeX'
Latexmk: applying rule 'pdflatex'...
This is pdfTeX, Version 3.14159265-2.6-1.40.21 (TeX Live 2020/Debian) (preloaded format=pdflatex)
 restricted \write18 enabled.
entering extended mode
(./consortium_finance-funding_investors.tex
LaTeX2e <2020-02-02> patch level 5
L3 programming layer <2020-07-17> (./sphinxmanual.cls
Document Class: sphinxmanual 2019/12/01 v2.3.0 Document class (Sphinx manual)
(/usr/share/texlive/texmf-dist/tex/latex/base/report.cls
Document Class: report 2019/12/20 v1.4l Standard LaTeX document class
(/usr/share/texlive/texmf-dist/tex/latex/base/size10.clo)))
(/usr/share/texlive/texmf-dist/tex/latex/base/inputenc.sty)
(/usr/share/texlive/texmf-dist/tex/latex/cmap/cmap.sty)
(/usr/share/texlive/texmf-dist/tex/latex/base/fontenc.sty<<t1.cmap>>)
(/usr/share/texlive/texmf-dist/tex/latex/amsmath/amsmath.sty
For additional information on amsmath, use the `?' option.
(/usr/share/texlive/texmf-dist/tex/latex/amsmath/amstext.sty
(/usr/share/texlive/texmf-dist/tex/latex/amsmath/amsgen.sty))
(/usr/share/texlive/texmf-dist/tex/latex/amsmath/amsbsy.sty)
(/usr/share/texlive/texmf-dist/tex/latex/amsmath/amsopn.sty))
(/usr/share/texlive/texmf-dist/tex/latex/amsfonts/amssymb.sty
(/usr/share/texlive/texmf-dist/tex/latex/amsfonts/amsfonts.sty))
(/usr/share/texlive/texmf-dist/tex/generic/babel/babel.sty
(/usr/share/texlive/texmf-dist/tex/generic/babel/babel.def
(/usr/share/texlive/texmf-dist/tex/generic/babel/txtbabel.def))
(/usr/share/texlive/texmf-dist/tex/generic/babel-english/english.ldf))
(/usr/share/texlive/texmf-dist/tex/latex/psnfss/times.sty)
(/usr/share/texlive/texmf-dist/tex/latex/fncychap/fncychap.sty) (./sphinx.sty
(/usr/share/texlive/texmf-dist/tex/generic/ltxcmds/ltxcmds.sty)
(/usr/share/texlive/texmf-dist/tex/latex/graphics/graphicx.sty
(/usr/share/texlive/texmf-dist/tex/latex/graphics/keyval.sty)
(/usr/share/texlive/texmf-dist/tex/latex/graphics/graphics.sty
(/usr/share/texlive/texmf-dist/tex/latex/graphics/trig.sty)
(/usr/share/texlive/texmf-dist/tex/latex/graphics-cfg/graphics.cfg)
(/usr/share/texlive/texmf-dist/tex/latex/graphics-def/pdftex.def)))
(/usr/share/texlive/texmf-dist/tex/latex/fancyhdr/fancyhdr.sty)
(/usr/share/texlive/texmf-dist/tex/latex/base/textcomp.sty)
(/usr/share/texlive/texmf-dist/tex/latex/titlesec/titlesec.sty)
(/usr/share/texlive/texmf-dist/tex/latex/tabulary/tabulary.sty
(/usr/share/texlive/texmf-dist/tex/latex/tools/array.sty))
(/usr/share/texlive/texmf-dist/tex/latex/tools/longtable.sty)
(/usr/share/texlive/texmf-dist/tex/latex/varwidth/varwidth.sty)
(./sphinxmulticell.sty)
(/usr/share/texlive/texmf-dist/tex/latex/base/makeidx.sty)
(/usr/share/texlive/texmf-dist/tex/latex/framed/framed.sty)
(/usr/share/texlive/texmf-dist/tex/latex/xcolor/xcolor.sty
(/usr/share/texlive/texmf-dist/tex/latex/graphics-cfg/color.cfg))
(/usr/share/texlive/texmf-dist/tex/latex/fancyvrb/fancyvrb.sty)
(./footnotehyper-sphinx.sty)
(/usr/share/texlive/texmf-dist/tex/latex/float/float.sty)
(/usr/share/texlive/texmf-dist/tex/latex/wrapfig/wrapfig.sty)
(/usr/share/texlive/texmf-dist/tex/latex/parskip/parskip.sty
(/usr/share/texlive/texmf-dist/tex/latex/parskip/parskip-2001-04-09.sty))
(/usr/share/texlive/texmf-dist/tex/latex/base/alltt.sty)
(/usr/share/texlive/texmf-dist/tex/latex/upquote/upquote.sty)
(/usr/share/texlive/texmf-dist/tex/latex/capt-of/capt-of.sty)
(/usr/share/texlive/texmf-dist/tex/latex/needspace/needspace.sty)
(/usr/share/texlive/texmf-dist/tex/latex/tools/multicol.sty)
(./sphinxhighlight.sty)
(/usr/share/texlive/texmf-dist/tex/latex/kvoptions/kvoptions.sty
(/usr/share/texlive/texmf-dist/tex/generic/kvsetkeys/kvsetkeys.sty)))
(/usr/share/texlive/texmf-dist/tex/latex/geometry/geometry.sty
(/usr/share/texlive/texmf-dist/tex/generic/iftex/ifvtex.sty
(/usr/share/texlive/texmf-dist/tex/generic/iftex/iftex.sty)))
(/usr/share/texlive/texmf-dist/tex/latex/hyperref/hyperref.sty
(/usr/share/texlive/texmf-dist/tex/generic/pdftexcmds/pdftexcmds.sty
(/usr/share/texlive/texmf-dist/tex/generic/infwarerr/infwarerr.sty))
(/usr/share/texlive/texmf-dist/tex/generic/kvdefinekeys/kvdefinekeys.sty)
(/usr/share/texlive/texmf-dist/tex/generic/pdfescape/pdfescape.sty)
(/usr/share/texlive/texmf-dist/tex/latex/hycolor/hycolor.sty)
(/usr/share/texlive/texmf-dist/tex/latex/letltxmacro/letltxmacro.sty)
(/usr/share/texlive/texmf-dist/tex/latex/auxhook/auxhook.sty)
(/usr/share/texlive/texmf-dist/tex/latex/hyperref/pd1enc.def)
(/usr/share/texlive/texmf-dist/tex/generic/intcalc/intcalc.sty)
(/usr/share/texlive/texmf-dist/tex/generic/etexcmds/etexcmds.sty)
(/usr/share/texlive/texmf-dist/tex/latex/hyperref/puenc.def)
(/usr/share/texlive/texmf-dist/tex/latex/url/url.sty)
(/usr/share/texlive/texmf-dist/tex/generic/bitset/bitset.sty
(/usr/share/texlive/texmf-dist/tex/generic/bigintcalc/bigintcalc.sty))
(/usr/share/texlive/texmf-dist/tex/generic/atbegshi/atbegshi.sty))
(/usr/share/texlive/texmf-dist/tex/latex/hyperref/hpdftex.def
(/usr/share/texlive/texmf-dist/tex/latex/atveryend/atveryend.sty)
(/usr/share/texlive/texmf-dist/tex/latex/rerunfilecheck/rerunfilecheck.sty
(/usr/share/texlive/texmf-dist/tex/generic/uniquecounter/uniquecounter.sty)))
(/usr/share/texlive/texmf-dist/tex/latex/oberdiek/hypcap.sty)
(./sphinxmessages.sty)
Writing index file consortium_finance-funding_investors.idx
(/usr/share/texlive/texmf-dist/tex/latex/l3backend/l3backend-pdfmode.def)
(./consortium_finance-funding_investors.aux)
(/usr/share/texlive/texmf-dist/tex/latex/psnfss/t1ptm.fd)
(/usr/share/texlive/texmf-dist/tex/context/base/mkii/supp-pdf.mkii
[Loading MPS to PDF converter (version 2006.09.02).]
) (/usr/share/texlive/texmf-dist/tex/latex/epstopdf-pkg/epstopdf-base.sty
(/usr/share/texlive/texmf-dist/tex/latex/latexconfig/epstopdf-sys.cfg))
*geometry* driver: auto-detecting
*geometry* detected driver: pdftex
(/usr/share/texlive/texmf-dist/tex/latex/hyperref/nameref.sty
(/usr/share/texlive/texmf-dist/tex/latex/refcount/refcount.sty)
(/usr/share/texlive/texmf-dist/tex/generic/gettitlestring/gettitlestring.sty))
(./consortium_finance-funding_investors.out)
(./consortium_finance-funding_investors.out)
(/usr/share/texlive/texmf-dist/tex/latex/psnfss/t1phv.fd)<<ot1.cmap>><<oml.cmap
>><<oms.cmap>><<omx.cmap>>
(/usr/share/texlive/texmf-dist/tex/latex/amsfonts/umsa.fd)
(/usr/share/texlive/texmf-dist/tex/latex/amsfonts/umsb.fd) [1{/var/lib/texmf/fo
nts/map/pdftex/updmap/pdftex.map}] (./consortium_finance-funding_investors.toc)
[1] [1]
Chapter 1.
(/usr/share/texlive/texmf-dist/tex/latex/psnfss/ts1ptm.fd)

Package textcomp Warning: Symbol \textasciigrave not provided by
(textcomp)                font family ptm in TS1 encoding.
(textcomp)                Default family used instead on input line 221.

[2]

Package textcomp Warning: Symbol \textasciigrave not provided by
(textcomp)                font family ptm in TS1 encoding.
(textcomp)                Default family used instead on input line 230.

[3]
Chapter 2.

Overfull \hbox (6.15207pt too wide) in paragraph at lines 337--340
[]|\T1/phv/m/n/10 UID| 

Overfull \hbox (6.15207pt too wide) in paragraph at lines 365--368
[]|\T1/phv/m/n/10 UID| 

Overfull \hbox (3.93224pt too wide) in paragraph at lines 396--398
[]|\T1/ptm/m/n/10 101| 

Overfull \hbox (3.93224pt too wide) in paragraph at lines 415--417
[]|\T1/ptm/m/n/10 102| 

Overfull \hbox (3.93224pt too wide) in paragraph at lines 437--439
[]|\T1/ptm/m/n/10 103| 

Overfull \hbox (3.93224pt too wide) in paragraph at lines 459--461
[]|\T1/ptm/m/n/10 104| 

Overfull \hbox (3.93224pt too wide) in paragraph at lines 481--483
[]|\T1/ptm/m/n/10 105| 

Overfull \hbox (3.93224pt too wide) in paragraph at lines 503--505
[]|\T1/ptm/m/n/10 106| 

Overfull \hbox (3.93224pt too wide) in paragraph at lines 525--527
[]|\T1/ptm/m/n/10 107| 

Overfull \hbox (3.93224pt too wide) in paragraph at lines 544--546
[]|\T1/ptm/m/n/10 108| 

Overfull \hbox (3.93224pt too wide) in paragraph at lines 563--565
[]|\T1/ptm/m/n/10 109| 

Overfull \hbox (3.93224pt too wide) in paragraph at lines 582--584
[]|\T1/ptm/m/n/10 110| 

Overfull \hbox (3.93224pt too wide) in paragraph at lines 604--606
[]|\T1/ptm/m/n/10 111| 

Overfull \hbox (3.93224pt too wide) in paragraph at lines 626--628
[]|\T1/ptm/m/n/10 112| 

Overfull \hbox (3.93224pt too wide) in paragraph at lines 645--647
[]|\T1/ptm/m/n/10 113| 

Overfull \hbox (3.93224pt too wide) in paragraph at lines 667--669
[]|\T1/ptm/m/n/10 114| 

Overfull \hbox (3.93224pt too wide) in paragraph at lines 689--691
[]|\T1/ptm/m/n/10 115| 

Overfull \hbox (3.93224pt too wide) in paragraph at lines 711--713
[]|\T1/ptm/m/n/10 116| 

Overfull \hbox (3.93224pt too wide) in paragraph at lines 733--735
[]|\T1/ptm/m/n/10 117| 

Overfull \hbox (3.93224pt too wide) in paragraph at lines 755--757
[]|\T1/ptm/m/n/10 118| 

Overfull \hbox (3.93224pt too wide) in paragraph at lines 777--779
[]|\T1/ptm/m/n/10 119| 

Overfull \hbox (3.93224pt too wide) in paragraph at lines 796--798
[]|\T1/ptm/m/n/10 120| 

Overfull \hbox (3.93224pt too wide) in paragraph at lines 818--820
[]|\T1/ptm/m/n/10 121| 

Overfull \hbox (3.93224pt too wide) in paragraph at lines 840--842
[]|\T1/ptm/m/n/10 122| 

Overfull \hbox (3.93224pt too wide) in paragraph at lines 862--864
[]|\T1/ptm/m/n/10 123| 

Overfull \hbox (3.93224pt too wide) in paragraph at lines 884--886
[]|\T1/ptm/m/n/10 124| 

Overfull \hbox (3.93224pt too wide) in paragraph at lines 906--908
[]|\T1/ptm/m/n/10 125| 

Overfull \hbox (3.93224pt too wide) in paragraph at lines 925--927
[]|\T1/ptm/m/n/10 126| 

Overfull \hbox (3.93224pt too wide) in paragraph at lines 947--949
[]|\T1/ptm/m/n/10 127| 

Overfull \hbox (3.93224pt too wide) in paragraph at lines 966--968
[]|\T1/ptm/m/n/10 128| 

Overfull \hbox (3.93224pt too wide) in paragraph at lines 988--990
[]|\T1/ptm/m/n/10 129| 

Overfull \hbox (3.93224pt too wide) in paragraph at lines 1010--1012
[]|\T1/ptm/m/n/10 130| 

Overfull \hbox (3.93224pt too wide) in paragraph at lines 1029--1031
[]|\T1/ptm/m/n/10 131| 

Overfull \hbox (3.93224pt too wide) in paragraph at lines 1048--1050
[]|\T1/ptm/m/n/10 132| 

Overfull \hbox (3.93224pt too wide) in paragraph at lines 1067--1069
[]|\T1/ptm/m/n/10 133| 

Overfull \hbox (3.93224pt too wide) in paragraph at lines 1089--1091
[]|\T1/ptm/m/n/10 134| 

Overfull \hbox (3.93224pt too wide) in paragraph at lines 1111--1113
[]|\T1/ptm/m/n/10 135| 

Overfull \hbox (3.93224pt too wide) in paragraph at lines 1130--1132
[]|\T1/ptm/m/n/10 136| 

Overfull \hbox (3.93224pt too wide) in paragraph at lines 1152--1154
[]|\T1/ptm/m/n/10 137| 

Overfull \hbox (3.93224pt too wide) in paragraph at lines 1174--1176
[]|\T1/ptm/m/n/10 138| 

Overfull \hbox (3.93224pt too wide) in paragraph at lines 1193--1195
[]|\T1/ptm/m/n/10 139| 

Overfull \hbox (3.93224pt too wide) in paragraph at lines 1215--1217
[]|\T1/ptm/m/n/10 140| 

Overfull \hbox (3.93224pt too wide) in paragraph at lines 1237--1239
[]|\T1/ptm/m/n/10 141| 

Overfull \hbox (3.93224pt too wide) in paragraph at lines 1256--1258
[]|\T1/ptm/m/n/10 142| 

Overfull \hbox (1.29445pt too wide) in paragraph at lines 1274--1277
[]|\T1/ptm/m/n/10 14.210%| 

Overfull \hbox (3.93224pt too wide) in paragraph at lines 1278--1280
[]|\T1/ptm/m/n/10 143| 

Overfull \hbox (1.29445pt too wide) in paragraph at lines 1296--1299
[]|\T1/ptm/m/n/10 28.108%| 

Overfull \hbox (3.93224pt too wide) in paragraph at lines 1300--1302
[]|\T1/ptm/m/n/10 144| 

Overfull \hbox (3.93224pt too wide) in paragraph at lines 1319--1321
[]|\T1/ptm/m/n/10 145| 

Overfull \hbox (3.93224pt too wide) in paragraph at lines 1338--1340
[]|\T1/ptm/m/n/10 146| 

Overfull \hbox (3.93224pt too wide) in paragraph at lines 1357--1359
[]|\T1/ptm/m/n/10 147| 

Overfull \hbox (3.93224pt too wide) in paragraph at lines 1376--1378
[]|\T1/ptm/m/n/10 148| 

Overfull \hbox (3.93224pt too wide) in paragraph at lines 1398--1400
[]|\T1/ptm/m/n/10 149| 

Overfull \hbox (3.93224pt too wide) in paragraph at lines 1417--1419
[]|\T1/ptm/m/n/10 150| 

Overfull \hbox (3.93224pt too wide) in paragraph at lines 1436--1438
[]|\T1/ptm/m/n/10 151| 

Underfull \hbox (badness 10000) in paragraph at lines 1454--1457
[]|\T1/ptm/m/n/10 Queued

Overfull \hbox (3.93224pt too wide) in paragraph at lines 1458--1460
[]|\T1/ptm/m/n/10 152| 

Underfull \hbox (badness 10000) in paragraph at lines 1476--1479
[]|\T1/ptm/m/n/10 Queued

Overfull \hbox (3.93224pt too wide) in paragraph at lines 1480--1482
[]|\T1/ptm/m/n/10 153| 

Underfull \hbox (badness 10000) in paragraph at lines 1498--1501
[]|\T1/ptm/m/n/10 Queued

Overfull \hbox (3.93224pt too wide) in paragraph at lines 1502--1504
[]|\T1/ptm/m/n/10 154| 

Overfull \hbox (3.93224pt too wide) in paragraph at lines 1525--1527
[]|\T1/ptm/m/n/10 401| 

Overfull \hbox (1.29445pt too wide) in paragraph at lines 1540--1543
[]|\T1/ptm/m/n/10 15.018%| 

Overfull \hbox (6.29445pt too wide) in paragraph at lines 1563--1566
[]|\T1/ptm/m/n/10 100.000%| 
[4] [5] [6] [7] [8] [9] [10] [11] [12] [13] [14] [15] [16] [17] [18]
Chapter 3.
(./consortium_finance-funding_investors.ind) [19]
(./consortium_finance-funding_investors.aux) )
(see the transcript file for additional information){/usr/share/texlive/texmf-d
ist/fonts/enc/dvips/base/8r.enc} </root/.texlive2020/texmf-var/fonts/pk/ljfour/
jknappen/ec/tcrb1000.600pk></usr/share/texlive/texmf-dist/fonts/type1/urw/helve
tic/uhvb8a.pfb></usr/share/texlive/texmf-dist/fonts/type1/urw/helvetic/uhvbo8a.
pfb></usr/share/texlive/texmf-dist/fonts/type1/urw/helvetic/uhvr8a.pfb></usr/sh
are/texlive/texmf-dist/fonts/type1/urw/times/utmb8a.pfb></usr/share/texlive/tex
mf-dist/fonts/type1/urw/times/utmr8a.pfb></usr/share/texlive/texmf-dist/fonts/t
ype1/urw/times/utmri8a.pfb>
Output written on consortium_finance-funding_investors.pdf (21 pages, 124999 by
tes).
Transcript written on consortium_finance-funding_investors.log.
Latexmk: Index file 'consortium_finance-funding_investors.idx' was written
Latexmk: Log file says output to 'consortium_finance-funding_investors.pdf'
Latexmk: Log file says output to 'consortium_finance-funding_investors.pdf'
=== TeX engine is 'pdfTeX'
Latexmk: All targets (consortium_finance-funding_investors.pdf) are up-to-date
