Running Sphinx v4.2.0+
loading translations [fr]... done
loading pickled environment... done
building [mo]: targets for 0 po files that are out of date
building [latex]: all documents
updating environment: [config changed ('language')] 16 added, 0 changed, 0 removed
reading sources... [  6%] _static/eight
reading sources... [ 12%] _static/five
reading sources... [ 18%] _static/four
reading sources... [ 25%] _static/one
reading sources... [ 31%] _static/seven
reading sources... [ 37%] _static/six
reading sources... [ 43%] _static/three
reading sources... [ 50%] _static/two
reading sources... [ 56%] _static/v0.0.0
reading sources... [ 62%] annex
reading sources... [ 68%] contract001
reading sources... [ 75%] highlightaug2021
reading sources... [ 81%] highlightjul2021
reading sources... [ 87%] highlightsep2021
reading sources... [ 93%] index
reading sources... [100%] releasenotes

/var/www/html/sparse-checkouts/gh-pages/static-library/static/library/consortium_contracts/techhouse2_lease5/latest/source/_static/eight.rst:3: WARNING: duplicate label **section eight**, other instance in /var/www/html/sparse-checkouts/gh-pages/static-library/static/library/consortium_contracts/techhouse2_lease5/latest/source/contract001.rst
/var/www/html/sparse-checkouts/gh-pages/static-library/static/library/consortium_contracts/techhouse2_lease5/latest/source/_static/five.rst:3: WARNING: duplicate label **section five**, other instance in /var/www/html/sparse-checkouts/gh-pages/static-library/static/library/consortium_contracts/techhouse2_lease5/latest/source/contract001.rst
/var/www/html/sparse-checkouts/gh-pages/static-library/static/library/consortium_contracts/techhouse2_lease5/latest/source/_static/four.rst:3: WARNING: duplicate label **section four**, other instance in /var/www/html/sparse-checkouts/gh-pages/static-library/static/library/consortium_contracts/techhouse2_lease5/latest/source/contract001.rst
/var/www/html/sparse-checkouts/gh-pages/static-library/static/library/consortium_contracts/techhouse2_lease5/latest/source/_static/four.rst:9: WARNING: duplicate label paragraph i, other instance in /var/www/html/sparse-checkouts/gh-pages/static-library/static/library/consortium_contracts/techhouse2_lease5/latest/source/contract001.rst
/var/www/html/sparse-checkouts/gh-pages/static-library/static/library/consortium_contracts/techhouse2_lease5/latest/source/_static/four.rst:16: WARNING: duplicate label paragraph ii, other instance in /var/www/html/sparse-checkouts/gh-pages/static-library/static/library/consortium_contracts/techhouse2_lease5/latest/source/contract001.rst
/var/www/html/sparse-checkouts/gh-pages/static-library/static/library/consortium_contracts/techhouse2_lease5/latest/source/_static/one.rst:3: WARNING: duplicate label **section one**, other instance in /var/www/html/sparse-checkouts/gh-pages/static-library/static/library/consortium_contracts/techhouse2_lease5/latest/source/contract001.rst
/var/www/html/sparse-checkouts/gh-pages/static-library/static/library/consortium_contracts/techhouse2_lease5/latest/source/_static/one.rst:12: WARNING: duplicate label paragraph i, other instance in /var/www/html/sparse-checkouts/gh-pages/static-library/static/library/consortium_contracts/techhouse2_lease5/latest/source/_static/four.rst
/var/www/html/sparse-checkouts/gh-pages/static-library/static/library/consortium_contracts/techhouse2_lease5/latest/source/_static/one.rst:17: WARNING: duplicate label paragraph ii, other instance in /var/www/html/sparse-checkouts/gh-pages/static-library/static/library/consortium_contracts/techhouse2_lease5/latest/source/_static/four.rst
/var/www/html/sparse-checkouts/gh-pages/static-library/static/library/consortium_contracts/techhouse2_lease5/latest/source/_static/one.rst:22: WARNING: duplicate label paragraph iii, other instance in /var/www/html/sparse-checkouts/gh-pages/static-library/static/library/consortium_contracts/techhouse2_lease5/latest/source/contract001.rst
/var/www/html/sparse-checkouts/gh-pages/static-library/static/library/consortium_contracts/techhouse2_lease5/latest/source/_static/one.rst:26: WARNING: duplicate label paragraph iv, other instance in /var/www/html/sparse-checkouts/gh-pages/static-library/static/library/consortium_contracts/techhouse2_lease5/latest/source/contract001.rst
/var/www/html/sparse-checkouts/gh-pages/static-library/static/library/consortium_contracts/techhouse2_lease5/latest/source/_static/seven.rst:3: WARNING: duplicate label **section seven**, other instance in /var/www/html/sparse-checkouts/gh-pages/static-library/static/library/consortium_contracts/techhouse2_lease5/latest/source/contract001.rst
/var/www/html/sparse-checkouts/gh-pages/static-library/static/library/consortium_contracts/techhouse2_lease5/latest/source/_static/six.rst:3: WARNING: duplicate label **section six**, other instance in /var/www/html/sparse-checkouts/gh-pages/static-library/static/library/consortium_contracts/techhouse2_lease5/latest/source/contract001.rst
/var/www/html/sparse-checkouts/gh-pages/static-library/static/library/consortium_contracts/techhouse2_lease5/latest/source/_static/six.rst:9: WARNING: duplicate label paragraph i, other instance in /var/www/html/sparse-checkouts/gh-pages/static-library/static/library/consortium_contracts/techhouse2_lease5/latest/source/_static/one.rst
/var/www/html/sparse-checkouts/gh-pages/static-library/static/library/consortium_contracts/techhouse2_lease5/latest/source/_static/six.rst:14: WARNING: duplicate label paragraph ii, other instance in /var/www/html/sparse-checkouts/gh-pages/static-library/static/library/consortium_contracts/techhouse2_lease5/latest/source/_static/one.rst
/var/www/html/sparse-checkouts/gh-pages/static-library/static/library/consortium_contracts/techhouse2_lease5/latest/source/_static/three.rst:3: WARNING: duplicate label **section three**, other instance in /var/www/html/sparse-checkouts/gh-pages/static-library/static/library/consortium_contracts/techhouse2_lease5/latest/source/contract001.rst
/var/www/html/sparse-checkouts/gh-pages/static-library/static/library/consortium_contracts/techhouse2_lease5/latest/source/_static/three.rst:8: WARNING: duplicate label paragraph i, other instance in /var/www/html/sparse-checkouts/gh-pages/static-library/static/library/consortium_contracts/techhouse2_lease5/latest/source/_static/six.rst
/var/www/html/sparse-checkouts/gh-pages/static-library/static/library/consortium_contracts/techhouse2_lease5/latest/source/_static/two.rst:3: WARNING: duplicate label **section two**, other instance in /var/www/html/sparse-checkouts/gh-pages/static-library/static/library/consortium_contracts/techhouse2_lease5/latest/source/contract001.rst
/var/www/html/sparse-checkouts/gh-pages/static-library/static/library/consortium_contracts/techhouse2_lease5/latest/source/_static/two.rst:9: WARNING: duplicate label paragraph i, other instance in /var/www/html/sparse-checkouts/gh-pages/static-library/static/library/consortium_contracts/techhouse2_lease5/latest/source/_static/three.rst
/var/www/html/sparse-checkouts/gh-pages/static-library/static/library/consortium_contracts/techhouse2_lease5/latest/source/_static/two.rst:13: WARNING: duplicate label paragraph ii, other instance in /var/www/html/sparse-checkouts/gh-pages/static-library/static/library/consortium_contracts/techhouse2_lease5/latest/source/_static/six.rst
/var/www/html/sparse-checkouts/gh-pages/static-library/static/library/consortium_contracts/techhouse2_lease5/latest/source/_static/two.rst:18: WARNING: duplicate label paragraph iii, other instance in /var/www/html/sparse-checkouts/gh-pages/static-library/static/library/consortium_contracts/techhouse2_lease5/latest/source/_static/one.rst
/var/www/html/sparse-checkouts/gh-pages/static-library/static/library/consortium_contracts/techhouse2_lease5/latest/source/_static/v0.0.0.rst:16: WARNING: duplicate object description of center, other instance in _static/v0.0.0, use :noindex: for one of them
/var/www/html/sparse-checkouts/gh-pages/static-library/static/library/consortium_contracts/techhouse2_lease5/latest/source/_static/v0.0.0.rst:120: WARNING: duplicate object description of center, other instance in _static/v0.0.0, use :noindex: for one of them
/var/www/html/sparse-checkouts/gh-pages/static-library/static/library/consortium_contracts/techhouse2_lease5/latest/source/_static/v0.0.0.rst:124: WARNING: duplicate object description of center, other instance in _static/v0.0.0, use :noindex: for one of them
/var/www/html/sparse-checkouts/gh-pages/static-library/static/library/consortium_contracts/techhouse2_lease5/latest/source/_static/v0.0.0.rst:135: WARNING: duplicate object description of center, other instance in _static/v0.0.0, use :noindex: for one of them
/var/www/html/sparse-checkouts/gh-pages/static-library/static/library/consortium_contracts/techhouse2_lease5/latest/source/_static/v0.0.0.rst:139: WARNING: duplicate object description of center, other instance in _static/v0.0.0, use :noindex: for one of them
/var/www/html/sparse-checkouts/gh-pages/static-library/static/library/consortium_contracts/techhouse2_lease5/latest/source/_static/v0.0.0.rst:155: WARNING: duplicate object description of center, other instance in _static/v0.0.0, use :noindex: for one of them
/var/www/html/sparse-checkouts/gh-pages/static-library/static/library/consortium_contracts/techhouse2_lease5/latest/source/_static/v0.0.0.rst:159: WARNING: duplicate object description of center, other instance in _static/v0.0.0, use :noindex: for one of them
/var/www/html/sparse-checkouts/gh-pages/static-library/static/library/consortium_contracts/techhouse2_lease5/latest/source/_static/v0.0.0.rst:163: WARNING: duplicate object description of center, other instance in _static/v0.0.0, use :noindex: for one of them
/var/www/html/sparse-checkouts/gh-pages/static-library/static/library/consortium_contracts/techhouse2_lease5/latest/source/annex.rst:8: WARNING: Inline interpreted text or phrase reference start-string without end-string.
/var/www/html/sparse-checkouts/gh-pages/static-library/static/library/consortium_contracts/techhouse2_lease5/latest/source/annex.rst:16: WARNING: Inline interpreted text or phrase reference start-string without end-string.
/var/www/html/sparse-checkouts/gh-pages/static-library/static/library/consortium_contracts/techhouse2_lease5/latest/source/contract001.rst:20: WARNING: duplicate label **section one**, other instance in /var/www/html/sparse-checkouts/gh-pages/static-library/static/library/consortium_contracts/techhouse2_lease5/latest/source/_static/one.rst
/var/www/html/sparse-checkouts/gh-pages/static-library/static/library/consortium_contracts/techhouse2_lease5/latest/source/contract001.rst:29: WARNING: duplicate label paragraph i, other instance in /var/www/html/sparse-checkouts/gh-pages/static-library/static/library/consortium_contracts/techhouse2_lease5/latest/source/_static/two.rst
/var/www/html/sparse-checkouts/gh-pages/static-library/static/library/consortium_contracts/techhouse2_lease5/latest/source/contract001.rst:34: WARNING: duplicate label paragraph ii, other instance in /var/www/html/sparse-checkouts/gh-pages/static-library/static/library/consortium_contracts/techhouse2_lease5/latest/source/_static/two.rst
/var/www/html/sparse-checkouts/gh-pages/static-library/static/library/consortium_contracts/techhouse2_lease5/latest/source/contract001.rst:39: WARNING: duplicate label paragraph iii, other instance in /var/www/html/sparse-checkouts/gh-pages/static-library/static/library/consortium_contracts/techhouse2_lease5/latest/source/_static/two.rst
/var/www/html/sparse-checkouts/gh-pages/static-library/static/library/consortium_contracts/techhouse2_lease5/latest/source/contract001.rst:43: WARNING: duplicate label paragraph iv, other instance in /var/www/html/sparse-checkouts/gh-pages/static-library/static/library/consortium_contracts/techhouse2_lease5/latest/source/_static/one.rst
/var/www/html/sparse-checkouts/gh-pages/static-library/static/library/consortium_contracts/techhouse2_lease5/latest/source/contract001.rst:48: WARNING: duplicate label **section two**, other instance in /var/www/html/sparse-checkouts/gh-pages/static-library/static/library/consortium_contracts/techhouse2_lease5/latest/source/_static/two.rst
/var/www/html/sparse-checkouts/gh-pages/static-library/static/library/consortium_contracts/techhouse2_lease5/latest/source/contract001.rst:54: WARNING: duplicate label paragraph i, other instance in /var/www/html/sparse-checkouts/gh-pages/static-library/static/library/consortium_contracts/techhouse2_lease5/latest/source/contract001.rst
/var/www/html/sparse-checkouts/gh-pages/static-library/static/library/consortium_contracts/techhouse2_lease5/latest/source/contract001.rst:59: WARNING: duplicate label paragraph iii, other instance in /var/www/html/sparse-checkouts/gh-pages/static-library/static/library/consortium_contracts/techhouse2_lease5/latest/source/contract001.rst
/var/www/html/sparse-checkouts/gh-pages/static-library/static/library/consortium_contracts/techhouse2_lease5/latest/source/contract001.rst:65: WARNING: duplicate label **section three**, other instance in /var/www/html/sparse-checkouts/gh-pages/static-library/static/library/consortium_contracts/techhouse2_lease5/latest/source/_static/three.rst
/var/www/html/sparse-checkouts/gh-pages/static-library/static/library/consortium_contracts/techhouse2_lease5/latest/source/contract001.rst:71: WARNING: duplicate label paragraph i, other instance in /var/www/html/sparse-checkouts/gh-pages/static-library/static/library/consortium_contracts/techhouse2_lease5/latest/source/contract001.rst
/var/www/html/sparse-checkouts/gh-pages/static-library/static/library/consortium_contracts/techhouse2_lease5/latest/source/contract001.rst:76: WARNING: duplicate label **section four**, other instance in /var/www/html/sparse-checkouts/gh-pages/static-library/static/library/consortium_contracts/techhouse2_lease5/latest/source/_static/four.rst
/var/www/html/sparse-checkouts/gh-pages/static-library/static/library/consortium_contracts/techhouse2_lease5/latest/source/contract001.rst:82: WARNING: duplicate label paragraph i, other instance in /var/www/html/sparse-checkouts/gh-pages/static-library/static/library/consortium_contracts/techhouse2_lease5/latest/source/contract001.rst
/var/www/html/sparse-checkouts/gh-pages/static-library/static/library/consortium_contracts/techhouse2_lease5/latest/source/contract001.rst:89: WARNING: duplicate label paragraph ii, other instance in /var/www/html/sparse-checkouts/gh-pages/static-library/static/library/consortium_contracts/techhouse2_lease5/latest/source/contract001.rst
/var/www/html/sparse-checkouts/gh-pages/static-library/static/library/consortium_contracts/techhouse2_lease5/latest/source/contract001.rst:94: WARNING: duplicate label **section five**, other instance in /var/www/html/sparse-checkouts/gh-pages/static-library/static/library/consortium_contracts/techhouse2_lease5/latest/source/_static/five.rst
/var/www/html/sparse-checkouts/gh-pages/static-library/static/library/consortium_contracts/techhouse2_lease5/latest/source/contract001.rst:98: WARNING: duplicate label **section six**, other instance in /var/www/html/sparse-checkouts/gh-pages/static-library/static/library/consortium_contracts/techhouse2_lease5/latest/source/_static/six.rst
/var/www/html/sparse-checkouts/gh-pages/static-library/static/library/consortium_contracts/techhouse2_lease5/latest/source/contract001.rst:102: WARNING: duplicate label paragraph i, other instance in /var/www/html/sparse-checkouts/gh-pages/static-library/static/library/consortium_contracts/techhouse2_lease5/latest/source/contract001.rst
/var/www/html/sparse-checkouts/gh-pages/static-library/static/library/consortium_contracts/techhouse2_lease5/latest/source/contract001.rst:107: WARNING: duplicate label paragraph ii, other instance in /var/www/html/sparse-checkouts/gh-pages/static-library/static/library/consortium_contracts/techhouse2_lease5/latest/source/contract001.rst
/var/www/html/sparse-checkouts/gh-pages/static-library/static/library/consortium_contracts/techhouse2_lease5/latest/source/contract001.rst:112: WARNING: duplicate label **section seven**, other instance in /var/www/html/sparse-checkouts/gh-pages/static-library/static/library/consortium_contracts/techhouse2_lease5/latest/source/_static/seven.rst
/var/www/html/sparse-checkouts/gh-pages/static-library/static/library/consortium_contracts/techhouse2_lease5/latest/source/contract001.rst:121: WARNING: duplicate label **section eight**, other instance in /var/www/html/sparse-checkouts/gh-pages/static-library/static/library/consortium_contracts/techhouse2_lease5/latest/source/_static/eight.rst
/var/www/html/sparse-checkouts/gh-pages/static-library/static/library/consortium_contracts/techhouse2_lease5/latest/source/highlightsep2021.rst:45: WARNING: Inline strong start-string without end-string.
/var/www/html/sparse-checkouts/gh-pages/static-library/static/library/consortium_contracts/techhouse2_lease5/latest/source/releasenotes.rst:44: WARNING: "csv-table" widths do not match the number of columns in table (6).

.. csv-table:: Known Issues
   :file: _static/issues.csv
   :widths: 10, 15, 15, 60
   :header-rows: 1
looking for now-outdated files... none found
pickling environment... done
checking consistency... /var/www/html/sparse-checkouts/gh-pages/static-library/static/library/consortium_contracts/techhouse2_lease5/latest/source/_static/eight.rst: WARNING: document isn't included in any toctree
/var/www/html/sparse-checkouts/gh-pages/static-library/static/library/consortium_contracts/techhouse2_lease5/latest/source/_static/five.rst: WARNING: document isn't included in any toctree
/var/www/html/sparse-checkouts/gh-pages/static-library/static/library/consortium_contracts/techhouse2_lease5/latest/source/_static/four.rst: WARNING: document isn't included in any toctree
/var/www/html/sparse-checkouts/gh-pages/static-library/static/library/consortium_contracts/techhouse2_lease5/latest/source/_static/one.rst: WARNING: document isn't included in any toctree
/var/www/html/sparse-checkouts/gh-pages/static-library/static/library/consortium_contracts/techhouse2_lease5/latest/source/_static/seven.rst: WARNING: document isn't included in any toctree
/var/www/html/sparse-checkouts/gh-pages/static-library/static/library/consortium_contracts/techhouse2_lease5/latest/source/_static/six.rst: WARNING: document isn't included in any toctree
/var/www/html/sparse-checkouts/gh-pages/static-library/static/library/consortium_contracts/techhouse2_lease5/latest/source/_static/three.rst: WARNING: document isn't included in any toctree
/var/www/html/sparse-checkouts/gh-pages/static-library/static/library/consortium_contracts/techhouse2_lease5/latest/source/_static/two.rst: WARNING: document isn't included in any toctree
/var/www/html/sparse-checkouts/gh-pages/static-library/static/library/consortium_contracts/techhouse2_lease5/latest/source/_static/v0.0.0.rst: WARNING: document isn't included in any toctree
/var/www/html/sparse-checkouts/gh-pages/static-library/static/library/consortium_contracts/techhouse2_lease5/latest/source/highlightjul2021.rst: WARNING: document isn't included in any toctree
done
processing consortium_contracts-techhouse2_lease5.tex... index contract001 releasenotes highlightaug2021 highlightsep2021 annex 
resolving references...
done
writing... done
copying TeX support files... copying TeX support files...
done
build succeeded, 61 warnings.

The LaTeX files are in build/latex.
Run 'make' in that directory to run these through (pdf)latex
(use `make latexpdf' here to do that automatically).
Rc files read:
  /etc/LatexMk
  latexmkrc
Latexmk: This is Latexmk, John Collins, 17 Apr. 2020, version: 4.69a.
Rule 'pdflatex': The following rules & subrules became out-of-date:
      'pdflatex'
------------
Run number 1 of rule 'pdflatex'
------------
------------
Running 'pdflatex   -recorder  "consortium_contracts-techhouse2_lease5.tex"'
------------
Latexmk: applying rule 'pdflatex'...
This is pdfTeX, Version 3.14159265-2.6-1.40.21 (TeX Live 2020/Debian) (preloaded format=pdflatex)
 restricted \write18 enabled.
entering extended mode
(./consortium_contracts-techhouse2_lease5.tex
LaTeX2e <2020-02-02> patch level 5
L3 programming layer <2020-07-17> (./sphinxmanual.cls
Document Class: sphinxmanual 2019/12/01 v2.3.0 Document class (Sphinx manual)
(/usr/share/texlive/texmf-dist/tex/latex/base/report.cls
Document Class: report 2019/12/20 v1.4l Standard LaTeX document class
(/usr/share/texlive/texmf-dist/tex/latex/base/size10.clo)))
(/usr/share/texlive/texmf-dist/tex/latex/base/inputenc.sty)
(/usr/share/texlive/texmf-dist/tex/latex/cmap/cmap.sty)
(/usr/share/texlive/texmf-dist/tex/latex/base/fontenc.sty<<t1.cmap>>)
(/usr/share/texlive/texmf-dist/tex/latex/amsmath/amsmath.sty
For additional information on amsmath, use the `?' option.
(/usr/share/texlive/texmf-dist/tex/latex/amsmath/amstext.sty
(/usr/share/texlive/texmf-dist/tex/latex/amsmath/amsgen.sty))
(/usr/share/texlive/texmf-dist/tex/latex/amsmath/amsbsy.sty)
(/usr/share/texlive/texmf-dist/tex/latex/amsmath/amsopn.sty))
(/usr/share/texlive/texmf-dist/tex/latex/amsfonts/amssymb.sty
(/usr/share/texlive/texmf-dist/tex/latex/amsfonts/amsfonts.sty))
(/usr/share/texlive/texmf-dist/tex/generic/babel/babel.sty
(/usr/share/texlive/texmf-dist/tex/generic/babel/babel.def
(/usr/share/texlive/texmf-dist/tex/generic/babel/txtbabel.def))
(/usr/share/texlive/texmf-dist/tex/generic/babel-english/english.ldf))
(/usr/share/texmf/tex/latex/tex-gyre/tgtermes.sty
(/usr/share/texlive/texmf-dist/tex/latex/kvoptions/kvoptions.sty
(/usr/share/texlive/texmf-dist/tex/latex/graphics/keyval.sty)
(/usr/share/texlive/texmf-dist/tex/generic/ltxcmds/ltxcmds.sty)
(/usr/share/texlive/texmf-dist/tex/generic/kvsetkeys/kvsetkeys.sty)))
(/usr/share/texmf/tex/latex/tex-gyre/tgheros.sty)
(/usr/share/texlive/texmf-dist/tex/latex/fncychap/fncychap.sty) (./sphinx.sty
(/usr/share/texlive/texmf-dist/tex/latex/xcolor/xcolor.sty
(/usr/share/texlive/texmf-dist/tex/latex/graphics-cfg/color.cfg)
(/usr/share/texlive/texmf-dist/tex/latex/graphics-def/pdftex.def))
(./sphinxoptionshyperref.sty) (./sphinxoptionsgeometry.sty)
(/usr/share/texlive/texmf-dist/tex/latex/base/textcomp.sty)
(/usr/share/texlive/texmf-dist/tex/latex/float/float.sty)
(/usr/share/texlive/texmf-dist/tex/latex/wrapfig/wrapfig.sty)
(/usr/share/texlive/texmf-dist/tex/latex/capt-of/capt-of.sty)
(/usr/share/texlive/texmf-dist/tex/latex/tools/multicol.sty)
(/usr/share/texlive/texmf-dist/tex/latex/graphics/graphicx.sty
(/usr/share/texlive/texmf-dist/tex/latex/graphics/graphics.sty
(/usr/share/texlive/texmf-dist/tex/latex/graphics/trig.sty)
(/usr/share/texlive/texmf-dist/tex/latex/graphics-cfg/graphics.cfg)))
(./sphinxlatexgraphics.sty) (./sphinxlatexadmonitions.sty
(/usr/share/texlive/texmf-dist/tex/latex/framed/framed.sty))
(./sphinxlatexliterals.sty
(/usr/share/texlive/texmf-dist/tex/latex/fancyvrb/fancyvrb.sty)
(/usr/share/texlive/texmf-dist/tex/latex/base/alltt.sty)
(/usr/share/texlive/texmf-dist/tex/latex/upquote/upquote.sty)
(/usr/share/texlive/texmf-dist/tex/latex/needspace/needspace.sty))
(./sphinxlatexshadowbox.sty) (./sphinxlatexcontainers.sty)
(./sphinxhighlight.sty) (./sphinxlatextables.sty
(/usr/share/texlive/texmf-dist/tex/latex/tabulary/tabulary.sty
(/usr/share/texlive/texmf-dist/tex/latex/tools/array.sty))
(/usr/share/texlive/texmf-dist/tex/latex/tools/longtable.sty)
(/usr/share/texlive/texmf-dist/tex/latex/varwidth/varwidth.sty))
(./sphinxlatexnumfig.sty) (./sphinxlatexlists.sty) (./sphinxpackagefootnote.sty
) (./sphinxlatexindbibtoc.sty
(/usr/share/texlive/texmf-dist/tex/latex/base/makeidx.sty))
(./sphinxlatexstylepage.sty
(/usr/share/texlive/texmf-dist/tex/latex/parskip/parskip.sty
(/usr/share/texlive/texmf-dist/tex/latex/parskip/parskip-2001-04-09.sty))
(/usr/share/texlive/texmf-dist/tex/latex/fancyhdr/fancyhdr.sty))
(./sphinxlatexstyleheadings.sty
(/usr/share/texlive/texmf-dist/tex/latex/titlesec/titlesec.sty))
(./sphinxlatexstyletext.sty) (./sphinxlatexobjects.sty))
(/usr/share/texlive/texmf-dist/tex/latex/geometry/geometry.sty
(/usr/share/texlive/texmf-dist/tex/generic/iftex/ifvtex.sty
(/usr/share/texlive/texmf-dist/tex/generic/iftex/iftex.sty)))
(/usr/share/texlive/texmf-dist/tex/latex/hyperref/hyperref.sty
(/usr/share/texlive/texmf-dist/tex/generic/pdftexcmds/pdftexcmds.sty
(/usr/share/texlive/texmf-dist/tex/generic/infwarerr/infwarerr.sty))
(/usr/share/texlive/texmf-dist/tex/generic/kvdefinekeys/kvdefinekeys.sty)
(/usr/share/texlive/texmf-dist/tex/generic/pdfescape/pdfescape.sty)
(/usr/share/texlive/texmf-dist/tex/latex/hycolor/hycolor.sty)
(/usr/share/texlive/texmf-dist/tex/latex/letltxmacro/letltxmacro.sty)
(/usr/share/texlive/texmf-dist/tex/latex/auxhook/auxhook.sty)
(/usr/share/texlive/texmf-dist/tex/latex/hyperref/pd1enc.def)
(/usr/share/texlive/texmf-dist/tex/generic/intcalc/intcalc.sty)
(/usr/share/texlive/texmf-dist/tex/generic/etexcmds/etexcmds.sty)
(/usr/share/texlive/texmf-dist/tex/latex/hyperref/puenc.def)
(/usr/share/texlive/texmf-dist/tex/latex/url/url.sty)
(/usr/share/texlive/texmf-dist/tex/generic/bitset/bitset.sty
(/usr/share/texlive/texmf-dist/tex/generic/bigintcalc/bigintcalc.sty))
(/usr/share/texlive/texmf-dist/tex/generic/atbegshi/atbegshi.sty))
(/usr/share/texlive/texmf-dist/tex/latex/hyperref/hpdftex.def
(/usr/share/texlive/texmf-dist/tex/latex/atveryend/atveryend.sty)
(/usr/share/texlive/texmf-dist/tex/latex/rerunfilecheck/rerunfilecheck.sty
(/usr/share/texlive/texmf-dist/tex/generic/uniquecounter/uniquecounter.sty)))
(/usr/share/texlive/texmf-dist/tex/latex/oberdiek/hypcap.sty)
(./sphinxmessages.sty)
Writing index file consortium_contracts-techhouse2_lease5.idx
(/usr/share/texlive/texmf-dist/tex/latex/l3backend/l3backend-pdfmode.def)
(./consortium_contracts-techhouse2_lease5.aux)
(/usr/share/texmf/tex/latex/tex-gyre/t1qtm.fd)
(/usr/share/texlive/texmf-dist/tex/context/base/mkii/supp-pdf.mkii
[Loading MPS to PDF converter (version 2006.09.02).]
) (/usr/share/texlive/texmf-dist/tex/latex/epstopdf-pkg/epstopdf-base.sty
(/usr/share/texlive/texmf-dist/tex/latex/latexconfig/epstopdf-sys.cfg))
*geometry* driver: auto-detecting
*geometry* detected driver: pdftex
(/usr/share/texlive/texmf-dist/tex/latex/hyperref/nameref.sty
(/usr/share/texlive/texmf-dist/tex/latex/refcount/refcount.sty)
(/usr/share/texlive/texmf-dist/tex/generic/gettitlestring/gettitlestring.sty))
(/usr/share/texlive/texmf-dist/tex/latex/txfonts/t1txtt.fd)
(/usr/share/texmf/tex/latex/tex-gyre/t1qhv.fd)<<ot1.cmap>><<oml.cmap>><<oms.cma
p>><<omx.cmap>> (/usr/share/texlive/texmf-dist/tex/latex/amsfonts/umsa.fd)
(/usr/share/texlive/texmf-dist/tex/latex/amsfonts/umsb.fd) [1{/var/lib/texmf/fo
nts/map/pdftex/updmap/pdftex.map} <./logo.jpeg>] [1]
Chapter 1.
[1] [2] [3] [4] [5]
Chapter 2.
(/usr/share/texmf/tex/latex/tex-gyre/ts1qtm.fd)
Overfull \hbox (158.355pt too wide) in paragraph at lines 321--321
[]

Underfull \hbox (badness 10000) in paragraph at lines 321--321

[6] [7]
Chapter 3.
[8]
Chapter 4.
[9]
Overfull \hbox (72.73499pt too wide) in paragraph at lines 531--531
[]

Underfull \hbox (badness 10000) in paragraph at lines 531--531

[10]
Chapter 5.
[11] [12]
No file consortium_contracts-techhouse2_lease5.ind.
[13] (./consortium_contracts-techhouse2_lease5.aux)

Package rerunfilecheck Warning: File `consortium_contracts-techhouse2_lease5.ou
t' has changed.
(rerunfilecheck)                Rerun to get outlines right
(rerunfilecheck)                or use package `bookmark'.


LaTeX Warning: Label(s) may have changed. Rerun to get cross-references right.

 )
(see the transcript file for additional information){/usr/share/texmf/fonts/enc
/dvips/tex-gyre/q-ts1.enc}{/usr/share/texmf/fonts/enc/dvips/tex-gyre/q-ec.enc}<
/usr/share/texmf/fonts/type1/public/tex-gyre/qhvb.pfb></usr/share/texmf/fonts/t
ype1/public/tex-gyre/qhvbi.pfb></usr/share/texmf/fonts/type1/public/tex-gyre/qh
vr.pfb></usr/share/texmf/fonts/type1/public/tex-gyre/qtmb.pfb></usr/share/texmf
/fonts/type1/public/tex-gyre/qtmbi.pfb></usr/share/texmf/fonts/type1/public/tex
-gyre/qtmr.pfb></usr/share/texmf/fonts/type1/public/tex-gyre/qtmri.pfb>
Output written on consortium_contracts-techhouse2_lease5.pdf (15 pages, 293433 
bytes).
Transcript written on consortium_contracts-techhouse2_lease5.log.
Latexmk: Index file 'consortium_contracts-techhouse2_lease5.idx' was written
Latexmk: Missing input file: 'consortium_contracts-techhouse2_lease5.ind' from line
  'No file consortium_contracts-techhouse2_lease5.ind.'
Latexmk: References changed.
Latexmk: References changed.
Latexmk: Log file says output to 'consortium_contracts-techhouse2_lease5.pdf'
Latexmk: Log file says output to 'consortium_contracts-techhouse2_lease5.pdf'
Rule 'makeindex consortium_contracts-techhouse2_lease5.idx': File changes, etc:
   Changed files, or newly in use since previous run(s):
      'consortium_contracts-techhouse2_lease5.idx'
------------
Run number 1 of rule 'makeindex consortium_contracts-techhouse2_lease5.idx'
------------
------------
Running 'makeindex -s python.ist  -o "consortium_contracts-techhouse2_lease5.ind" "consortium_contracts-techhouse2_lease5.idx"'
------------
=== TeX engine is 'pdfTeX'
Latexmk: applying rule 'makeindex consortium_contracts-techhouse2_lease5.idx'...
This is makeindex, version 2.15 [TeX Live 2020] (kpathsea + Thai support).
Scanning style file ./python.ist.......done (7 attributes redefined, 0 ignored).
Scanning input file consortium_contracts-techhouse2_lease5.idx...done (0 entries accepted, 0 rejected).
Nothing written in consortium_contracts-techhouse2_lease5.ind.
Transcript written in consortium_contracts-techhouse2_lease5.ilg.
Rule 'pdflatex': File changes, etc:
   Changed files, or newly in use since previous run(s):
      'consortium_contracts-techhouse2_lease5.aux'
      'consortium_contracts-techhouse2_lease5.ind'
      'consortium_contracts-techhouse2_lease5.out'
------------
Run number 2 of rule 'pdflatex'
------------
------------
Running 'pdflatex   -recorder  "consortium_contracts-techhouse2_lease5.tex"'
------------
Latexmk: applying rule 'pdflatex'...
This is pdfTeX, Version 3.14159265-2.6-1.40.21 (TeX Live 2020/Debian) (preloaded format=pdflatex)
 restricted \write18 enabled.
entering extended mode
(./consortium_contracts-techhouse2_lease5.tex
LaTeX2e <2020-02-02> patch level 5
L3 programming layer <2020-07-17> (./sphinxmanual.cls
Document Class: sphinxmanual 2019/12/01 v2.3.0 Document class (Sphinx manual)
(/usr/share/texlive/texmf-dist/tex/latex/base/report.cls
Document Class: report 2019/12/20 v1.4l Standard LaTeX document class
(/usr/share/texlive/texmf-dist/tex/latex/base/size10.clo)))
(/usr/share/texlive/texmf-dist/tex/latex/base/inputenc.sty)
(/usr/share/texlive/texmf-dist/tex/latex/cmap/cmap.sty)
(/usr/share/texlive/texmf-dist/tex/latex/base/fontenc.sty<<t1.cmap>>)
(/usr/share/texlive/texmf-dist/tex/latex/amsmath/amsmath.sty
For additional information on amsmath, use the `?' option.
(/usr/share/texlive/texmf-dist/tex/latex/amsmath/amstext.sty
(/usr/share/texlive/texmf-dist/tex/latex/amsmath/amsgen.sty))
(/usr/share/texlive/texmf-dist/tex/latex/amsmath/amsbsy.sty)
(/usr/share/texlive/texmf-dist/tex/latex/amsmath/amsopn.sty))
(/usr/share/texlive/texmf-dist/tex/latex/amsfonts/amssymb.sty
(/usr/share/texlive/texmf-dist/tex/latex/amsfonts/amsfonts.sty))
(/usr/share/texlive/texmf-dist/tex/generic/babel/babel.sty
(/usr/share/texlive/texmf-dist/tex/generic/babel/babel.def
(/usr/share/texlive/texmf-dist/tex/generic/babel/txtbabel.def))
(/usr/share/texlive/texmf-dist/tex/generic/babel-english/english.ldf))
(/usr/share/texmf/tex/latex/tex-gyre/tgtermes.sty
(/usr/share/texlive/texmf-dist/tex/latex/kvoptions/kvoptions.sty
(/usr/share/texlive/texmf-dist/tex/latex/graphics/keyval.sty)
(/usr/share/texlive/texmf-dist/tex/generic/ltxcmds/ltxcmds.sty)
(/usr/share/texlive/texmf-dist/tex/generic/kvsetkeys/kvsetkeys.sty)))
(/usr/share/texmf/tex/latex/tex-gyre/tgheros.sty)
(/usr/share/texlive/texmf-dist/tex/latex/fncychap/fncychap.sty) (./sphinx.sty
(/usr/share/texlive/texmf-dist/tex/latex/xcolor/xcolor.sty
(/usr/share/texlive/texmf-dist/tex/latex/graphics-cfg/color.cfg)
(/usr/share/texlive/texmf-dist/tex/latex/graphics-def/pdftex.def))
(./sphinxoptionshyperref.sty) (./sphinxoptionsgeometry.sty)
(/usr/share/texlive/texmf-dist/tex/latex/base/textcomp.sty)
(/usr/share/texlive/texmf-dist/tex/latex/float/float.sty)
(/usr/share/texlive/texmf-dist/tex/latex/wrapfig/wrapfig.sty)
(/usr/share/texlive/texmf-dist/tex/latex/capt-of/capt-of.sty)
(/usr/share/texlive/texmf-dist/tex/latex/tools/multicol.sty)
(/usr/share/texlive/texmf-dist/tex/latex/graphics/graphicx.sty
(/usr/share/texlive/texmf-dist/tex/latex/graphics/graphics.sty
(/usr/share/texlive/texmf-dist/tex/latex/graphics/trig.sty)
(/usr/share/texlive/texmf-dist/tex/latex/graphics-cfg/graphics.cfg)))
(./sphinxlatexgraphics.sty) (./sphinxlatexadmonitions.sty
(/usr/share/texlive/texmf-dist/tex/latex/framed/framed.sty))
(./sphinxlatexliterals.sty
(/usr/share/texlive/texmf-dist/tex/latex/fancyvrb/fancyvrb.sty)
(/usr/share/texlive/texmf-dist/tex/latex/base/alltt.sty)
(/usr/share/texlive/texmf-dist/tex/latex/upquote/upquote.sty)
(/usr/share/texlive/texmf-dist/tex/latex/needspace/needspace.sty))
(./sphinxlatexshadowbox.sty) (./sphinxlatexcontainers.sty)
(./sphinxhighlight.sty) (./sphinxlatextables.sty
(/usr/share/texlive/texmf-dist/tex/latex/tabulary/tabulary.sty
(/usr/share/texlive/texmf-dist/tex/latex/tools/array.sty))
(/usr/share/texlive/texmf-dist/tex/latex/tools/longtable.sty)
(/usr/share/texlive/texmf-dist/tex/latex/varwidth/varwidth.sty))
(./sphinxlatexnumfig.sty) (./sphinxlatexlists.sty) (./sphinxpackagefootnote.sty
) (./sphinxlatexindbibtoc.sty
(/usr/share/texlive/texmf-dist/tex/latex/base/makeidx.sty))
(./sphinxlatexstylepage.sty
(/usr/share/texlive/texmf-dist/tex/latex/parskip/parskip.sty
(/usr/share/texlive/texmf-dist/tex/latex/parskip/parskip-2001-04-09.sty))
(/usr/share/texlive/texmf-dist/tex/latex/fancyhdr/fancyhdr.sty))
(./sphinxlatexstyleheadings.sty
(/usr/share/texlive/texmf-dist/tex/latex/titlesec/titlesec.sty))
(./sphinxlatexstyletext.sty) (./sphinxlatexobjects.sty))
(/usr/share/texlive/texmf-dist/tex/latex/geometry/geometry.sty
(/usr/share/texlive/texmf-dist/tex/generic/iftex/ifvtex.sty
(/usr/share/texlive/texmf-dist/tex/generic/iftex/iftex.sty)))
(/usr/share/texlive/texmf-dist/tex/latex/hyperref/hyperref.sty
(/usr/share/texlive/texmf-dist/tex/generic/pdftexcmds/pdftexcmds.sty
(/usr/share/texlive/texmf-dist/tex/generic/infwarerr/infwarerr.sty))
(/usr/share/texlive/texmf-dist/tex/generic/kvdefinekeys/kvdefinekeys.sty)
(/usr/share/texlive/texmf-dist/tex/generic/pdfescape/pdfescape.sty)
(/usr/share/texlive/texmf-dist/tex/latex/hycolor/hycolor.sty)
(/usr/share/texlive/texmf-dist/tex/latex/letltxmacro/letltxmacro.sty)
(/usr/share/texlive/texmf-dist/tex/latex/auxhook/auxhook.sty)
(/usr/share/texlive/texmf-dist/tex/latex/hyperref/pd1enc.def)
(/usr/share/texlive/texmf-dist/tex/generic/intcalc/intcalc.sty)
(/usr/share/texlive/texmf-dist/tex/generic/etexcmds/etexcmds.sty)
(/usr/share/texlive/texmf-dist/tex/latex/hyperref/puenc.def)
(/usr/share/texlive/texmf-dist/tex/latex/url/url.sty)
(/usr/share/texlive/texmf-dist/tex/generic/bitset/bitset.sty
(/usr/share/texlive/texmf-dist/tex/generic/bigintcalc/bigintcalc.sty))
(/usr/share/texlive/texmf-dist/tex/generic/atbegshi/atbegshi.sty))
(/usr/share/texlive/texmf-dist/tex/latex/hyperref/hpdftex.def
(/usr/share/texlive/texmf-dist/tex/latex/atveryend/atveryend.sty)
(/usr/share/texlive/texmf-dist/tex/latex/rerunfilecheck/rerunfilecheck.sty
(/usr/share/texlive/texmf-dist/tex/generic/uniquecounter/uniquecounter.sty)))
(/usr/share/texlive/texmf-dist/tex/latex/oberdiek/hypcap.sty)
(./sphinxmessages.sty)
Writing index file consortium_contracts-techhouse2_lease5.idx
(/usr/share/texlive/texmf-dist/tex/latex/l3backend/l3backend-pdfmode.def)
(./consortium_contracts-techhouse2_lease5.aux)
(/usr/share/texmf/tex/latex/tex-gyre/t1qtm.fd)
(/usr/share/texlive/texmf-dist/tex/context/base/mkii/supp-pdf.mkii
[Loading MPS to PDF converter (version 2006.09.02).]
) (/usr/share/texlive/texmf-dist/tex/latex/epstopdf-pkg/epstopdf-base.sty
(/usr/share/texlive/texmf-dist/tex/latex/latexconfig/epstopdf-sys.cfg))
*geometry* driver: auto-detecting
*geometry* detected driver: pdftex
(/usr/share/texlive/texmf-dist/tex/latex/hyperref/nameref.sty
(/usr/share/texlive/texmf-dist/tex/latex/refcount/refcount.sty)
(/usr/share/texlive/texmf-dist/tex/generic/gettitlestring/gettitlestring.sty))
(./consortium_contracts-techhouse2_lease5.out)
(./consortium_contracts-techhouse2_lease5.out)
(/usr/share/texlive/texmf-dist/tex/latex/txfonts/t1txtt.fd)
(/usr/share/texmf/tex/latex/tex-gyre/t1qhv.fd)<<ot1.cmap>><<oml.cmap>><<oms.cma
p>><<omx.cmap>> (/usr/share/texlive/texmf-dist/tex/latex/amsfonts/umsa.fd)
(/usr/share/texlive/texmf-dist/tex/latex/amsfonts/umsb.fd) [1{/var/lib/texmf/fo
nts/map/pdftex/updmap/pdftex.map} <./logo.jpeg>]
(./consortium_contracts-techhouse2_lease5.toc) [1]
Chapter 1.
[1] [2] [3] [4] [5]
Chapter 2.
(/usr/share/texmf/tex/latex/tex-gyre/ts1qtm.fd)
Overfull \hbox (158.355pt too wide) in paragraph at lines 321--321
[]

Underfull \hbox (badness 10000) in paragraph at lines 321--321

[6] [7]
Chapter 3.
[8]
Chapter 4.
[9]
Overfull \hbox (72.73499pt too wide) in paragraph at lines 531--531
[]

Underfull \hbox (badness 10000) in paragraph at lines 531--531

[10]
Chapter 5.
[11] [12] (./consortium_contracts-techhouse2_lease5.ind) [13]
(./consortium_contracts-techhouse2_lease5.aux) )
(see the transcript file for additional information){/usr/share/texmf/fonts/enc
/dvips/tex-gyre/q-ts1.enc}{/usr/share/texmf/fonts/enc/dvips/tex-gyre/q-ec.enc}<
/usr/share/texmf/fonts/type1/public/tex-gyre/qhvb.pfb></usr/share/texmf/fonts/t
ype1/public/tex-gyre/qhvbi.pfb></usr/share/texmf/fonts/type1/public/tex-gyre/qh
vr.pfb></usr/share/texmf/fonts/type1/public/tex-gyre/qtmb.pfb></usr/share/texmf
/fonts/type1/public/tex-gyre/qtmbi.pfb></usr/share/texmf/fonts/type1/public/tex
-gyre/qtmr.pfb></usr/share/texmf/fonts/type1/public/tex-gyre/qtmri.pfb>
Output written on consortium_contracts-techhouse2_lease5.pdf (15 pages, 299000 
bytes).
Transcript written on consortium_contracts-techhouse2_lease5.log.
Latexmk: Index file 'consortium_contracts-techhouse2_lease5.idx' was written
Latexmk: Log file says output to 'consortium_contracts-techhouse2_lease5.pdf'
Latexmk: Log file says output to 'consortium_contracts-techhouse2_lease5.pdf'
Rule 'pdflatex': File changes, etc:
   Changed files, or newly in use since previous run(s):
      'consortium_contracts-techhouse2_lease5.toc'
------------
Run number 3 of rule 'pdflatex'
------------
------------
Running 'pdflatex   -recorder  "consortium_contracts-techhouse2_lease5.tex"'
------------
=== TeX engine is 'pdfTeX'
Latexmk: applying rule 'pdflatex'...
This is pdfTeX, Version 3.14159265-2.6-1.40.21 (TeX Live 2020/Debian) (preloaded format=pdflatex)
 restricted \write18 enabled.
entering extended mode
(./consortium_contracts-techhouse2_lease5.tex
LaTeX2e <2020-02-02> patch level 5
L3 programming layer <2020-07-17> (./sphinxmanual.cls
Document Class: sphinxmanual 2019/12/01 v2.3.0 Document class (Sphinx manual)
(/usr/share/texlive/texmf-dist/tex/latex/base/report.cls
Document Class: report 2019/12/20 v1.4l Standard LaTeX document class
(/usr/share/texlive/texmf-dist/tex/latex/base/size10.clo)))
(/usr/share/texlive/texmf-dist/tex/latex/base/inputenc.sty)
(/usr/share/texlive/texmf-dist/tex/latex/cmap/cmap.sty)
(/usr/share/texlive/texmf-dist/tex/latex/base/fontenc.sty<<t1.cmap>>)
(/usr/share/texlive/texmf-dist/tex/latex/amsmath/amsmath.sty
For additional information on amsmath, use the `?' option.
(/usr/share/texlive/texmf-dist/tex/latex/amsmath/amstext.sty
(/usr/share/texlive/texmf-dist/tex/latex/amsmath/amsgen.sty))
(/usr/share/texlive/texmf-dist/tex/latex/amsmath/amsbsy.sty)
(/usr/share/texlive/texmf-dist/tex/latex/amsmath/amsopn.sty))
(/usr/share/texlive/texmf-dist/tex/latex/amsfonts/amssymb.sty
(/usr/share/texlive/texmf-dist/tex/latex/amsfonts/amsfonts.sty))
(/usr/share/texlive/texmf-dist/tex/generic/babel/babel.sty
(/usr/share/texlive/texmf-dist/tex/generic/babel/babel.def
(/usr/share/texlive/texmf-dist/tex/generic/babel/txtbabel.def))
(/usr/share/texlive/texmf-dist/tex/generic/babel-english/english.ldf))
(/usr/share/texmf/tex/latex/tex-gyre/tgtermes.sty
(/usr/share/texlive/texmf-dist/tex/latex/kvoptions/kvoptions.sty
(/usr/share/texlive/texmf-dist/tex/latex/graphics/keyval.sty)
(/usr/share/texlive/texmf-dist/tex/generic/ltxcmds/ltxcmds.sty)
(/usr/share/texlive/texmf-dist/tex/generic/kvsetkeys/kvsetkeys.sty)))
(/usr/share/texmf/tex/latex/tex-gyre/tgheros.sty)
(/usr/share/texlive/texmf-dist/tex/latex/fncychap/fncychap.sty) (./sphinx.sty
(/usr/share/texlive/texmf-dist/tex/latex/xcolor/xcolor.sty
(/usr/share/texlive/texmf-dist/tex/latex/graphics-cfg/color.cfg)
(/usr/share/texlive/texmf-dist/tex/latex/graphics-def/pdftex.def))
(./sphinxoptionshyperref.sty) (./sphinxoptionsgeometry.sty)
(/usr/share/texlive/texmf-dist/tex/latex/base/textcomp.sty)
(/usr/share/texlive/texmf-dist/tex/latex/float/float.sty)
(/usr/share/texlive/texmf-dist/tex/latex/wrapfig/wrapfig.sty)
(/usr/share/texlive/texmf-dist/tex/latex/capt-of/capt-of.sty)
(/usr/share/texlive/texmf-dist/tex/latex/tools/multicol.sty)
(/usr/share/texlive/texmf-dist/tex/latex/graphics/graphicx.sty
(/usr/share/texlive/texmf-dist/tex/latex/graphics/graphics.sty
(/usr/share/texlive/texmf-dist/tex/latex/graphics/trig.sty)
(/usr/share/texlive/texmf-dist/tex/latex/graphics-cfg/graphics.cfg)))
(./sphinxlatexgraphics.sty) (./sphinxlatexadmonitions.sty
(/usr/share/texlive/texmf-dist/tex/latex/framed/framed.sty))
(./sphinxlatexliterals.sty
(/usr/share/texlive/texmf-dist/tex/latex/fancyvrb/fancyvrb.sty)
(/usr/share/texlive/texmf-dist/tex/latex/base/alltt.sty)
(/usr/share/texlive/texmf-dist/tex/latex/upquote/upquote.sty)
(/usr/share/texlive/texmf-dist/tex/latex/needspace/needspace.sty))
(./sphinxlatexshadowbox.sty) (./sphinxlatexcontainers.sty)
(./sphinxhighlight.sty) (./sphinxlatextables.sty
(/usr/share/texlive/texmf-dist/tex/latex/tabulary/tabulary.sty
(/usr/share/texlive/texmf-dist/tex/latex/tools/array.sty))
(/usr/share/texlive/texmf-dist/tex/latex/tools/longtable.sty)
(/usr/share/texlive/texmf-dist/tex/latex/varwidth/varwidth.sty))
(./sphinxlatexnumfig.sty) (./sphinxlatexlists.sty) (./sphinxpackagefootnote.sty
) (./sphinxlatexindbibtoc.sty
(/usr/share/texlive/texmf-dist/tex/latex/base/makeidx.sty))
(./sphinxlatexstylepage.sty
(/usr/share/texlive/texmf-dist/tex/latex/parskip/parskip.sty
(/usr/share/texlive/texmf-dist/tex/latex/parskip/parskip-2001-04-09.sty))
(/usr/share/texlive/texmf-dist/tex/latex/fancyhdr/fancyhdr.sty))
(./sphinxlatexstyleheadings.sty
(/usr/share/texlive/texmf-dist/tex/latex/titlesec/titlesec.sty))
(./sphinxlatexstyletext.sty) (./sphinxlatexobjects.sty))
(/usr/share/texlive/texmf-dist/tex/latex/geometry/geometry.sty
(/usr/share/texlive/texmf-dist/tex/generic/iftex/ifvtex.sty
(/usr/share/texlive/texmf-dist/tex/generic/iftex/iftex.sty)))
(/usr/share/texlive/texmf-dist/tex/latex/hyperref/hyperref.sty
(/usr/share/texlive/texmf-dist/tex/generic/pdftexcmds/pdftexcmds.sty
(/usr/share/texlive/texmf-dist/tex/generic/infwarerr/infwarerr.sty))
(/usr/share/texlive/texmf-dist/tex/generic/kvdefinekeys/kvdefinekeys.sty)
(/usr/share/texlive/texmf-dist/tex/generic/pdfescape/pdfescape.sty)
(/usr/share/texlive/texmf-dist/tex/latex/hycolor/hycolor.sty)
(/usr/share/texlive/texmf-dist/tex/latex/letltxmacro/letltxmacro.sty)
(/usr/share/texlive/texmf-dist/tex/latex/auxhook/auxhook.sty)
(/usr/share/texlive/texmf-dist/tex/latex/hyperref/pd1enc.def)
(/usr/share/texlive/texmf-dist/tex/generic/intcalc/intcalc.sty)
(/usr/share/texlive/texmf-dist/tex/generic/etexcmds/etexcmds.sty)
(/usr/share/texlive/texmf-dist/tex/latex/hyperref/puenc.def)
(/usr/share/texlive/texmf-dist/tex/latex/url/url.sty)
(/usr/share/texlive/texmf-dist/tex/generic/bitset/bitset.sty
(/usr/share/texlive/texmf-dist/tex/generic/bigintcalc/bigintcalc.sty))
(/usr/share/texlive/texmf-dist/tex/generic/atbegshi/atbegshi.sty))
(/usr/share/texlive/texmf-dist/tex/latex/hyperref/hpdftex.def
(/usr/share/texlive/texmf-dist/tex/latex/atveryend/atveryend.sty)
(/usr/share/texlive/texmf-dist/tex/latex/rerunfilecheck/rerunfilecheck.sty
(/usr/share/texlive/texmf-dist/tex/generic/uniquecounter/uniquecounter.sty)))
(/usr/share/texlive/texmf-dist/tex/latex/oberdiek/hypcap.sty)
(./sphinxmessages.sty)
Writing index file consortium_contracts-techhouse2_lease5.idx
(/usr/share/texlive/texmf-dist/tex/latex/l3backend/l3backend-pdfmode.def)
(./consortium_contracts-techhouse2_lease5.aux)
(/usr/share/texmf/tex/latex/tex-gyre/t1qtm.fd)
(/usr/share/texlive/texmf-dist/tex/context/base/mkii/supp-pdf.mkii
[Loading MPS to PDF converter (version 2006.09.02).]
) (/usr/share/texlive/texmf-dist/tex/latex/epstopdf-pkg/epstopdf-base.sty
(/usr/share/texlive/texmf-dist/tex/latex/latexconfig/epstopdf-sys.cfg))
*geometry* driver: auto-detecting
*geometry* detected driver: pdftex
(/usr/share/texlive/texmf-dist/tex/latex/hyperref/nameref.sty
(/usr/share/texlive/texmf-dist/tex/latex/refcount/refcount.sty)
(/usr/share/texlive/texmf-dist/tex/generic/gettitlestring/gettitlestring.sty))
(./consortium_contracts-techhouse2_lease5.out)
(./consortium_contracts-techhouse2_lease5.out)
(/usr/share/texlive/texmf-dist/tex/latex/txfonts/t1txtt.fd)
(/usr/share/texmf/tex/latex/tex-gyre/t1qhv.fd)<<ot1.cmap>><<oml.cmap>><<oms.cma
p>><<omx.cmap>> (/usr/share/texlive/texmf-dist/tex/latex/amsfonts/umsa.fd)
(/usr/share/texlive/texmf-dist/tex/latex/amsfonts/umsb.fd) [1{/var/lib/texmf/fo
nts/map/pdftex/updmap/pdftex.map} <./logo.jpeg>]
(./consortium_contracts-techhouse2_lease5.toc) [1]
Chapter 1.
[1] [2] [3] [4] [5]
Chapter 2.
(/usr/share/texmf/tex/latex/tex-gyre/ts1qtm.fd)
Overfull \hbox (158.355pt too wide) in paragraph at lines 321--321
[]

Underfull \hbox (badness 10000) in paragraph at lines 321--321

[6] [7]
Chapter 3.
[8]
Chapter 4.
[9]
Overfull \hbox (72.73499pt too wide) in paragraph at lines 531--531
[]

Underfull \hbox (badness 10000) in paragraph at lines 531--531

[10]
Chapter 5.
[11] [12] (./consortium_contracts-techhouse2_lease5.ind) [13]
(./consortium_contracts-techhouse2_lease5.aux) )
(see the transcript file for additional information){/usr/share/texmf/fonts/enc
/dvips/tex-gyre/q-ts1.enc}{/usr/share/texmf/fonts/enc/dvips/tex-gyre/q-ec.enc}<
/usr/share/texmf/fonts/type1/public/tex-gyre/qhvb.pfb></usr/share/texmf/fonts/t
ype1/public/tex-gyre/qhvbi.pfb></usr/share/texmf/fonts/type1/public/tex-gyre/qh
vr.pfb></usr/share/texmf/fonts/type1/public/tex-gyre/qtmb.pfb></usr/share/texmf
/fonts/type1/public/tex-gyre/qtmbi.pfb></usr/share/texmf/fonts/type1/public/tex
-gyre/qtmr.pfb></usr/share/texmf/fonts/type1/public/tex-gyre/qtmri.pfb>
Output written on consortium_contracts-techhouse2_lease5.pdf (15 pages, 299000 
bytes).
Transcript written on consortium_contracts-techhouse2_lease5.log.
Latexmk: Index file 'consortium_contracts-techhouse2_lease5.idx' was written
Latexmk: Log file says output to 'consortium_contracts-techhouse2_lease5.pdf'
Latexmk: Log file says output to 'consortium_contracts-techhouse2_lease5.pdf'
=== TeX engine is 'pdfTeX'
Latexmk: All targets (consortium_contracts-techhouse2_lease5.pdf) are up-to-date
