Running Sphinx v1.7.9
making output directory...
loading pickled environment... done
building [mo]: targets for 0 po files that are out of date
building [latex]: all documents
updating environment: 0 added, 0 changed, 0 removed
looking for now-outdated files... none found
processing wave-organisation-financials.tex...index releasenotes introduction investors statements balancesheet2 
resolving references...
writing... done
copying images... [100%] images/fianancials.png

copying TeX support files...
done
build succeeded.

The LaTeX files are in build/latex.
Run 'make' in that directory to run these through (pdf)latex
(use `make latexpdf' here to do that automatically).
make[1]: Entering directory '/mnt/c/Users/loco/Documents/GitHub/gh-docs.hotspotbnb.com/docs/management/company-records-financials-forecast-2020/build/latex'
latexmk -pdf -dvi- -ps-  'wave-organisation-financials.tex'
Latexmk: This is Latexmk, John Collins, 1 January 2015, version: 4.41.
Rule 'pdflatex': Rules & subrules not known to be previously run:
   pdflatex
Rule 'pdflatex': The following rules & subrules became out-of-date:
      'pdflatex'
------------
Run number 1 of rule 'pdflatex'
------------
------------
Running 'pdflatex   -recorder  "wave-organisation-financials.tex"'
------------
Latexmk: applying rule 'pdflatex'...
This is pdfTeX, Version 3.14159265-2.6-1.40.17 (TeX Live 2016/Debian) (preloaded format=pdflatex)
 restricted \write18 enabled.
entering extended mode
(./wave-organisation-financials.tex
LaTeX2e <2017/01/01> patch level 3
Babel <3.9r> and hyphenation patterns for 3 language(s) loaded.
(./sphinxmanual.cls
Document Class: sphinxmanual 2017/03/26 v1.6 Document class (Sphinx manual)
(/usr/share/texlive/texmf-dist/tex/latex/base/report.cls
Document Class: report 2014/09/29 v1.4h Standard LaTeX document class
(/usr/share/texlive/texmf-dist/tex/latex/base/size10.clo)))
(/usr/share/texlive/texmf-dist/tex/latex/base/inputenc.sty
(/usr/share/texlive/texmf-dist/tex/latex/base/utf8.def
(/usr/share/texlive/texmf-dist/tex/latex/base/t1enc.dfu)
(/usr/share/texlive/texmf-dist/tex/latex/base/ot1enc.dfu)
(/usr/share/texlive/texmf-dist/tex/latex/base/omsenc.dfu)))
(/usr/share/texlive/texmf-dist/tex/latex/cmap/cmap.sty)
(/usr/share/texlive/texmf-dist/tex/latex/base/fontenc.sty
(/usr/share/texlive/texmf-dist/tex/latex/base/t1enc.def)<<t1.cmap>>)
(/usr/share/texlive/texmf-dist/tex/latex/amsmath/amsmath.sty
For additional information on amsmath, use the `?' option.
(/usr/share/texlive/texmf-dist/tex/latex/amsmath/amstext.sty
(/usr/share/texlive/texmf-dist/tex/latex/amsmath/amsgen.sty))
(/usr/share/texlive/texmf-dist/tex/latex/amsmath/amsbsy.sty)
(/usr/share/texlive/texmf-dist/tex/latex/amsmath/amsopn.sty))
(/usr/share/texlive/texmf-dist/tex/latex/amsfonts/amssymb.sty
(/usr/share/texlive/texmf-dist/tex/latex/amsfonts/amsfonts.sty))
(/usr/share/texlive/texmf-dist/tex/generic/babel/babel.sty
(/usr/share/texlive/texmf-dist/tex/generic/babel-english/english.ldf
(/usr/share/texlive/texmf-dist/tex/generic/babel/babel.def)))
(/usr/share/texlive/texmf-dist/tex/latex/psnfss/times.sty)
(/usr/share/texlive/texmf-dist/tex/latex/fncychap/fncychap.sty) (./sphinx.sty
(/usr/share/texlive/texmf-dist/tex/generic/oberdiek/ltxcmds.sty)
(/usr/share/texlive/texmf-dist/tex/latex/graphics/graphicx.sty
(/usr/share/texlive/texmf-dist/tex/latex/graphics/keyval.sty)
(/usr/share/texlive/texmf-dist/tex/latex/graphics/graphics.sty
(/usr/share/texlive/texmf-dist/tex/latex/graphics/trig.sty)
(/usr/share/texlive/texmf-dist/tex/latex/graphics-cfg/graphics.cfg)
(/usr/share/texlive/texmf-dist/tex/latex/graphics-def/pdftex.def
(/usr/share/texlive/texmf-dist/tex/generic/oberdiek/infwarerr.sty))))
(/usr/share/texlive/texmf-dist/tex/latex/fancyhdr/fancyhdr.sty)
(/usr/share/texlive/texmf-dist/tex/latex/base/textcomp.sty
(/usr/share/texlive/texmf-dist/tex/latex/base/ts1enc.def
(/usr/share/texlive/texmf-dist/tex/latex/base/ts1enc.dfu)))
(/usr/share/texlive/texmf-dist/tex/latex/titlesec/titlesec.sty)
(/usr/share/texlive/texmf-dist/tex/latex/tabulary/tabulary.sty
(/usr/share/texlive/texmf-dist/tex/latex/tools/array.sty))
(/usr/share/texlive/texmf-dist/tex/latex/tools/longtable.sty)
(/usr/share/texlive/texmf-dist/tex/latex/varwidth/varwidth.sty)
(./sphinxmulticell.sty)
(/usr/share/texlive/texmf-dist/tex/latex/base/makeidx.sty)
(/usr/share/texlive/texmf-dist/tex/latex/framed/framed.sty)
(/usr/share/texlive/texmf-dist/tex/latex/xcolor/xcolor.sty
(/usr/share/texlive/texmf-dist/tex/latex/graphics-cfg/color.cfg))
(/usr/share/texlive/texmf-dist/tex/latex/fancyvrb/fancyvrb.sty
Style option: `fancyvrb' v2.7a, with DG/SPQR fixes, and firstline=lastline fix 
<2008/02/07> (tvz)) (./footnotehyper-sphinx.sty)
(/usr/share/texlive/texmf-dist/tex/latex/float/float.sty)
(/usr/share/texlive/texmf-dist/tex/latex/wrapfig/wrapfig.sty)
(/usr/share/texlive/texmf-dist/tex/latex/parskip/parskip.sty)
(/usr/share/texlive/texmf-dist/tex/latex/base/alltt.sty)
(/usr/share/texlive/texmf-dist/tex/latex/upquote/upquote.sty)
(/usr/share/texlive/texmf-dist/tex/latex/capt-of/capt-of.sty)
(/usr/share/texlive/texmf-dist/tex/latex/needspace/needspace.sty)
(/usr/share/texlive/texmf-dist/tex/latex/carlisle/remreset.sty)
(./sphinxhighlight.sty)
(/usr/share/texlive/texmf-dist/tex/latex/oberdiek/kvoptions.sty
(/usr/share/texlive/texmf-dist/tex/generic/oberdiek/kvsetkeys.sty
(/usr/share/texlive/texmf-dist/tex/generic/oberdiek/etexcmds.sty
(/usr/share/texlive/texmf-dist/tex/generic/oberdiek/ifluatex.sty)))))
(/usr/share/texlive/texmf-dist/tex/latex/geometry/geometry.sty
(/usr/share/texlive/texmf-dist/tex/generic/oberdiek/ifpdf.sty)
(/usr/share/texlive/texmf-dist/tex/generic/oberdiek/ifvtex.sty)
(/usr/share/texlive/texmf-dist/tex/generic/ifxetex/ifxetex.sty))
(/usr/share/texlive/texmf-dist/tex/latex/hyperref/hyperref.sty
(/usr/share/texlive/texmf-dist/tex/generic/oberdiek/hobsub-hyperref.sty
(/usr/share/texlive/texmf-dist/tex/generic/oberdiek/hobsub-generic.sty))
(/usr/share/texlive/texmf-dist/tex/latex/oberdiek/auxhook.sty)
(/usr/share/texlive/texmf-dist/tex/latex/hyperref/pd1enc.def)
(/usr/share/texlive/texmf-dist/tex/latex/latexconfig/hyperref.cfg)
(/usr/share/texlive/texmf-dist/tex/latex/hyperref/puenc.def)
(/usr/share/texlive/texmf-dist/tex/latex/url/url.sty))

Package hyperref Message: Driver (autodetected): hpdftex.

(/usr/share/texlive/texmf-dist/tex/latex/hyperref/hpdftex.def
(/usr/share/texlive/texmf-dist/tex/latex/oberdiek/rerunfilecheck.sty))
(/usr/share/texlive/texmf-dist/tex/latex/oberdiek/hypcap.sty)
Writing index file wave-organisation-financials.idx
(./wave-organisation-financials.aux)
(/usr/share/texlive/texmf-dist/tex/latex/base/ts1cmr.fd)
(/usr/share/texlive/texmf-dist/tex/latex/psnfss/t1ptm.fd)
(/usr/share/texlive/texmf-dist/tex/context/base/mkii/supp-pdf.mkii
[Loading MPS to PDF converter (version 2006.09.02).]
) (/usr/share/texlive/texmf-dist/tex/latex/oberdiek/epstopdf-base.sty
(/usr/share/texlive/texmf-dist/tex/latex/oberdiek/grfext.sty)
(/usr/share/texlive/texmf-dist/tex/latex/latexconfig/epstopdf-sys.cfg))
*geometry* driver: auto-detecting
*geometry* detected driver: pdftex
(/usr/share/texlive/texmf-dist/tex/latex/hyperref/nameref.sty
(/usr/share/texlive/texmf-dist/tex/generic/oberdiek/gettitlestring.sty))
(/usr/share/texlive/texmf-dist/tex/latex/psnfss/t1phv.fd)<<ot1.cmap>><<oml.cmap
>><<oms.cmap>><<omx.cmap>>
(/usr/share/texlive/texmf-dist/tex/latex/amsfonts/umsa.fd)
(/usr/share/texlive/texmf-dist/tex/latex/amsfonts/umsb.fd) [1{/var/lib/texmf/fo
nts/map/pdftex/updmap/pdftex.map}]

Package Fancyhdr Warning: \fancyfoot's `E' option without twoside option is use
less on input line 68.


Package Fancyhdr Warning: \fancyfoot's `E' option without twoside option is use
less on input line 68.

[1]

Package Fancyhdr Warning: \fancyfoot's `E' option without twoside option is use
less on input line 68.


Package Fancyhdr Warning: \fancyfoot's `E' option without twoside option is use
less on input line 68.


Package Fancyhdr Warning: \fancyhead's `E' option without twoside option is use
less on input line 68.

<fianancials.png, id=20, 793.95212pt x 355.24268pt>
(/usr/share/texlive/texmf-dist/tex/latex/psnfss/t1pcr.fd)
<use fianancials.png> [1 <./fianancials.png>]
Chapter 1.
(/usr/share/texlive/texmf-dist/tex/latex/psnfss/ts1ptm.fd)
Underfull \hbox (badness 10000) in paragraph at lines 156--157
[]|\T1/ptm/m/n/10 01-11-

Package Fancyhdr Warning: \fancyfoot's `E' option without twoside option is use
less on input line 172.

[2] [3]
Chapter 2.

Package Fancyhdr Warning: \fancyfoot's `E' option without twoside option is use
less on input line 212.

[4]
Chapter 3.
(/usr/share/texlive/texmf-dist/tex/latex/psnfss/ts1phv.fd)

Package Fancyhdr Warning: \fancyfoot's `E' option without twoside option is use
less on input line 762.

[5]
Underfull \hbox (badness 10000) in paragraph at lines 781--782
[]|\T1/phv/m/n/10 Deposited

Underfull \hbox (badness 10000) in paragraph at lines 785--786
[]|\T1/phv/m/n/10 Interest
[6] [7]
Chapter 4.

Overfull \hbox (1.59413pt too wide) in paragraph at lines 899--901
[]|\T1/phv/m/n/10 Balance

Overfull \hbox (1.59413pt too wide) in paragraph at lines 916--918
[]|\T1/phv/m/n/10 Balance

Overfull \hbox (1.02428pt too wide) in paragraph at lines 930--931
[]|\T1/ptm/m/n/10 05/03/13| 

Overfull \hbox (1.02428pt too wide) in paragraph at lines 939--940
[]|\T1/ptm/m/n/10 05/04/13| 

Overfull \hbox (1.02428pt too wide) in paragraph at lines 948--949
[]|\T1/ptm/m/n/10 16/05/13| 

Overfull \hbox (1.02428pt too wide) in paragraph at lines 957--958
[]|\T1/ptm/m/n/10 23/05/13| 

Overfull \hbox (1.02428pt too wide) in paragraph at lines 966--967
[]|\T1/ptm/m/n/10 06/06/13| 

Overfull \hbox (1.02428pt too wide) in paragraph at lines 975--976
[]|\T1/ptm/m/n/10 20/06/13| 

Overfull \hbox (1.02428pt too wide) in paragraph at lines 984--985
[]|\T1/ptm/m/n/10 04/07/13| 

Overfull \hbox (1.02428pt too wide) in paragraph at lines 993--994
[]|\T1/ptm/m/n/10 19/07/13| 

Overfull \hbox (1.02428pt too wide) in paragraph at lines 1002--1003
[]|\T1/ptm/m/n/10 01/08/13| 

Overfull \hbox (1.02428pt too wide) in paragraph at lines 1011--1012
[]|\T1/ptm/m/n/10 08/08/13| 

Overfull \hbox (1.02428pt too wide) in paragraph at lines 1020--1021
[]|\T1/ptm/m/n/10 15/08/13| 

Overfull \hbox (1.02428pt too wide) in paragraph at lines 1029--1030
[]|\T1/ptm/m/n/10 04/10/13| 

Overfull \hbox (1.02428pt too wide) in paragraph at lines 1038--1039
[]|\T1/ptm/m/n/10 17/10/13| 

Overfull \hbox (1.02428pt too wide) in paragraph at lines 1047--1048
[]|\T1/ptm/m/n/10 24/10/13| 

Overfull \hbox (1.02428pt too wide) in paragraph at lines 1056--1057
[]|\T1/ptm/m/n/10 15/11/13| 

Overfull \hbox (1.02428pt too wide) in paragraph at lines 1065--1066
[]|\T1/ptm/m/n/10 28/11/13| 

Overfull \hbox (1.02428pt too wide) in paragraph at lines 1074--1075
[]|\T1/ptm/m/n/10 09/12/13| 

Overfull \hbox (1.02428pt too wide) in paragraph at lines 1083--1084
[]|\T1/ptm/m/n/10 24/01/14| 

Overfull \hbox (1.02428pt too wide) in paragraph at lines 1092--1093
[]|\T1/ptm/m/n/10 04/02/14| 

Overfull \hbox (1.02428pt too wide) in paragraph at lines 1101--1102
[]|\T1/ptm/m/n/10 03/03/14| 

Overfull \hbox (1.02428pt too wide) in paragraph at lines 1110--1111
[]|\T1/ptm/m/n/10 06/03/14| 

Overfull \hbox (1.02428pt too wide) in paragraph at lines 1119--1120
[]|\T1/ptm/m/n/10 17/03/14| 

Overfull \hbox (1.02428pt too wide) in paragraph at lines 1128--1129
[]|\T1/ptm/m/n/10 20/03/14| 

Overfull \hbox (1.02428pt too wide) in paragraph at lines 1137--1138
[]|\T1/ptm/m/n/10 25/03/14| 

Overfull \hbox (1.02428pt too wide) in paragraph at lines 1146--1147
[]|\T1/ptm/m/n/10 27/03/14| 

Overfull \hbox (2.9645pt too wide) in paragraph at lines 1150--1151
[]|\T1/ptm/m/n/10 10016.60| 

Overfull \hbox (1.02428pt too wide) in paragraph at lines 1155--1156
[]|\T1/ptm/m/n/10 27/03/14| 

Overfull \hbox (2.9645pt too wide) in paragraph at lines 1159--1160
[]|\T1/ptm/m/n/10 10216.60| 

Overfull \hbox (1.02428pt too wide) in paragraph at lines 1164--1165
[]|\T1/ptm/m/n/10 28/11/14| 

Overfull \hbox (2.9645pt too wide) in paragraph at lines 1168--1169
[]|\T1/ptm/m/n/10 11142.01| 

Overfull \hbox (1.02428pt too wide) in paragraph at lines 1173--1174
[]|\T1/ptm/m/n/10 20/03/15| 

Overfull \hbox (2.9645pt too wide) in paragraph at lines 1177--1178
[]|\T1/ptm/m/n/10 13142.01| 

Overfull \hbox (1.02428pt too wide) in paragraph at lines 1182--1183
[]|\T1/ptm/m/n/10 20/03/15| 

Overfull \hbox (2.9645pt too wide) in paragraph at lines 1186--1187
[]|\T1/ptm/m/n/10 15142.01| 

Overfull \hbox (1.02428pt too wide) in paragraph at lines 1191--1192
[]|\T1/ptm/m/n/10 23/07/15| 

Overfull \hbox (2.9645pt too wide) in paragraph at lines 1195--1196
[]|\T1/ptm/m/n/10 17141.01| 

Overfull \hbox (1.02428pt too wide) in paragraph at lines 1200--1201
[]|\T1/ptm/m/n/10 05/10/15| 

Overfull \hbox (2.9645pt too wide) in paragraph at lines 1204--1205
[]|\T1/ptm/m/n/10 17155.91| 

Overfull \hbox (1.02428pt too wide) in paragraph at lines 1209--1210
[]|\T1/ptm/m/n/10 08/10/15| 

Overfull \hbox (2.9645pt too wide) in paragraph at lines 1213--1214
[]|\T1/ptm/m/n/10 17360.81| 

Overfull \hbox (1.02428pt too wide) in paragraph at lines 1218--1219
[]|\T1/ptm/m/n/10 28/11/15| 

Overfull \hbox (2.9645pt too wide) in paragraph at lines 1222--1223
[]|\T1/ptm/m/n/10 18810.14| 

Overfull \hbox (1.02428pt too wide) in paragraph at lines 1227--1228
[]|\T1/ptm/m/n/10 28/11/16| 

Overfull \hbox (2.9645pt too wide) in paragraph at lines 1231--1232
[]|\T1/ptm/m/n/10 20691.16| 

Overfull \hbox (1.02428pt too wide) in paragraph at lines 1236--1237
[]|\T1/ptm/m/n/10 28/11/17| 

Overfull \hbox (2.9645pt too wide) in paragraph at lines 1240--1241
[]|\T1/ptm/m/n/10 22760.27| 

Overfull \hbox (1.02428pt too wide) in paragraph at lines 1245--1246
[]|\T1/ptm/m/n/10 28/11/18| 

Overfull \hbox (2.9645pt too wide) in paragraph at lines 1249--1250
[]|\T1/ptm/m/n/10 25036.30| 

Package Fancyhdr Warning: \fancyfoot's `E' option without twoside option is use
less on input line 1254.

[8]
Overfull \hbox (1.59413pt too wide) in paragraph at lines 1274--1275
[]|\T1/phv/m/n/10 Balance

Overfull \hbox (1.02428pt too wide) in paragraph at lines 1279--1280
[]|\T1/ptm/m/n/10 15/11/13| 

Overfull \hbox (1.02428pt too wide) in paragraph at lines 1284--1285
[]|\T1/ptm/m/n/10 28/11/13| 

Overfull \hbox (1.59413pt too wide) in paragraph at lines 1311--1312
[]|\T1/phv/m/n/10 Balance

Overfull \hbox (1.02428pt too wide) in paragraph at lines 1316--1317
[]|\T1/ptm/m/n/10 05/04/13| 

Overfull \hbox (2.9645pt too wide) in paragraph at lines 1318--1319
[]|\T1/ptm/m/n/10 20000.00| 

Overfull \hbox (2.9645pt too wide) in paragraph at lines 1320--1321
[]|\T1/ptm/m/n/10 20000.00| 

Overfull \hbox (1.02428pt too wide) in paragraph at lines 1325--1326
[]|\T1/ptm/m/n/10 01/10/13| 

Overfull \hbox (2.9645pt too wide) in paragraph at lines 1329--1330
[]|\T1/ptm/m/n/10 25000.00| 

Overfull \hbox (1.02428pt too wide) in paragraph at lines 1334--1335
[]|\T1/ptm/m/n/10 28/11/13| 

Overfull \hbox (2.9645pt too wide) in paragraph at lines 1338--1339
[]|\T1/ptm/m/n/10 26208.33| 

Overfull \hbox (1.02428pt too wide) in paragraph at lines 1343--1344
[]|\T1/ptm/m/n/10 28/11/14| 

Overfull \hbox (2.9645pt too wide) in paragraph at lines 1347--1348
[]|\T1/ptm/m/n/10 28829.16| 

Overfull \hbox (1.02428pt too wide) in paragraph at lines 1352--1353
[]|\T1/ptm/m/n/10 09/01/15| 

Overfull \hbox (2.9645pt too wide) in paragraph at lines 1356--1357
[]|\T1/ptm/m/n/10 28979.16| 

Overfull \hbox (1.02428pt too wide) in paragraph at lines 1361--1362
[]|\T1/ptm/m/n/10 28/11/15| 

Overfull \hbox (2.9645pt too wide) in paragraph at lines 1365--1366
[]|\T1/ptm/m/n/10 31634.33| 

Overfull \hbox (1.02428pt too wide) in paragraph at lines 1370--1371
[]|\T1/ptm/m/n/10 28/11/16| 

Overfull \hbox (2.9645pt too wide) in paragraph at lines 1374--1375
[]|\T1/ptm/m/n/10 34797.76| 

Overfull \hbox (1.02428pt too wide) in paragraph at lines 1379--1380
[]|\T1/ptm/m/n/10 28/11/17| 

Overfull \hbox (2.9645pt too wide) in paragraph at lines 1383--1384
[]|\T1/ptm/m/n/10 38277.54| 

Overfull \hbox (1.02428pt too wide) in paragraph at lines 1388--1389
[]|\T1/ptm/m/n/10 11/01/17| 

Overfull \hbox (2.9645pt too wide) in paragraph at lines 1392--1393
[]|\T1/ptm/m/n/10 38467.54| 

Overfull \hbox (1.02428pt too wide) in paragraph at lines 1397--1398
[]|\T1/ptm/m/n/10 28/11/18| 

Overfull \hbox (2.9645pt too wide) in paragraph at lines 1401--1402
[]|\T1/ptm/m/n/10 42311.92| 

Overfull \hbox (1.59413pt too wide) in paragraph at lines 1428--1429
[]|\T1/phv/m/n/10 Balance

Overfull \hbox (1.02428pt too wide) in paragraph at lines 1433--1434
[]|\T1/ptm/m/n/10 15/11/13| 

Overfull \hbox (1.02428pt too wide) in paragraph at lines 1438--1439
[]|\T1/ptm/m/n/10 28/11/13| 
[9]
Overfull \hbox (1.59413pt too wide) in paragraph at lines 1465--1466
[]|\T1/phv/m/n/10 Balance

Overfull \hbox (1.02428pt too wide) in paragraph at lines 1470--1471
[]|\T1/ptm/m/n/10 15/11/13| 

Overfull \hbox (1.02428pt too wide) in paragraph at lines 1475--1476
[]|\T1/ptm/m/n/10 28/11/13| 

Overfull \hbox (1.59413pt too wide) in paragraph at lines 1502--1503
[]|\T1/phv/m/n/10 Balance

Overfull \hbox (1.02428pt too wide) in paragraph at lines 1507--1508
[]|\T1/ptm/m/n/10 15/11/13| 

Overfull \hbox (1.02428pt too wide) in paragraph at lines 1512--1513
[]|\T1/ptm/m/n/10 28/11/13| 

Overfull \hbox (1.59413pt too wide) in paragraph at lines 1544--1545
[]|\T1/phv/m/n/10 Balance

Overfull \hbox (1.59413pt too wide) in paragraph at lines 1593--1594
[]|\T1/phv/m/n/10 Balance
[10]
Overfull \hbox (1.59413pt too wide) in paragraph at lines 1642--1643
[]|\T1/phv/m/n/10 Balance

Overfull \hbox (1.59413pt too wide) in paragraph at lines 1691--1692
[]|\T1/phv/m/n/10 Balance

Overfull \hbox (1.59413pt too wide) in paragraph at lines 1740--1741
[]|\T1/phv/m/n/10 Balance

Overfull \hbox (1.59413pt too wide) in paragraph at lines 1789--1790
[]|\T1/phv/m/n/10 Balance

Overfull \hbox (1.59413pt too wide) in paragraph at lines 1838--1839
[]|\T1/phv/m/n/10 Balance
[11]
Overfull \hbox (1.59413pt too wide) in paragraph at lines 1887--1888
[]|\T1/phv/m/n/10 Balance
[12] [13]
Overfull \vbox (534.32408pt too high) has occurred while \output is active
[14]
Chapter 5.

Package Fancyhdr Warning: \fancyfoot's `E' option without twoside option is use
less on input line 2562.

[15] [16] [17] [18] [19] [20] [21] [22] [23] [24]
Chapter 6.
No file wave-organisation-financials.ind.

Package Fancyhdr Warning: \fancyfoot's `E' option without twoside option is use
less on input line 5078.

[25] (./wave-organisation-financials.aux)

Package rerunfilecheck Warning: File `wave-organisation-financials.out' has cha
nged.
(rerunfilecheck)                Rerun to get outlines right
(rerunfilecheck)                or use package `bookmark'.


LaTeX Warning: Label(s) may have changed. Rerun to get cross-references right.

 )
(see the transcript file for additional information){/usr/share/texlive/texmf-d
ist/fonts/enc/dvips/base/8r.enc}</usr/share/texlive/texmf-dist/fonts/type1/urw/
helvetic/uhvb8a.pfb></usr/share/texlive/texmf-dist/fonts/type1/urw/helvetic/uhv
bo8a.pfb></usr/share/texlive/texmf-dist/fonts/type1/urw/helvetic/uhvr8a.pfb></u
sr/share/texlive/texmf-dist/fonts/type1/urw/times/utmb8a.pfb></usr/share/texliv
e/texmf-dist/fonts/type1/urw/times/utmr8a.pfb>
Output written on wave-organisation-financials.pdf (27 pages, 167250 bytes).
Transcript written on wave-organisation-financials.log.
Latexmk: Index file 'wave-organisation-financials.idx' was written
Latexmk: Missing input file: 'wave-organisation-financials.ind' from line
  'No file wave-organisation-financials.ind.'
Latexmk: References changed.
Latexmk: References changed.
Latexmk: Log file says output to 'wave-organisation-financials.pdf'
Rule 'makeindex wave-organisation-financials.idx': File changes, etc:
   Non-existent destination files:
      'wave-organisation-financials.ind'
------------
Run number 1 of rule 'makeindex wave-organisation-financials.idx'
------------
------------
Running 'makeindex -s python.ist  -o "wave-organisation-financials.ind" "wave-organisation-financials.idx"'
------------
Latexmk: applying rule 'makeindex wave-organisation-financials.idx'...
This is makeindex, version 2.15 [TeX Live 2016] (kpathsea + Thai support).
Scanning style file ./python.ist.......done (7 attributes redefined, 0 ignored).
Scanning input file wave-organisation-financials.idx...done (0 entries accepted, 0 rejected).
Nothing written in wave-organisation-financials.ind.
Transcript written in wave-organisation-financials.ilg.
Rule 'pdflatex': File changes, etc:
   Changed files, or newly in use since previous run(s):
      'wave-organisation-financials.aux'
      'wave-organisation-financials.ind'
------------
Run number 2 of rule 'pdflatex'
------------
------------
Running 'pdflatex   -recorder  "wave-organisation-financials.tex"'
------------
Latexmk: applying rule 'pdflatex'...
This is pdfTeX, Version 3.14159265-2.6-1.40.17 (TeX Live 2016/Debian) (preloaded format=pdflatex)
 restricted \write18 enabled.
entering extended mode
(./wave-organisation-financials.tex
LaTeX2e <2017/01/01> patch level 3
Babel <3.9r> and hyphenation patterns for 3 language(s) loaded.
(./sphinxmanual.cls
Document Class: sphinxmanual 2017/03/26 v1.6 Document class (Sphinx manual)
(/usr/share/texlive/texmf-dist/tex/latex/base/report.cls
Document Class: report 2014/09/29 v1.4h Standard LaTeX document class
(/usr/share/texlive/texmf-dist/tex/latex/base/size10.clo)))
(/usr/share/texlive/texmf-dist/tex/latex/base/inputenc.sty
(/usr/share/texlive/texmf-dist/tex/latex/base/utf8.def
(/usr/share/texlive/texmf-dist/tex/latex/base/t1enc.dfu)
(/usr/share/texlive/texmf-dist/tex/latex/base/ot1enc.dfu)
(/usr/share/texlive/texmf-dist/tex/latex/base/omsenc.dfu)))
(/usr/share/texlive/texmf-dist/tex/latex/cmap/cmap.sty)
(/usr/share/texlive/texmf-dist/tex/latex/base/fontenc.sty
(/usr/share/texlive/texmf-dist/tex/latex/base/t1enc.def)<<t1.cmap>>)
(/usr/share/texlive/texmf-dist/tex/latex/amsmath/amsmath.sty
For additional information on amsmath, use the `?' option.
(/usr/share/texlive/texmf-dist/tex/latex/amsmath/amstext.sty
(/usr/share/texlive/texmf-dist/tex/latex/amsmath/amsgen.sty))
(/usr/share/texlive/texmf-dist/tex/latex/amsmath/amsbsy.sty)
(/usr/share/texlive/texmf-dist/tex/latex/amsmath/amsopn.sty))
(/usr/share/texlive/texmf-dist/tex/latex/amsfonts/amssymb.sty
(/usr/share/texlive/texmf-dist/tex/latex/amsfonts/amsfonts.sty))
(/usr/share/texlive/texmf-dist/tex/generic/babel/babel.sty
(/usr/share/texlive/texmf-dist/tex/generic/babel-english/english.ldf
(/usr/share/texlive/texmf-dist/tex/generic/babel/babel.def)))
(/usr/share/texlive/texmf-dist/tex/latex/psnfss/times.sty)
(/usr/share/texlive/texmf-dist/tex/latex/fncychap/fncychap.sty) (./sphinx.sty
(/usr/share/texlive/texmf-dist/tex/generic/oberdiek/ltxcmds.sty)
(/usr/share/texlive/texmf-dist/tex/latex/graphics/graphicx.sty
(/usr/share/texlive/texmf-dist/tex/latex/graphics/keyval.sty)
(/usr/share/texlive/texmf-dist/tex/latex/graphics/graphics.sty
(/usr/share/texlive/texmf-dist/tex/latex/graphics/trig.sty)
(/usr/share/texlive/texmf-dist/tex/latex/graphics-cfg/graphics.cfg)
(/usr/share/texlive/texmf-dist/tex/latex/graphics-def/pdftex.def
(/usr/share/texlive/texmf-dist/tex/generic/oberdiek/infwarerr.sty))))
(/usr/share/texlive/texmf-dist/tex/latex/fancyhdr/fancyhdr.sty)
(/usr/share/texlive/texmf-dist/tex/latex/base/textcomp.sty
(/usr/share/texlive/texmf-dist/tex/latex/base/ts1enc.def
(/usr/share/texlive/texmf-dist/tex/latex/base/ts1enc.dfu)))
(/usr/share/texlive/texmf-dist/tex/latex/titlesec/titlesec.sty)
(/usr/share/texlive/texmf-dist/tex/latex/tabulary/tabulary.sty
(/usr/share/texlive/texmf-dist/tex/latex/tools/array.sty))
(/usr/share/texlive/texmf-dist/tex/latex/tools/longtable.sty)
(/usr/share/texlive/texmf-dist/tex/latex/varwidth/varwidth.sty)
(./sphinxmulticell.sty)
(/usr/share/texlive/texmf-dist/tex/latex/base/makeidx.sty)
(/usr/share/texlive/texmf-dist/tex/latex/framed/framed.sty)
(/usr/share/texlive/texmf-dist/tex/latex/xcolor/xcolor.sty
(/usr/share/texlive/texmf-dist/tex/latex/graphics-cfg/color.cfg))
(/usr/share/texlive/texmf-dist/tex/latex/fancyvrb/fancyvrb.sty
Style option: `fancyvrb' v2.7a, with DG/SPQR fixes, and firstline=lastline fix 
<2008/02/07> (tvz)) (./footnotehyper-sphinx.sty)
(/usr/share/texlive/texmf-dist/tex/latex/float/float.sty)
(/usr/share/texlive/texmf-dist/tex/latex/wrapfig/wrapfig.sty)
(/usr/share/texlive/texmf-dist/tex/latex/parskip/parskip.sty)
(/usr/share/texlive/texmf-dist/tex/latex/base/alltt.sty)
(/usr/share/texlive/texmf-dist/tex/latex/upquote/upquote.sty)
(/usr/share/texlive/texmf-dist/tex/latex/capt-of/capt-of.sty)
(/usr/share/texlive/texmf-dist/tex/latex/needspace/needspace.sty)
(/usr/share/texlive/texmf-dist/tex/latex/carlisle/remreset.sty)
(./sphinxhighlight.sty)
(/usr/share/texlive/texmf-dist/tex/latex/oberdiek/kvoptions.sty
(/usr/share/texlive/texmf-dist/tex/generic/oberdiek/kvsetkeys.sty
(/usr/share/texlive/texmf-dist/tex/generic/oberdiek/etexcmds.sty
(/usr/share/texlive/texmf-dist/tex/generic/oberdiek/ifluatex.sty)))))
(/usr/share/texlive/texmf-dist/tex/latex/geometry/geometry.sty
(/usr/share/texlive/texmf-dist/tex/generic/oberdiek/ifpdf.sty)
(/usr/share/texlive/texmf-dist/tex/generic/oberdiek/ifvtex.sty)
(/usr/share/texlive/texmf-dist/tex/generic/ifxetex/ifxetex.sty))
(/usr/share/texlive/texmf-dist/tex/latex/hyperref/hyperref.sty
(/usr/share/texlive/texmf-dist/tex/generic/oberdiek/hobsub-hyperref.sty
(/usr/share/texlive/texmf-dist/tex/generic/oberdiek/hobsub-generic.sty))
(/usr/share/texlive/texmf-dist/tex/latex/oberdiek/auxhook.sty)
(/usr/share/texlive/texmf-dist/tex/latex/hyperref/pd1enc.def)
(/usr/share/texlive/texmf-dist/tex/latex/latexconfig/hyperref.cfg)
(/usr/share/texlive/texmf-dist/tex/latex/hyperref/puenc.def)
(/usr/share/texlive/texmf-dist/tex/latex/url/url.sty))

Package hyperref Message: Driver (autodetected): hpdftex.

(/usr/share/texlive/texmf-dist/tex/latex/hyperref/hpdftex.def
(/usr/share/texlive/texmf-dist/tex/latex/oberdiek/rerunfilecheck.sty))
(/usr/share/texlive/texmf-dist/tex/latex/oberdiek/hypcap.sty)
Writing index file wave-organisation-financials.idx
(./wave-organisation-financials.aux)
(/usr/share/texlive/texmf-dist/tex/latex/base/ts1cmr.fd)
(/usr/share/texlive/texmf-dist/tex/latex/psnfss/t1ptm.fd)
(/usr/share/texlive/texmf-dist/tex/context/base/mkii/supp-pdf.mkii
[Loading MPS to PDF converter (version 2006.09.02).]
) (/usr/share/texlive/texmf-dist/tex/latex/oberdiek/epstopdf-base.sty
(/usr/share/texlive/texmf-dist/tex/latex/oberdiek/grfext.sty)
(/usr/share/texlive/texmf-dist/tex/latex/latexconfig/epstopdf-sys.cfg))
*geometry* driver: auto-detecting
*geometry* detected driver: pdftex
(/usr/share/texlive/texmf-dist/tex/latex/hyperref/nameref.sty
(/usr/share/texlive/texmf-dist/tex/generic/oberdiek/gettitlestring.sty))
(./wave-organisation-financials.out) (./wave-organisation-financials.out)
(/usr/share/texlive/texmf-dist/tex/latex/psnfss/t1phv.fd)<<ot1.cmap>><<oml.cmap
>><<oms.cmap>><<omx.cmap>>
(/usr/share/texlive/texmf-dist/tex/latex/amsfonts/umsa.fd)
(/usr/share/texlive/texmf-dist/tex/latex/amsfonts/umsb.fd) [1{/var/lib/texmf/fo
nts/map/pdftex/updmap/pdftex.map}]

Package Fancyhdr Warning: \fancyfoot's `E' option without twoside option is use
less on input line 68.

(./wave-organisation-financials.toc
(/usr/share/texlive/texmf-dist/tex/latex/psnfss/ts1ptm.fd))

Package Fancyhdr Warning: \fancyfoot's `E' option without twoside option is use
less on input line 68.

[1]

Package Fancyhdr Warning: \fancyfoot's `E' option without twoside option is use
less on input line 68.


Package Fancyhdr Warning: \fancyfoot's `E' option without twoside option is use
less on input line 68.


Package Fancyhdr Warning: \fancyhead's `E' option without twoside option is use
less on input line 68.

<fianancials.png, id=122, 793.95212pt x 355.24268pt>
(/usr/share/texlive/texmf-dist/tex/latex/psnfss/t1pcr.fd)
<use fianancials.png> [1 <./fianancials.png>]
Chapter 1.

Underfull \hbox (badness 10000) in paragraph at lines 156--157
[]|\T1/ptm/m/n/10 01-11-

Package Fancyhdr Warning: \fancyfoot's `E' option without twoside option is use
less on input line 172.

[2] [3]
Chapter 2.

Package Fancyhdr Warning: \fancyfoot's `E' option without twoside option is use
less on input line 212.

[4]
Chapter 3.
(/usr/share/texlive/texmf-dist/tex/latex/psnfss/ts1phv.fd)

Package Fancyhdr Warning: \fancyfoot's `E' option without twoside option is use
less on input line 762.

[5]
Underfull \hbox (badness 10000) in paragraph at lines 781--782
[]|\T1/phv/m/n/10 Deposited

Underfull \hbox (badness 10000) in paragraph at lines 785--786
[]|\T1/phv/m/n/10 Interest
[6] [7]
Chapter 4.

Overfull \hbox (1.59413pt too wide) in paragraph at lines 899--901
[]|\T1/phv/m/n/10 Balance

Overfull \hbox (1.59413pt too wide) in paragraph at lines 916--918
[]|\T1/phv/m/n/10 Balance

Overfull \hbox (1.02428pt too wide) in paragraph at lines 930--931
[]|\T1/ptm/m/n/10 05/03/13| 

Overfull \hbox (1.02428pt too wide) in paragraph at lines 939--940
[]|\T1/ptm/m/n/10 05/04/13| 

Overfull \hbox (1.02428pt too wide) in paragraph at lines 948--949
[]|\T1/ptm/m/n/10 16/05/13| 

Overfull \hbox (1.02428pt too wide) in paragraph at lines 957--958
[]|\T1/ptm/m/n/10 23/05/13| 

Overfull \hbox (1.02428pt too wide) in paragraph at lines 966--967
[]|\T1/ptm/m/n/10 06/06/13| 

Overfull \hbox (1.02428pt too wide) in paragraph at lines 975--976
[]|\T1/ptm/m/n/10 20/06/13| 

Overfull \hbox (1.02428pt too wide) in paragraph at lines 984--985
[]|\T1/ptm/m/n/10 04/07/13| 

Overfull \hbox (1.02428pt too wide) in paragraph at lines 993--994
[]|\T1/ptm/m/n/10 19/07/13| 

Overfull \hbox (1.02428pt too wide) in paragraph at lines 1002--1003
[]|\T1/ptm/m/n/10 01/08/13| 

Overfull \hbox (1.02428pt too wide) in paragraph at lines 1011--1012
[]|\T1/ptm/m/n/10 08/08/13| 

Overfull \hbox (1.02428pt too wide) in paragraph at lines 1020--1021
[]|\T1/ptm/m/n/10 15/08/13| 

Overfull \hbox (1.02428pt too wide) in paragraph at lines 1029--1030
[]|\T1/ptm/m/n/10 04/10/13| 

Overfull \hbox (1.02428pt too wide) in paragraph at lines 1038--1039
[]|\T1/ptm/m/n/10 17/10/13| 

Overfull \hbox (1.02428pt too wide) in paragraph at lines 1047--1048
[]|\T1/ptm/m/n/10 24/10/13| 

Overfull \hbox (1.02428pt too wide) in paragraph at lines 1056--1057
[]|\T1/ptm/m/n/10 15/11/13| 

Overfull \hbox (1.02428pt too wide) in paragraph at lines 1065--1066
[]|\T1/ptm/m/n/10 28/11/13| 

Overfull \hbox (1.02428pt too wide) in paragraph at lines 1074--1075
[]|\T1/ptm/m/n/10 09/12/13| 

Overfull \hbox (1.02428pt too wide) in paragraph at lines 1083--1084
[]|\T1/ptm/m/n/10 24/01/14| 

Overfull \hbox (1.02428pt too wide) in paragraph at lines 1092--1093
[]|\T1/ptm/m/n/10 04/02/14| 

Overfull \hbox (1.02428pt too wide) in paragraph at lines 1101--1102
[]|\T1/ptm/m/n/10 03/03/14| 

Overfull \hbox (1.02428pt too wide) in paragraph at lines 1110--1111
[]|\T1/ptm/m/n/10 06/03/14| 

Overfull \hbox (1.02428pt too wide) in paragraph at lines 1119--1120
[]|\T1/ptm/m/n/10 17/03/14| 

Overfull \hbox (1.02428pt too wide) in paragraph at lines 1128--1129
[]|\T1/ptm/m/n/10 20/03/14| 

Overfull \hbox (1.02428pt too wide) in paragraph at lines 1137--1138
[]|\T1/ptm/m/n/10 25/03/14| 

Overfull \hbox (1.02428pt too wide) in paragraph at lines 1146--1147
[]|\T1/ptm/m/n/10 27/03/14| 

Overfull \hbox (2.9645pt too wide) in paragraph at lines 1150--1151
[]|\T1/ptm/m/n/10 10016.60| 

Overfull \hbox (1.02428pt too wide) in paragraph at lines 1155--1156
[]|\T1/ptm/m/n/10 27/03/14| 

Overfull \hbox (2.9645pt too wide) in paragraph at lines 1159--1160
[]|\T1/ptm/m/n/10 10216.60| 

Overfull \hbox (1.02428pt too wide) in paragraph at lines 1164--1165
[]|\T1/ptm/m/n/10 28/11/14| 

Overfull \hbox (2.9645pt too wide) in paragraph at lines 1168--1169
[]|\T1/ptm/m/n/10 11142.01| 

Overfull \hbox (1.02428pt too wide) in paragraph at lines 1173--1174
[]|\T1/ptm/m/n/10 20/03/15| 

Overfull \hbox (2.9645pt too wide) in paragraph at lines 1177--1178
[]|\T1/ptm/m/n/10 13142.01| 

Overfull \hbox (1.02428pt too wide) in paragraph at lines 1182--1183
[]|\T1/ptm/m/n/10 20/03/15| 

Overfull \hbox (2.9645pt too wide) in paragraph at lines 1186--1187
[]|\T1/ptm/m/n/10 15142.01| 

Overfull \hbox (1.02428pt too wide) in paragraph at lines 1191--1192
[]|\T1/ptm/m/n/10 23/07/15| 

Overfull \hbox (2.9645pt too wide) in paragraph at lines 1195--1196
[]|\T1/ptm/m/n/10 17141.01| 

Overfull \hbox (1.02428pt too wide) in paragraph at lines 1200--1201
[]|\T1/ptm/m/n/10 05/10/15| 

Overfull \hbox (2.9645pt too wide) in paragraph at lines 1204--1205
[]|\T1/ptm/m/n/10 17155.91| 

Overfull \hbox (1.02428pt too wide) in paragraph at lines 1209--1210
[]|\T1/ptm/m/n/10 08/10/15| 

Overfull \hbox (2.9645pt too wide) in paragraph at lines 1213--1214
[]|\T1/ptm/m/n/10 17360.81| 

Overfull \hbox (1.02428pt too wide) in paragraph at lines 1218--1219
[]|\T1/ptm/m/n/10 28/11/15| 

Overfull \hbox (2.9645pt too wide) in paragraph at lines 1222--1223
[]|\T1/ptm/m/n/10 18810.14| 

Overfull \hbox (1.02428pt too wide) in paragraph at lines 1227--1228
[]|\T1/ptm/m/n/10 28/11/16| 

Overfull \hbox (2.9645pt too wide) in paragraph at lines 1231--1232
[]|\T1/ptm/m/n/10 20691.16| 

Overfull \hbox (1.02428pt too wide) in paragraph at lines 1236--1237
[]|\T1/ptm/m/n/10 28/11/17| 

Overfull \hbox (2.9645pt too wide) in paragraph at lines 1240--1241
[]|\T1/ptm/m/n/10 22760.27| 

Overfull \hbox (1.02428pt too wide) in paragraph at lines 1245--1246
[]|\T1/ptm/m/n/10 28/11/18| 

Overfull \hbox (2.9645pt too wide) in paragraph at lines 1249--1250
[]|\T1/ptm/m/n/10 25036.30| 

Package Fancyhdr Warning: \fancyfoot's `E' option without twoside option is use
less on input line 1254.

[8]
Overfull \hbox (1.59413pt too wide) in paragraph at lines 1274--1275
[]|\T1/phv/m/n/10 Balance

Overfull \hbox (1.02428pt too wide) in paragraph at lines 1279--1280
[]|\T1/ptm/m/n/10 15/11/13| 

Overfull \hbox (1.02428pt too wide) in paragraph at lines 1284--1285
[]|\T1/ptm/m/n/10 28/11/13| 

Overfull \hbox (1.59413pt too wide) in paragraph at lines 1311--1312
[]|\T1/phv/m/n/10 Balance

Overfull \hbox (1.02428pt too wide) in paragraph at lines 1316--1317
[]|\T1/ptm/m/n/10 05/04/13| 

Overfull \hbox (2.9645pt too wide) in paragraph at lines 1318--1319
[]|\T1/ptm/m/n/10 20000.00| 

Overfull \hbox (2.9645pt too wide) in paragraph at lines 1320--1321
[]|\T1/ptm/m/n/10 20000.00| 

Overfull \hbox (1.02428pt too wide) in paragraph at lines 1325--1326
[]|\T1/ptm/m/n/10 01/10/13| 

Overfull \hbox (2.9645pt too wide) in paragraph at lines 1329--1330
[]|\T1/ptm/m/n/10 25000.00| 

Overfull \hbox (1.02428pt too wide) in paragraph at lines 1334--1335
[]|\T1/ptm/m/n/10 28/11/13| 

Overfull \hbox (2.9645pt too wide) in paragraph at lines 1338--1339
[]|\T1/ptm/m/n/10 26208.33| 

Overfull \hbox (1.02428pt too wide) in paragraph at lines 1343--1344
[]|\T1/ptm/m/n/10 28/11/14| 

Overfull \hbox (2.9645pt too wide) in paragraph at lines 1347--1348
[]|\T1/ptm/m/n/10 28829.16| 

Overfull \hbox (1.02428pt too wide) in paragraph at lines 1352--1353
[]|\T1/ptm/m/n/10 09/01/15| 

Overfull \hbox (2.9645pt too wide) in paragraph at lines 1356--1357
[]|\T1/ptm/m/n/10 28979.16| 

Overfull \hbox (1.02428pt too wide) in paragraph at lines 1361--1362
[]|\T1/ptm/m/n/10 28/11/15| 

Overfull \hbox (2.9645pt too wide) in paragraph at lines 1365--1366
[]|\T1/ptm/m/n/10 31634.33| 

Overfull \hbox (1.02428pt too wide) in paragraph at lines 1370--1371
[]|\T1/ptm/m/n/10 28/11/16| 

Overfull \hbox (2.9645pt too wide) in paragraph at lines 1374--1375
[]|\T1/ptm/m/n/10 34797.76| 

Overfull \hbox (1.02428pt too wide) in paragraph at lines 1379--1380
[]|\T1/ptm/m/n/10 28/11/17| 

Overfull \hbox (2.9645pt too wide) in paragraph at lines 1383--1384
[]|\T1/ptm/m/n/10 38277.54| 

Overfull \hbox (1.02428pt too wide) in paragraph at lines 1388--1389
[]|\T1/ptm/m/n/10 11/01/17| 

Overfull \hbox (2.9645pt too wide) in paragraph at lines 1392--1393
[]|\T1/ptm/m/n/10 38467.54| 

Overfull \hbox (1.02428pt too wide) in paragraph at lines 1397--1398
[]|\T1/ptm/m/n/10 28/11/18| 

Overfull \hbox (2.9645pt too wide) in paragraph at lines 1401--1402
[]|\T1/ptm/m/n/10 42311.92| 

Overfull \hbox (1.59413pt too wide) in paragraph at lines 1428--1429
[]|\T1/phv/m/n/10 Balance

Overfull \hbox (1.02428pt too wide) in paragraph at lines 1433--1434
[]|\T1/ptm/m/n/10 15/11/13| 

Overfull \hbox (1.02428pt too wide) in paragraph at lines 1438--1439
[]|\T1/ptm/m/n/10 28/11/13| 
[9]
Overfull \hbox (1.59413pt too wide) in paragraph at lines 1465--1466
[]|\T1/phv/m/n/10 Balance

Overfull \hbox (1.02428pt too wide) in paragraph at lines 1470--1471
[]|\T1/ptm/m/n/10 15/11/13| 

Overfull \hbox (1.02428pt too wide) in paragraph at lines 1475--1476
[]|\T1/ptm/m/n/10 28/11/13| 

Overfull \hbox (1.59413pt too wide) in paragraph at lines 1502--1503
[]|\T1/phv/m/n/10 Balance

Overfull \hbox (1.02428pt too wide) in paragraph at lines 1507--1508
[]|\T1/ptm/m/n/10 15/11/13| 

Overfull \hbox (1.02428pt too wide) in paragraph at lines 1512--1513
[]|\T1/ptm/m/n/10 28/11/13| 

Overfull \hbox (1.59413pt too wide) in paragraph at lines 1544--1545
[]|\T1/phv/m/n/10 Balance

Overfull \hbox (1.59413pt too wide) in paragraph at lines 1593--1594
[]|\T1/phv/m/n/10 Balance
[10]
Overfull \hbox (1.59413pt too wide) in paragraph at lines 1642--1643
[]|\T1/phv/m/n/10 Balance

Overfull \hbox (1.59413pt too wide) in paragraph at lines 1691--1692
[]|\T1/phv/m/n/10 Balance

Overfull \hbox (1.59413pt too wide) in paragraph at lines 1740--1741
[]|\T1/phv/m/n/10 Balance

Overfull \hbox (1.59413pt too wide) in paragraph at lines 1789--1790
[]|\T1/phv/m/n/10 Balance

Overfull \hbox (1.59413pt too wide) in paragraph at lines 1838--1839
[]|\T1/phv/m/n/10 Balance
[11]
Overfull \hbox (1.59413pt too wide) in paragraph at lines 1887--1888
[]|\T1/phv/m/n/10 Balance
[12] [13]
Overfull \vbox (534.32408pt too high) has occurred while \output is active
[14]
Chapter 5.

Package Fancyhdr Warning: \fancyfoot's `E' option without twoside option is use
less on input line 2562.

[15] [16] [17] [18] [19] [20] [21] [22] [23] [24]
Chapter 6.
(./wave-organisation-financials.ind)

Package Fancyhdr Warning: \fancyfoot's `E' option without twoside option is use
less on input line 5078.

[25] (./wave-organisation-financials.aux) )
(see the transcript file for additional information){/usr/share/texlive/texmf-d
ist/fonts/enc/dvips/base/8r.enc}</usr/share/texlive/texmf-dist/fonts/type1/urw/
helvetic/uhvb8a.pfb></usr/share/texlive/texmf-dist/fonts/type1/urw/helvetic/uhv
bo8a.pfb></usr/share/texlive/texmf-dist/fonts/type1/urw/helvetic/uhvr8a.pfb></u
sr/share/texlive/texmf-dist/fonts/type1/urw/times/utmb8a.pfb></usr/share/texliv
e/texmf-dist/fonts/type1/urw/times/utmr8a.pfb>
Output written on wave-organisation-financials.pdf (27 pages, 173468 bytes).
Transcript written on wave-organisation-financials.log.
Latexmk: Index file 'wave-organisation-financials.idx' was written
Latexmk: Log file says output to 'wave-organisation-financials.pdf'
Rule 'pdflatex': File changes, etc:
   Changed files, or newly in use since previous run(s):
      'wave-organisation-financials.out'
      'wave-organisation-financials.toc'
------------
Run number 3 of rule 'pdflatex'
------------
------------
Running 'pdflatex   -recorder  "wave-organisation-financials.tex"'
------------
Latexmk: applying rule 'pdflatex'...
This is pdfTeX, Version 3.14159265-2.6-1.40.17 (TeX Live 2016/Debian) (preloaded format=pdflatex)
 restricted \write18 enabled.
entering extended mode
(./wave-organisation-financials.tex
LaTeX2e <2017/01/01> patch level 3
Babel <3.9r> and hyphenation patterns for 3 language(s) loaded.
(./sphinxmanual.cls
Document Class: sphinxmanual 2017/03/26 v1.6 Document class (Sphinx manual)
(/usr/share/texlive/texmf-dist/tex/latex/base/report.cls
Document Class: report 2014/09/29 v1.4h Standard LaTeX document class
(/usr/share/texlive/texmf-dist/tex/latex/base/size10.clo)))
(/usr/share/texlive/texmf-dist/tex/latex/base/inputenc.sty
(/usr/share/texlive/texmf-dist/tex/latex/base/utf8.def
(/usr/share/texlive/texmf-dist/tex/latex/base/t1enc.dfu)
(/usr/share/texlive/texmf-dist/tex/latex/base/ot1enc.dfu)
(/usr/share/texlive/texmf-dist/tex/latex/base/omsenc.dfu)))
(/usr/share/texlive/texmf-dist/tex/latex/cmap/cmap.sty)
(/usr/share/texlive/texmf-dist/tex/latex/base/fontenc.sty
(/usr/share/texlive/texmf-dist/tex/latex/base/t1enc.def)<<t1.cmap>>)
(/usr/share/texlive/texmf-dist/tex/latex/amsmath/amsmath.sty
For additional information on amsmath, use the `?' option.
(/usr/share/texlive/texmf-dist/tex/latex/amsmath/amstext.sty
(/usr/share/texlive/texmf-dist/tex/latex/amsmath/amsgen.sty))
(/usr/share/texlive/texmf-dist/tex/latex/amsmath/amsbsy.sty)
(/usr/share/texlive/texmf-dist/tex/latex/amsmath/amsopn.sty))
(/usr/share/texlive/texmf-dist/tex/latex/amsfonts/amssymb.sty
(/usr/share/texlive/texmf-dist/tex/latex/amsfonts/amsfonts.sty))
(/usr/share/texlive/texmf-dist/tex/generic/babel/babel.sty
(/usr/share/texlive/texmf-dist/tex/generic/babel-english/english.ldf
(/usr/share/texlive/texmf-dist/tex/generic/babel/babel.def)))
(/usr/share/texlive/texmf-dist/tex/latex/psnfss/times.sty)
(/usr/share/texlive/texmf-dist/tex/latex/fncychap/fncychap.sty) (./sphinx.sty
(/usr/share/texlive/texmf-dist/tex/generic/oberdiek/ltxcmds.sty)
(/usr/share/texlive/texmf-dist/tex/latex/graphics/graphicx.sty
(/usr/share/texlive/texmf-dist/tex/latex/graphics/keyval.sty)
(/usr/share/texlive/texmf-dist/tex/latex/graphics/graphics.sty
(/usr/share/texlive/texmf-dist/tex/latex/graphics/trig.sty)
(/usr/share/texlive/texmf-dist/tex/latex/graphics-cfg/graphics.cfg)
(/usr/share/texlive/texmf-dist/tex/latex/graphics-def/pdftex.def
(/usr/share/texlive/texmf-dist/tex/generic/oberdiek/infwarerr.sty))))
(/usr/share/texlive/texmf-dist/tex/latex/fancyhdr/fancyhdr.sty)
(/usr/share/texlive/texmf-dist/tex/latex/base/textcomp.sty
(/usr/share/texlive/texmf-dist/tex/latex/base/ts1enc.def
(/usr/share/texlive/texmf-dist/tex/latex/base/ts1enc.dfu)))
(/usr/share/texlive/texmf-dist/tex/latex/titlesec/titlesec.sty)
(/usr/share/texlive/texmf-dist/tex/latex/tabulary/tabulary.sty
(/usr/share/texlive/texmf-dist/tex/latex/tools/array.sty))
(/usr/share/texlive/texmf-dist/tex/latex/tools/longtable.sty)
(/usr/share/texlive/texmf-dist/tex/latex/varwidth/varwidth.sty)
(./sphinxmulticell.sty)
(/usr/share/texlive/texmf-dist/tex/latex/base/makeidx.sty)
(/usr/share/texlive/texmf-dist/tex/latex/framed/framed.sty)
(/usr/share/texlive/texmf-dist/tex/latex/xcolor/xcolor.sty
(/usr/share/texlive/texmf-dist/tex/latex/graphics-cfg/color.cfg))
(/usr/share/texlive/texmf-dist/tex/latex/fancyvrb/fancyvrb.sty
Style option: `fancyvrb' v2.7a, with DG/SPQR fixes, and firstline=lastline fix 
<2008/02/07> (tvz)) (./footnotehyper-sphinx.sty)
(/usr/share/texlive/texmf-dist/tex/latex/float/float.sty)
(/usr/share/texlive/texmf-dist/tex/latex/wrapfig/wrapfig.sty)
(/usr/share/texlive/texmf-dist/tex/latex/parskip/parskip.sty)
(/usr/share/texlive/texmf-dist/tex/latex/base/alltt.sty)
(/usr/share/texlive/texmf-dist/tex/latex/upquote/upquote.sty)
(/usr/share/texlive/texmf-dist/tex/latex/capt-of/capt-of.sty)
(/usr/share/texlive/texmf-dist/tex/latex/needspace/needspace.sty)
(/usr/share/texlive/texmf-dist/tex/latex/carlisle/remreset.sty)
(./sphinxhighlight.sty)
(/usr/share/texlive/texmf-dist/tex/latex/oberdiek/kvoptions.sty
(/usr/share/texlive/texmf-dist/tex/generic/oberdiek/kvsetkeys.sty
(/usr/share/texlive/texmf-dist/tex/generic/oberdiek/etexcmds.sty
(/usr/share/texlive/texmf-dist/tex/generic/oberdiek/ifluatex.sty)))))
(/usr/share/texlive/texmf-dist/tex/latex/geometry/geometry.sty
(/usr/share/texlive/texmf-dist/tex/generic/oberdiek/ifpdf.sty)
(/usr/share/texlive/texmf-dist/tex/generic/oberdiek/ifvtex.sty)
(/usr/share/texlive/texmf-dist/tex/generic/ifxetex/ifxetex.sty))
(/usr/share/texlive/texmf-dist/tex/latex/hyperref/hyperref.sty
(/usr/share/texlive/texmf-dist/tex/generic/oberdiek/hobsub-hyperref.sty
(/usr/share/texlive/texmf-dist/tex/generic/oberdiek/hobsub-generic.sty))
(/usr/share/texlive/texmf-dist/tex/latex/oberdiek/auxhook.sty)
(/usr/share/texlive/texmf-dist/tex/latex/hyperref/pd1enc.def)
(/usr/share/texlive/texmf-dist/tex/latex/latexconfig/hyperref.cfg)
(/usr/share/texlive/texmf-dist/tex/latex/hyperref/puenc.def)
(/usr/share/texlive/texmf-dist/tex/latex/url/url.sty))

Package hyperref Message: Driver (autodetected): hpdftex.

(/usr/share/texlive/texmf-dist/tex/latex/hyperref/hpdftex.def
(/usr/share/texlive/texmf-dist/tex/latex/oberdiek/rerunfilecheck.sty))
(/usr/share/texlive/texmf-dist/tex/latex/oberdiek/hypcap.sty)
Writing index file wave-organisation-financials.idx
(./wave-organisation-financials.aux)
(/usr/share/texlive/texmf-dist/tex/latex/base/ts1cmr.fd)
(/usr/share/texlive/texmf-dist/tex/latex/psnfss/t1ptm.fd)
(/usr/share/texlive/texmf-dist/tex/context/base/mkii/supp-pdf.mkii
[Loading MPS to PDF converter (version 2006.09.02).]
) (/usr/share/texlive/texmf-dist/tex/latex/oberdiek/epstopdf-base.sty
(/usr/share/texlive/texmf-dist/tex/latex/oberdiek/grfext.sty)
(/usr/share/texlive/texmf-dist/tex/latex/latexconfig/epstopdf-sys.cfg))
*geometry* driver: auto-detecting
*geometry* detected driver: pdftex
(/usr/share/texlive/texmf-dist/tex/latex/hyperref/nameref.sty
(/usr/share/texlive/texmf-dist/tex/generic/oberdiek/gettitlestring.sty))
(./wave-organisation-financials.out) (./wave-organisation-financials.out)
(/usr/share/texlive/texmf-dist/tex/latex/psnfss/t1phv.fd)<<ot1.cmap>><<oml.cmap
>><<oms.cmap>><<omx.cmap>>
(/usr/share/texlive/texmf-dist/tex/latex/amsfonts/umsa.fd)
(/usr/share/texlive/texmf-dist/tex/latex/amsfonts/umsb.fd) [1{/var/lib/texmf/fo
nts/map/pdftex/updmap/pdftex.map}]

Package Fancyhdr Warning: \fancyfoot's `E' option without twoside option is use
less on input line 68.

(./wave-organisation-financials.toc
(/usr/share/texlive/texmf-dist/tex/latex/psnfss/ts1ptm.fd))

Package Fancyhdr Warning: \fancyfoot's `E' option without twoside option is use
less on input line 68.

[1]

Package Fancyhdr Warning: \fancyfoot's `E' option without twoside option is use
less on input line 68.


Package Fancyhdr Warning: \fancyfoot's `E' option without twoside option is use
less on input line 68.


Package Fancyhdr Warning: \fancyhead's `E' option without twoside option is use
less on input line 68.

<fianancials.png, id=122, 793.95212pt x 355.24268pt>
(/usr/share/texlive/texmf-dist/tex/latex/psnfss/t1pcr.fd)
<use fianancials.png> [1 <./fianancials.png>]
Chapter 1.

Underfull \hbox (badness 10000) in paragraph at lines 156--157
[]|\T1/ptm/m/n/10 01-11-

Package Fancyhdr Warning: \fancyfoot's `E' option without twoside option is use
less on input line 172.

[2] [3]
Chapter 2.

Package Fancyhdr Warning: \fancyfoot's `E' option without twoside option is use
less on input line 212.

[4]
Chapter 3.
(/usr/share/texlive/texmf-dist/tex/latex/psnfss/ts1phv.fd)

Package Fancyhdr Warning: \fancyfoot's `E' option without twoside option is use
less on input line 762.

[5]
Underfull \hbox (badness 10000) in paragraph at lines 781--782
[]|\T1/phv/m/n/10 Deposited

Underfull \hbox (badness 10000) in paragraph at lines 785--786
[]|\T1/phv/m/n/10 Interest
[6] [7]
Chapter 4.

Overfull \hbox (1.59413pt too wide) in paragraph at lines 899--901
[]|\T1/phv/m/n/10 Balance

Overfull \hbox (1.59413pt too wide) in paragraph at lines 916--918
[]|\T1/phv/m/n/10 Balance

Overfull \hbox (1.02428pt too wide) in paragraph at lines 930--931
[]|\T1/ptm/m/n/10 05/03/13| 

Overfull \hbox (1.02428pt too wide) in paragraph at lines 939--940
[]|\T1/ptm/m/n/10 05/04/13| 

Overfull \hbox (1.02428pt too wide) in paragraph at lines 948--949
[]|\T1/ptm/m/n/10 16/05/13| 

Overfull \hbox (1.02428pt too wide) in paragraph at lines 957--958
[]|\T1/ptm/m/n/10 23/05/13| 

Overfull \hbox (1.02428pt too wide) in paragraph at lines 966--967
[]|\T1/ptm/m/n/10 06/06/13| 

Overfull \hbox (1.02428pt too wide) in paragraph at lines 975--976
[]|\T1/ptm/m/n/10 20/06/13| 

Overfull \hbox (1.02428pt too wide) in paragraph at lines 984--985
[]|\T1/ptm/m/n/10 04/07/13| 

Overfull \hbox (1.02428pt too wide) in paragraph at lines 993--994
[]|\T1/ptm/m/n/10 19/07/13| 

Overfull \hbox (1.02428pt too wide) in paragraph at lines 1002--1003
[]|\T1/ptm/m/n/10 01/08/13| 

Overfull \hbox (1.02428pt too wide) in paragraph at lines 1011--1012
[]|\T1/ptm/m/n/10 08/08/13| 

Overfull \hbox (1.02428pt too wide) in paragraph at lines 1020--1021
[]|\T1/ptm/m/n/10 15/08/13| 

Overfull \hbox (1.02428pt too wide) in paragraph at lines 1029--1030
[]|\T1/ptm/m/n/10 04/10/13| 

Overfull \hbox (1.02428pt too wide) in paragraph at lines 1038--1039
[]|\T1/ptm/m/n/10 17/10/13| 

Overfull \hbox (1.02428pt too wide) in paragraph at lines 1047--1048
[]|\T1/ptm/m/n/10 24/10/13| 

Overfull \hbox (1.02428pt too wide) in paragraph at lines 1056--1057
[]|\T1/ptm/m/n/10 15/11/13| 

Overfull \hbox (1.02428pt too wide) in paragraph at lines 1065--1066
[]|\T1/ptm/m/n/10 28/11/13| 

Overfull \hbox (1.02428pt too wide) in paragraph at lines 1074--1075
[]|\T1/ptm/m/n/10 09/12/13| 

Overfull \hbox (1.02428pt too wide) in paragraph at lines 1083--1084
[]|\T1/ptm/m/n/10 24/01/14| 

Overfull \hbox (1.02428pt too wide) in paragraph at lines 1092--1093
[]|\T1/ptm/m/n/10 04/02/14| 

Overfull \hbox (1.02428pt too wide) in paragraph at lines 1101--1102
[]|\T1/ptm/m/n/10 03/03/14| 

Overfull \hbox (1.02428pt too wide) in paragraph at lines 1110--1111
[]|\T1/ptm/m/n/10 06/03/14| 

Overfull \hbox (1.02428pt too wide) in paragraph at lines 1119--1120
[]|\T1/ptm/m/n/10 17/03/14| 

Overfull \hbox (1.02428pt too wide) in paragraph at lines 1128--1129
[]|\T1/ptm/m/n/10 20/03/14| 

Overfull \hbox (1.02428pt too wide) in paragraph at lines 1137--1138
[]|\T1/ptm/m/n/10 25/03/14| 

Overfull \hbox (1.02428pt too wide) in paragraph at lines 1146--1147
[]|\T1/ptm/m/n/10 27/03/14| 

Overfull \hbox (2.9645pt too wide) in paragraph at lines 1150--1151
[]|\T1/ptm/m/n/10 10016.60| 

Overfull \hbox (1.02428pt too wide) in paragraph at lines 1155--1156
[]|\T1/ptm/m/n/10 27/03/14| 

Overfull \hbox (2.9645pt too wide) in paragraph at lines 1159--1160
[]|\T1/ptm/m/n/10 10216.60| 

Overfull \hbox (1.02428pt too wide) in paragraph at lines 1164--1165
[]|\T1/ptm/m/n/10 28/11/14| 

Overfull \hbox (2.9645pt too wide) in paragraph at lines 1168--1169
[]|\T1/ptm/m/n/10 11142.01| 

Overfull \hbox (1.02428pt too wide) in paragraph at lines 1173--1174
[]|\T1/ptm/m/n/10 20/03/15| 

Overfull \hbox (2.9645pt too wide) in paragraph at lines 1177--1178
[]|\T1/ptm/m/n/10 13142.01| 

Overfull \hbox (1.02428pt too wide) in paragraph at lines 1182--1183
[]|\T1/ptm/m/n/10 20/03/15| 

Overfull \hbox (2.9645pt too wide) in paragraph at lines 1186--1187
[]|\T1/ptm/m/n/10 15142.01| 

Overfull \hbox (1.02428pt too wide) in paragraph at lines 1191--1192
[]|\T1/ptm/m/n/10 23/07/15| 

Overfull \hbox (2.9645pt too wide) in paragraph at lines 1195--1196
[]|\T1/ptm/m/n/10 17141.01| 

Overfull \hbox (1.02428pt too wide) in paragraph at lines 1200--1201
[]|\T1/ptm/m/n/10 05/10/15| 

Overfull \hbox (2.9645pt too wide) in paragraph at lines 1204--1205
[]|\T1/ptm/m/n/10 17155.91| 

Overfull \hbox (1.02428pt too wide) in paragraph at lines 1209--1210
[]|\T1/ptm/m/n/10 08/10/15| 

Overfull \hbox (2.9645pt too wide) in paragraph at lines 1213--1214
[]|\T1/ptm/m/n/10 17360.81| 

Overfull \hbox (1.02428pt too wide) in paragraph at lines 1218--1219
[]|\T1/ptm/m/n/10 28/11/15| 

Overfull \hbox (2.9645pt too wide) in paragraph at lines 1222--1223
[]|\T1/ptm/m/n/10 18810.14| 

Overfull \hbox (1.02428pt too wide) in paragraph at lines 1227--1228
[]|\T1/ptm/m/n/10 28/11/16| 

Overfull \hbox (2.9645pt too wide) in paragraph at lines 1231--1232
[]|\T1/ptm/m/n/10 20691.16| 

Overfull \hbox (1.02428pt too wide) in paragraph at lines 1236--1237
[]|\T1/ptm/m/n/10 28/11/17| 

Overfull \hbox (2.9645pt too wide) in paragraph at lines 1240--1241
[]|\T1/ptm/m/n/10 22760.27| 

Overfull \hbox (1.02428pt too wide) in paragraph at lines 1245--1246
[]|\T1/ptm/m/n/10 28/11/18| 

Overfull \hbox (2.9645pt too wide) in paragraph at lines 1249--1250
[]|\T1/ptm/m/n/10 25036.30| 

Package Fancyhdr Warning: \fancyfoot's `E' option without twoside option is use
less on input line 1254.

[8]
Overfull \hbox (1.59413pt too wide) in paragraph at lines 1274--1275
[]|\T1/phv/m/n/10 Balance

Overfull \hbox (1.02428pt too wide) in paragraph at lines 1279--1280
[]|\T1/ptm/m/n/10 15/11/13| 

Overfull \hbox (1.02428pt too wide) in paragraph at lines 1284--1285
[]|\T1/ptm/m/n/10 28/11/13| 

Overfull \hbox (1.59413pt too wide) in paragraph at lines 1311--1312
[]|\T1/phv/m/n/10 Balance

Overfull \hbox (1.02428pt too wide) in paragraph at lines 1316--1317
[]|\T1/ptm/m/n/10 05/04/13| 

Overfull \hbox (2.9645pt too wide) in paragraph at lines 1318--1319
[]|\T1/ptm/m/n/10 20000.00| 

Overfull \hbox (2.9645pt too wide) in paragraph at lines 1320--1321
[]|\T1/ptm/m/n/10 20000.00| 

Overfull \hbox (1.02428pt too wide) in paragraph at lines 1325--1326
[]|\T1/ptm/m/n/10 01/10/13| 

Overfull \hbox (2.9645pt too wide) in paragraph at lines 1329--1330
[]|\T1/ptm/m/n/10 25000.00| 

Overfull \hbox (1.02428pt too wide) in paragraph at lines 1334--1335
[]|\T1/ptm/m/n/10 28/11/13| 

Overfull \hbox (2.9645pt too wide) in paragraph at lines 1338--1339
[]|\T1/ptm/m/n/10 26208.33| 

Overfull \hbox (1.02428pt too wide) in paragraph at lines 1343--1344
[]|\T1/ptm/m/n/10 28/11/14| 

Overfull \hbox (2.9645pt too wide) in paragraph at lines 1347--1348
[]|\T1/ptm/m/n/10 28829.16| 

Overfull \hbox (1.02428pt too wide) in paragraph at lines 1352--1353
[]|\T1/ptm/m/n/10 09/01/15| 

Overfull \hbox (2.9645pt too wide) in paragraph at lines 1356--1357
[]|\T1/ptm/m/n/10 28979.16| 

Overfull \hbox (1.02428pt too wide) in paragraph at lines 1361--1362
[]|\T1/ptm/m/n/10 28/11/15| 

Overfull \hbox (2.9645pt too wide) in paragraph at lines 1365--1366
[]|\T1/ptm/m/n/10 31634.33| 

Overfull \hbox (1.02428pt too wide) in paragraph at lines 1370--1371
[]|\T1/ptm/m/n/10 28/11/16| 

Overfull \hbox (2.9645pt too wide) in paragraph at lines 1374--1375
[]|\T1/ptm/m/n/10 34797.76| 

Overfull \hbox (1.02428pt too wide) in paragraph at lines 1379--1380
[]|\T1/ptm/m/n/10 28/11/17| 

Overfull \hbox (2.9645pt too wide) in paragraph at lines 1383--1384
[]|\T1/ptm/m/n/10 38277.54| 

Overfull \hbox (1.02428pt too wide) in paragraph at lines 1388--1389
[]|\T1/ptm/m/n/10 11/01/17| 

Overfull \hbox (2.9645pt too wide) in paragraph at lines 1392--1393
[]|\T1/ptm/m/n/10 38467.54| 

Overfull \hbox (1.02428pt too wide) in paragraph at lines 1397--1398
[]|\T1/ptm/m/n/10 28/11/18| 

Overfull \hbox (2.9645pt too wide) in paragraph at lines 1401--1402
[]|\T1/ptm/m/n/10 42311.92| 

Overfull \hbox (1.59413pt too wide) in paragraph at lines 1428--1429
[]|\T1/phv/m/n/10 Balance

Overfull \hbox (1.02428pt too wide) in paragraph at lines 1433--1434
[]|\T1/ptm/m/n/10 15/11/13| 

Overfull \hbox (1.02428pt too wide) in paragraph at lines 1438--1439
[]|\T1/ptm/m/n/10 28/11/13| 
[9]
Overfull \hbox (1.59413pt too wide) in paragraph at lines 1465--1466
[]|\T1/phv/m/n/10 Balance

Overfull \hbox (1.02428pt too wide) in paragraph at lines 1470--1471
[]|\T1/ptm/m/n/10 15/11/13| 

Overfull \hbox (1.02428pt too wide) in paragraph at lines 1475--1476
[]|\T1/ptm/m/n/10 28/11/13| 

Overfull \hbox (1.59413pt too wide) in paragraph at lines 1502--1503
[]|\T1/phv/m/n/10 Balance

Overfull \hbox (1.02428pt too wide) in paragraph at lines 1507--1508
[]|\T1/ptm/m/n/10 15/11/13| 

Overfull \hbox (1.02428pt too wide) in paragraph at lines 1512--1513
[]|\T1/ptm/m/n/10 28/11/13| 

Overfull \hbox (1.59413pt too wide) in paragraph at lines 1544--1545
[]|\T1/phv/m/n/10 Balance

Overfull \hbox (1.59413pt too wide) in paragraph at lines 1593--1594
[]|\T1/phv/m/n/10 Balance
[10]
Overfull \hbox (1.59413pt too wide) in paragraph at lines 1642--1643
[]|\T1/phv/m/n/10 Balance

Overfull \hbox (1.59413pt too wide) in paragraph at lines 1691--1692
[]|\T1/phv/m/n/10 Balance

Overfull \hbox (1.59413pt too wide) in paragraph at lines 1740--1741
[]|\T1/phv/m/n/10 Balance

Overfull \hbox (1.59413pt too wide) in paragraph at lines 1789--1790
[]|\T1/phv/m/n/10 Balance

Overfull \hbox (1.59413pt too wide) in paragraph at lines 1838--1839
[]|\T1/phv/m/n/10 Balance
[11]
Overfull \hbox (1.59413pt too wide) in paragraph at lines 1887--1888
[]|\T1/phv/m/n/10 Balance
[12] [13]
Overfull \vbox (534.32408pt too high) has occurred while \output is active
[14]
Chapter 5.

Package Fancyhdr Warning: \fancyfoot's `E' option without twoside option is use
less on input line 2562.

[15] [16] [17] [18] [19] [20] [21] [22] [23] [24]
Chapter 6.
(./wave-organisation-financials.ind)

Package Fancyhdr Warning: \fancyfoot's `E' option without twoside option is use
less on input line 5078.

[25] (./wave-organisation-financials.aux) )
(see the transcript file for additional information){/usr/share/texlive/texmf-d
ist/fonts/enc/dvips/base/8r.enc}</usr/share/texlive/texmf-dist/fonts/type1/urw/
helvetic/uhvb8a.pfb></usr/share/texlive/texmf-dist/fonts/type1/urw/helvetic/uhv
bo8a.pfb></usr/share/texlive/texmf-dist/fonts/type1/urw/helvetic/uhvr8a.pfb></u
sr/share/texlive/texmf-dist/fonts/type1/urw/times/utmb8a.pfb></usr/share/texliv
e/texmf-dist/fonts/type1/urw/times/utmr8a.pfb>
Output written on wave-organisation-financials.pdf (27 pages, 173468 bytes).
Transcript written on wave-organisation-financials.log.
Latexmk: Index file 'wave-organisation-financials.idx' was written
Latexmk: Log file says output to 'wave-organisation-financials.pdf'
Latexmk: All targets (wave-organisation-financials.pdf) are up-to-date
make[1]: Leaving directory '/mnt/c/Users/loco/Documents/GitHub/gh-docs.hotspotbnb.com/docs/management/company-records-financials-forecast-2020/build/latex'
