\BOOKMARK [0][-]{chapter.1}{\376\377\000R\000e\000l\000e\000a\000s\000e\000\040\000N\000o\000t\000e\000s\000\040\000a\000n\000d\000\040\000N\000o\000t\000i\000c\000e\000s}{}% 1
\BOOKMARK [1][-]{section.1.1}{\376\377\000V\000e\000r\000s\000i\000o\000n\000\040\0000\000.\0000\000.\0001}{chapter.1}% 2
\BOOKMARK [1][-]{section.1.2}{\376\377\000K\000n\000o\000w\000n\000\040\000a\000n\000d\000\040\000C\000o\000r\000r\000e\000c\000t\000e\000d\000\040\000I\000s\000s\000u\000e\000s}{chapter.1}% 3
\BOOKMARK [1][-]{section.1.3}{\376\377\000R\000e\000c\000e\000n\000t\000l\000y\000\040\000U\000p\000d\000a\000t\000e\000d\000\040\000T\000o\000p\000i\000c\000s}{chapter.1}% 4
\BOOKMARK [0][-]{chapter.2}{\376\377\000I\000n\000t\000r\000o\000d\000u\000c\000t\000i\000o\000n}{}% 5
\BOOKMARK [1][-]{section.2.1}{\376\377\000R\000e\000v\000i\000e\000w\000\040\000\046\000\040\000P\000u\000r\000c\000h\000a\000s\000e}{chapter.2}% 6
\BOOKMARK [0][-]{chapter.3}{\376\377\000W\000a\000v\000e\000\256\000\040\000T\000o\000k\000e\000n\000s\000\040\000-\000\040\000S\000u\000m\000m\000a\000r\000y}{}% 7
\BOOKMARK [1][-]{section.3.1}{\376\377\000W\000a\000v\000e\000\256\000\040\000R\000o\000y\000a\000l\000t\000y\000\040\000T\000o\000k\000e\000n\000\040\000\050\000W\000R\000T\000\051}{chapter.3}% 8
\BOOKMARK [1][-]{section.3.2}{\376\377\000W\000a\000v\000e\000\256\000\040\000I\000n\000t\000e\000r\000e\000s\000t\000\040\000T\000o\000k\000e\000n\000\040\000\050\000W\000I\000T\000\051}{chapter.3}% 9
\BOOKMARK [0][-]{chapter.4}{\376\377\000W\000a\000v\000e\000\256\000\040\000T\000o\000k\000e\000n\000s\000\040\000-\000\040\000D\000e\000t\000a\000i\000l\000e\000d}{}% 10
\BOOKMARK [1][-]{section.4.1}{\376\377\000W\000I\000T\000\040\000-\000\040\000B\000y\000\040\000w\000a\000l\000l\000e\000t\000\040\000I\000D\000/\000\040\000A\000l\000i\000a\000s}{chapter.4}% 11
\BOOKMARK [1][-]{section.4.2}{\376\377\000W\000R\000T\000\040\000-\000\040\000B\000y\000\040\000w\000a\000l\000l\000e\000t\000\040\000I\000D\000/\000\040\000A\000l\000i\000a\000s}{chapter.4}% 12
\BOOKMARK [0][-]{chapter.5}{\376\377\000B\000a\000l\000a\000n\000c\000e\000\040\000S\000h\000e\000e\000t\000s}{}% 13
\BOOKMARK [1][-]{section.5.1}{\376\377\0002\0000\0001\0001\000\040\000-\000\040\0002\0000\0001\0003}{chapter.5}% 14
\BOOKMARK [1][-]{section.5.2}{\376\377\0002\0000\0001\0004\000\040\000-\000\040\0002\0000\0001\0006}{chapter.5}% 15
\BOOKMARK [1][-]{section.5.3}{\376\377\0002\0000\0001\0007\000\040\000-\000\040\0002\0000\0001\0009}{chapter.5}% 16
\BOOKMARK [1][-]{section.5.4}{\376\377\0002\0000\0002\0000\000\040\000-\000\040\0002\0000\0002\0002\000\040\000\050\000f\000o\000r\000e\000c\000a\000s\000t\000\051}{chapter.5}% 17
\BOOKMARK [1][-]{section.5.5}{\376\377\0002\0000\0002\0003\000\040\000-\000\040\0002\0000\0002\0005\000\040\000\050\000f\000o\000r\000e\000c\000a\000s\000t\000\051}{chapter.5}% 18
\BOOKMARK [0][-]{chapter.6}{\376\377\000D\000o\000c\000u\000m\000e\000n\000t\000\040\000A\000u\000t\000h\000o\000r\000\050\000s\000\051\000:}{}% 19
\BOOKMARK [1][-]{section.6.1}{\376\377\000M\000a\000k\000e\000\040\000i\000t\000\040\000W\000a\000v\000e\000\040\000L\000t\000d}{chapter.6}% 20
