Running Sphinx v3.5.3
making output directory... done
loading pickled environment... done
building [mo]: targets for 0 po files that are out of date
building [latex]: all documents
updating environment: 0 added, 0 changed, 0 removed
looking for now-outdated files... none found
processing consortium_other-github_wiki.tex... index releasenotes Home-|-Home-|-Home HBnB-|-Apps-|-PiHole HBnB-|-Apps-|-RetroPie-|-BGM HBnB-|-Apps-|-Retropie-|-es_input.cfg HBnB-|-Apps-|-Retropie-Manager HBnB-|-Apps-|-Virtual-GamePad HBnB-|-Configs-|-config.txt HBnB-|-Configs-|-fstab HBnB-|-Configs-|-System-Analyze HBnB-|-Configs-|-system.conf HBnB-|-Configs-|-wpa_supplicant.conf HBnB-|-Manual-Build-Process 
resolving references...
done
writing... done
copying TeX support files... copying TeX support files...
done
build succeeded.

The LaTeX files are in build/latex.
Run 'make' in that directory to run these through (pdf)latex
(use `make latexpdf' here to do that automatically).
Rc files read:
  /etc/LatexMk
  latexmkrc
Latexmk: This is Latexmk, John Collins, 17 Apr. 2020, version: 4.69a.
Rule 'pdflatex': The following rules & subrules became out-of-date:
      'pdflatex'
------------
Run number 1 of rule 'pdflatex'
------------
------------
Running 'pdflatex   -recorder  "consortium_other-github_wiki.tex"'
------------
Latexmk: applying rule 'pdflatex'...
This is pdfTeX, Version 3.14159265-2.6-1.40.21 (TeX Live 2020/Debian) (preloaded format=pdflatex)
 restricted \write18 enabled.
entering extended mode
(./consortium_other-github_wiki.tex
LaTeX2e <2020-02-02> patch level 5
L3 programming layer <2020-07-17> (./sphinxmanual.cls
Document Class: sphinxmanual 2019/12/01 v2.3.0 Document class (Sphinx manual)
(/usr/share/texlive/texmf-dist/tex/latex/base/report.cls
Document Class: report 2019/12/20 v1.4l Standard LaTeX document class
(/usr/share/texlive/texmf-dist/tex/latex/base/size10.clo)))
(/usr/share/texlive/texmf-dist/tex/latex/base/inputenc.sty)
(/usr/share/texlive/texmf-dist/tex/latex/cmap/cmap.sty)
(/usr/share/texlive/texmf-dist/tex/latex/base/fontenc.sty<<t1.cmap>>)
(/usr/share/texlive/texmf-dist/tex/latex/amsmath/amsmath.sty
For additional information on amsmath, use the `?' option.
(/usr/share/texlive/texmf-dist/tex/latex/amsmath/amstext.sty
(/usr/share/texlive/texmf-dist/tex/latex/amsmath/amsgen.sty))
(/usr/share/texlive/texmf-dist/tex/latex/amsmath/amsbsy.sty)
(/usr/share/texlive/texmf-dist/tex/latex/amsmath/amsopn.sty))
(/usr/share/texlive/texmf-dist/tex/latex/amsfonts/amssymb.sty
(/usr/share/texlive/texmf-dist/tex/latex/amsfonts/amsfonts.sty))
(/usr/share/texlive/texmf-dist/tex/generic/babel/babel.sty
(/usr/share/texlive/texmf-dist/tex/generic/babel/babel.def
(/usr/share/texlive/texmf-dist/tex/generic/babel/txtbabel.def))
(/usr/share/texlive/texmf-dist/tex/generic/babel-english/english.ldf))
(/usr/share/texlive/texmf-dist/tex/latex/psnfss/times.sty)
(/usr/share/texlive/texmf-dist/tex/latex/fncychap/fncychap.sty) (./sphinx.sty
(/usr/share/texlive/texmf-dist/tex/generic/ltxcmds/ltxcmds.sty)
(/usr/share/texlive/texmf-dist/tex/latex/graphics/graphicx.sty
(/usr/share/texlive/texmf-dist/tex/latex/graphics/keyval.sty)
(/usr/share/texlive/texmf-dist/tex/latex/graphics/graphics.sty
(/usr/share/texlive/texmf-dist/tex/latex/graphics/trig.sty)
(/usr/share/texlive/texmf-dist/tex/latex/graphics-cfg/graphics.cfg)
(/usr/share/texlive/texmf-dist/tex/latex/graphics-def/pdftex.def)))
(/usr/share/texlive/texmf-dist/tex/latex/fancyhdr/fancyhdr.sty)
(/usr/share/texlive/texmf-dist/tex/latex/base/textcomp.sty)
(/usr/share/texlive/texmf-dist/tex/latex/titlesec/titlesec.sty)
(/usr/share/texlive/texmf-dist/tex/latex/tabulary/tabulary.sty
(/usr/share/texlive/texmf-dist/tex/latex/tools/array.sty))
(/usr/share/texlive/texmf-dist/tex/latex/tools/longtable.sty)
(/usr/share/texlive/texmf-dist/tex/latex/varwidth/varwidth.sty)
(./sphinxmulticell.sty)
(/usr/share/texlive/texmf-dist/tex/latex/base/makeidx.sty)
(/usr/share/texlive/texmf-dist/tex/latex/framed/framed.sty)
(/usr/share/texlive/texmf-dist/tex/latex/xcolor/xcolor.sty
(/usr/share/texlive/texmf-dist/tex/latex/graphics-cfg/color.cfg))
(/usr/share/texlive/texmf-dist/tex/latex/fancyvrb/fancyvrb.sty)
(./footnotehyper-sphinx.sty)
(/usr/share/texlive/texmf-dist/tex/latex/float/float.sty)
(/usr/share/texlive/texmf-dist/tex/latex/wrapfig/wrapfig.sty)
(/usr/share/texlive/texmf-dist/tex/latex/parskip/parskip.sty
(/usr/share/texlive/texmf-dist/tex/latex/parskip/parskip-2001-04-09.sty))
(/usr/share/texlive/texmf-dist/tex/latex/base/alltt.sty)
(/usr/share/texlive/texmf-dist/tex/latex/upquote/upquote.sty)
(/usr/share/texlive/texmf-dist/tex/latex/capt-of/capt-of.sty)
(/usr/share/texlive/texmf-dist/tex/latex/needspace/needspace.sty)
(/usr/share/texlive/texmf-dist/tex/latex/tools/multicol.sty)
(./sphinxhighlight.sty)
(/usr/share/texlive/texmf-dist/tex/latex/kvoptions/kvoptions.sty
(/usr/share/texlive/texmf-dist/tex/generic/kvsetkeys/kvsetkeys.sty)))
(/usr/share/texlive/texmf-dist/tex/latex/geometry/geometry.sty
(/usr/share/texlive/texmf-dist/tex/generic/iftex/ifvtex.sty
(/usr/share/texlive/texmf-dist/tex/generic/iftex/iftex.sty)))
(/usr/share/texlive/texmf-dist/tex/latex/hyperref/hyperref.sty
(/usr/share/texlive/texmf-dist/tex/generic/pdftexcmds/pdftexcmds.sty
(/usr/share/texlive/texmf-dist/tex/generic/infwarerr/infwarerr.sty))
(/usr/share/texlive/texmf-dist/tex/generic/kvdefinekeys/kvdefinekeys.sty)
(/usr/share/texlive/texmf-dist/tex/generic/pdfescape/pdfescape.sty)
(/usr/share/texlive/texmf-dist/tex/latex/hycolor/hycolor.sty)
(/usr/share/texlive/texmf-dist/tex/latex/letltxmacro/letltxmacro.sty)
(/usr/share/texlive/texmf-dist/tex/latex/auxhook/auxhook.sty)
(/usr/share/texlive/texmf-dist/tex/latex/hyperref/pd1enc.def)
(/usr/share/texlive/texmf-dist/tex/generic/intcalc/intcalc.sty)
(/usr/share/texlive/texmf-dist/tex/generic/etexcmds/etexcmds.sty)
(/usr/share/texlive/texmf-dist/tex/latex/hyperref/puenc.def)
(/usr/share/texlive/texmf-dist/tex/latex/url/url.sty)
(/usr/share/texlive/texmf-dist/tex/generic/bitset/bitset.sty
(/usr/share/texlive/texmf-dist/tex/generic/bigintcalc/bigintcalc.sty))
(/usr/share/texlive/texmf-dist/tex/generic/atbegshi/atbegshi.sty))
(/usr/share/texlive/texmf-dist/tex/latex/hyperref/hpdftex.def
(/usr/share/texlive/texmf-dist/tex/latex/atveryend/atveryend.sty)
(/usr/share/texlive/texmf-dist/tex/latex/rerunfilecheck/rerunfilecheck.sty
(/usr/share/texlive/texmf-dist/tex/generic/uniquecounter/uniquecounter.sty)))
(/usr/share/texlive/texmf-dist/tex/latex/oberdiek/hypcap.sty)
(./sphinxmessages.sty)
Writing index file consortium_other-github_wiki.idx
(/usr/share/texlive/texmf-dist/tex/latex/l3backend/l3backend-pdfmode.def)
(./consortium_other-github_wiki.aux)
(/usr/share/texlive/texmf-dist/tex/latex/psnfss/t1ptm.fd)
(/usr/share/texlive/texmf-dist/tex/context/base/mkii/supp-pdf.mkii
[Loading MPS to PDF converter (version 2006.09.02).]
) (/usr/share/texlive/texmf-dist/tex/latex/epstopdf-pkg/epstopdf-base.sty
(/usr/share/texlive/texmf-dist/tex/latex/latexconfig/epstopdf-sys.cfg))
*geometry* driver: auto-detecting
*geometry* detected driver: pdftex
(/usr/share/texlive/texmf-dist/tex/latex/hyperref/nameref.sty
(/usr/share/texlive/texmf-dist/tex/latex/refcount/refcount.sty)
(/usr/share/texlive/texmf-dist/tex/generic/gettitlestring/gettitlestring.sty))
(/usr/share/texlive/texmf-dist/tex/latex/psnfss/t1phv.fd)<<ot1.cmap>><<oml.cmap
>><<oms.cmap>><<omx.cmap>>
(/usr/share/texlive/texmf-dist/tex/latex/amsfonts/umsa.fd)
(/usr/share/texlive/texmf-dist/tex/latex/amsfonts/umsb.fd) [1{/var/lib/texmf/fo
nts/map/pdftex/updmap/pdftex.map}] [1]
Chapter 1.
(/usr/share/texlive/texmf-dist/tex/latex/psnfss/ts1ptm.fd) [1]
Chapter 2.
(/usr/share/texlive/texmf-dist/tex/latex/psnfss/t1pcr.fd)

Package textcomp Warning: Symbol \textasciigrave not provided by
(textcomp)                font family pcr in TS1 encoding.
(textcomp)                Default family used instead on input line 1.

(/usr/share/texlive/texmf-dist/tex/latex/base/t1cmtt.fd)
(/usr/share/texlive/texmf-dist/tex/latex/base/ts1cmtt.fd)

Package textcomp Warning: Symbol \textasciigrave not provided by
(textcomp)                font family pcr in TS1 encoding.
(textcomp)                Default family used instead on input line 1.

[2]
Chapter 3.
[3]
Chapter 4.

Package textcomp Warning: Symbol \textasciigrave not provided by
(textcomp)                font family ptm in TS1 encoding.
(textcomp)                Default family used instead on input line 156.


Package textcomp Warning: Symbol \textasciigrave not provided by
(textcomp)                font family ptm in TS1 encoding.
(textcomp)                Default family used instead on input line 156.


Package textcomp Warning: Symbol \textasciigrave not provided by
(textcomp)                font family ptm in TS1 encoding.
(textcomp)                Default family used instead on input line 156.


Underfull \hbox (badness 10000) in paragraph at lines 155--158
[]\TS1/cmr/b/n/10 ``[]\TS1/cmr/m/n/10 ` \T1/ptm/m/n/10 <in-put-Con-fig type=^^Q
keyboard^^Q de-vi-ce-Name=^^QKeyboard^^Q deviceGUID=^^Q-1^^Q de-vi-ceN-bAxes=^^
Q0^^Q de-vi-

Package textcomp Warning: Symbol \textasciigrave not provided by
(textcomp)                font family ptm in TS1 encoding.
(textcomp)                Default family used instead on input line 175.


Package textcomp Warning: Symbol \textasciigrave not provided by
(textcomp)                font family ptm in TS1 encoding.
(textcomp)                Default family used instead on input line 175.


Package textcomp Warning: Symbol \textasciigrave not provided by
(textcomp)                font family ptm in TS1 encoding.
(textcomp)                Default family used instead on input line 175.


Package textcomp Warning: Symbol \textasciigrave not provided by
(textcomp)                font family ptm in TS1 encoding.
(textcomp)                Default family used instead on input line 178.


Package textcomp Warning: Symbol \textasciigrave not provided by
(textcomp)                font family ptm in TS1 encoding.
(textcomp)                Default family used instead on input line 178.


Package textcomp Warning: Symbol \textasciigrave not provided by
(textcomp)                font family ptm in TS1 encoding.
(textcomp)                Default family used instead on input line 178.


Overfull \hbox (24.86803pt too wide) in paragraph at lines 177--180
[][]\TS1/cmr/b/n/10 ``[]\TS1/cmr/m/n/10 ` \T1/ptm/m/n/10 <in-put-Con-fig type=^
^Qjoystick^^Q de-vi-ce-Name=^^QVirtual gamepad^^Q de-viceGUID=^^Q03000000030000
000300000002000000^^Q

Package textcomp Warning: Symbol \textasciigrave not provided by
(textcomp)                font family ptm in TS1 encoding.
(textcomp)                Default family used instead on input line 199.


Package textcomp Warning: Symbol \textasciigrave not provided by
(textcomp)                font family ptm in TS1 encoding.
(textcomp)                Default family used instead on input line 199.


Package textcomp Warning: Symbol \textasciigrave not provided by
(textcomp)                font family ptm in TS1 encoding.
(textcomp)                Default family used instead on input line 199.

[4]
Chapter 5.
[5]
Chapter 6.

Package textcomp Warning: Symbol \textasciigrave not provided by
(textcomp)                font family pcr in TS1 encoding.
(textcomp)                Default family used instead on input line 1.


Package textcomp Warning: Symbol \textasciigrave not provided by
(textcomp)                font family pcr in TS1 encoding.
(textcomp)                Default family used instead on input line 1.


Underfull \hbox (badness 10000) in paragraph at lines 233--240
[]\TS1/cmtt/m/n/10 ` \T1/pcr/m/n/10 curl -sL https://deb.nodesource.com/setup_9
.x | sudo bash - sudo apt install

Underfull \hbox (badness 10000) in paragraph at lines 233--240
\T1/pcr/m/n/10 -y build-essential python-dev nodejs npm npm install -g npm \TS1
/cmtt/m/n/10 ` \T1/ptm/m/n/10 (Mines \T1/ptm/m/it/10 node -v \T1/ptm/m/n/10 =

Package textcomp Warning: Symbol \textasciigrave not provided by
(textcomp)                font family pcr in TS1 encoding.
(textcomp)                Default family used instead on input line 1.


Package textcomp Warning: Symbol \textasciigrave not provided by
(textcomp)                font family pcr in TS1 encoding.
(textcomp)                Default family used instead on input line 1.


Underfull \hbox (badness 10000) in paragraph at lines 241--249
\T1/pcr/m/n/10 curl -sL https://dl.yarnpkg.com/debian/pubkey.gpg | sudo apt-key
 add - echo

Underfull \hbox (badness 10000) in paragraph at lines 241--249
\T1/pcr/m/n/10 "deb https://dl.yarnpkg.com/debian/ stable main" | sudo tee /etc
/apt/sources.

Package textcomp Warning: Symbol \textasciigrave not provided by
(textcomp)                font family pcr in TS1 encoding.
(textcomp)                Default family used instead on input line 1.


Package textcomp Warning: Symbol \textasciigrave not provided by
(textcomp)                font family pcr in TS1 encoding.
(textcomp)                Default family used instead on input line 1.


Underfull \hbox (badness 10000) in paragraph at lines 253--261
[]\TS1/cmtt/m/n/10 ` \T1/pcr/m/n/10 sudo npm cache clean -f sudo npm install -g
 n sudo n 9 sudo npm install -g

Package textcomp Warning: Symbol \textasciigrave not provided by
(textcomp)                font family pcr in TS1 encoding.
(textcomp)                Default family used instead on input line 1.


Package textcomp Warning: Symbol \textasciigrave not provided by
(textcomp)                font family pcr in TS1 encoding.
(textcomp)                Default family used instead on input line 1.


Underfull \hbox (badness 10000) in paragraph at lines 265--273
[]\TS1/cmtt/m/n/10 ` \T1/pcr/m/n/10 sudo -i cd / git clone https://github.com/m
iroof/node-virtual-gamepads cd

Package textcomp Warning: Symbol \textasciigrave not provided by
(textcomp)                font family pcr in TS1 encoding.
(textcomp)                Default family used instead on input line 1.


Package textcomp Warning: Symbol \textasciigrave not provided by
(textcomp)                font family pcr in TS1 encoding.
(textcomp)                Default family used instead on input line 1.


Package textcomp Warning: Symbol \textasciigrave not provided by
(textcomp)                font family pcr in TS1 encoding.
(textcomp)                Default family used instead on input line 1.


Package textcomp Warning: Symbol \textasciigrave not provided by
(textcomp)                font family pcr in TS1 encoding.
(textcomp)                Default family used instead on input line 1.


Underfull \hbox (badness 10000) in paragraph at lines 283--290
[]\TS1/cmtt/m/n/10 ` \T1/pcr/m/n/10 sudo npm install pm2 -g sudo pm2 start main
.js # full path e.g. /home/pi/

Package textcomp Warning: Symbol \textasciigrave not provided by
(textcomp)                font family pcr in TS1 encoding.
(textcomp)                Default family used instead on input line 1.


Package textcomp Warning: Symbol \textasciigrave not provided by
(textcomp)                font family pcr in TS1 encoding.
(textcomp)                Default family used instead on input line 1.


Underfull \hbox (badness 10000) in paragraph at lines 295--320
[]\TS1/cmtt/m/n/10 ` \T1/pcr/m/n/10 input_device = "Virtual gamepad" input_driv
er = "udev" input_r_btn = "5"

Underfull \hbox (badness 10000) in paragraph at lines 295--320
\T1/pcr/m/n/10 input_save_state_btn = "5" input_start_btn = "7" input_exit_emul
ator_btn = "7"

Underfull \hbox (badness 10000) in paragraph at lines 295--320
\T1/pcr/m/n/10 input_l_btn = "4" input_load_state_btn = "4" input_up_axis = "-1
" input_a_btn

Underfull \hbox (badness 10000) in paragraph at lines 295--320
\T1/pcr/m/n/10 = "0" input_b_btn = "1" input_reset_btn = "1" input_down_axis = 
"+1"

Underfull \hbox (badness 10000) in paragraph at lines 295--320
\T1/pcr/m/n/10 input_right_axis = "+0" input_state_slot_increase_axis = "+0" in
put_x_btn =

Underfull \hbox (badness 10000) in paragraph at lines 295--320
\T1/pcr/m/n/10 "2" input_menu_toggle_btn = "2" input_select_btn = "6" input_ena
ble_hotkey_btn

Underfull \hbox (badness 10000) in paragraph at lines 295--320
\T1/pcr/m/n/10 = "6" input_y_btn = "3" input_left_axis = "-0" input_state_slot_
decrease_axis
[6] [7]
Chapter 7.

Package textcomp Warning: Symbol \textasciigrave not provided by
(textcomp)                font family ptm in TS1 encoding.
(textcomp)                Default family used instead on input line 350.


Package textcomp Warning: Symbol \textasciigrave not provided by
(textcomp)                font family ptm in TS1 encoding.
(textcomp)                Default family used instead on input line 350.


Package textcomp Warning: Symbol \textasciigrave not provided by
(textcomp)                font family ptm in TS1 encoding.
(textcomp)                Default family used instead on input line 350.


Underfull \hbox (badness 10000) in paragraph at lines 349--365
[][]\TS1/cmr/b/n/10 ``[]\TS1/cmr/m/n/10 ` \T1/ptm/m/n/10 dis-able_splash=1 dis-
play_default_lcd=0 dis-able_overscan=1 hdmi_force_hotplug=1

Underfull \hbox (badness 6412) in paragraph at lines 349--365
\T1/ptm/m/n/10 hdmi_ignore_edid=0xa5000080 hdmi_drive=2 con-fig_hdmi_boost=4 dt
-param=i2c_arm=on dt-param=audio=on

Package textcomp Warning: Symbol \textasciigrave not provided by
(textcomp)                font family ptm in TS1 encoding.
(textcomp)                Default family used instead on input line 381.


Package textcomp Warning: Symbol \textasciigrave not provided by
(textcomp)                font family ptm in TS1 encoding.
(textcomp)                Default family used instead on input line 381.


Package textcomp Warning: Symbol \textasciigrave not provided by
(textcomp)                font family ptm in TS1 encoding.
(textcomp)                Default family used instead on input line 381.

[8]
Chapter 8.
[9]
Chapter 9.
[10]
Chapter 10.
[11]
Chapter 11.

Package textcomp Warning: Symbol \textasciigrave not provided by
(textcomp)                font family ptm in TS1 encoding.
(textcomp)                Default family used instead on input line 444.


Package textcomp Warning: Symbol \textasciigrave not provided by
(textcomp)                font family ptm in TS1 encoding.
(textcomp)                Default family used instead on input line 444.


Package textcomp Warning: Symbol \textasciigrave not provided by
(textcomp)                font family ptm in TS1 encoding.
(textcomp)                Default family used instead on input line 444.


Package textcomp Warning: Symbol \textasciigrave not provided by
(textcomp)                font family ptm in TS1 encoding.
(textcomp)                Default family used instead on input line 462.


Package textcomp Warning: Symbol \textasciigrave not provided by
(textcomp)                font family ptm in TS1 encoding.
(textcomp)                Default family used instead on input line 462.


Package textcomp Warning: Symbol \textasciigrave not provided by
(textcomp)                font family ptm in TS1 encoding.
(textcomp)                Default family used instead on input line 462.

[12]
Chapter 12.
[13]
Chapter 13.
No file consortium_other-github_wiki.ind.
[14] (./consortium_other-github_wiki.aux)

Package rerunfilecheck Warning: File `consortium_other-github_wiki.out' has cha
nged.
(rerunfilecheck)                Rerun to get outlines right
(rerunfilecheck)                or use package `bookmark'.


LaTeX Warning: Label(s) may have changed. Rerun to get cross-references right.

 )
(see the transcript file for additional information){/usr/share/texlive/texmf-d
ist/fonts/enc/dvips/base/8r.enc} </root/.texlive2020/texmf-var/fonts/pk/ljfour/
jknappen/ec/tcrm1000.600pk> </root/.texlive2020/texmf-var/fonts/pk/ljfour/jknap
pen/ec/tcrb1000.600pk> </root/.texlive2020/texmf-var/fonts/pk/ljfour/jknappen/e
c/tctt1000.600pk></usr/share/texlive/texmf-dist/fonts/type1/urw/courier/ucrr8a.
pfb></usr/share/texlive/texmf-dist/fonts/type1/urw/helvetic/uhvb8a.pfb></usr/sh
are/texlive/texmf-dist/fonts/type1/urw/helvetic/uhvbo8a.pfb></usr/share/texlive
/texmf-dist/fonts/type1/urw/times/utmb8a.pfb></usr/share/texlive/texmf-dist/fon
ts/type1/urw/times/utmr8a.pfb></usr/share/texlive/texmf-dist/fonts/type1/urw/ti
mes/utmri8a.pfb>
Output written on consortium_other-github_wiki.pdf (16 pages, 98598 bytes).
Transcript written on consortium_other-github_wiki.log.
Latexmk: Index file 'consortium_other-github_wiki.idx' was written
Latexmk: Missing input file: 'consortium_other-github_wiki.ind' from line
  'No file consortium_other-github_wiki.ind.'
Latexmk: References changed.
Latexmk: References changed.
Latexmk: Log file says output to 'consortium_other-github_wiki.pdf'
Rule 'makeindex consortium_other-github_wiki.idx': File changes, etc:
   Changed files, or newly in use since previous run(s):
      'consortium_other-github_wiki.idx'
------------
Run number 1 of rule 'makeindex consortium_other-github_wiki.idx'
------------
------------
Running 'makeindex -s python.ist  -o "consortium_other-github_wiki.ind" "consortium_other-github_wiki.idx"'
------------
=== TeX engine is 'pdfTeX'
Latexmk: applying rule 'makeindex consortium_other-github_wiki.idx'...
This is makeindex, version 2.15 [TeX Live 2020] (kpathsea + Thai support).
Scanning style file ./python.ist.......done (7 attributes redefined, 0 ignored).
Scanning input file consortium_other-github_wiki.idx...done (0 entries accepted, 0 rejected).
Nothing written in consortium_other-github_wiki.ind.
Transcript written in consortium_other-github_wiki.ilg.
Rule 'pdflatex': File changes, etc:
   Changed files, or newly in use since previous run(s):
      'consortium_other-github_wiki.aux'
      'consortium_other-github_wiki.ind'
      'consortium_other-github_wiki.out'
------------
Run number 2 of rule 'pdflatex'
------------
------------
Running 'pdflatex   -recorder  "consortium_other-github_wiki.tex"'
------------
Latexmk: applying rule 'pdflatex'...
This is pdfTeX, Version 3.14159265-2.6-1.40.21 (TeX Live 2020/Debian) (preloaded format=pdflatex)
 restricted \write18 enabled.
entering extended mode
(./consortium_other-github_wiki.tex
LaTeX2e <2020-02-02> patch level 5
L3 programming layer <2020-07-17> (./sphinxmanual.cls
Document Class: sphinxmanual 2019/12/01 v2.3.0 Document class (Sphinx manual)
(/usr/share/texlive/texmf-dist/tex/latex/base/report.cls
Document Class: report 2019/12/20 v1.4l Standard LaTeX document class
(/usr/share/texlive/texmf-dist/tex/latex/base/size10.clo)))
(/usr/share/texlive/texmf-dist/tex/latex/base/inputenc.sty)
(/usr/share/texlive/texmf-dist/tex/latex/cmap/cmap.sty)
(/usr/share/texlive/texmf-dist/tex/latex/base/fontenc.sty<<t1.cmap>>)
(/usr/share/texlive/texmf-dist/tex/latex/amsmath/amsmath.sty
For additional information on amsmath, use the `?' option.
(/usr/share/texlive/texmf-dist/tex/latex/amsmath/amstext.sty
(/usr/share/texlive/texmf-dist/tex/latex/amsmath/amsgen.sty))
(/usr/share/texlive/texmf-dist/tex/latex/amsmath/amsbsy.sty)
(/usr/share/texlive/texmf-dist/tex/latex/amsmath/amsopn.sty))
(/usr/share/texlive/texmf-dist/tex/latex/amsfonts/amssymb.sty
(/usr/share/texlive/texmf-dist/tex/latex/amsfonts/amsfonts.sty))
(/usr/share/texlive/texmf-dist/tex/generic/babel/babel.sty
(/usr/share/texlive/texmf-dist/tex/generic/babel/babel.def
(/usr/share/texlive/texmf-dist/tex/generic/babel/txtbabel.def))
(/usr/share/texlive/texmf-dist/tex/generic/babel-english/english.ldf))
(/usr/share/texlive/texmf-dist/tex/latex/psnfss/times.sty)
(/usr/share/texlive/texmf-dist/tex/latex/fncychap/fncychap.sty) (./sphinx.sty
(/usr/share/texlive/texmf-dist/tex/generic/ltxcmds/ltxcmds.sty)
(/usr/share/texlive/texmf-dist/tex/latex/graphics/graphicx.sty
(/usr/share/texlive/texmf-dist/tex/latex/graphics/keyval.sty)
(/usr/share/texlive/texmf-dist/tex/latex/graphics/graphics.sty
(/usr/share/texlive/texmf-dist/tex/latex/graphics/trig.sty)
(/usr/share/texlive/texmf-dist/tex/latex/graphics-cfg/graphics.cfg)
(/usr/share/texlive/texmf-dist/tex/latex/graphics-def/pdftex.def)))
(/usr/share/texlive/texmf-dist/tex/latex/fancyhdr/fancyhdr.sty)
(/usr/share/texlive/texmf-dist/tex/latex/base/textcomp.sty)
(/usr/share/texlive/texmf-dist/tex/latex/titlesec/titlesec.sty)
(/usr/share/texlive/texmf-dist/tex/latex/tabulary/tabulary.sty
(/usr/share/texlive/texmf-dist/tex/latex/tools/array.sty))
(/usr/share/texlive/texmf-dist/tex/latex/tools/longtable.sty)
(/usr/share/texlive/texmf-dist/tex/latex/varwidth/varwidth.sty)
(./sphinxmulticell.sty)
(/usr/share/texlive/texmf-dist/tex/latex/base/makeidx.sty)
(/usr/share/texlive/texmf-dist/tex/latex/framed/framed.sty)
(/usr/share/texlive/texmf-dist/tex/latex/xcolor/xcolor.sty
(/usr/share/texlive/texmf-dist/tex/latex/graphics-cfg/color.cfg))
(/usr/share/texlive/texmf-dist/tex/latex/fancyvrb/fancyvrb.sty)
(./footnotehyper-sphinx.sty)
(/usr/share/texlive/texmf-dist/tex/latex/float/float.sty)
(/usr/share/texlive/texmf-dist/tex/latex/wrapfig/wrapfig.sty)
(/usr/share/texlive/texmf-dist/tex/latex/parskip/parskip.sty
(/usr/share/texlive/texmf-dist/tex/latex/parskip/parskip-2001-04-09.sty))
(/usr/share/texlive/texmf-dist/tex/latex/base/alltt.sty)
(/usr/share/texlive/texmf-dist/tex/latex/upquote/upquote.sty)
(/usr/share/texlive/texmf-dist/tex/latex/capt-of/capt-of.sty)
(/usr/share/texlive/texmf-dist/tex/latex/needspace/needspace.sty)
(/usr/share/texlive/texmf-dist/tex/latex/tools/multicol.sty)
(./sphinxhighlight.sty)
(/usr/share/texlive/texmf-dist/tex/latex/kvoptions/kvoptions.sty
(/usr/share/texlive/texmf-dist/tex/generic/kvsetkeys/kvsetkeys.sty)))
(/usr/share/texlive/texmf-dist/tex/latex/geometry/geometry.sty
(/usr/share/texlive/texmf-dist/tex/generic/iftex/ifvtex.sty
(/usr/share/texlive/texmf-dist/tex/generic/iftex/iftex.sty)))
(/usr/share/texlive/texmf-dist/tex/latex/hyperref/hyperref.sty
(/usr/share/texlive/texmf-dist/tex/generic/pdftexcmds/pdftexcmds.sty
(/usr/share/texlive/texmf-dist/tex/generic/infwarerr/infwarerr.sty))
(/usr/share/texlive/texmf-dist/tex/generic/kvdefinekeys/kvdefinekeys.sty)
(/usr/share/texlive/texmf-dist/tex/generic/pdfescape/pdfescape.sty)
(/usr/share/texlive/texmf-dist/tex/latex/hycolor/hycolor.sty)
(/usr/share/texlive/texmf-dist/tex/latex/letltxmacro/letltxmacro.sty)
(/usr/share/texlive/texmf-dist/tex/latex/auxhook/auxhook.sty)
(/usr/share/texlive/texmf-dist/tex/latex/hyperref/pd1enc.def)
(/usr/share/texlive/texmf-dist/tex/generic/intcalc/intcalc.sty)
(/usr/share/texlive/texmf-dist/tex/generic/etexcmds/etexcmds.sty)
(/usr/share/texlive/texmf-dist/tex/latex/hyperref/puenc.def)
(/usr/share/texlive/texmf-dist/tex/latex/url/url.sty)
(/usr/share/texlive/texmf-dist/tex/generic/bitset/bitset.sty
(/usr/share/texlive/texmf-dist/tex/generic/bigintcalc/bigintcalc.sty))
(/usr/share/texlive/texmf-dist/tex/generic/atbegshi/atbegshi.sty))
(/usr/share/texlive/texmf-dist/tex/latex/hyperref/hpdftex.def
(/usr/share/texlive/texmf-dist/tex/latex/atveryend/atveryend.sty)
(/usr/share/texlive/texmf-dist/tex/latex/rerunfilecheck/rerunfilecheck.sty
(/usr/share/texlive/texmf-dist/tex/generic/uniquecounter/uniquecounter.sty)))
(/usr/share/texlive/texmf-dist/tex/latex/oberdiek/hypcap.sty)
(./sphinxmessages.sty)
Writing index file consortium_other-github_wiki.idx
(/usr/share/texlive/texmf-dist/tex/latex/l3backend/l3backend-pdfmode.def)
(./consortium_other-github_wiki.aux)
(/usr/share/texlive/texmf-dist/tex/latex/psnfss/t1ptm.fd)
(/usr/share/texlive/texmf-dist/tex/context/base/mkii/supp-pdf.mkii
[Loading MPS to PDF converter (version 2006.09.02).]
) (/usr/share/texlive/texmf-dist/tex/latex/epstopdf-pkg/epstopdf-base.sty
(/usr/share/texlive/texmf-dist/tex/latex/latexconfig/epstopdf-sys.cfg))
*geometry* driver: auto-detecting
*geometry* detected driver: pdftex
(/usr/share/texlive/texmf-dist/tex/latex/hyperref/nameref.sty
(/usr/share/texlive/texmf-dist/tex/latex/refcount/refcount.sty)
(/usr/share/texlive/texmf-dist/tex/generic/gettitlestring/gettitlestring.sty))
(./consortium_other-github_wiki.out) (./consortium_other-github_wiki.out)
(/usr/share/texlive/texmf-dist/tex/latex/psnfss/t1phv.fd)<<ot1.cmap>><<oml.cmap
>><<oms.cmap>><<omx.cmap>>
(/usr/share/texlive/texmf-dist/tex/latex/amsfonts/umsa.fd)
(/usr/share/texlive/texmf-dist/tex/latex/amsfonts/umsb.fd) [1{/var/lib/texmf/fo
nts/map/pdftex/updmap/pdftex.map}] (./consortium_other-github_wiki.toc)
[1]
Chapter 1.
(/usr/share/texlive/texmf-dist/tex/latex/psnfss/ts1ptm.fd) [1]
Chapter 2.
(/usr/share/texlive/texmf-dist/tex/latex/psnfss/t1pcr.fd)

Package textcomp Warning: Symbol \textasciigrave not provided by
(textcomp)                font family pcr in TS1 encoding.
(textcomp)                Default family used instead on input line 1.

(/usr/share/texlive/texmf-dist/tex/latex/base/t1cmtt.fd)
(/usr/share/texlive/texmf-dist/tex/latex/base/ts1cmtt.fd)

Package textcomp Warning: Symbol \textasciigrave not provided by
(textcomp)                font family pcr in TS1 encoding.
(textcomp)                Default family used instead on input line 1.

[2]
Chapter 3.
[3]
Chapter 4.

Package textcomp Warning: Symbol \textasciigrave not provided by
(textcomp)                font family ptm in TS1 encoding.
(textcomp)                Default family used instead on input line 156.


Package textcomp Warning: Symbol \textasciigrave not provided by
(textcomp)                font family ptm in TS1 encoding.
(textcomp)                Default family used instead on input line 156.


Package textcomp Warning: Symbol \textasciigrave not provided by
(textcomp)                font family ptm in TS1 encoding.
(textcomp)                Default family used instead on input line 156.


Underfull \hbox (badness 10000) in paragraph at lines 155--158
[]\TS1/cmr/b/n/10 ``[]\TS1/cmr/m/n/10 ` \T1/ptm/m/n/10 <in-put-Con-fig type=^^Q
keyboard^^Q de-vi-ce-Name=^^QKeyboard^^Q deviceGUID=^^Q-1^^Q de-vi-ceN-bAxes=^^
Q0^^Q de-vi-

Package textcomp Warning: Symbol \textasciigrave not provided by
(textcomp)                font family ptm in TS1 encoding.
(textcomp)                Default family used instead on input line 175.


Package textcomp Warning: Symbol \textasciigrave not provided by
(textcomp)                font family ptm in TS1 encoding.
(textcomp)                Default family used instead on input line 175.


Package textcomp Warning: Symbol \textasciigrave not provided by
(textcomp)                font family ptm in TS1 encoding.
(textcomp)                Default family used instead on input line 175.


Package textcomp Warning: Symbol \textasciigrave not provided by
(textcomp)                font family ptm in TS1 encoding.
(textcomp)                Default family used instead on input line 178.


Package textcomp Warning: Symbol \textasciigrave not provided by
(textcomp)                font family ptm in TS1 encoding.
(textcomp)                Default family used instead on input line 178.


Package textcomp Warning: Symbol \textasciigrave not provided by
(textcomp)                font family ptm in TS1 encoding.
(textcomp)                Default family used instead on input line 178.


Overfull \hbox (24.86803pt too wide) in paragraph at lines 177--180
[][]\TS1/cmr/b/n/10 ``[]\TS1/cmr/m/n/10 ` \T1/ptm/m/n/10 <in-put-Con-fig type=^
^Qjoystick^^Q de-vi-ce-Name=^^QVirtual gamepad^^Q de-viceGUID=^^Q03000000030000
000300000002000000^^Q

Package textcomp Warning: Symbol \textasciigrave not provided by
(textcomp)                font family ptm in TS1 encoding.
(textcomp)                Default family used instead on input line 199.


Package textcomp Warning: Symbol \textasciigrave not provided by
(textcomp)                font family ptm in TS1 encoding.
(textcomp)                Default family used instead on input line 199.


Package textcomp Warning: Symbol \textasciigrave not provided by
(textcomp)                font family ptm in TS1 encoding.
(textcomp)                Default family used instead on input line 199.

[4]
Chapter 5.
[5]
Chapter 6.

Package textcomp Warning: Symbol \textasciigrave not provided by
(textcomp)                font family pcr in TS1 encoding.
(textcomp)                Default family used instead on input line 1.


Package textcomp Warning: Symbol \textasciigrave not provided by
(textcomp)                font family pcr in TS1 encoding.
(textcomp)                Default family used instead on input line 1.


Underfull \hbox (badness 10000) in paragraph at lines 233--240
[]\TS1/cmtt/m/n/10 ` \T1/pcr/m/n/10 curl -sL https://deb.nodesource.com/setup_9
.x | sudo bash - sudo apt install

Underfull \hbox (badness 10000) in paragraph at lines 233--240
\T1/pcr/m/n/10 -y build-essential python-dev nodejs npm npm install -g npm \TS1
/cmtt/m/n/10 ` \T1/ptm/m/n/10 (Mines \T1/ptm/m/it/10 node -v \T1/ptm/m/n/10 =

Package textcomp Warning: Symbol \textasciigrave not provided by
(textcomp)                font family pcr in TS1 encoding.
(textcomp)                Default family used instead on input line 1.


Package textcomp Warning: Symbol \textasciigrave not provided by
(textcomp)                font family pcr in TS1 encoding.
(textcomp)                Default family used instead on input line 1.


Underfull \hbox (badness 10000) in paragraph at lines 241--249
\T1/pcr/m/n/10 curl -sL https://dl.yarnpkg.com/debian/pubkey.gpg | sudo apt-key
 add - echo

Underfull \hbox (badness 10000) in paragraph at lines 241--249
\T1/pcr/m/n/10 "deb https://dl.yarnpkg.com/debian/ stable main" | sudo tee /etc
/apt/sources.

Package textcomp Warning: Symbol \textasciigrave not provided by
(textcomp)                font family pcr in TS1 encoding.
(textcomp)                Default family used instead on input line 1.


Package textcomp Warning: Symbol \textasciigrave not provided by
(textcomp)                font family pcr in TS1 encoding.
(textcomp)                Default family used instead on input line 1.


Underfull \hbox (badness 10000) in paragraph at lines 253--261
[]\TS1/cmtt/m/n/10 ` \T1/pcr/m/n/10 sudo npm cache clean -f sudo npm install -g
 n sudo n 9 sudo npm install -g

Package textcomp Warning: Symbol \textasciigrave not provided by
(textcomp)                font family pcr in TS1 encoding.
(textcomp)                Default family used instead on input line 1.


Package textcomp Warning: Symbol \textasciigrave not provided by
(textcomp)                font family pcr in TS1 encoding.
(textcomp)                Default family used instead on input line 1.


Underfull \hbox (badness 10000) in paragraph at lines 265--273
[]\TS1/cmtt/m/n/10 ` \T1/pcr/m/n/10 sudo -i cd / git clone https://github.com/m
iroof/node-virtual-gamepads cd

Package textcomp Warning: Symbol \textasciigrave not provided by
(textcomp)                font family pcr in TS1 encoding.
(textcomp)                Default family used instead on input line 1.


Package textcomp Warning: Symbol \textasciigrave not provided by
(textcomp)                font family pcr in TS1 encoding.
(textcomp)                Default family used instead on input line 1.


Package textcomp Warning: Symbol \textasciigrave not provided by
(textcomp)                font family pcr in TS1 encoding.
(textcomp)                Default family used instead on input line 1.


Package textcomp Warning: Symbol \textasciigrave not provided by
(textcomp)                font family pcr in TS1 encoding.
(textcomp)                Default family used instead on input line 1.


Underfull \hbox (badness 10000) in paragraph at lines 283--290
[]\TS1/cmtt/m/n/10 ` \T1/pcr/m/n/10 sudo npm install pm2 -g sudo pm2 start main
.js # full path e.g. /home/pi/

Package textcomp Warning: Symbol \textasciigrave not provided by
(textcomp)                font family pcr in TS1 encoding.
(textcomp)                Default family used instead on input line 1.


Package textcomp Warning: Symbol \textasciigrave not provided by
(textcomp)                font family pcr in TS1 encoding.
(textcomp)                Default family used instead on input line 1.


Underfull \hbox (badness 10000) in paragraph at lines 295--320
[]\TS1/cmtt/m/n/10 ` \T1/pcr/m/n/10 input_device = "Virtual gamepad" input_driv
er = "udev" input_r_btn = "5"

Underfull \hbox (badness 10000) in paragraph at lines 295--320
\T1/pcr/m/n/10 input_save_state_btn = "5" input_start_btn = "7" input_exit_emul
ator_btn = "7"

Underfull \hbox (badness 10000) in paragraph at lines 295--320
\T1/pcr/m/n/10 input_l_btn = "4" input_load_state_btn = "4" input_up_axis = "-1
" input_a_btn

Underfull \hbox (badness 10000) in paragraph at lines 295--320
\T1/pcr/m/n/10 = "0" input_b_btn = "1" input_reset_btn = "1" input_down_axis = 
"+1"

Underfull \hbox (badness 10000) in paragraph at lines 295--320
\T1/pcr/m/n/10 input_right_axis = "+0" input_state_slot_increase_axis = "+0" in
put_x_btn =

Underfull \hbox (badness 10000) in paragraph at lines 295--320
\T1/pcr/m/n/10 "2" input_menu_toggle_btn = "2" input_select_btn = "6" input_ena
ble_hotkey_btn

Underfull \hbox (badness 10000) in paragraph at lines 295--320
\T1/pcr/m/n/10 = "6" input_y_btn = "3" input_left_axis = "-0" input_state_slot_
decrease_axis
[6] [7]
Chapter 7.

Package textcomp Warning: Symbol \textasciigrave not provided by
(textcomp)                font family ptm in TS1 encoding.
(textcomp)                Default family used instead on input line 350.


Package textcomp Warning: Symbol \textasciigrave not provided by
(textcomp)                font family ptm in TS1 encoding.
(textcomp)                Default family used instead on input line 350.


Package textcomp Warning: Symbol \textasciigrave not provided by
(textcomp)                font family ptm in TS1 encoding.
(textcomp)                Default family used instead on input line 350.


Underfull \hbox (badness 10000) in paragraph at lines 349--365
[][]\TS1/cmr/b/n/10 ``[]\TS1/cmr/m/n/10 ` \T1/ptm/m/n/10 dis-able_splash=1 dis-
play_default_lcd=0 dis-able_overscan=1 hdmi_force_hotplug=1

Underfull \hbox (badness 6412) in paragraph at lines 349--365
\T1/ptm/m/n/10 hdmi_ignore_edid=0xa5000080 hdmi_drive=2 con-fig_hdmi_boost=4 dt
-param=i2c_arm=on dt-param=audio=on

Package textcomp Warning: Symbol \textasciigrave not provided by
(textcomp)                font family ptm in TS1 encoding.
(textcomp)                Default family used instead on input line 381.


Package textcomp Warning: Symbol \textasciigrave not provided by
(textcomp)                font family ptm in TS1 encoding.
(textcomp)                Default family used instead on input line 381.


Package textcomp Warning: Symbol \textasciigrave not provided by
(textcomp)                font family ptm in TS1 encoding.
(textcomp)                Default family used instead on input line 381.

[8]
Chapter 8.
[9]
Chapter 9.
[10]
Chapter 10.
[11]
Chapter 11.

Package textcomp Warning: Symbol \textasciigrave not provided by
(textcomp)                font family ptm in TS1 encoding.
(textcomp)                Default family used instead on input line 444.


Package textcomp Warning: Symbol \textasciigrave not provided by
(textcomp)                font family ptm in TS1 encoding.
(textcomp)                Default family used instead on input line 444.


Package textcomp Warning: Symbol \textasciigrave not provided by
(textcomp)                font family ptm in TS1 encoding.
(textcomp)                Default family used instead on input line 444.


Package textcomp Warning: Symbol \textasciigrave not provided by
(textcomp)                font family ptm in TS1 encoding.
(textcomp)                Default family used instead on input line 462.


Package textcomp Warning: Symbol \textasciigrave not provided by
(textcomp)                font family ptm in TS1 encoding.
(textcomp)                Default family used instead on input line 462.


Package textcomp Warning: Symbol \textasciigrave not provided by
(textcomp)                font family ptm in TS1 encoding.
(textcomp)                Default family used instead on input line 462.

[12]
Chapter 12.
[13]
Chapter 13.
(./consortium_other-github_wiki.ind) [14] (./consortium_other-github_wiki.aux) 
)
(see the transcript file for additional information) </root/.texlive2020/texmf-
var/fonts/pk/ljfour/jknappen/ec/tcrm1000.600pk> </root/.texlive2020/texmf-var/f
onts/pk/ljfour/jknappen/ec/tcrb1000.600pk>{/usr/share/texlive/texmf-dist/fonts/
enc/dvips/base/8r.enc} </root/.texlive2020/texmf-var/fonts/pk/ljfour/jknappen/e
c/tctt1000.600pk></usr/share/texlive/texmf-dist/fonts/type1/urw/courier/ucrr8a.
pfb></usr/share/texlive/texmf-dist/fonts/type1/urw/helvetic/uhvb8a.pfb></usr/sh
are/texlive/texmf-dist/fonts/type1/urw/helvetic/uhvbo8a.pfb></usr/share/texlive
/texmf-dist/fonts/type1/urw/times/utmb8a.pfb></usr/share/texlive/texmf-dist/fon
ts/type1/urw/times/utmr8a.pfb></usr/share/texlive/texmf-dist/fonts/type1/urw/ti
mes/utmri8a.pfb>
Output written on consortium_other-github_wiki.pdf (16 pages, 107120 bytes).
Transcript written on consortium_other-github_wiki.log.
Latexmk: Index file 'consortium_other-github_wiki.idx' was written
Latexmk: Log file says output to 'consortium_other-github_wiki.pdf'
Rule 'pdflatex': File changes, etc:
   Changed files, or newly in use since previous run(s):
      'consortium_other-github_wiki.toc'
------------
Run number 3 of rule 'pdflatex'
------------
------------
Running 'pdflatex   -recorder  "consortium_other-github_wiki.tex"'
------------
=== TeX engine is 'pdfTeX'
Latexmk: applying rule 'pdflatex'...
This is pdfTeX, Version 3.14159265-2.6-1.40.21 (TeX Live 2020/Debian) (preloaded format=pdflatex)
 restricted \write18 enabled.
entering extended mode
(./consortium_other-github_wiki.tex
LaTeX2e <2020-02-02> patch level 5
L3 programming layer <2020-07-17> (./sphinxmanual.cls
Document Class: sphinxmanual 2019/12/01 v2.3.0 Document class (Sphinx manual)
(/usr/share/texlive/texmf-dist/tex/latex/base/report.cls
Document Class: report 2019/12/20 v1.4l Standard LaTeX document class
(/usr/share/texlive/texmf-dist/tex/latex/base/size10.clo)))
(/usr/share/texlive/texmf-dist/tex/latex/base/inputenc.sty)
(/usr/share/texlive/texmf-dist/tex/latex/cmap/cmap.sty)
(/usr/share/texlive/texmf-dist/tex/latex/base/fontenc.sty<<t1.cmap>>)
(/usr/share/texlive/texmf-dist/tex/latex/amsmath/amsmath.sty
For additional information on amsmath, use the `?' option.
(/usr/share/texlive/texmf-dist/tex/latex/amsmath/amstext.sty
(/usr/share/texlive/texmf-dist/tex/latex/amsmath/amsgen.sty))
(/usr/share/texlive/texmf-dist/tex/latex/amsmath/amsbsy.sty)
(/usr/share/texlive/texmf-dist/tex/latex/amsmath/amsopn.sty))
(/usr/share/texlive/texmf-dist/tex/latex/amsfonts/amssymb.sty
(/usr/share/texlive/texmf-dist/tex/latex/amsfonts/amsfonts.sty))
(/usr/share/texlive/texmf-dist/tex/generic/babel/babel.sty
(/usr/share/texlive/texmf-dist/tex/generic/babel/babel.def
(/usr/share/texlive/texmf-dist/tex/generic/babel/txtbabel.def))
(/usr/share/texlive/texmf-dist/tex/generic/babel-english/english.ldf))
(/usr/share/texlive/texmf-dist/tex/latex/psnfss/times.sty)
(/usr/share/texlive/texmf-dist/tex/latex/fncychap/fncychap.sty) (./sphinx.sty
(/usr/share/texlive/texmf-dist/tex/generic/ltxcmds/ltxcmds.sty)
(/usr/share/texlive/texmf-dist/tex/latex/graphics/graphicx.sty
(/usr/share/texlive/texmf-dist/tex/latex/graphics/keyval.sty)
(/usr/share/texlive/texmf-dist/tex/latex/graphics/graphics.sty
(/usr/share/texlive/texmf-dist/tex/latex/graphics/trig.sty)
(/usr/share/texlive/texmf-dist/tex/latex/graphics-cfg/graphics.cfg)
(/usr/share/texlive/texmf-dist/tex/latex/graphics-def/pdftex.def)))
(/usr/share/texlive/texmf-dist/tex/latex/fancyhdr/fancyhdr.sty)
(/usr/share/texlive/texmf-dist/tex/latex/base/textcomp.sty)
(/usr/share/texlive/texmf-dist/tex/latex/titlesec/titlesec.sty)
(/usr/share/texlive/texmf-dist/tex/latex/tabulary/tabulary.sty
(/usr/share/texlive/texmf-dist/tex/latex/tools/array.sty))
(/usr/share/texlive/texmf-dist/tex/latex/tools/longtable.sty)
(/usr/share/texlive/texmf-dist/tex/latex/varwidth/varwidth.sty)
(./sphinxmulticell.sty)
(/usr/share/texlive/texmf-dist/tex/latex/base/makeidx.sty)
(/usr/share/texlive/texmf-dist/tex/latex/framed/framed.sty)
(/usr/share/texlive/texmf-dist/tex/latex/xcolor/xcolor.sty
(/usr/share/texlive/texmf-dist/tex/latex/graphics-cfg/color.cfg))
(/usr/share/texlive/texmf-dist/tex/latex/fancyvrb/fancyvrb.sty)
(./footnotehyper-sphinx.sty)
(/usr/share/texlive/texmf-dist/tex/latex/float/float.sty)
(/usr/share/texlive/texmf-dist/tex/latex/wrapfig/wrapfig.sty)
(/usr/share/texlive/texmf-dist/tex/latex/parskip/parskip.sty
(/usr/share/texlive/texmf-dist/tex/latex/parskip/parskip-2001-04-09.sty))
(/usr/share/texlive/texmf-dist/tex/latex/base/alltt.sty)
(/usr/share/texlive/texmf-dist/tex/latex/upquote/upquote.sty)
(/usr/share/texlive/texmf-dist/tex/latex/capt-of/capt-of.sty)
(/usr/share/texlive/texmf-dist/tex/latex/needspace/needspace.sty)
(/usr/share/texlive/texmf-dist/tex/latex/tools/multicol.sty)
(./sphinxhighlight.sty)
(/usr/share/texlive/texmf-dist/tex/latex/kvoptions/kvoptions.sty
(/usr/share/texlive/texmf-dist/tex/generic/kvsetkeys/kvsetkeys.sty)))
(/usr/share/texlive/texmf-dist/tex/latex/geometry/geometry.sty
(/usr/share/texlive/texmf-dist/tex/generic/iftex/ifvtex.sty
(/usr/share/texlive/texmf-dist/tex/generic/iftex/iftex.sty)))
(/usr/share/texlive/texmf-dist/tex/latex/hyperref/hyperref.sty
(/usr/share/texlive/texmf-dist/tex/generic/pdftexcmds/pdftexcmds.sty
(/usr/share/texlive/texmf-dist/tex/generic/infwarerr/infwarerr.sty))
(/usr/share/texlive/texmf-dist/tex/generic/kvdefinekeys/kvdefinekeys.sty)
(/usr/share/texlive/texmf-dist/tex/generic/pdfescape/pdfescape.sty)
(/usr/share/texlive/texmf-dist/tex/latex/hycolor/hycolor.sty)
(/usr/share/texlive/texmf-dist/tex/latex/letltxmacro/letltxmacro.sty)
(/usr/share/texlive/texmf-dist/tex/latex/auxhook/auxhook.sty)
(/usr/share/texlive/texmf-dist/tex/latex/hyperref/pd1enc.def)
(/usr/share/texlive/texmf-dist/tex/generic/intcalc/intcalc.sty)
(/usr/share/texlive/texmf-dist/tex/generic/etexcmds/etexcmds.sty)
(/usr/share/texlive/texmf-dist/tex/latex/hyperref/puenc.def)
(/usr/share/texlive/texmf-dist/tex/latex/url/url.sty)
(/usr/share/texlive/texmf-dist/tex/generic/bitset/bitset.sty
(/usr/share/texlive/texmf-dist/tex/generic/bigintcalc/bigintcalc.sty))
(/usr/share/texlive/texmf-dist/tex/generic/atbegshi/atbegshi.sty))
(/usr/share/texlive/texmf-dist/tex/latex/hyperref/hpdftex.def
(/usr/share/texlive/texmf-dist/tex/latex/atveryend/atveryend.sty)
(/usr/share/texlive/texmf-dist/tex/latex/rerunfilecheck/rerunfilecheck.sty
(/usr/share/texlive/texmf-dist/tex/generic/uniquecounter/uniquecounter.sty)))
(/usr/share/texlive/texmf-dist/tex/latex/oberdiek/hypcap.sty)
(./sphinxmessages.sty)
Writing index file consortium_other-github_wiki.idx
(/usr/share/texlive/texmf-dist/tex/latex/l3backend/l3backend-pdfmode.def)
(./consortium_other-github_wiki.aux)
(/usr/share/texlive/texmf-dist/tex/latex/psnfss/t1ptm.fd)
(/usr/share/texlive/texmf-dist/tex/context/base/mkii/supp-pdf.mkii
[Loading MPS to PDF converter (version 2006.09.02).]
) (/usr/share/texlive/texmf-dist/tex/latex/epstopdf-pkg/epstopdf-base.sty
(/usr/share/texlive/texmf-dist/tex/latex/latexconfig/epstopdf-sys.cfg))
*geometry* driver: auto-detecting
*geometry* detected driver: pdftex
(/usr/share/texlive/texmf-dist/tex/latex/hyperref/nameref.sty
(/usr/share/texlive/texmf-dist/tex/latex/refcount/refcount.sty)
(/usr/share/texlive/texmf-dist/tex/generic/gettitlestring/gettitlestring.sty))
(./consortium_other-github_wiki.out) (./consortium_other-github_wiki.out)
(/usr/share/texlive/texmf-dist/tex/latex/psnfss/t1phv.fd)<<ot1.cmap>><<oml.cmap
>><<oms.cmap>><<omx.cmap>>
(/usr/share/texlive/texmf-dist/tex/latex/amsfonts/umsa.fd)
(/usr/share/texlive/texmf-dist/tex/latex/amsfonts/umsb.fd) [1{/var/lib/texmf/fo
nts/map/pdftex/updmap/pdftex.map}] (./consortium_other-github_wiki.toc)
[1]
Chapter 1.
(/usr/share/texlive/texmf-dist/tex/latex/psnfss/ts1ptm.fd) [1]
Chapter 2.
(/usr/share/texlive/texmf-dist/tex/latex/psnfss/t1pcr.fd)

Package textcomp Warning: Symbol \textasciigrave not provided by
(textcomp)                font family pcr in TS1 encoding.
(textcomp)                Default family used instead on input line 1.

(/usr/share/texlive/texmf-dist/tex/latex/base/t1cmtt.fd)
(/usr/share/texlive/texmf-dist/tex/latex/base/ts1cmtt.fd)

Package textcomp Warning: Symbol \textasciigrave not provided by
(textcomp)                font family pcr in TS1 encoding.
(textcomp)                Default family used instead on input line 1.

[2]
Chapter 3.
[3]
Chapter 4.

Package textcomp Warning: Symbol \textasciigrave not provided by
(textcomp)                font family ptm in TS1 encoding.
(textcomp)                Default family used instead on input line 156.


Package textcomp Warning: Symbol \textasciigrave not provided by
(textcomp)                font family ptm in TS1 encoding.
(textcomp)                Default family used instead on input line 156.


Package textcomp Warning: Symbol \textasciigrave not provided by
(textcomp)                font family ptm in TS1 encoding.
(textcomp)                Default family used instead on input line 156.


Underfull \hbox (badness 10000) in paragraph at lines 155--158
[]\TS1/cmr/b/n/10 ``[]\TS1/cmr/m/n/10 ` \T1/ptm/m/n/10 <in-put-Con-fig type=^^Q
keyboard^^Q de-vi-ce-Name=^^QKeyboard^^Q deviceGUID=^^Q-1^^Q de-vi-ceN-bAxes=^^
Q0^^Q de-vi-

Package textcomp Warning: Symbol \textasciigrave not provided by
(textcomp)                font family ptm in TS1 encoding.
(textcomp)                Default family used instead on input line 175.


Package textcomp Warning: Symbol \textasciigrave not provided by
(textcomp)                font family ptm in TS1 encoding.
(textcomp)                Default family used instead on input line 175.


Package textcomp Warning: Symbol \textasciigrave not provided by
(textcomp)                font family ptm in TS1 encoding.
(textcomp)                Default family used instead on input line 175.


Package textcomp Warning: Symbol \textasciigrave not provided by
(textcomp)                font family ptm in TS1 encoding.
(textcomp)                Default family used instead on input line 178.


Package textcomp Warning: Symbol \textasciigrave not provided by
(textcomp)                font family ptm in TS1 encoding.
(textcomp)                Default family used instead on input line 178.


Package textcomp Warning: Symbol \textasciigrave not provided by
(textcomp)                font family ptm in TS1 encoding.
(textcomp)                Default family used instead on input line 178.


Overfull \hbox (24.86803pt too wide) in paragraph at lines 177--180
[][]\TS1/cmr/b/n/10 ``[]\TS1/cmr/m/n/10 ` \T1/ptm/m/n/10 <in-put-Con-fig type=^
^Qjoystick^^Q de-vi-ce-Name=^^QVirtual gamepad^^Q de-viceGUID=^^Q03000000030000
000300000002000000^^Q

Package textcomp Warning: Symbol \textasciigrave not provided by
(textcomp)                font family ptm in TS1 encoding.
(textcomp)                Default family used instead on input line 199.


Package textcomp Warning: Symbol \textasciigrave not provided by
(textcomp)                font family ptm in TS1 encoding.
(textcomp)                Default family used instead on input line 199.


Package textcomp Warning: Symbol \textasciigrave not provided by
(textcomp)                font family ptm in TS1 encoding.
(textcomp)                Default family used instead on input line 199.

[4]
Chapter 5.
[5]
Chapter 6.

Package textcomp Warning: Symbol \textasciigrave not provided by
(textcomp)                font family pcr in TS1 encoding.
(textcomp)                Default family used instead on input line 1.


Package textcomp Warning: Symbol \textasciigrave not provided by
(textcomp)                font family pcr in TS1 encoding.
(textcomp)                Default family used instead on input line 1.


Underfull \hbox (badness 10000) in paragraph at lines 233--240
[]\TS1/cmtt/m/n/10 ` \T1/pcr/m/n/10 curl -sL https://deb.nodesource.com/setup_9
.x | sudo bash - sudo apt install

Underfull \hbox (badness 10000) in paragraph at lines 233--240
\T1/pcr/m/n/10 -y build-essential python-dev nodejs npm npm install -g npm \TS1
/cmtt/m/n/10 ` \T1/ptm/m/n/10 (Mines \T1/ptm/m/it/10 node -v \T1/ptm/m/n/10 =

Package textcomp Warning: Symbol \textasciigrave not provided by
(textcomp)                font family pcr in TS1 encoding.
(textcomp)                Default family used instead on input line 1.


Package textcomp Warning: Symbol \textasciigrave not provided by
(textcomp)                font family pcr in TS1 encoding.
(textcomp)                Default family used instead on input line 1.


Underfull \hbox (badness 10000) in paragraph at lines 241--249
\T1/pcr/m/n/10 curl -sL https://dl.yarnpkg.com/debian/pubkey.gpg | sudo apt-key
 add - echo

Underfull \hbox (badness 10000) in paragraph at lines 241--249
\T1/pcr/m/n/10 "deb https://dl.yarnpkg.com/debian/ stable main" | sudo tee /etc
/apt/sources.

Package textcomp Warning: Symbol \textasciigrave not provided by
(textcomp)                font family pcr in TS1 encoding.
(textcomp)                Default family used instead on input line 1.


Package textcomp Warning: Symbol \textasciigrave not provided by
(textcomp)                font family pcr in TS1 encoding.
(textcomp)                Default family used instead on input line 1.


Underfull \hbox (badness 10000) in paragraph at lines 253--261
[]\TS1/cmtt/m/n/10 ` \T1/pcr/m/n/10 sudo npm cache clean -f sudo npm install -g
 n sudo n 9 sudo npm install -g

Package textcomp Warning: Symbol \textasciigrave not provided by
(textcomp)                font family pcr in TS1 encoding.
(textcomp)                Default family used instead on input line 1.


Package textcomp Warning: Symbol \textasciigrave not provided by
(textcomp)                font family pcr in TS1 encoding.
(textcomp)                Default family used instead on input line 1.


Underfull \hbox (badness 10000) in paragraph at lines 265--273
[]\TS1/cmtt/m/n/10 ` \T1/pcr/m/n/10 sudo -i cd / git clone https://github.com/m
iroof/node-virtual-gamepads cd

Package textcomp Warning: Symbol \textasciigrave not provided by
(textcomp)                font family pcr in TS1 encoding.
(textcomp)                Default family used instead on input line 1.


Package textcomp Warning: Symbol \textasciigrave not provided by
(textcomp)                font family pcr in TS1 encoding.
(textcomp)                Default family used instead on input line 1.


Package textcomp Warning: Symbol \textasciigrave not provided by
(textcomp)                font family pcr in TS1 encoding.
(textcomp)                Default family used instead on input line 1.


Package textcomp Warning: Symbol \textasciigrave not provided by
(textcomp)                font family pcr in TS1 encoding.
(textcomp)                Default family used instead on input line 1.


Underfull \hbox (badness 10000) in paragraph at lines 283--290
[]\TS1/cmtt/m/n/10 ` \T1/pcr/m/n/10 sudo npm install pm2 -g sudo pm2 start main
.js # full path e.g. /home/pi/

Package textcomp Warning: Symbol \textasciigrave not provided by
(textcomp)                font family pcr in TS1 encoding.
(textcomp)                Default family used instead on input line 1.


Package textcomp Warning: Symbol \textasciigrave not provided by
(textcomp)                font family pcr in TS1 encoding.
(textcomp)                Default family used instead on input line 1.


Underfull \hbox (badness 10000) in paragraph at lines 295--320
[]\TS1/cmtt/m/n/10 ` \T1/pcr/m/n/10 input_device = "Virtual gamepad" input_driv
er = "udev" input_r_btn = "5"

Underfull \hbox (badness 10000) in paragraph at lines 295--320
\T1/pcr/m/n/10 input_save_state_btn = "5" input_start_btn = "7" input_exit_emul
ator_btn = "7"

Underfull \hbox (badness 10000) in paragraph at lines 295--320
\T1/pcr/m/n/10 input_l_btn = "4" input_load_state_btn = "4" input_up_axis = "-1
" input_a_btn

Underfull \hbox (badness 10000) in paragraph at lines 295--320
\T1/pcr/m/n/10 = "0" input_b_btn = "1" input_reset_btn = "1" input_down_axis = 
"+1"

Underfull \hbox (badness 10000) in paragraph at lines 295--320
\T1/pcr/m/n/10 input_right_axis = "+0" input_state_slot_increase_axis = "+0" in
put_x_btn =

Underfull \hbox (badness 10000) in paragraph at lines 295--320
\T1/pcr/m/n/10 "2" input_menu_toggle_btn = "2" input_select_btn = "6" input_ena
ble_hotkey_btn

Underfull \hbox (badness 10000) in paragraph at lines 295--320
\T1/pcr/m/n/10 = "6" input_y_btn = "3" input_left_axis = "-0" input_state_slot_
decrease_axis
[6] [7]
Chapter 7.

Package textcomp Warning: Symbol \textasciigrave not provided by
(textcomp)                font family ptm in TS1 encoding.
(textcomp)                Default family used instead on input line 350.


Package textcomp Warning: Symbol \textasciigrave not provided by
(textcomp)                font family ptm in TS1 encoding.
(textcomp)                Default family used instead on input line 350.


Package textcomp Warning: Symbol \textasciigrave not provided by
(textcomp)                font family ptm in TS1 encoding.
(textcomp)                Default family used instead on input line 350.


Underfull \hbox (badness 10000) in paragraph at lines 349--365
[][]\TS1/cmr/b/n/10 ``[]\TS1/cmr/m/n/10 ` \T1/ptm/m/n/10 dis-able_splash=1 dis-
play_default_lcd=0 dis-able_overscan=1 hdmi_force_hotplug=1

Underfull \hbox (badness 6412) in paragraph at lines 349--365
\T1/ptm/m/n/10 hdmi_ignore_edid=0xa5000080 hdmi_drive=2 con-fig_hdmi_boost=4 dt
-param=i2c_arm=on dt-param=audio=on

Package textcomp Warning: Symbol \textasciigrave not provided by
(textcomp)                font family ptm in TS1 encoding.
(textcomp)                Default family used instead on input line 381.


Package textcomp Warning: Symbol \textasciigrave not provided by
(textcomp)                font family ptm in TS1 encoding.
(textcomp)                Default family used instead on input line 381.


Package textcomp Warning: Symbol \textasciigrave not provided by
(textcomp)                font family ptm in TS1 encoding.
(textcomp)                Default family used instead on input line 381.

[8]
Chapter 8.
[9]
Chapter 9.
[10]
Chapter 10.
[11]
Chapter 11.

Package textcomp Warning: Symbol \textasciigrave not provided by
(textcomp)                font family ptm in TS1 encoding.
(textcomp)                Default family used instead on input line 444.


Package textcomp Warning: Symbol \textasciigrave not provided by
(textcomp)                font family ptm in TS1 encoding.
(textcomp)                Default family used instead on input line 444.


Package textcomp Warning: Symbol \textasciigrave not provided by
(textcomp)                font family ptm in TS1 encoding.
(textcomp)                Default family used instead on input line 444.


Package textcomp Warning: Symbol \textasciigrave not provided by
(textcomp)                font family ptm in TS1 encoding.
(textcomp)                Default family used instead on input line 462.


Package textcomp Warning: Symbol \textasciigrave not provided by
(textcomp)                font family ptm in TS1 encoding.
(textcomp)                Default family used instead on input line 462.


Package textcomp Warning: Symbol \textasciigrave not provided by
(textcomp)                font family ptm in TS1 encoding.
(textcomp)                Default family used instead on input line 462.

[12]
Chapter 12.
[13]
Chapter 13.
(./consortium_other-github_wiki.ind) [14] (./consortium_other-github_wiki.aux) 
)
(see the transcript file for additional information) </root/.texlive2020/texmf-
var/fonts/pk/ljfour/jknappen/ec/tcrm1000.600pk> </root/.texlive2020/texmf-var/f
onts/pk/ljfour/jknappen/ec/tcrb1000.600pk>{/usr/share/texlive/texmf-dist/fonts/
enc/dvips/base/8r.enc} </root/.texlive2020/texmf-var/fonts/pk/ljfour/jknappen/e
c/tctt1000.600pk></usr/share/texlive/texmf-dist/fonts/type1/urw/courier/ucrr8a.
pfb></usr/share/texlive/texmf-dist/fonts/type1/urw/helvetic/uhvb8a.pfb></usr/sh
are/texlive/texmf-dist/fonts/type1/urw/helvetic/uhvbo8a.pfb></usr/share/texlive
/texmf-dist/fonts/type1/urw/times/utmb8a.pfb></usr/share/texlive/texmf-dist/fon
ts/type1/urw/times/utmr8a.pfb></usr/share/texlive/texmf-dist/fonts/type1/urw/ti
mes/utmri8a.pfb>
Output written on consortium_other-github_wiki.pdf (16 pages, 107120 bytes).
Transcript written on consortium_other-github_wiki.log.
Latexmk: Index file 'consortium_other-github_wiki.idx' was written
Latexmk: Log file says output to 'consortium_other-github_wiki.pdf'
=== TeX engine is 'pdfTeX'
Latexmk: All targets (consortium_other-github_wiki.pdf) are up-to-date
