\BOOKMARK [0][-]{chapter.1}{\376\377\000R\000e\000l\000e\000a\000s\000e\000\040\000N\000o\000t\000e\000s\000\040\000a\000n\000d\000\040\000N\000o\000t\000i\000c\000e\000s}{}% 1
\BOOKMARK [1][-]{section.1.1}{\376\377\000V\000e\000r\000s\000i\000o\000n\000\040\0000\000.\0001\000.\0006}{chapter.1}% 2
\BOOKMARK [1][-]{section.1.2}{\376\377\000O\000l\000d\000e\000r\000\040\000V\000e\000r\000s\000i\000o\000n\000s}{chapter.1}% 3
\BOOKMARK [1][-]{section.1.3}{\376\377\000K\000n\000o\000w\000n\000\040\000a\000n\000d\000\040\000C\000o\000r\000r\000e\000c\000t\000e\000d\000\040\000I\000s\000s\000u\000e\000s}{chapter.1}% 4
\BOOKMARK [1][-]{section.1.4}{\376\377\000R\000e\000c\000e\000n\000t\000l\000y\000\040\000U\000p\000d\000a\000t\000e\000d\000\040\000T\000o\000p\000i\000c\000s}{chapter.1}% 5
\BOOKMARK [0][-]{chapter.2}{\376\377\000I\000n\000t\000r\000o\000d\000u\000c\000t\000i\000o\000n}{}% 6
\BOOKMARK [1][-]{section.2.1}{\376\377\000R\000e\000v\000i\000e\000w\000\040\000\046\000\040\000P\000u\000r\000c\000h\000a\000s\000e}{chapter.2}% 7
\BOOKMARK [0][-]{chapter.3}{\376\377\000W\000R\000T\000\040\000A\000c\000c\000o\000u\000n\000t\000\040\000S\000u\000m\000m\000a\000r\000y}{}% 8
\BOOKMARK [0][-]{chapter.4}{\376\377\000W\000R\000T\000\040\000I\000n\000t\000e\000r\000e\000s\000t\000\040\000\050\0001\0006\000.\0006\000\045\000\040\000A\000P\000R\000\051}{}% 9
\BOOKMARK [0][-]{chapter.5}{\376\377\000W\000R\000T\000\040\000A\000c\000c\000o\000u\000n\000t\000\040\000D\000e\000t\000a\000i\000l\000s}{}% 10
\BOOKMARK [1][-]{section.5.1}{\376\377\000A\000c\000c\000o\000u\000n\000t\000\040\0001\0000\0001\000\040\000-\000\040\000\050\000B\000-\000L\000e\000o\000n\000i\000d\000e\000s\000\051}{chapter.5}% 11
\BOOKMARK [1][-]{section.5.2}{\376\377\000A\000c\000c\000o\000u\000n\000t\000\040\0001\0000\0002\000\040\000-\000\040\000\050\000M\000-\000H\000o\000l\000m\000e\000s\000\051}{chapter.5}% 12
\BOOKMARK [1][-]{section.5.3}{\376\377\000A\000c\000c\000o\000u\000n\000t\000\040\0001\0000\0003\000\040\000-\000\040\000\050\000R\000-\000J\000a\000m\000e\000s\000\051}{chapter.5}% 13
\BOOKMARK [1][-]{section.5.4}{\376\377\000A\000c\000c\000o\000u\000n\000t\000\040\0001\0000\0004\000\040\000-\000\040\000\050\000S\000-\000B\000a\000r\000n\000e\000s\000\051}{chapter.5}% 14
\BOOKMARK [1][-]{section.5.5}{\376\377\000A\000c\000c\000o\000u\000n\000t\000\040\0001\0000\0005\000\040\000-\000\040\000\050\000C\000-\000G\000i\000l\000d\000e\000r\000\051}{chapter.5}% 15
\BOOKMARK [1][-]{section.5.6}{\376\377\000A\000c\000c\000o\000u\000n\000t\000\040\0001\0000\0006\000\040\000-\000\040\000\050\000P\000-\000B\000e\000a\000l\000s\000\051}{chapter.5}% 16
\BOOKMARK [1][-]{section.5.7}{\376\377\000A\000c\000c\000o\000u\000n\000t\000\040\0001\0000\0007\000\040\000-\000\040\000\050\000P\000-\000B\000r\000o\000w\000n\000\051}{chapter.5}% 17
\BOOKMARK [1][-]{section.5.8}{\376\377\000A\000c\000c\000o\000u\000n\000t\000\040\0001\0000\0008\000\040\000-\000\040\000\050\000M\000-\000H\000o\000u\000g\000h\000\051}{chapter.5}% 18
\BOOKMARK [1][-]{section.5.9}{\376\377\000A\000c\000c\000o\000u\000n\000t\000\040\0001\0000\0009\000\040\000-\000\040\000\050\000A\000-\000W\000i\000t\000c\000o\000m\000b\000\051}{chapter.5}% 19
\BOOKMARK [1][-]{section.5.10}{\376\377\000A\000c\000c\000o\000u\000n\000t\000\040\0001\0001\0000\000\040\000-\000\040\000\050\000D\000-\000O\000w\000e\000n\000\051}{chapter.5}% 20
\BOOKMARK [1][-]{section.5.11}{\376\377\000A\000c\000c\000o\000u\000n\000t\000\040\0001\0001\0001\000\040\000-\000\040\000\050\000J\000-\000S\000m\000i\000t\000h\000-\000W\000a\000l\000k\000e\000r\000\051}{chapter.5}% 21
\BOOKMARK [1][-]{section.5.12}{\376\377\000A\000c\000c\000o\000u\000n\000t\000\040\0001\0001\0002\000\040\000-\000\040\000\050\000S\000-\000G\000a\000t\000e\000s\000\051}{chapter.5}% 22
\BOOKMARK [1][-]{section.5.13}{\376\377\000A\000c\000c\000o\000u\000n\000t\000\040\0001\0001\0003\000\040\000-\000\040\000\050\000C\000-\000A\000-\000D\000o\000i\000c\000k\000\051}{chapter.5}% 23
\BOOKMARK [1][-]{section.5.14}{\376\377\000A\000c\000c\000o\000u\000n\000t\000\040\0001\0001\0004\000\040\000-\000\040\000\050\000C\000-\000K\000e\000l\000l\000\051}{chapter.5}% 24
\BOOKMARK [1][-]{section.5.15}{\376\377\000A\000c\000c\000o\000u\000n\000t\000\040\0001\0001\0005\000\040\000-\000\040\000\050\000S\000-\000P\000u\000r\000c\000e\000l\000l\000\051}{chapter.5}% 25
\BOOKMARK [1][-]{section.5.16}{\376\377\000A\000c\000c\000o\000u\000n\000t\000\040\0001\0001\0006\000\040\000-\000\040\000\050\000C\000-\000C\000h\000a\000p\000m\000a\000n\000\051}{chapter.5}% 26
\BOOKMARK [1][-]{section.5.17}{\376\377\000A\000c\000c\000o\000u\000n\000t\000\040\0001\0001\0007\000\040\000-\000\040\000\050\000T\000-\000M\000a\000r\000s\000h\000a\000l\000l\000\051}{chapter.5}% 27
\BOOKMARK [1][-]{section.5.18}{\376\377\000A\000c\000c\000o\000u\000n\000t\000\040\0001\0001\0008\000\040\000-\000\040\000\050\000C\000-\000M\000a\000r\000s\000h\000a\000l\000l\000\051}{chapter.5}% 28
\BOOKMARK [1][-]{section.5.19}{\376\377\000A\000c\000c\000o\000u\000n\000t\000\040\0001\0001\0009\000\040\000-\000\040\000\050\000H\000-\000D\000a\000v\000i\000e\000s\000\051}{chapter.5}% 29
\BOOKMARK [1][-]{section.5.20}{\376\377\000A\000c\000c\000o\000u\000n\000t\000\040\0001\0002\0000\000\040\000-\000\040\000\050\000M\000-\000S\000i\000m\000p\000s\000o\000n\000\051}{chapter.5}% 30
\BOOKMARK [1][-]{section.5.21}{\376\377\000A\000c\000c\000o\000u\000n\000t\000\040\0001\0002\0001\000\040\000-\000\040\000\050\000S\000-\000H\000u\000m\000e\000\051}{chapter.5}% 31
\BOOKMARK [1][-]{section.5.22}{\376\377\000A\000c\000c\000o\000u\000n\000t\000\040\0001\0002\0002\000\040\000-\000\040\000\050\000B\000-\000P\000u\000l\000l\000e\000n\000\051}{chapter.5}% 32
\BOOKMARK [1][-]{section.5.23}{\376\377\000A\000c\000c\000o\000u\000n\000t\000\040\0001\0002\0003\000\040\000-\000\040\000\050\000G\000-\000C\000a\000i\000n\000e\000s\000\051}{chapter.5}% 33
\BOOKMARK [1][-]{section.5.24}{\376\377\000A\000c\000c\000o\000u\000n\000t\000\040\0001\0002\0004\000\040\000-\000\040\000\050\000A\000-\000P\000o\000w\000e\000l\000l\000\051}{chapter.5}% 34
\BOOKMARK [1][-]{section.5.25}{\376\377\000A\000c\000c\000o\000u\000n\000t\000\040\0001\0002\0005\000\040\000-\000\040\000\050\000M\000-\000P\000r\000e\000s\000t\000o\000n\000\051}{chapter.5}% 35
\BOOKMARK [1][-]{section.5.26}{\376\377\000A\000c\000c\000o\000u\000n\000t\000\040\0001\0002\0006\000\040\000-\000\040\000\050\000S\000-\000C\000h\000a\000p\000m\000a\000n\000\051}{chapter.5}% 36
\BOOKMARK [1][-]{section.5.27}{\376\377\000A\000c\000c\000o\000u\000n\000t\000\040\0001\0002\0007\000\040\000-\000\040\000\050\000L\000-\000W\000a\000l\000l\000a\000c\000e\000\051}{chapter.5}% 37
\BOOKMARK [1][-]{section.5.28}{\376\377\000A\000c\000c\000o\000u\000n\000t\000\040\0001\0002\0008\000\040\000-\000\040\000\050\000M\000-\000B\000o\000y\000d\000\051}{chapter.5}% 38
\BOOKMARK [1][-]{section.5.29}{\376\377\000A\000c\000c\000o\000u\000n\000t\000\040\0001\0002\0009\000\040\000-\000\040\000\050\000M\000-\000G\000e\000r\000a\000r\000d\000\051}{chapter.5}% 39
\BOOKMARK [1][-]{section.5.30}{\376\377\000A\000c\000c\000o\000u\000n\000t\000\040\0001\0003\0000\000\040\000-\000\040\000\050\000S\000-\000H\000a\000r\000g\000r\000e\000a\000v\000e\000s\000\051}{chapter.5}% 40
\BOOKMARK [1][-]{section.5.31}{\376\377\000A\000c\000c\000o\000u\000n\000t\000\040\0001\0003\0001\000\040\000-\000\040\000\050\000G\000-\000S\000t\000e\000w\000a\000r\000t\000\051}{chapter.5}% 41
\BOOKMARK [1][-]{section.5.32}{\376\377\000A\000c\000c\000o\000u\000n\000t\000\040\0001\0003\0002\000\040\000-\000\040\000\050\000S\000-\000R\000e\000y\000n\000o\000l\000d\000s\000\051}{chapter.5}% 42
\BOOKMARK [1][-]{section.5.33}{\376\377\000A\000c\000c\000o\000u\000n\000t\000\040\0001\0003\0003\000\040\000-\000\040\000\050\000D\000-\000A\000l\000l\000e\000n\000\051}{chapter.5}% 43
\BOOKMARK [1][-]{section.5.34}{\376\377\000A\000c\000c\000o\000u\000n\000t\000\040\0001\0003\0004\000\040\000-\000\040\000\050\000J\000-\000D\000a\000v\000i\000s\000\051}{chapter.5}% 44
\BOOKMARK [1][-]{section.5.35}{\376\377\000A\000c\000c\000o\000u\000n\000t\000\040\0001\0003\0005\000\040\000-\000\040\000\050\000N\000-\000S\000m\000i\000t\000h\000\051}{chapter.5}% 45
\BOOKMARK [1][-]{section.5.36}{\376\377\000A\000c\000c\000o\000u\000n\000t\000\040\0001\0003\0006\000\040\000-\000\040\000\050\000D\000-\000M\000a\000r\000s\000h\000a\000l\000l\000\051}{chapter.5}% 46
\BOOKMARK [1][-]{section.5.37}{\376\377\000A\000c\000c\000o\000u\000n\000t\000\040\0001\0003\0007\000\040\000-\000\040\000\050\000A\000-\000V\000a\000s\000h\000i\000\051}{chapter.5}% 47
\BOOKMARK [1][-]{section.5.38}{\376\377\000A\000c\000c\000o\000u\000n\000t\000\040\0001\0003\0008\000\040\000-\000\040\000\050\000C\000-\000P\000i\000t\000c\000a\000i\000r\000n\000\051}{chapter.5}% 48
\BOOKMARK [1][-]{section.5.39}{\376\377\000A\000c\000c\000o\000u\000n\000t\000\040\0001\0003\0009\000\040\000-\000\040\000\050\000H\000-\000P\000i\000t\000c\000a\000i\000r\000n\000\051}{chapter.5}% 49
\BOOKMARK [1][-]{section.5.40}{\376\377\000A\000c\000c\000o\000u\000n\000t\000\040\0001\0004\0000\000\040\000-\000\040\000\050\000L\000-\000A\000l\000l\000e\000n\000\051}{chapter.5}% 50
\BOOKMARK [1][-]{section.5.41}{\376\377\000A\000c\000c\000o\000u\000n\000t\000\040\0001\0004\0001\000\040\000-\000\040\000\050\000G\000-\000P\000i\000t\000c\000a\000i\000r\000n\000\051}{chapter.5}% 51
\BOOKMARK [1][-]{section.5.42}{\376\377\000A\000c\000c\000o\000u\000n\000t\000\040\0001\0004\0002\000\040\000-\000\040\000\050\000P\000-\000C\000a\000i\000n\000e\000s\000\051}{chapter.5}% 52
\BOOKMARK [1][-]{section.5.43}{\376\377\000A\000c\000c\000o\000u\000n\000t\000\040\0001\0004\0003\000\040\000-\000\040\000\050\000S\000-\000B\000u\000c\000k\000l\000e\000r\000\051}{chapter.5}% 53
\BOOKMARK [1][-]{section.5.44}{\376\377\000A\000c\000c\000o\000u\000n\000t\000\040\0001\0004\0004\000\040\000-\000\040\000\050\000E\000-\000Y\000o\000u\000n\000g\000\051}{chapter.5}% 54
\BOOKMARK [1][-]{section.5.45}{\376\377\000A\000c\000c\000o\000u\000n\000t\000\040\0001\0004\0005\000\040\000-\000\040\000\050\000J\000-\000O\000-\000S\000u\000l\000l\000i\000v\000a\000n\000\051}{chapter.5}% 55
\BOOKMARK [1][-]{section.5.46}{\376\377\000A\000c\000c\000o\000u\000n\000t\000\040\0001\0004\0006\000\040\000-\000\040\000\050\000Y\000-\000S\000a\000k\000o\000w\000i\000t\000z\000\051}{chapter.5}% 56
\BOOKMARK [1][-]{section.5.47}{\376\377\000A\000c\000c\000o\000u\000n\000t\000\040\0001\0004\0007\000\040\000-\000\040\000\050\000M\000-\000W\000e\000a\000v\000e\000r\000\051}{chapter.5}% 57
\BOOKMARK [1][-]{section.5.48}{\376\377\000A\000c\000c\000o\000u\000n\000t\000\040\0001\0004\0008\000\040\000-\000\040\000\050\000J\000-\000C\000h\000o\000u\000d\000h\000u\000r\000y\000-\000L\000u\000c\000a\000s\000\051}{chapter.5}% 58
\BOOKMARK [1][-]{section.5.49}{\376\377\000A\000c\000c\000o\000u\000n\000t\000\040\0001\0004\0009\000\040\000-\000\040\000\050\000R\000-\000S\000t\000e\000v\000e\000n\000s\000o\000n\000\051}{chapter.5}% 59
\BOOKMARK [1][-]{section.5.50}{\376\377\000A\000c\000c\000o\000u\000n\000t\000\040\0001\0005\0000\000\040\000-\000\040\000\050\000B\000-\000N\000a\000i\000p\000a\000u\000l\000\051}{chapter.5}% 60
\BOOKMARK [1][-]{section.5.51}{\376\377\000A\000c\000c\000o\000u\000n\000t\000\040\0004\0000\0001\000\040\000-\000\040\000S\000e\000r\000i\000e\000s\000-\000A}{chapter.5}% 61
\BOOKMARK [0][-]{chapter.6}{\376\377\000D\000o\000c\000u\000m\000e\000n\000t\000\040\000A\000u\000t\000h\000o\000r\000\050\000s\000\051\000:}{}% 62
\BOOKMARK [1][-]{section.6.1}{\376\377\000W\000a\000v\000e\000\040\000T\000e\000l\000e\000c\000o\000m\000\040\000L\000i\000m\000i\000t\000e\000d}{chapter.6}% 63
