Running Sphinx v3.5.3
making output directory... done
WARNING: logo file '_static/logo.png' does not exist
loading pickled environment... done
building [mo]: targets for 0 po files that are out of date
building [latex]: all documents
updating environment: 0 added, 1 changed, 0 removed
reading sources... [100%] releasenotes

/var/www/html/datro-gh-pages/static/library/hotspotbnb/about-userguide/latest/source/releasenotes.rst:35: WARNING: Problems with "csv-table" directive path:
[Errno 2] No such file or directory: 'source/_static/firmware.csv'.

.. csv-table:: Table 1.0 - archived versions of Hotspotβnβ
   :file: _static/firmware.csv
   :widths: 20, 20, 20, 20, 20
   :header-rows: 1
/var/www/html/datro-gh-pages/static/library/hotspotbnb/about-userguide/latest/source/releasenotes.rst:64: WARNING: Problems with "csv-table" directive path:
[Errno 2] No such file or directory: 'source/_static/issues.csv'.

.. csv-table:: Table 1.1 - Known Issues
   :file: _static/issues.csv
   :widths: 10, 10, 20, 60
   :header-rows: 1
looking for now-outdated files... none found
pickling environment... done
checking consistency... done
processing hotspotbnb_os-about_userguide.tex... index releasenotes preperation gettingstarted installation end-user productmaint afterinstallconfig integration upgrading troubleshooting docsandvideos faq developers networkmaint 
resolving references...
done
writing... done

Sphinx error:
logo file '_static/logo.png' does not exist
make: *** [Makefile:19: latexpdf] Error 1
