\BOOKMARK [0][-]{chapter.1}{\376\377\000R\000e\000l\000e\000a\000s\000e\000\040\000N\000o\000t\000e\000s\000\040\000a\000n\000d\000\040\000N\000o\000t\000i\000c\000e\000s}{}% 1
\BOOKMARK [1][-]{section.1.1}{\376\377\000V\000e\000r\000s\000i\000o\000n\000\040\0000\000.\0000\000.\0001}{chapter.1}% 2
\BOOKMARK [1][-]{section.1.2}{\376\377\000K\000n\000o\000w\000n\000\040\000a\000n\000d\000\040\000C\000o\000r\000r\000e\000c\000t\000e\000d\000\040\000I\000s\000s\000u\000e\000s}{chapter.1}% 3
\BOOKMARK [1][-]{section.1.3}{\376\377\000R\000e\000c\000e\000n\000t\000l\000y\000\040\000U\000p\000d\000a\000t\000e\000d\000\040\000T\000o\000p\000i\000c\000s}{chapter.1}% 4
\BOOKMARK [0][-]{chapter.2}{\376\377\000G\000u\000i\000d\000e\000l\000i\000n\000e\000s\000\040\000\046\000\040\000S\000a\000f\000e\000t\000y}{}% 5
\BOOKMARK [1][-]{section.2.1}{\376\377\000R\000e\000g\000u\000l\000a\000t\000o\000r\000y\000\040\000I\000n\000f\000o\000r\000m\000a\000t\000i\000o\000n}{chapter.2}% 6
\BOOKMARK [1][-]{section.2.2}{\376\377\000S\000a\000f\000e\000t\000y\000\040\000I\000n\000s\000t\000r\000u\000c\000t\000i\000o\000n}{chapter.2}% 7
\BOOKMARK [0][-]{chapter.3}{\376\377\000L\000T\000E\000\040\000H\000o\000t\000s\000p\000o\000t\041\042}{}% 8
\BOOKMARK [1][-]{section.3.1}{\376\377\000W\000a\000v\000e\000\256\000\040\000H\000a\000r\000d\000w\000a\000r\000e}{chapter.3}% 9
\BOOKMARK [1][-]{section.3.2}{\376\377\000W\000a\000v\000e\000\256\000\040\000O\000p\000e\000r\000a\000t\000i\000n\000g\000\040\000S\000y\000s\000t\000e\000m}{chapter.3}% 10
\BOOKMARK [1][-]{section.3.3}{\376\377\000W\000a\000v\000e\000\256\000\040\000E\000n\000h\000a\000c\000e\000m\000e\000n\000t\000\040\000P\000r\000o\000d\000u\000c\000t\000s}{chapter.3}% 11
\BOOKMARK [1][-]{section.3.4}{\376\377\000W\000a\000v\000e\000\256\000\040\000S\000m\000a\000r\000t\000\040\000H\000o\000m\000e\000\040\000H\000o\000t\000s\000p\000o\000t\041\042}{chapter.3}% 12
\BOOKMARK [1][-]{section.3.5}{\376\377\000W\000a\000v\000e\000\256\000\040\000D\000a\000s\000h\000b\000o\000a\000r\000d\041\042}{chapter.3}% 13
\BOOKMARK [1][-]{section.3.6}{\376\377\000G\000e\000t\000t\000i\000n\000g\000\040\000S\000t\000a\000r\000t\000e\000d}{chapter.3}% 14
\BOOKMARK [0][-]{chapter.4}{\376\377\000A\000b\000o\000u\000t\000\040\000T\000h\000i\000s\000\040\000P\000r\000o\000d\000u\000c\000t}{}% 15
\BOOKMARK [1][-]{section.4.1}{\376\377\000P\000a\000c\000k\000a\000g\000e\000\040\000C\000o\000n\000t\000e\000n\000t}{chapter.4}% 16
\BOOKMARK [1][-]{section.4.2}{\376\377\000S\000o\000f\000t\000w\000a\000r\000e\000\040\000E\000d\000i\000t\000i\000o\000n\000\040\000F\000e\000a\000t\000u\000r\000e\000s}{chapter.4}% 17
\BOOKMARK [1][-]{section.4.3}{\376\377\000S\000e\000t\000t\000i\000n\000g\000s\000\040\000\046\000\040\000P\000r\000e\000f\000e\000r\000e\000n\000c\000e\000s}{chapter.4}% 18
\BOOKMARK [1][-]{section.4.4}{\376\377\000G\000e\000n\000e\000r\000a\000l\000\040\000U\000s\000a\000g\000e}{chapter.4}% 19
\BOOKMARK [1][-]{section.4.5}{\376\377\000T\000r\000o\000u\000b\000l\000e\000s\000h\000o\000o\000t\000i\000n\000g}{chapter.4}% 20
\BOOKMARK [0][-]{chapter.5}{\376\377\000S\000e\000r\000v\000i\000c\000e\000\040\000a\000n\000d\000\040\000S\000u\000p\000p\000o\000r\000t}{}% 21
\BOOKMARK [1][-]{section.5.1}{\376\377\000A\000c\000c\000e\000s\000s\000i\000n\000g\000\040\000O\000n\000l\000i\000n\000e\000\040\000S\000u\000p\000p\000o\000r\000t}{chapter.5}% 22
\BOOKMARK [1][-]{section.5.2}{\376\377\000C\000o\000n\000t\000a\000c\000t\000i\000n\000g\000\040\000W\000a\000v\000e\000\256\000\040\000T\000e\000c\000h\000n\000i\000c\000a\000l\000\040\000S\000u\000p\000p\000o\000r\000t}{chapter.5}% 23
\BOOKMARK [0][-]{chapter.6}{\376\377\000L\000e\000g\000a\000l\000\040\000C\000o\000m\000p\000l\000i\000a\000n\000c\000e\000\040\000\046\000\040\000W\000a\000r\000r\000a\000n\000t\000y}{}% 24
\BOOKMARK [1][-]{section.6.1}{\376\377\000R\000e\000g\000u\000l\000a\000t\000o\000r\000y\000\040\000C\000o\000m\000p\000l\000i\000a\000n\000c\000e}{chapter.6}% 25
\BOOKMARK [1][-]{section.6.2}{\376\377\000C\000E\000\040\000C\000o\000m\000p\000l\000i\000a\000n\000c\000e\000\040\000F\000o\000r\000\040\000E\000u\000r\000o\000p\000e}{chapter.6}% 26
\BOOKMARK [1][-]{section.6.3}{\376\377\000G\000N\000U\000\040\000G\000e\000n\000e\000r\000a\000l\000\040\000P\000u\000b\000l\000i\000c\000\040\000L\000i\000c\000e\000n\000c\000e\000\040\000\050\040\034\000G\000P\000L\040\035\000\051}{chapter.6}% 27
\BOOKMARK [1][-]{section.6.4}{\376\377\000M\000o\000z\000i\000l\000l\000a\000\040\000P\000u\000b\000l\000i\000c\000\040\000L\000i\000c\000e\000n\000s\000e\000\040\000v\000e\000r\000s\000i\000o\000n\000\040\0002\000.\0000}{chapter.6}% 28
\BOOKMARK [1][-]{section.6.5}{\376\377\000W\000a\000r\000r\000a\000n\000t\000y\000\040\000I\000n\000f\000o\000r\000m\000a\000t\000i\000o\000n}{chapter.6}% 29
\BOOKMARK [0][-]{chapter.7}{\376\377\000D\000o\000c\000u\000m\000e\000n\000t\000\040\000A\000u\000t\000h\000o\000r\000\050\000s\000\051\000:}{}% 30
\BOOKMARK [1][-]{section.7.1}{\376\377\000M\000a\000k\000e\000\040\000i\000t\000\040\000W\000a\000v\000e\000\040\000L\000t\000d}{chapter.7}% 31
