Running Sphinx v1.7.9
making output directory...
loading pickled environment... done
building [mo]: targets for 0 po files that are out of date
building [latex]: all documents
updating environment: 0 added, 1 changed, 0 removed
reading sources... [100%] 8-agreed

/var/www/html/gh-docs.hotspotbnb.com/docs/management/company-records-agreements-contractual-google-patents/latest/source/8-agreed.rst:: WARNING: image file not readable: images/Sions-sig.png
looking for now-outdated files... none found
pickling environment... done
checking consistency... done
processing index.tex...index releasenotes 1-definitions 2-delivery 3-transfer 4-reversionary 5-additionalobligations 6-representations 7-miscellaneous 8-agreed patent-annex 
resolving references...
writing... done
copying images... [100%] images/kirks-sig.png

copying TeX support files...
done
build succeeded, 1 warnings.

The LaTeX files are in build/latex.
Run 'make' in that directory to run these through (pdf)latex
(use `make latexpdf' here to do that automatically).
make[1]: Entering directory '/var/www/html/gh-docs.hotspotbnb.com/docs/management/company-records-agreements-contractual-google-patents/latest/build/latex'
latexmk -pdf -dvi- -ps-  'index.tex'
make[1]: latexmk: Command not found
Makefile:33: recipe for target 'index.pdf' failed
make[1]: *** [index.pdf] Error 127
make[1]: Leaving directory '/var/www/html/gh-docs.hotspotbnb.com/docs/management/company-records-agreements-contractual-google-patents/latest/build/latex'
Makefile:19: recipe for target 'latexpdf' failed
make: *** [latexpdf] Error 2
