Running Sphinx v3.5.3
making output directory... done
loading pickled environment... done
building [mo]: targets for 0 po files that are out of date
building [latex]: all documents
updating environment: 0 added, 0 changed, 0 removed
looking for now-outdated files... none found
processing consortium_campus-casestudy_campus2.tex... index releasenotes background planvperformance issuesrisks forwardplan 
resolving references...
done
writing... done
copying images... [  7%] _static/land_1_756x150.png
copying images... [ 15%] _static/campusone_756x150.png
copying images... [ 23%] _static/pacheco_200x150.png
copying images... [ 30%] _static/buckler_200x150.png
copying images... [ 38%] _static/staffphoto_756_150.jpg
copying images... [ 46%] _static/armani_ddwrt_756_150.png
copying images... [ 53%] _static/otherassets_756x150.png
copying images... [ 61%] _static/office_756x150.png
copying images... [ 69%] _static/outdooroffice_756x150.png
copying images... [ 76%] _static/outdooroffice2_756x150.png
copying images... [ 84%] _static/rafishouseandwife_756x150.png
copying images... [ 92%] _static/burnt_1_756x150.png
copying images... [100%] _static/2014-05-04_vor_incident_1_800x150.png

copying TeX support files... copying TeX support files...
done
build succeeded.

The LaTeX files are in build/latex.
Run 'make' in that directory to run these through (pdf)latex
(use `make latexpdf' here to do that automatically).
Rc files read:
  /etc/LatexMk
  latexmkrc
Latexmk: This is Latexmk, John Collins, 17 Apr. 2020, version: 4.69a.
Rule 'pdflatex': The following rules & subrules became out-of-date:
      'pdflatex'
------------
Run number 1 of rule 'pdflatex'
------------
------------
Running 'pdflatex   -recorder  "consortium_campus-casestudy_campus2.tex"'
------------
Latexmk: applying rule 'pdflatex'...
This is pdfTeX, Version 3.14159265-2.6-1.40.21 (TeX Live 2020/Debian) (preloaded format=pdflatex)
 restricted \write18 enabled.
entering extended mode
(./consortium_campus-casestudy_campus2.tex
LaTeX2e <2020-02-02> patch level 5
L3 programming layer <2020-07-17> (./sphinxmanual.cls
Document Class: sphinxmanual 2019/12/01 v2.3.0 Document class (Sphinx manual)
(/usr/share/texlive/texmf-dist/tex/latex/base/report.cls
Document Class: report 2019/12/20 v1.4l Standard LaTeX document class
(/usr/share/texlive/texmf-dist/tex/latex/base/size10.clo)))
(/usr/share/texlive/texmf-dist/tex/latex/base/inputenc.sty)
(/usr/share/texlive/texmf-dist/tex/latex/cmap/cmap.sty)
(/usr/share/texlive/texmf-dist/tex/latex/base/fontenc.sty<<t1.cmap>>)
(/usr/share/texlive/texmf-dist/tex/latex/amsmath/amsmath.sty
For additional information on amsmath, use the `?' option.
(/usr/share/texlive/texmf-dist/tex/latex/amsmath/amstext.sty
(/usr/share/texlive/texmf-dist/tex/latex/amsmath/amsgen.sty))
(/usr/share/texlive/texmf-dist/tex/latex/amsmath/amsbsy.sty)
(/usr/share/texlive/texmf-dist/tex/latex/amsmath/amsopn.sty))
(/usr/share/texlive/texmf-dist/tex/latex/amsfonts/amssymb.sty
(/usr/share/texlive/texmf-dist/tex/latex/amsfonts/amsfonts.sty))
(/usr/share/texlive/texmf-dist/tex/generic/babel/babel.sty
(/usr/share/texlive/texmf-dist/tex/generic/babel/babel.def
(/usr/share/texlive/texmf-dist/tex/generic/babel/txtbabel.def))
(/usr/share/texlive/texmf-dist/tex/generic/babel-english/english.ldf))
(/usr/share/texlive/texmf-dist/tex/latex/psnfss/times.sty)
(/usr/share/texlive/texmf-dist/tex/latex/fncychap/fncychap.sty) (./sphinx.sty
(/usr/share/texlive/texmf-dist/tex/generic/ltxcmds/ltxcmds.sty)
(/usr/share/texlive/texmf-dist/tex/latex/graphics/graphicx.sty
(/usr/share/texlive/texmf-dist/tex/latex/graphics/keyval.sty)
(/usr/share/texlive/texmf-dist/tex/latex/graphics/graphics.sty
(/usr/share/texlive/texmf-dist/tex/latex/graphics/trig.sty)
(/usr/share/texlive/texmf-dist/tex/latex/graphics-cfg/graphics.cfg)
(/usr/share/texlive/texmf-dist/tex/latex/graphics-def/pdftex.def)))
(/usr/share/texlive/texmf-dist/tex/latex/fancyhdr/fancyhdr.sty)
(/usr/share/texlive/texmf-dist/tex/latex/base/textcomp.sty)
(/usr/share/texlive/texmf-dist/tex/latex/titlesec/titlesec.sty)
(/usr/share/texlive/texmf-dist/tex/latex/tabulary/tabulary.sty
(/usr/share/texlive/texmf-dist/tex/latex/tools/array.sty))
(/usr/share/texlive/texmf-dist/tex/latex/tools/longtable.sty)
(/usr/share/texlive/texmf-dist/tex/latex/varwidth/varwidth.sty)
(./sphinxmulticell.sty)
(/usr/share/texlive/texmf-dist/tex/latex/base/makeidx.sty)
(/usr/share/texlive/texmf-dist/tex/latex/framed/framed.sty)
(/usr/share/texlive/texmf-dist/tex/latex/xcolor/xcolor.sty
(/usr/share/texlive/texmf-dist/tex/latex/graphics-cfg/color.cfg))
(/usr/share/texlive/texmf-dist/tex/latex/fancyvrb/fancyvrb.sty)
(./footnotehyper-sphinx.sty)
(/usr/share/texlive/texmf-dist/tex/latex/float/float.sty)
(/usr/share/texlive/texmf-dist/tex/latex/wrapfig/wrapfig.sty)
(/usr/share/texlive/texmf-dist/tex/latex/parskip/parskip.sty
(/usr/share/texlive/texmf-dist/tex/latex/parskip/parskip-2001-04-09.sty))
(/usr/share/texlive/texmf-dist/tex/latex/base/alltt.sty)
(/usr/share/texlive/texmf-dist/tex/latex/upquote/upquote.sty)
(/usr/share/texlive/texmf-dist/tex/latex/capt-of/capt-of.sty)
(/usr/share/texlive/texmf-dist/tex/latex/needspace/needspace.sty)
(/usr/share/texlive/texmf-dist/tex/latex/tools/multicol.sty)
(./sphinxhighlight.sty)
(/usr/share/texlive/texmf-dist/tex/latex/kvoptions/kvoptions.sty
(/usr/share/texlive/texmf-dist/tex/generic/kvsetkeys/kvsetkeys.sty)))
(/usr/share/texlive/texmf-dist/tex/latex/geometry/geometry.sty
(/usr/share/texlive/texmf-dist/tex/generic/iftex/ifvtex.sty
(/usr/share/texlive/texmf-dist/tex/generic/iftex/iftex.sty)))
(/usr/share/texlive/texmf-dist/tex/latex/hyperref/hyperref.sty
(/usr/share/texlive/texmf-dist/tex/generic/pdftexcmds/pdftexcmds.sty
(/usr/share/texlive/texmf-dist/tex/generic/infwarerr/infwarerr.sty))
(/usr/share/texlive/texmf-dist/tex/generic/kvdefinekeys/kvdefinekeys.sty)
(/usr/share/texlive/texmf-dist/tex/generic/pdfescape/pdfescape.sty)
(/usr/share/texlive/texmf-dist/tex/latex/hycolor/hycolor.sty)
(/usr/share/texlive/texmf-dist/tex/latex/letltxmacro/letltxmacro.sty)
(/usr/share/texlive/texmf-dist/tex/latex/auxhook/auxhook.sty)
(/usr/share/texlive/texmf-dist/tex/latex/hyperref/pd1enc.def)
(/usr/share/texlive/texmf-dist/tex/generic/intcalc/intcalc.sty)
(/usr/share/texlive/texmf-dist/tex/generic/etexcmds/etexcmds.sty)
(/usr/share/texlive/texmf-dist/tex/latex/hyperref/puenc.def)
(/usr/share/texlive/texmf-dist/tex/latex/url/url.sty)
(/usr/share/texlive/texmf-dist/tex/generic/bitset/bitset.sty
(/usr/share/texlive/texmf-dist/tex/generic/bigintcalc/bigintcalc.sty))
(/usr/share/texlive/texmf-dist/tex/generic/atbegshi/atbegshi.sty))
(/usr/share/texlive/texmf-dist/tex/latex/hyperref/hpdftex.def
(/usr/share/texlive/texmf-dist/tex/latex/atveryend/atveryend.sty)
(/usr/share/texlive/texmf-dist/tex/latex/rerunfilecheck/rerunfilecheck.sty
(/usr/share/texlive/texmf-dist/tex/generic/uniquecounter/uniquecounter.sty)))
(/usr/share/texlive/texmf-dist/tex/latex/oberdiek/hypcap.sty)
(./sphinxmessages.sty)
Writing index file consortium_campus-casestudy_campus2.idx
(/usr/share/texlive/texmf-dist/tex/latex/l3backend/l3backend-pdfmode.def)
(./consortium_campus-casestudy_campus2.aux)
(/usr/share/texlive/texmf-dist/tex/latex/psnfss/t1ptm.fd)
(/usr/share/texlive/texmf-dist/tex/context/base/mkii/supp-pdf.mkii
[Loading MPS to PDF converter (version 2006.09.02).]
) (/usr/share/texlive/texmf-dist/tex/latex/epstopdf-pkg/epstopdf-base.sty
(/usr/share/texlive/texmf-dist/tex/latex/latexconfig/epstopdf-sys.cfg))
*geometry* driver: auto-detecting
*geometry* detected driver: pdftex
(/usr/share/texlive/texmf-dist/tex/latex/hyperref/nameref.sty
(/usr/share/texlive/texmf-dist/tex/latex/refcount/refcount.sty)
(/usr/share/texlive/texmf-dist/tex/generic/gettitlestring/gettitlestring.sty))
(/usr/share/texlive/texmf-dist/tex/latex/psnfss/t1pcr.fd)
(/usr/share/texlive/texmf-dist/tex/latex/psnfss/t1phv.fd)
(/usr/share/texlive/texmf-dist/tex/latex/psnfss/ts1phv.fd)<<ot1.cmap>><<oml.cma
p>><<oms.cmap>><<omx.cmap>>
(/usr/share/texlive/texmf-dist/tex/latex/amsfonts/umsa.fd)
(/usr/share/texlive/texmf-dist/tex/latex/amsfonts/umsb.fd) [1{/var/lib/texmf/fo
nts/map/pdftex/updmap/pdftex.map} <./logo.jpg>] [1] [1]
Chapter 1.
(/usr/share/texlive/texmf-dist/tex/latex/psnfss/ts1ptm.fd)

Package textcomp Warning: Symbol \textasciigrave not provided by
(textcomp)                font family ptm in TS1 encoding.
(textcomp)                Default family used instead on input line 128.


Underfull \hbox (badness 10000) in paragraph at lines 200--202
[]|\T1/phv/b/n/10 Ver-
[2]
Chapter 2.
[3 <./land_1_756x150.png> <./campusone_756x150.png>] [4]
Chapter 3.
[5 <./pacheco_200x150.png> <./buckler_200x150.png>] [6] [7] [8 <./staffphoto_75
6_150.jpg> <./armani_ddwrt_756_150.png>] [9 <./otherassets_756x150.png>]
[10 <./office_756x150.png> <./outdooroffice_756x150.png> <./outdooroffice2_756x
150.png>] [11 <./rafishouseandwife_756x150.png>]
Chapter 4.
[12] [13] [14] [15 <./burnt_1_756x150.png> <./2014-05-04_vor_incident_1_800x150
.png>]
Chapter 5.
[16] [17]
Chapter 6.
No file consortium_campus-casestudy_campus2.ind.
[18] (./consortium_campus-casestudy_campus2.aux)

Package rerunfilecheck Warning: File `consortium_campus-casestudy_campus2.out' 
has changed.
(rerunfilecheck)                Rerun to get outlines right
(rerunfilecheck)                or use package `bookmark'.


LaTeX Warning: Label(s) may have changed. Rerun to get cross-references right.

 )
(see the transcript file for additional information){/usr/share/texlive/texmf-d
ist/fonts/enc/dvips/base/8r.enc} </root/.texlive2020/texmf-var/fonts/pk/ljfour/
jknappen/ec/tcrm1000.600pk></usr/share/texlive/texmf-dist/fonts/type1/urw/helve
tic/uhvb8a.pfb></usr/share/texlive/texmf-dist/fonts/type1/urw/helvetic/uhvbo8a.
pfb></usr/share/texlive/texmf-dist/fonts/type1/urw/helvetic/uhvr8a.pfb></usr/sh
are/texlive/texmf-dist/fonts/type1/urw/times/utmb8a.pfb></usr/share/texlive/tex
mf-dist/fonts/type1/urw/times/utmr8a.pfb></usr/share/texlive/texmf-dist/fonts/t
ype1/urw/times/utmri8a.pfb>
Output written on consortium_campus-casestudy_campus2.pdf (20 pages, 2918215 by
tes).
Transcript written on consortium_campus-casestudy_campus2.log.
Latexmk: Index file 'consortium_campus-casestudy_campus2.idx' was written
Latexmk: Missing input file: 'consortium_campus-casestudy_campus2.ind' from line
  'No file consortium_campus-casestudy_campus2.ind.'
Latexmk: References changed.
Latexmk: References changed.
Latexmk: Log file says output to 'consortium_campus-casestudy_campus2.pdf'
Latexmk: Log file says output to 'consortium_campus-casestudy_campus2.pdf'
Rule 'makeindex consortium_campus-casestudy_campus2.idx': File changes, etc:
   Changed files, or newly in use since previous run(s):
      'consortium_campus-casestudy_campus2.idx'
------------
Run number 1 of rule 'makeindex consortium_campus-casestudy_campus2.idx'
------------
------------
Running 'makeindex -s python.ist  -o "consortium_campus-casestudy_campus2.ind" "consortium_campus-casestudy_campus2.idx"'
------------
=== TeX engine is 'pdfTeX'
Latexmk: applying rule 'makeindex consortium_campus-casestudy_campus2.idx'...
This is makeindex, version 2.15 [TeX Live 2020] (kpathsea + Thai support).
Scanning style file ./python.ist.......done (7 attributes redefined, 0 ignored).
Scanning input file consortium_campus-casestudy_campus2.idx...done (0 entries accepted, 0 rejected).
Nothing written in consortium_campus-casestudy_campus2.ind.
Transcript written in consortium_campus-casestudy_campus2.ilg.
Rule 'pdflatex': File changes, etc:
   Changed files, or newly in use since previous run(s):
      'consortium_campus-casestudy_campus2.aux'
      'consortium_campus-casestudy_campus2.ind'
      'consortium_campus-casestudy_campus2.out'
------------
Run number 2 of rule 'pdflatex'
------------
------------
Running 'pdflatex   -recorder  "consortium_campus-casestudy_campus2.tex"'
------------
Latexmk: applying rule 'pdflatex'...
This is pdfTeX, Version 3.14159265-2.6-1.40.21 (TeX Live 2020/Debian) (preloaded format=pdflatex)
 restricted \write18 enabled.
entering extended mode
(./consortium_campus-casestudy_campus2.tex
LaTeX2e <2020-02-02> patch level 5
L3 programming layer <2020-07-17> (./sphinxmanual.cls
Document Class: sphinxmanual 2019/12/01 v2.3.0 Document class (Sphinx manual)
(/usr/share/texlive/texmf-dist/tex/latex/base/report.cls
Document Class: report 2019/12/20 v1.4l Standard LaTeX document class
(/usr/share/texlive/texmf-dist/tex/latex/base/size10.clo)))
(/usr/share/texlive/texmf-dist/tex/latex/base/inputenc.sty)
(/usr/share/texlive/texmf-dist/tex/latex/cmap/cmap.sty)
(/usr/share/texlive/texmf-dist/tex/latex/base/fontenc.sty<<t1.cmap>>)
(/usr/share/texlive/texmf-dist/tex/latex/amsmath/amsmath.sty
For additional information on amsmath, use the `?' option.
(/usr/share/texlive/texmf-dist/tex/latex/amsmath/amstext.sty
(/usr/share/texlive/texmf-dist/tex/latex/amsmath/amsgen.sty))
(/usr/share/texlive/texmf-dist/tex/latex/amsmath/amsbsy.sty)
(/usr/share/texlive/texmf-dist/tex/latex/amsmath/amsopn.sty))
(/usr/share/texlive/texmf-dist/tex/latex/amsfonts/amssymb.sty
(/usr/share/texlive/texmf-dist/tex/latex/amsfonts/amsfonts.sty))
(/usr/share/texlive/texmf-dist/tex/generic/babel/babel.sty
(/usr/share/texlive/texmf-dist/tex/generic/babel/babel.def
(/usr/share/texlive/texmf-dist/tex/generic/babel/txtbabel.def))
(/usr/share/texlive/texmf-dist/tex/generic/babel-english/english.ldf))
(/usr/share/texlive/texmf-dist/tex/latex/psnfss/times.sty)
(/usr/share/texlive/texmf-dist/tex/latex/fncychap/fncychap.sty) (./sphinx.sty
(/usr/share/texlive/texmf-dist/tex/generic/ltxcmds/ltxcmds.sty)
(/usr/share/texlive/texmf-dist/tex/latex/graphics/graphicx.sty
(/usr/share/texlive/texmf-dist/tex/latex/graphics/keyval.sty)
(/usr/share/texlive/texmf-dist/tex/latex/graphics/graphics.sty
(/usr/share/texlive/texmf-dist/tex/latex/graphics/trig.sty)
(/usr/share/texlive/texmf-dist/tex/latex/graphics-cfg/graphics.cfg)
(/usr/share/texlive/texmf-dist/tex/latex/graphics-def/pdftex.def)))
(/usr/share/texlive/texmf-dist/tex/latex/fancyhdr/fancyhdr.sty)
(/usr/share/texlive/texmf-dist/tex/latex/base/textcomp.sty)
(/usr/share/texlive/texmf-dist/tex/latex/titlesec/titlesec.sty)
(/usr/share/texlive/texmf-dist/tex/latex/tabulary/tabulary.sty
(/usr/share/texlive/texmf-dist/tex/latex/tools/array.sty))
(/usr/share/texlive/texmf-dist/tex/latex/tools/longtable.sty)
(/usr/share/texlive/texmf-dist/tex/latex/varwidth/varwidth.sty)
(./sphinxmulticell.sty)
(/usr/share/texlive/texmf-dist/tex/latex/base/makeidx.sty)
(/usr/share/texlive/texmf-dist/tex/latex/framed/framed.sty)
(/usr/share/texlive/texmf-dist/tex/latex/xcolor/xcolor.sty
(/usr/share/texlive/texmf-dist/tex/latex/graphics-cfg/color.cfg))
(/usr/share/texlive/texmf-dist/tex/latex/fancyvrb/fancyvrb.sty)
(./footnotehyper-sphinx.sty)
(/usr/share/texlive/texmf-dist/tex/latex/float/float.sty)
(/usr/share/texlive/texmf-dist/tex/latex/wrapfig/wrapfig.sty)
(/usr/share/texlive/texmf-dist/tex/latex/parskip/parskip.sty
(/usr/share/texlive/texmf-dist/tex/latex/parskip/parskip-2001-04-09.sty))
(/usr/share/texlive/texmf-dist/tex/latex/base/alltt.sty)
(/usr/share/texlive/texmf-dist/tex/latex/upquote/upquote.sty)
(/usr/share/texlive/texmf-dist/tex/latex/capt-of/capt-of.sty)
(/usr/share/texlive/texmf-dist/tex/latex/needspace/needspace.sty)
(/usr/share/texlive/texmf-dist/tex/latex/tools/multicol.sty)
(./sphinxhighlight.sty)
(/usr/share/texlive/texmf-dist/tex/latex/kvoptions/kvoptions.sty
(/usr/share/texlive/texmf-dist/tex/generic/kvsetkeys/kvsetkeys.sty)))
(/usr/share/texlive/texmf-dist/tex/latex/geometry/geometry.sty
(/usr/share/texlive/texmf-dist/tex/generic/iftex/ifvtex.sty
(/usr/share/texlive/texmf-dist/tex/generic/iftex/iftex.sty)))
(/usr/share/texlive/texmf-dist/tex/latex/hyperref/hyperref.sty
(/usr/share/texlive/texmf-dist/tex/generic/pdftexcmds/pdftexcmds.sty
(/usr/share/texlive/texmf-dist/tex/generic/infwarerr/infwarerr.sty))
(/usr/share/texlive/texmf-dist/tex/generic/kvdefinekeys/kvdefinekeys.sty)
(/usr/share/texlive/texmf-dist/tex/generic/pdfescape/pdfescape.sty)
(/usr/share/texlive/texmf-dist/tex/latex/hycolor/hycolor.sty)
(/usr/share/texlive/texmf-dist/tex/latex/letltxmacro/letltxmacro.sty)
(/usr/share/texlive/texmf-dist/tex/latex/auxhook/auxhook.sty)
(/usr/share/texlive/texmf-dist/tex/latex/hyperref/pd1enc.def)
(/usr/share/texlive/texmf-dist/tex/generic/intcalc/intcalc.sty)
(/usr/share/texlive/texmf-dist/tex/generic/etexcmds/etexcmds.sty)
(/usr/share/texlive/texmf-dist/tex/latex/hyperref/puenc.def)
(/usr/share/texlive/texmf-dist/tex/latex/url/url.sty)
(/usr/share/texlive/texmf-dist/tex/generic/bitset/bitset.sty
(/usr/share/texlive/texmf-dist/tex/generic/bigintcalc/bigintcalc.sty))
(/usr/share/texlive/texmf-dist/tex/generic/atbegshi/atbegshi.sty))
(/usr/share/texlive/texmf-dist/tex/latex/hyperref/hpdftex.def
(/usr/share/texlive/texmf-dist/tex/latex/atveryend/atveryend.sty)
(/usr/share/texlive/texmf-dist/tex/latex/rerunfilecheck/rerunfilecheck.sty
(/usr/share/texlive/texmf-dist/tex/generic/uniquecounter/uniquecounter.sty)))
(/usr/share/texlive/texmf-dist/tex/latex/oberdiek/hypcap.sty)
(./sphinxmessages.sty)
Writing index file consortium_campus-casestudy_campus2.idx
(/usr/share/texlive/texmf-dist/tex/latex/l3backend/l3backend-pdfmode.def)
(./consortium_campus-casestudy_campus2.aux)
(/usr/share/texlive/texmf-dist/tex/latex/psnfss/t1ptm.fd)
(/usr/share/texlive/texmf-dist/tex/context/base/mkii/supp-pdf.mkii
[Loading MPS to PDF converter (version 2006.09.02).]
) (/usr/share/texlive/texmf-dist/tex/latex/epstopdf-pkg/epstopdf-base.sty
(/usr/share/texlive/texmf-dist/tex/latex/latexconfig/epstopdf-sys.cfg))
*geometry* driver: auto-detecting
*geometry* detected driver: pdftex
(/usr/share/texlive/texmf-dist/tex/latex/hyperref/nameref.sty
(/usr/share/texlive/texmf-dist/tex/latex/refcount/refcount.sty)
(/usr/share/texlive/texmf-dist/tex/generic/gettitlestring/gettitlestring.sty))
(./consortium_campus-casestudy_campus2.out)
(./consortium_campus-casestudy_campus2.out)
(/usr/share/texlive/texmf-dist/tex/latex/psnfss/t1pcr.fd)
(/usr/share/texlive/texmf-dist/tex/latex/psnfss/t1phv.fd)
(/usr/share/texlive/texmf-dist/tex/latex/psnfss/ts1phv.fd)<<ot1.cmap>><<oml.cma
p>><<oms.cmap>><<omx.cmap>>
(/usr/share/texlive/texmf-dist/tex/latex/amsfonts/umsa.fd)
(/usr/share/texlive/texmf-dist/tex/latex/amsfonts/umsb.fd) [1{/var/lib/texmf/fo
nts/map/pdftex/updmap/pdftex.map} <./logo.jpg>]
(./consortium_campus-casestudy_campus2.toc [1]) [2] [1]
Chapter 1.
(/usr/share/texlive/texmf-dist/tex/latex/psnfss/ts1ptm.fd)

Package textcomp Warning: Symbol \textasciigrave not provided by
(textcomp)                font family ptm in TS1 encoding.
(textcomp)                Default family used instead on input line 128.


Underfull \hbox (badness 10000) in paragraph at lines 200--202
[]|\T1/phv/b/n/10 Ver-
[2]
Chapter 2.
[3 <./land_1_756x150.png> <./campusone_756x150.png>] [4]
Chapter 3.
[5 <./pacheco_200x150.png> <./buckler_200x150.png>] [6] [7] [8 <./staffphoto_75
6_150.jpg> <./armani_ddwrt_756_150.png>] [9 <./otherassets_756x150.png>]
[10 <./office_756x150.png> <./outdooroffice_756x150.png> <./outdooroffice2_756x
150.png>] [11 <./rafishouseandwife_756x150.png>]
Chapter 4.
[12] [13] [14] [15 <./burnt_1_756x150.png> <./2014-05-04_vor_incident_1_800x150
.png>]
Chapter 5.
[16] [17]
Chapter 6.
(./consortium_campus-casestudy_campus2.ind) [18]
(./consortium_campus-casestudy_campus2.aux) )
(see the transcript file for additional information){/usr/share/texlive/texmf-d
ist/fonts/enc/dvips/base/8r.enc} </root/.texlive2020/texmf-var/fonts/pk/ljfour/
jknappen/ec/tcrm1000.600pk></usr/share/texlive/texmf-dist/fonts/type1/urw/helve
tic/uhvb8a.pfb></usr/share/texlive/texmf-dist/fonts/type1/urw/helvetic/uhvbo8a.
pfb></usr/share/texlive/texmf-dist/fonts/type1/urw/helvetic/uhvr8a.pfb></usr/sh
are/texlive/texmf-dist/fonts/type1/urw/times/utmb8a.pfb></usr/share/texlive/tex
mf-dist/fonts/type1/urw/times/utmr8a.pfb></usr/share/texlive/texmf-dist/fonts/t
ype1/urw/times/utmri8a.pfb>
Output written on consortium_campus-casestudy_campus2.pdf (21 pages, 2926857 by
tes).
Transcript written on consortium_campus-casestudy_campus2.log.
Latexmk: Index file 'consortium_campus-casestudy_campus2.idx' was written
Latexmk: Log file says output to 'consortium_campus-casestudy_campus2.pdf'
Latexmk: Log file says output to 'consortium_campus-casestudy_campus2.pdf'
Rule 'pdflatex': File changes, etc:
   Changed files, or newly in use since previous run(s):
      'consortium_campus-casestudy_campus2.toc'
------------
Run number 3 of rule 'pdflatex'
------------
------------
Running 'pdflatex   -recorder  "consortium_campus-casestudy_campus2.tex"'
------------
=== TeX engine is 'pdfTeX'
Latexmk: applying rule 'pdflatex'...
This is pdfTeX, Version 3.14159265-2.6-1.40.21 (TeX Live 2020/Debian) (preloaded format=pdflatex)
 restricted \write18 enabled.
entering extended mode
(./consortium_campus-casestudy_campus2.tex
LaTeX2e <2020-02-02> patch level 5
L3 programming layer <2020-07-17> (./sphinxmanual.cls
Document Class: sphinxmanual 2019/12/01 v2.3.0 Document class (Sphinx manual)
(/usr/share/texlive/texmf-dist/tex/latex/base/report.cls
Document Class: report 2019/12/20 v1.4l Standard LaTeX document class
(/usr/share/texlive/texmf-dist/tex/latex/base/size10.clo)))
(/usr/share/texlive/texmf-dist/tex/latex/base/inputenc.sty)
(/usr/share/texlive/texmf-dist/tex/latex/cmap/cmap.sty)
(/usr/share/texlive/texmf-dist/tex/latex/base/fontenc.sty<<t1.cmap>>)
(/usr/share/texlive/texmf-dist/tex/latex/amsmath/amsmath.sty
For additional information on amsmath, use the `?' option.
(/usr/share/texlive/texmf-dist/tex/latex/amsmath/amstext.sty
(/usr/share/texlive/texmf-dist/tex/latex/amsmath/amsgen.sty))
(/usr/share/texlive/texmf-dist/tex/latex/amsmath/amsbsy.sty)
(/usr/share/texlive/texmf-dist/tex/latex/amsmath/amsopn.sty))
(/usr/share/texlive/texmf-dist/tex/latex/amsfonts/amssymb.sty
(/usr/share/texlive/texmf-dist/tex/latex/amsfonts/amsfonts.sty))
(/usr/share/texlive/texmf-dist/tex/generic/babel/babel.sty
(/usr/share/texlive/texmf-dist/tex/generic/babel/babel.def
(/usr/share/texlive/texmf-dist/tex/generic/babel/txtbabel.def))
(/usr/share/texlive/texmf-dist/tex/generic/babel-english/english.ldf))
(/usr/share/texlive/texmf-dist/tex/latex/psnfss/times.sty)
(/usr/share/texlive/texmf-dist/tex/latex/fncychap/fncychap.sty) (./sphinx.sty
(/usr/share/texlive/texmf-dist/tex/generic/ltxcmds/ltxcmds.sty)
(/usr/share/texlive/texmf-dist/tex/latex/graphics/graphicx.sty
(/usr/share/texlive/texmf-dist/tex/latex/graphics/keyval.sty)
(/usr/share/texlive/texmf-dist/tex/latex/graphics/graphics.sty
(/usr/share/texlive/texmf-dist/tex/latex/graphics/trig.sty)
(/usr/share/texlive/texmf-dist/tex/latex/graphics-cfg/graphics.cfg)
(/usr/share/texlive/texmf-dist/tex/latex/graphics-def/pdftex.def)))
(/usr/share/texlive/texmf-dist/tex/latex/fancyhdr/fancyhdr.sty)
(/usr/share/texlive/texmf-dist/tex/latex/base/textcomp.sty)
(/usr/share/texlive/texmf-dist/tex/latex/titlesec/titlesec.sty)
(/usr/share/texlive/texmf-dist/tex/latex/tabulary/tabulary.sty
(/usr/share/texlive/texmf-dist/tex/latex/tools/array.sty))
(/usr/share/texlive/texmf-dist/tex/latex/tools/longtable.sty)
(/usr/share/texlive/texmf-dist/tex/latex/varwidth/varwidth.sty)
(./sphinxmulticell.sty)
(/usr/share/texlive/texmf-dist/tex/latex/base/makeidx.sty)
(/usr/share/texlive/texmf-dist/tex/latex/framed/framed.sty)
(/usr/share/texlive/texmf-dist/tex/latex/xcolor/xcolor.sty
(/usr/share/texlive/texmf-dist/tex/latex/graphics-cfg/color.cfg))
(/usr/share/texlive/texmf-dist/tex/latex/fancyvrb/fancyvrb.sty)
(./footnotehyper-sphinx.sty)
(/usr/share/texlive/texmf-dist/tex/latex/float/float.sty)
(/usr/share/texlive/texmf-dist/tex/latex/wrapfig/wrapfig.sty)
(/usr/share/texlive/texmf-dist/tex/latex/parskip/parskip.sty
(/usr/share/texlive/texmf-dist/tex/latex/parskip/parskip-2001-04-09.sty))
(/usr/share/texlive/texmf-dist/tex/latex/base/alltt.sty)
(/usr/share/texlive/texmf-dist/tex/latex/upquote/upquote.sty)
(/usr/share/texlive/texmf-dist/tex/latex/capt-of/capt-of.sty)
(/usr/share/texlive/texmf-dist/tex/latex/needspace/needspace.sty)
(/usr/share/texlive/texmf-dist/tex/latex/tools/multicol.sty)
(./sphinxhighlight.sty)
(/usr/share/texlive/texmf-dist/tex/latex/kvoptions/kvoptions.sty
(/usr/share/texlive/texmf-dist/tex/generic/kvsetkeys/kvsetkeys.sty)))
(/usr/share/texlive/texmf-dist/tex/latex/geometry/geometry.sty
(/usr/share/texlive/texmf-dist/tex/generic/iftex/ifvtex.sty
(/usr/share/texlive/texmf-dist/tex/generic/iftex/iftex.sty)))
(/usr/share/texlive/texmf-dist/tex/latex/hyperref/hyperref.sty
(/usr/share/texlive/texmf-dist/tex/generic/pdftexcmds/pdftexcmds.sty
(/usr/share/texlive/texmf-dist/tex/generic/infwarerr/infwarerr.sty))
(/usr/share/texlive/texmf-dist/tex/generic/kvdefinekeys/kvdefinekeys.sty)
(/usr/share/texlive/texmf-dist/tex/generic/pdfescape/pdfescape.sty)
(/usr/share/texlive/texmf-dist/tex/latex/hycolor/hycolor.sty)
(/usr/share/texlive/texmf-dist/tex/latex/letltxmacro/letltxmacro.sty)
(/usr/share/texlive/texmf-dist/tex/latex/auxhook/auxhook.sty)
(/usr/share/texlive/texmf-dist/tex/latex/hyperref/pd1enc.def)
(/usr/share/texlive/texmf-dist/tex/generic/intcalc/intcalc.sty)
(/usr/share/texlive/texmf-dist/tex/generic/etexcmds/etexcmds.sty)
(/usr/share/texlive/texmf-dist/tex/latex/hyperref/puenc.def)
(/usr/share/texlive/texmf-dist/tex/latex/url/url.sty)
(/usr/share/texlive/texmf-dist/tex/generic/bitset/bitset.sty
(/usr/share/texlive/texmf-dist/tex/generic/bigintcalc/bigintcalc.sty))
(/usr/share/texlive/texmf-dist/tex/generic/atbegshi/atbegshi.sty))
(/usr/share/texlive/texmf-dist/tex/latex/hyperref/hpdftex.def
(/usr/share/texlive/texmf-dist/tex/latex/atveryend/atveryend.sty)
(/usr/share/texlive/texmf-dist/tex/latex/rerunfilecheck/rerunfilecheck.sty
(/usr/share/texlive/texmf-dist/tex/generic/uniquecounter/uniquecounter.sty)))
(/usr/share/texlive/texmf-dist/tex/latex/oberdiek/hypcap.sty)
(./sphinxmessages.sty)
Writing index file consortium_campus-casestudy_campus2.idx
(/usr/share/texlive/texmf-dist/tex/latex/l3backend/l3backend-pdfmode.def)
(./consortium_campus-casestudy_campus2.aux)
(/usr/share/texlive/texmf-dist/tex/latex/psnfss/t1ptm.fd)
(/usr/share/texlive/texmf-dist/tex/context/base/mkii/supp-pdf.mkii
[Loading MPS to PDF converter (version 2006.09.02).]
) (/usr/share/texlive/texmf-dist/tex/latex/epstopdf-pkg/epstopdf-base.sty
(/usr/share/texlive/texmf-dist/tex/latex/latexconfig/epstopdf-sys.cfg))
*geometry* driver: auto-detecting
*geometry* detected driver: pdftex
(/usr/share/texlive/texmf-dist/tex/latex/hyperref/nameref.sty
(/usr/share/texlive/texmf-dist/tex/latex/refcount/refcount.sty)
(/usr/share/texlive/texmf-dist/tex/generic/gettitlestring/gettitlestring.sty))
(./consortium_campus-casestudy_campus2.out)
(./consortium_campus-casestudy_campus2.out)
(/usr/share/texlive/texmf-dist/tex/latex/psnfss/t1pcr.fd)
(/usr/share/texlive/texmf-dist/tex/latex/psnfss/t1phv.fd)
(/usr/share/texlive/texmf-dist/tex/latex/psnfss/ts1phv.fd)<<ot1.cmap>><<oml.cma
p>><<oms.cmap>><<omx.cmap>>
(/usr/share/texlive/texmf-dist/tex/latex/amsfonts/umsa.fd)
(/usr/share/texlive/texmf-dist/tex/latex/amsfonts/umsb.fd) [1{/var/lib/texmf/fo
nts/map/pdftex/updmap/pdftex.map} <./logo.jpg>]
(./consortium_campus-casestudy_campus2.toc [1]) [2] [1]
Chapter 1.
(/usr/share/texlive/texmf-dist/tex/latex/psnfss/ts1ptm.fd)

Package textcomp Warning: Symbol \textasciigrave not provided by
(textcomp)                font family ptm in TS1 encoding.
(textcomp)                Default family used instead on input line 128.


Underfull \hbox (badness 10000) in paragraph at lines 200--202
[]|\T1/phv/b/n/10 Ver-
[2]
Chapter 2.
[3 <./land_1_756x150.png> <./campusone_756x150.png>] [4]
Chapter 3.
[5 <./pacheco_200x150.png> <./buckler_200x150.png>] [6] [7] [8 <./staffphoto_75
6_150.jpg> <./armani_ddwrt_756_150.png>] [9 <./otherassets_756x150.png>]
[10 <./office_756x150.png> <./outdooroffice_756x150.png> <./outdooroffice2_756x
150.png>] [11 <./rafishouseandwife_756x150.png>]
Chapter 4.
[12] [13] [14] [15 <./burnt_1_756x150.png> <./2014-05-04_vor_incident_1_800x150
.png>]
Chapter 5.
[16] [17]
Chapter 6.
(./consortium_campus-casestudy_campus2.ind) [18]
(./consortium_campus-casestudy_campus2.aux) )
(see the transcript file for additional information){/usr/share/texlive/texmf-d
ist/fonts/enc/dvips/base/8r.enc} </root/.texlive2020/texmf-var/fonts/pk/ljfour/
jknappen/ec/tcrm1000.600pk></usr/share/texlive/texmf-dist/fonts/type1/urw/helve
tic/uhvb8a.pfb></usr/share/texlive/texmf-dist/fonts/type1/urw/helvetic/uhvbo8a.
pfb></usr/share/texlive/texmf-dist/fonts/type1/urw/helvetic/uhvr8a.pfb></usr/sh
are/texlive/texmf-dist/fonts/type1/urw/times/utmb8a.pfb></usr/share/texlive/tex
mf-dist/fonts/type1/urw/times/utmr8a.pfb></usr/share/texlive/texmf-dist/fonts/t
ype1/urw/times/utmri8a.pfb>
Output written on consortium_campus-casestudy_campus2.pdf (21 pages, 2926857 by
tes).
Transcript written on consortium_campus-casestudy_campus2.log.
Latexmk: Index file 'consortium_campus-casestudy_campus2.idx' was written
Latexmk: Log file says output to 'consortium_campus-casestudy_campus2.pdf'
Latexmk: Log file says output to 'consortium_campus-casestudy_campus2.pdf'
=== TeX engine is 'pdfTeX'
Latexmk: All targets (consortium_campus-casestudy_campus2.pdf) are up-to-date
