\BOOKMARK [0][-]{chapter.1}{\376\377\000R\000e\000l\000e\000a\000s\000e\000\040\000N\000o\000t\000e\000s\000\040\000a\000n\000d\000\040\000N\000o\000t\000i\000c\000e\000s}{}% 1
\BOOKMARK [1][-]{section.1.1}{\376\377\000V\000e\000r\000s\000i\000o\000n\000\040\0000\000.\0001\000.\0000}{chapter.1}% 2
\BOOKMARK [1][-]{section.1.2}{\376\377\000O\000l\000d\000e\000r\000\040\000V\000e\000r\000s\000i\000o\000n\000s}{chapter.1}% 3
\BOOKMARK [2][-]{subsection.1.2.1}{\376\377\000V\000e\000r\000s\000i\000o\000n\000\040\0000\000.\0000\000.\0000}{section.1.2}% 4
\BOOKMARK [1][-]{section.1.3}{\376\377\000K\000n\000o\000w\000n\000\040\000a\000n\000d\000\040\000C\000o\000r\000r\000e\000c\000t\000e\000d\000\040\000I\000s\000s\000u\000e\000s}{chapter.1}% 5
\BOOKMARK [2][-]{subsection.1.3.1}{\376\377\000R\000e\000c\000e\000n\000t\000l\000y\000\040\000U\000p\000d\000a\000t\000e\000d\000\040\000T\000o\000p\000i\000c\000s}{section.1.3}% 6
\BOOKMARK [0][-]{chapter.2}{\376\377\000O\000v\000e\000r\000v\000i\000e\000w}{}% 7
\BOOKMARK [1][-]{section.2.1}{\376\377\000B\000a\000c\000k\000g\000r\000o\000u\000n\000d}{chapter.2}% 8
\BOOKMARK [2][-]{subsection.2.1.1}{\376\377\000W\000a\000v\000e\000\040\000T\000e\000l\000e\000c\000o\000m}{section.2.1}% 9
\BOOKMARK [2][-]{subsection.2.1.2}{\376\377\000U\000n\000i\000t\000e\000d\000\040\000K\000i\000n\000g\000d\000o\000m}{section.2.1}% 10
\BOOKMARK [2][-]{subsection.2.1.3}{\376\377\000U\000n\000i\000t\000e\000d\000\040\000T\000e\000c\000h\000n\000o\000c\000r\000a\000c\000y\000\040\000o\000f\000\040\000E\000x\000t\000r\000o\000p\000y\000\040\000\050\000U\000T\000E\000\051}{section.2.1}% 11
\BOOKMARK [2][-]{subsection.2.1.4}{\376\377\000C\000o\000n\000c\000l\000u\000s\000i\000o\000n}{section.2.1}% 12
\BOOKMARK [1][-]{section.2.2}{\376\377\000D\000e\000f\000i\000n\000i\000t\000i\000o\000n\000s}{chapter.2}% 13
\BOOKMARK [2][-]{subsection.2.2.1}{\376\377\000G\000l\000o\000s\000s\000a\000r\000y}{section.2.2}% 14
\BOOKMARK [2][-]{subsection.2.2.2}{\376\377\000F\000r\000o\000n\000t\000\040\000E\000n\000d}{section.2.2}% 15
\BOOKMARK [2][-]{subsection.2.2.3}{\376\377\000B\000a\000c\000k\000\040\000E\000n\000d}{section.2.2}% 16
\BOOKMARK [2][-]{subsection.2.2.4}{\376\377\000P\000l\000a\000t\000f\000o\000r\000m\000\040\000M\000o\000d\000u\000l\000e\000s}{section.2.2}% 17
\BOOKMARK [2][-]{subsection.2.2.5}{\376\377\000S\000y\000s\000t\000e\000m\000s\000\040\000I\000n\000t\000e\000g\000r\000a\000t\000i\000o\000n}{section.2.2}% 18
\BOOKMARK [1][-]{section.2.3}{\376\377\000A\000i\000m\000s}{chapter.2}% 19
\BOOKMARK [1][-]{section.2.4}{\376\377\000O\000b\000j\000e\000c\000t\000i\000v\000e\000s}{chapter.2}% 20
\BOOKMARK [2][-]{subsection.2.4.1}{\376\377\000S\000u\000m\000m\000a\000r\000i\000e\000s}{section.2.4}% 21
\BOOKMARK [2][-]{subsection.2.4.2}{\376\377\000B\000r\000e\000a\000k\000d\000o\000w\000n}{section.2.4}% 22
\BOOKMARK [1][-]{section.2.5}{\376\377\000D\000e\000s\000i\000r\000e\000d\000\040\000O\000u\000t\000c\000o\000m\000e\000s}{chapter.2}% 23
\BOOKMARK [1][-]{section.2.6}{\376\377\000S\000c\000o\000p\000e\000\040\000a\000n\000d\000\040\000E\000x\000c\000l\000u\000s\000i\000o\000n\000s}{chapter.2}% 24
\BOOKMARK [0][-]{chapter.3}{\376\377\000B\000u\000s\000i\000n\000e\000s\000s\000\040\000C\000a\000s\000e}{}% 25
\BOOKMARK [0][-]{chapter.4}{\376\377\000P\000r\000o\000d\000u\000c\000t\000\040\000D\000e\000s\000c\000r\000i\000p\000t\000i\000o\000n}{}% 26
\BOOKMARK [0][-]{chapter.5}{\376\377\000A\000p\000p\000r\000o\000a\000c\000h}{}% 27
\BOOKMARK [0][-]{chapter.6}{\376\377\000M\000a\000n\000a\000g\000e\000m\000e\000n\000t\000\040\000T\000e\000a\000m}{}% 28
\BOOKMARK [0][-]{chapter.7}{\376\377\000A\000p\000p\000r\000o\000v\000a\000l}{}% 29
\BOOKMARK [0][-]{chapter.8}{\376\377\000A\000n\000n\000e\000x\000\040\000A}{}% 30
\BOOKMARK [0][-]{chapter.9}{\376\377\000D\000o\000c\000u\000m\000e\000n\000t\000\040\000A\000u\000t\000h\000o\000r\000\050\000s\000\051\000:}{}% 31
