Running Sphinx v1.7.9
making output directory...
loading pickled environment... done
building [mo]: targets for 0 po files that are out of date
building [latex]: all documents
updating environment: 0 added, 0 changed, 0 removed
looking for now-outdated files... none found
processing wave-software-waveos.tex...index releasenotes preperation gettingstarted installation end-user productmaint afterinstallconfig integration upgrading troubleshooting docsandvideos faq developers networkmaint 
resolving references...
writing... done
copying TeX support files...
done
build succeeded.

The LaTeX files are in build/latex.
Run 'make' in that directory to run these through (pdf)latex
(use `make latexpdf' here to do that automatically).
make[1]: Entering directory '/mnt/c/Users/loco/Documents/GitHub/gh-docs.hotspotbnb.com/docs/software/app-whitepaper/build/latex'
latexmk -pdf -dvi- -ps-  'wave-software-waveos.tex'
Latexmk: This is Latexmk, John Collins, 1 January 2015, version: 4.41.
Rule 'pdflatex': Rules & subrules not known to be previously run:
   pdflatex
Rule 'pdflatex': The following rules & subrules became out-of-date:
      'pdflatex'
------------
Run number 1 of rule 'pdflatex'
------------
------------
Running 'pdflatex   -recorder  "wave-software-waveos.tex"'
------------
Latexmk: applying rule 'pdflatex'...
This is pdfTeX, Version 3.14159265-2.6-1.40.17 (TeX Live 2016/Debian) (preloaded format=pdflatex)
 restricted \write18 enabled.
entering extended mode
(./wave-software-waveos.tex
LaTeX2e <2017/01/01> patch level 3
Babel <3.9r> and hyphenation patterns for 3 language(s) loaded.
(./sphinxmanual.cls
Document Class: sphinxmanual 2017/03/26 v1.6 Document class (Sphinx manual)
(/usr/share/texlive/texmf-dist/tex/latex/base/report.cls
Document Class: report 2014/09/29 v1.4h Standard LaTeX document class
(/usr/share/texlive/texmf-dist/tex/latex/base/size10.clo)))
(/usr/share/texlive/texmf-dist/tex/latex/base/inputenc.sty
(/usr/share/texlive/texmf-dist/tex/latex/base/utf8.def
(/usr/share/texlive/texmf-dist/tex/latex/base/t1enc.dfu)
(/usr/share/texlive/texmf-dist/tex/latex/base/ot1enc.dfu)
(/usr/share/texlive/texmf-dist/tex/latex/base/omsenc.dfu)))
(/usr/share/texlive/texmf-dist/tex/latex/cmap/cmap.sty)
(/usr/share/texlive/texmf-dist/tex/latex/base/fontenc.sty
(/usr/share/texlive/texmf-dist/tex/latex/base/t1enc.def)<<t1.cmap>>)
(/usr/share/texlive/texmf-dist/tex/latex/amsmath/amsmath.sty
For additional information on amsmath, use the `?' option.
(/usr/share/texlive/texmf-dist/tex/latex/amsmath/amstext.sty
(/usr/share/texlive/texmf-dist/tex/latex/amsmath/amsgen.sty))
(/usr/share/texlive/texmf-dist/tex/latex/amsmath/amsbsy.sty)
(/usr/share/texlive/texmf-dist/tex/latex/amsmath/amsopn.sty))
(/usr/share/texlive/texmf-dist/tex/latex/amsfonts/amssymb.sty
(/usr/share/texlive/texmf-dist/tex/latex/amsfonts/amsfonts.sty))
(/usr/share/texlive/texmf-dist/tex/generic/babel/babel.sty
(/usr/share/texlive/texmf-dist/tex/generic/babel-english/english.ldf
(/usr/share/texlive/texmf-dist/tex/generic/babel/babel.def)))
(/usr/share/texlive/texmf-dist/tex/latex/psnfss/times.sty)
(/usr/share/texlive/texmf-dist/tex/latex/fncychap/fncychap.sty) (./sphinx.sty
(/usr/share/texlive/texmf-dist/tex/generic/oberdiek/ltxcmds.sty)
(/usr/share/texlive/texmf-dist/tex/latex/graphics/graphicx.sty
(/usr/share/texlive/texmf-dist/tex/latex/graphics/keyval.sty)
(/usr/share/texlive/texmf-dist/tex/latex/graphics/graphics.sty
(/usr/share/texlive/texmf-dist/tex/latex/graphics/trig.sty)
(/usr/share/texlive/texmf-dist/tex/latex/graphics-cfg/graphics.cfg)
(/usr/share/texlive/texmf-dist/tex/latex/graphics-def/pdftex.def
(/usr/share/texlive/texmf-dist/tex/generic/oberdiek/infwarerr.sty))))
(/usr/share/texlive/texmf-dist/tex/latex/fancyhdr/fancyhdr.sty)
(/usr/share/texlive/texmf-dist/tex/latex/base/textcomp.sty
(/usr/share/texlive/texmf-dist/tex/latex/base/ts1enc.def
(/usr/share/texlive/texmf-dist/tex/latex/base/ts1enc.dfu)))
(/usr/share/texlive/texmf-dist/tex/latex/titlesec/titlesec.sty)
(/usr/share/texlive/texmf-dist/tex/latex/tabulary/tabulary.sty
(/usr/share/texlive/texmf-dist/tex/latex/tools/array.sty))
(/usr/share/texlive/texmf-dist/tex/latex/tools/longtable.sty)
(/usr/share/texlive/texmf-dist/tex/latex/varwidth/varwidth.sty)
(./sphinxmulticell.sty)
(/usr/share/texlive/texmf-dist/tex/latex/base/makeidx.sty)
(/usr/share/texlive/texmf-dist/tex/latex/framed/framed.sty)
(/usr/share/texlive/texmf-dist/tex/latex/xcolor/xcolor.sty
(/usr/share/texlive/texmf-dist/tex/latex/graphics-cfg/color.cfg))
(/usr/share/texlive/texmf-dist/tex/latex/fancyvrb/fancyvrb.sty
Style option: `fancyvrb' v2.7a, with DG/SPQR fixes, and firstline=lastline fix 
<2008/02/07> (tvz)) (./footnotehyper-sphinx.sty)
(/usr/share/texlive/texmf-dist/tex/latex/float/float.sty)
(/usr/share/texlive/texmf-dist/tex/latex/wrapfig/wrapfig.sty)
(/usr/share/texlive/texmf-dist/tex/latex/parskip/parskip.sty)
(/usr/share/texlive/texmf-dist/tex/latex/base/alltt.sty)
(/usr/share/texlive/texmf-dist/tex/latex/upquote/upquote.sty)
(/usr/share/texlive/texmf-dist/tex/latex/capt-of/capt-of.sty)
(/usr/share/texlive/texmf-dist/tex/latex/needspace/needspace.sty)
(/usr/share/texlive/texmf-dist/tex/latex/carlisle/remreset.sty)
(./sphinxhighlight.sty)
(/usr/share/texlive/texmf-dist/tex/latex/oberdiek/kvoptions.sty
(/usr/share/texlive/texmf-dist/tex/generic/oberdiek/kvsetkeys.sty
(/usr/share/texlive/texmf-dist/tex/generic/oberdiek/etexcmds.sty
(/usr/share/texlive/texmf-dist/tex/generic/oberdiek/ifluatex.sty)))))
(/usr/share/texlive/texmf-dist/tex/latex/geometry/geometry.sty
(/usr/share/texlive/texmf-dist/tex/generic/oberdiek/ifpdf.sty)
(/usr/share/texlive/texmf-dist/tex/generic/oberdiek/ifvtex.sty)
(/usr/share/texlive/texmf-dist/tex/generic/ifxetex/ifxetex.sty))
(/usr/share/texlive/texmf-dist/tex/latex/hyperref/hyperref.sty
(/usr/share/texlive/texmf-dist/tex/generic/oberdiek/hobsub-hyperref.sty
(/usr/share/texlive/texmf-dist/tex/generic/oberdiek/hobsub-generic.sty))
(/usr/share/texlive/texmf-dist/tex/latex/oberdiek/auxhook.sty)
(/usr/share/texlive/texmf-dist/tex/latex/hyperref/pd1enc.def)
(/usr/share/texlive/texmf-dist/tex/latex/latexconfig/hyperref.cfg)
(/usr/share/texlive/texmf-dist/tex/latex/hyperref/puenc.def)
(/usr/share/texlive/texmf-dist/tex/latex/url/url.sty))

Package hyperref Message: Driver (autodetected): hpdftex.

(/usr/share/texlive/texmf-dist/tex/latex/hyperref/hpdftex.def
(/usr/share/texlive/texmf-dist/tex/latex/oberdiek/rerunfilecheck.sty))
(/usr/share/texlive/texmf-dist/tex/latex/oberdiek/hypcap.sty)
Writing index file wave-software-waveos.idx
(./wave-software-waveos.aux)
(/usr/share/texlive/texmf-dist/tex/latex/base/ts1cmr.fd)
(/usr/share/texlive/texmf-dist/tex/latex/psnfss/t1ptm.fd)
(/usr/share/texlive/texmf-dist/tex/context/base/mkii/supp-pdf.mkii
[Loading MPS to PDF converter (version 2006.09.02).]
) (/usr/share/texlive/texmf-dist/tex/latex/oberdiek/epstopdf-base.sty
(/usr/share/texlive/texmf-dist/tex/latex/oberdiek/grfext.sty)
(/usr/share/texlive/texmf-dist/tex/latex/latexconfig/epstopdf-sys.cfg))
*geometry* driver: auto-detecting
*geometry* detected driver: pdftex
(/usr/share/texlive/texmf-dist/tex/latex/hyperref/nameref.sty
(/usr/share/texlive/texmf-dist/tex/generic/oberdiek/gettitlestring.sty))
(/usr/share/texlive/texmf-dist/tex/latex/psnfss/t1phv.fd)
(/usr/share/texlive/texmf-dist/tex/latex/psnfss/ts1phv.fd)<<ot1.cmap>><<oml.cma
p>><<oms.cmap>><<omx.cmap>>
(/usr/share/texlive/texmf-dist/tex/latex/amsfonts/umsa.fd)
(/usr/share/texlive/texmf-dist/tex/latex/amsfonts/umsb.fd) [1{/var/lib/texmf/fo
nts/map/pdftex/updmap/pdftex.map}]

Package Fancyhdr Warning: \fancyfoot's `E' option without twoside option is use
less on input line 68.


Package Fancyhdr Warning: \fancyfoot's `E' option without twoside option is use
less on input line 68.

[1]

Package Fancyhdr Warning: \fancyfoot's `E' option without twoside option is use
less on input line 68.


Package Fancyhdr Warning: \fancyfoot's `E' option without twoside option is use
less on input line 68.


Package Fancyhdr Warning: \fancyhead's `E' option without twoside option is use
less on input line 68.

Chapter 1.
(/usr/share/texlive/texmf-dist/tex/latex/psnfss/ts1ptm.fd)
(/usr/share/texlive/texmf-dist/tex/latex/psnfss/t1pcr.fd)
Underfull \hbox (badness 10000) in paragraph at lines 157--158
[]|\T1/ptm/m/n/10 improved au-

Underfull \hbox (badness 10000) in paragraph at lines 159--161
[]|\T1/ptm/m/n/10 Download 0.4.0

Underfull \hbox (badness 10000) in paragraph at lines 159--161
\T1/ptm/m/n/10 (up-dates it-self to

Underfull \hbox (badness 10000) in paragraph at lines 168--169
[]|\T1/ptm/m/n/10 improved au-

Underfull \hbox (badness 10000) in paragraph at lines 170--172
[]|\T1/ptm/m/n/10 Download 0.4.0

Underfull \hbox (badness 10000) in paragraph at lines 170--172
\T1/ptm/m/n/10 (up-dates it-self to

Underfull \hbox (badness 10000) in paragraph at lines 179--180
[]|\T1/ptm/m/n/10 improved au-

Underfull \hbox (badness 10000) in paragraph at lines 181--183
[]|\T1/ptm/m/n/10 Download 0.4.0

Underfull \hbox (badness 10000) in paragraph at lines 181--183
\T1/ptm/m/n/10 (up-dates it-self to

Underfull \hbox (badness 10000) in paragraph at lines 190--191
[]|\T1/ptm/m/n/10 improved au-

Underfull \hbox (badness 10000) in paragraph at lines 192--194
[]|\T1/ptm/m/n/10 Download 0.4.0

Underfull \hbox (badness 10000) in paragraph at lines 192--194
\T1/ptm/m/n/10 (up-dates it-self to

Underfull \hbox (badness 10000) in paragraph at lines 1--205
[]|[][]$\T1/ptm/m/n/10 https : / / mega .

Underfull \hbox (badness 10000) in paragraph at lines 1--205
\T1/ptm/m/n/10 nz / # ! 4aYSiJiS !

Underfull \hbox (badness 10000) in paragraph at lines 1--205
\T1/ptm/m/n/10 S2VeWes _

Overfull \hbox (46.36818pt too wide) in paragraph at lines 1--205
\T1/ptm/m/n/10 0SPgtxJD2yVxAYrVlQEsvFT _

Underfull \hbox (badness 10000) in paragraph at lines 1--227
[]|[][]$\T1/ptm/m/n/10 https : / / mega .

Underfull \hbox (badness 10000) in paragraph at lines 1--227
\T1/ptm/m/n/10 nz / # ! YbpRgIKS !

Overfull \hbox (151.15735pt too wide) in paragraph at lines 1--227
\T1/ptm/m/n/10 GEpuU9cKBb2Ef0SaEXsjgkXiZDcnIwBwt7lH-[]fQRA-[]A$[][]| 

Underfull \hbox (badness 10000) in paragraph at lines 234--235
[]|\T1/ptm/m/n/10 proof-of-concept

Underfull \hbox (badness 10000) in paragraph at lines 1--238
[]|[][]$\T1/ptm/m/n/10 https : / / mega .

Underfull \hbox (badness 10000) in paragraph at lines 1--238
\T1/ptm/m/n/10 nz / # ! 8HwW1JKZ !

Overfull \hbox (152.0377pt too wide) in paragraph at lines 1--238
\T1/ptm/m/n/10 Hs1HQCEKzNIabAGGtAZ5t2O9ppSve9canZFbBAcl8v8$[][]| 

Package Fancyhdr Warning: \fancyfoot's `E' option without twoside option is use
less on input line 242.

[1]

LaTeX Warning: Hyper reference `releasenotes:known-and-corrected-issues' on pag
e 2 undefined on input line 246.

[2]
Underfull \hbox (badness 10000) in paragraph at lines 284--285
[]|\T1/ptm/m/n/10 01-08-

Underfull \hbox (badness 10000) in paragraph at lines 293--294
[]|\T1/ptm/m/n/10 01-08-
[3] [4] [5] [6] [7] [8] [9] [10] [11] [12]
No file wave-software-waveos.ind.
[13] (./wave-software-waveos.aux)

Package rerunfilecheck Warning: File `wave-software-waveos.out' has changed.
(rerunfilecheck)                Rerun to get outlines right
(rerunfilecheck)                or use package `bookmark'.


LaTeX Warning: There were undefined references.


LaTeX Warning: Label(s) may have changed. Rerun to get cross-references right.

 )
(see the transcript file for additional information){/usr/share/texlive/texmf-d
ist/fonts/enc/dvips/base/8r.enc}</usr/share/texlive/texmf-dist/fonts/type1/urw/
courier/ucrr8a.pfb></usr/share/texlive/texmf-dist/fonts/type1/urw/courier/ucrro
8a.pfb></usr/share/texlive/texmf-dist/fonts/type1/urw/helvetic/uhvb8a.pfb></usr
/share/texlive/texmf-dist/fonts/type1/urw/helvetic/uhvbo8a.pfb></usr/share/texl
ive/texmf-dist/fonts/type1/urw/helvetic/uhvr8a.pfb></usr/share/texlive/texmf-di
st/fonts/type1/urw/times/utmb8a.pfb></usr/share/texlive/texmf-dist/fonts/type1/
urw/times/utmr8a.pfb></usr/share/texlive/texmf-dist/fonts/type1/urw/times/utmri
8a.pfb>
Output written on wave-software-waveos.pdf (15 pages, 130744 bytes).
Transcript written on wave-software-waveos.log.
Latexmk: Index file 'wave-software-waveos.idx' was written
Latexmk: Missing input file: 'wave-software-waveos.ind' from line
  'No file wave-software-waveos.ind.'
Latexmk: References changed.
Latexmk: References changed.
Latexmk: Log file says output to 'wave-software-waveos.pdf'
Rule 'makeindex wave-software-waveos.idx': File changes, etc:
   Non-existent destination files:
      'wave-software-waveos.ind'
------------
Run number 1 of rule 'makeindex wave-software-waveos.idx'
------------
------------
Running 'makeindex -s python.ist  -o "wave-software-waveos.ind" "wave-software-waveos.idx"'
------------
Latexmk: applying rule 'makeindex wave-software-waveos.idx'...
This is makeindex, version 2.15 [TeX Live 2016] (kpathsea + Thai support).
Scanning style file ./python.ist.......done (7 attributes redefined, 0 ignored).
Scanning input file wave-software-waveos.idx...done (0 entries accepted, 0 rejected).
Nothing written in wave-software-waveos.ind.
Transcript written in wave-software-waveos.ilg.
Rule 'pdflatex': File changes, etc:
   Changed files, or newly in use since previous run(s):
      'wave-software-waveos.aux'
      'wave-software-waveos.ind'
------------
Run number 2 of rule 'pdflatex'
------------
------------
Running 'pdflatex   -recorder  "wave-software-waveos.tex"'
------------
Latexmk: applying rule 'pdflatex'...
This is pdfTeX, Version 3.14159265-2.6-1.40.17 (TeX Live 2016/Debian) (preloaded format=pdflatex)
 restricted \write18 enabled.
entering extended mode
(./wave-software-waveos.tex
LaTeX2e <2017/01/01> patch level 3
Babel <3.9r> and hyphenation patterns for 3 language(s) loaded.
(./sphinxmanual.cls
Document Class: sphinxmanual 2017/03/26 v1.6 Document class (Sphinx manual)
(/usr/share/texlive/texmf-dist/tex/latex/base/report.cls
Document Class: report 2014/09/29 v1.4h Standard LaTeX document class
(/usr/share/texlive/texmf-dist/tex/latex/base/size10.clo)))
(/usr/share/texlive/texmf-dist/tex/latex/base/inputenc.sty
(/usr/share/texlive/texmf-dist/tex/latex/base/utf8.def
(/usr/share/texlive/texmf-dist/tex/latex/base/t1enc.dfu)
(/usr/share/texlive/texmf-dist/tex/latex/base/ot1enc.dfu)
(/usr/share/texlive/texmf-dist/tex/latex/base/omsenc.dfu)))
(/usr/share/texlive/texmf-dist/tex/latex/cmap/cmap.sty)
(/usr/share/texlive/texmf-dist/tex/latex/base/fontenc.sty
(/usr/share/texlive/texmf-dist/tex/latex/base/t1enc.def)<<t1.cmap>>)
(/usr/share/texlive/texmf-dist/tex/latex/amsmath/amsmath.sty
For additional information on amsmath, use the `?' option.
(/usr/share/texlive/texmf-dist/tex/latex/amsmath/amstext.sty
(/usr/share/texlive/texmf-dist/tex/latex/amsmath/amsgen.sty))
(/usr/share/texlive/texmf-dist/tex/latex/amsmath/amsbsy.sty)
(/usr/share/texlive/texmf-dist/tex/latex/amsmath/amsopn.sty))
(/usr/share/texlive/texmf-dist/tex/latex/amsfonts/amssymb.sty
(/usr/share/texlive/texmf-dist/tex/latex/amsfonts/amsfonts.sty))
(/usr/share/texlive/texmf-dist/tex/generic/babel/babel.sty
(/usr/share/texlive/texmf-dist/tex/generic/babel-english/english.ldf
(/usr/share/texlive/texmf-dist/tex/generic/babel/babel.def)))
(/usr/share/texlive/texmf-dist/tex/latex/psnfss/times.sty)
(/usr/share/texlive/texmf-dist/tex/latex/fncychap/fncychap.sty) (./sphinx.sty
(/usr/share/texlive/texmf-dist/tex/generic/oberdiek/ltxcmds.sty)
(/usr/share/texlive/texmf-dist/tex/latex/graphics/graphicx.sty
(/usr/share/texlive/texmf-dist/tex/latex/graphics/keyval.sty)
(/usr/share/texlive/texmf-dist/tex/latex/graphics/graphics.sty
(/usr/share/texlive/texmf-dist/tex/latex/graphics/trig.sty)
(/usr/share/texlive/texmf-dist/tex/latex/graphics-cfg/graphics.cfg)
(/usr/share/texlive/texmf-dist/tex/latex/graphics-def/pdftex.def
(/usr/share/texlive/texmf-dist/tex/generic/oberdiek/infwarerr.sty))))
(/usr/share/texlive/texmf-dist/tex/latex/fancyhdr/fancyhdr.sty)
(/usr/share/texlive/texmf-dist/tex/latex/base/textcomp.sty
(/usr/share/texlive/texmf-dist/tex/latex/base/ts1enc.def
(/usr/share/texlive/texmf-dist/tex/latex/base/ts1enc.dfu)))
(/usr/share/texlive/texmf-dist/tex/latex/titlesec/titlesec.sty)
(/usr/share/texlive/texmf-dist/tex/latex/tabulary/tabulary.sty
(/usr/share/texlive/texmf-dist/tex/latex/tools/array.sty))
(/usr/share/texlive/texmf-dist/tex/latex/tools/longtable.sty)
(/usr/share/texlive/texmf-dist/tex/latex/varwidth/varwidth.sty)
(./sphinxmulticell.sty)
(/usr/share/texlive/texmf-dist/tex/latex/base/makeidx.sty)
(/usr/share/texlive/texmf-dist/tex/latex/framed/framed.sty)
(/usr/share/texlive/texmf-dist/tex/latex/xcolor/xcolor.sty
(/usr/share/texlive/texmf-dist/tex/latex/graphics-cfg/color.cfg))
(/usr/share/texlive/texmf-dist/tex/latex/fancyvrb/fancyvrb.sty
Style option: `fancyvrb' v2.7a, with DG/SPQR fixes, and firstline=lastline fix 
<2008/02/07> (tvz)) (./footnotehyper-sphinx.sty)
(/usr/share/texlive/texmf-dist/tex/latex/float/float.sty)
(/usr/share/texlive/texmf-dist/tex/latex/wrapfig/wrapfig.sty)
(/usr/share/texlive/texmf-dist/tex/latex/parskip/parskip.sty)
(/usr/share/texlive/texmf-dist/tex/latex/base/alltt.sty)
(/usr/share/texlive/texmf-dist/tex/latex/upquote/upquote.sty)
(/usr/share/texlive/texmf-dist/tex/latex/capt-of/capt-of.sty)
(/usr/share/texlive/texmf-dist/tex/latex/needspace/needspace.sty)
(/usr/share/texlive/texmf-dist/tex/latex/carlisle/remreset.sty)
(./sphinxhighlight.sty)
(/usr/share/texlive/texmf-dist/tex/latex/oberdiek/kvoptions.sty
(/usr/share/texlive/texmf-dist/tex/generic/oberdiek/kvsetkeys.sty
(/usr/share/texlive/texmf-dist/tex/generic/oberdiek/etexcmds.sty
(/usr/share/texlive/texmf-dist/tex/generic/oberdiek/ifluatex.sty)))))
(/usr/share/texlive/texmf-dist/tex/latex/geometry/geometry.sty
(/usr/share/texlive/texmf-dist/tex/generic/oberdiek/ifpdf.sty)
(/usr/share/texlive/texmf-dist/tex/generic/oberdiek/ifvtex.sty)
(/usr/share/texlive/texmf-dist/tex/generic/ifxetex/ifxetex.sty))
(/usr/share/texlive/texmf-dist/tex/latex/hyperref/hyperref.sty
(/usr/share/texlive/texmf-dist/tex/generic/oberdiek/hobsub-hyperref.sty
(/usr/share/texlive/texmf-dist/tex/generic/oberdiek/hobsub-generic.sty))
(/usr/share/texlive/texmf-dist/tex/latex/oberdiek/auxhook.sty)
(/usr/share/texlive/texmf-dist/tex/latex/hyperref/pd1enc.def)
(/usr/share/texlive/texmf-dist/tex/latex/latexconfig/hyperref.cfg)
(/usr/share/texlive/texmf-dist/tex/latex/hyperref/puenc.def)
(/usr/share/texlive/texmf-dist/tex/latex/url/url.sty))

Package hyperref Message: Driver (autodetected): hpdftex.

(/usr/share/texlive/texmf-dist/tex/latex/hyperref/hpdftex.def
(/usr/share/texlive/texmf-dist/tex/latex/oberdiek/rerunfilecheck.sty))
(/usr/share/texlive/texmf-dist/tex/latex/oberdiek/hypcap.sty)
Writing index file wave-software-waveos.idx
(./wave-software-waveos.aux)
(/usr/share/texlive/texmf-dist/tex/latex/base/ts1cmr.fd)
(/usr/share/texlive/texmf-dist/tex/latex/psnfss/t1ptm.fd)
(/usr/share/texlive/texmf-dist/tex/context/base/mkii/supp-pdf.mkii
[Loading MPS to PDF converter (version 2006.09.02).]
) (/usr/share/texlive/texmf-dist/tex/latex/oberdiek/epstopdf-base.sty
(/usr/share/texlive/texmf-dist/tex/latex/oberdiek/grfext.sty)
(/usr/share/texlive/texmf-dist/tex/latex/latexconfig/epstopdf-sys.cfg))
*geometry* driver: auto-detecting
*geometry* detected driver: pdftex
(/usr/share/texlive/texmf-dist/tex/latex/hyperref/nameref.sty
(/usr/share/texlive/texmf-dist/tex/generic/oberdiek/gettitlestring.sty))
(./wave-software-waveos.out) (./wave-software-waveos.out)
(/usr/share/texlive/texmf-dist/tex/latex/psnfss/t1phv.fd)
(/usr/share/texlive/texmf-dist/tex/latex/psnfss/ts1phv.fd)<<ot1.cmap>><<oml.cma
p>><<oms.cmap>><<omx.cmap>>
(/usr/share/texlive/texmf-dist/tex/latex/amsfonts/umsa.fd)
(/usr/share/texlive/texmf-dist/tex/latex/amsfonts/umsb.fd) [1{/var/lib/texmf/fo
nts/map/pdftex/updmap/pdftex.map}]

Package Fancyhdr Warning: \fancyfoot's `E' option without twoside option is use
less on input line 68.

(./wave-software-waveos.toc)

Package Fancyhdr Warning: \fancyfoot's `E' option without twoside option is use
less on input line 68.

[1]

Package Fancyhdr Warning: \fancyfoot's `E' option without twoside option is use
less on input line 68.


Package Fancyhdr Warning: \fancyfoot's `E' option without twoside option is use
less on input line 68.


Package Fancyhdr Warning: \fancyhead's `E' option without twoside option is use
less on input line 68.

Chapter 1.
(/usr/share/texlive/texmf-dist/tex/latex/psnfss/ts1ptm.fd)
(/usr/share/texlive/texmf-dist/tex/latex/psnfss/t1pcr.fd)
Underfull \hbox (badness 10000) in paragraph at lines 157--158
[]|\T1/ptm/m/n/10 improved au-

Underfull \hbox (badness 10000) in paragraph at lines 159--161
[]|\T1/ptm/m/n/10 Download 0.4.0

Underfull \hbox (badness 10000) in paragraph at lines 159--161
\T1/ptm/m/n/10 (up-dates it-self to

Underfull \hbox (badness 10000) in paragraph at lines 168--169
[]|\T1/ptm/m/n/10 improved au-

Underfull \hbox (badness 10000) in paragraph at lines 170--172
[]|\T1/ptm/m/n/10 Download 0.4.0

Underfull \hbox (badness 10000) in paragraph at lines 170--172
\T1/ptm/m/n/10 (up-dates it-self to

Underfull \hbox (badness 10000) in paragraph at lines 179--180
[]|\T1/ptm/m/n/10 improved au-

Underfull \hbox (badness 10000) in paragraph at lines 181--183
[]|\T1/ptm/m/n/10 Download 0.4.0

Underfull \hbox (badness 10000) in paragraph at lines 181--183
\T1/ptm/m/n/10 (up-dates it-self to

Underfull \hbox (badness 10000) in paragraph at lines 190--191
[]|\T1/ptm/m/n/10 improved au-

Underfull \hbox (badness 10000) in paragraph at lines 192--194
[]|\T1/ptm/m/n/10 Download 0.4.0

Underfull \hbox (badness 10000) in paragraph at lines 192--194
\T1/ptm/m/n/10 (up-dates it-self to

Underfull \hbox (badness 10000) in paragraph at lines 1--205
[]|[][]$\T1/ptm/m/n/10 https : / / mega .

Underfull \hbox (badness 10000) in paragraph at lines 1--205
\T1/ptm/m/n/10 nz / # ! 4aYSiJiS !

Underfull \hbox (badness 10000) in paragraph at lines 1--205
\T1/ptm/m/n/10 S2VeWes _

Overfull \hbox (46.36818pt too wide) in paragraph at lines 1--205
\T1/ptm/m/n/10 0SPgtxJD2yVxAYrVlQEsvFT _

Underfull \hbox (badness 10000) in paragraph at lines 1--227
[]|[][]$\T1/ptm/m/n/10 https : / / mega .

Underfull \hbox (badness 10000) in paragraph at lines 1--227
\T1/ptm/m/n/10 nz / # ! YbpRgIKS !

Overfull \hbox (151.15735pt too wide) in paragraph at lines 1--227
\T1/ptm/m/n/10 GEpuU9cKBb2Ef0SaEXsjgkXiZDcnIwBwt7lH-[]fQRA-[]A$[][]| 

Underfull \hbox (badness 10000) in paragraph at lines 234--235
[]|\T1/ptm/m/n/10 proof-of-concept

Underfull \hbox (badness 10000) in paragraph at lines 1--238
[]|[][]$\T1/ptm/m/n/10 https : / / mega .

Underfull \hbox (badness 10000) in paragraph at lines 1--238
\T1/ptm/m/n/10 nz / # ! 8HwW1JKZ !

Overfull \hbox (152.0377pt too wide) in paragraph at lines 1--238
\T1/ptm/m/n/10 Hs1HQCEKzNIabAGGtAZ5t2O9ppSve9canZFbBAcl8v8$[][]| 

Package Fancyhdr Warning: \fancyfoot's `E' option without twoside option is use
less on input line 242.

[1] [2]
Underfull \hbox (badness 10000) in paragraph at lines 284--285
[]|\T1/ptm/m/n/10 01-08-

Underfull \hbox (badness 10000) in paragraph at lines 293--294
[]|\T1/ptm/m/n/10 01-08-
[3] [4] [5] [6] [7] [8] [9] [10] [11] [12] (./wave-software-waveos.ind)
[13] (./wave-software-waveos.aux) )
(see the transcript file for additional information){/usr/share/texlive/texmf-d
ist/fonts/enc/dvips/base/8r.enc}</usr/share/texlive/texmf-dist/fonts/type1/urw/
courier/ucrr8a.pfb></usr/share/texlive/texmf-dist/fonts/type1/urw/courier/ucrro
8a.pfb></usr/share/texlive/texmf-dist/fonts/type1/urw/helvetic/uhvb8a.pfb></usr
/share/texlive/texmf-dist/fonts/type1/urw/helvetic/uhvbo8a.pfb></usr/share/texl
ive/texmf-dist/fonts/type1/urw/helvetic/uhvr8a.pfb></usr/share/texlive/texmf-di
st/fonts/type1/urw/times/utmb8a.pfb></usr/share/texlive/texmf-dist/fonts/type1/
urw/times/utmr8a.pfb></usr/share/texlive/texmf-dist/fonts/type1/urw/times/utmri
8a.pfb>
Output written on wave-software-waveos.pdf (15 pages, 134162 bytes).
Transcript written on wave-software-waveos.log.
Latexmk: Index file 'wave-software-waveos.idx' was written
Latexmk: Log file says output to 'wave-software-waveos.pdf'
Rule 'pdflatex': File changes, etc:
   Changed files, or newly in use since previous run(s):
      'wave-software-waveos.out'
      'wave-software-waveos.toc'
------------
Run number 3 of rule 'pdflatex'
------------
------------
Running 'pdflatex   -recorder  "wave-software-waveos.tex"'
------------
Latexmk: applying rule 'pdflatex'...
This is pdfTeX, Version 3.14159265-2.6-1.40.17 (TeX Live 2016/Debian) (preloaded format=pdflatex)
 restricted \write18 enabled.
entering extended mode
(./wave-software-waveos.tex
LaTeX2e <2017/01/01> patch level 3
Babel <3.9r> and hyphenation patterns for 3 language(s) loaded.
(./sphinxmanual.cls
Document Class: sphinxmanual 2017/03/26 v1.6 Document class (Sphinx manual)
(/usr/share/texlive/texmf-dist/tex/latex/base/report.cls
Document Class: report 2014/09/29 v1.4h Standard LaTeX document class
(/usr/share/texlive/texmf-dist/tex/latex/base/size10.clo)))
(/usr/share/texlive/texmf-dist/tex/latex/base/inputenc.sty
(/usr/share/texlive/texmf-dist/tex/latex/base/utf8.def
(/usr/share/texlive/texmf-dist/tex/latex/base/t1enc.dfu)
(/usr/share/texlive/texmf-dist/tex/latex/base/ot1enc.dfu)
(/usr/share/texlive/texmf-dist/tex/latex/base/omsenc.dfu)))
(/usr/share/texlive/texmf-dist/tex/latex/cmap/cmap.sty)
(/usr/share/texlive/texmf-dist/tex/latex/base/fontenc.sty
(/usr/share/texlive/texmf-dist/tex/latex/base/t1enc.def)<<t1.cmap>>)
(/usr/share/texlive/texmf-dist/tex/latex/amsmath/amsmath.sty
For additional information on amsmath, use the `?' option.
(/usr/share/texlive/texmf-dist/tex/latex/amsmath/amstext.sty
(/usr/share/texlive/texmf-dist/tex/latex/amsmath/amsgen.sty))
(/usr/share/texlive/texmf-dist/tex/latex/amsmath/amsbsy.sty)
(/usr/share/texlive/texmf-dist/tex/latex/amsmath/amsopn.sty))
(/usr/share/texlive/texmf-dist/tex/latex/amsfonts/amssymb.sty
(/usr/share/texlive/texmf-dist/tex/latex/amsfonts/amsfonts.sty))
(/usr/share/texlive/texmf-dist/tex/generic/babel/babel.sty
(/usr/share/texlive/texmf-dist/tex/generic/babel-english/english.ldf
(/usr/share/texlive/texmf-dist/tex/generic/babel/babel.def)))
(/usr/share/texlive/texmf-dist/tex/latex/psnfss/times.sty)
(/usr/share/texlive/texmf-dist/tex/latex/fncychap/fncychap.sty) (./sphinx.sty
(/usr/share/texlive/texmf-dist/tex/generic/oberdiek/ltxcmds.sty)
(/usr/share/texlive/texmf-dist/tex/latex/graphics/graphicx.sty
(/usr/share/texlive/texmf-dist/tex/latex/graphics/keyval.sty)
(/usr/share/texlive/texmf-dist/tex/latex/graphics/graphics.sty
(/usr/share/texlive/texmf-dist/tex/latex/graphics/trig.sty)
(/usr/share/texlive/texmf-dist/tex/latex/graphics-cfg/graphics.cfg)
(/usr/share/texlive/texmf-dist/tex/latex/graphics-def/pdftex.def
(/usr/share/texlive/texmf-dist/tex/generic/oberdiek/infwarerr.sty))))
(/usr/share/texlive/texmf-dist/tex/latex/fancyhdr/fancyhdr.sty)
(/usr/share/texlive/texmf-dist/tex/latex/base/textcomp.sty
(/usr/share/texlive/texmf-dist/tex/latex/base/ts1enc.def
(/usr/share/texlive/texmf-dist/tex/latex/base/ts1enc.dfu)))
(/usr/share/texlive/texmf-dist/tex/latex/titlesec/titlesec.sty)
(/usr/share/texlive/texmf-dist/tex/latex/tabulary/tabulary.sty
(/usr/share/texlive/texmf-dist/tex/latex/tools/array.sty))
(/usr/share/texlive/texmf-dist/tex/latex/tools/longtable.sty)
(/usr/share/texlive/texmf-dist/tex/latex/varwidth/varwidth.sty)
(./sphinxmulticell.sty)
(/usr/share/texlive/texmf-dist/tex/latex/base/makeidx.sty)
(/usr/share/texlive/texmf-dist/tex/latex/framed/framed.sty)
(/usr/share/texlive/texmf-dist/tex/latex/xcolor/xcolor.sty
(/usr/share/texlive/texmf-dist/tex/latex/graphics-cfg/color.cfg))
(/usr/share/texlive/texmf-dist/tex/latex/fancyvrb/fancyvrb.sty
Style option: `fancyvrb' v2.7a, with DG/SPQR fixes, and firstline=lastline fix 
<2008/02/07> (tvz)) (./footnotehyper-sphinx.sty)
(/usr/share/texlive/texmf-dist/tex/latex/float/float.sty)
(/usr/share/texlive/texmf-dist/tex/latex/wrapfig/wrapfig.sty)
(/usr/share/texlive/texmf-dist/tex/latex/parskip/parskip.sty)
(/usr/share/texlive/texmf-dist/tex/latex/base/alltt.sty)
(/usr/share/texlive/texmf-dist/tex/latex/upquote/upquote.sty)
(/usr/share/texlive/texmf-dist/tex/latex/capt-of/capt-of.sty)
(/usr/share/texlive/texmf-dist/tex/latex/needspace/needspace.sty)
(/usr/share/texlive/texmf-dist/tex/latex/carlisle/remreset.sty)
(./sphinxhighlight.sty)
(/usr/share/texlive/texmf-dist/tex/latex/oberdiek/kvoptions.sty
(/usr/share/texlive/texmf-dist/tex/generic/oberdiek/kvsetkeys.sty
(/usr/share/texlive/texmf-dist/tex/generic/oberdiek/etexcmds.sty
(/usr/share/texlive/texmf-dist/tex/generic/oberdiek/ifluatex.sty)))))
(/usr/share/texlive/texmf-dist/tex/latex/geometry/geometry.sty
(/usr/share/texlive/texmf-dist/tex/generic/oberdiek/ifpdf.sty)
(/usr/share/texlive/texmf-dist/tex/generic/oberdiek/ifvtex.sty)
(/usr/share/texlive/texmf-dist/tex/generic/ifxetex/ifxetex.sty))
(/usr/share/texlive/texmf-dist/tex/latex/hyperref/hyperref.sty
(/usr/share/texlive/texmf-dist/tex/generic/oberdiek/hobsub-hyperref.sty
(/usr/share/texlive/texmf-dist/tex/generic/oberdiek/hobsub-generic.sty))
(/usr/share/texlive/texmf-dist/tex/latex/oberdiek/auxhook.sty)
(/usr/share/texlive/texmf-dist/tex/latex/hyperref/pd1enc.def)
(/usr/share/texlive/texmf-dist/tex/latex/latexconfig/hyperref.cfg)
(/usr/share/texlive/texmf-dist/tex/latex/hyperref/puenc.def)
(/usr/share/texlive/texmf-dist/tex/latex/url/url.sty))

Package hyperref Message: Driver (autodetected): hpdftex.

(/usr/share/texlive/texmf-dist/tex/latex/hyperref/hpdftex.def
(/usr/share/texlive/texmf-dist/tex/latex/oberdiek/rerunfilecheck.sty))
(/usr/share/texlive/texmf-dist/tex/latex/oberdiek/hypcap.sty)
Writing index file wave-software-waveos.idx
(./wave-software-waveos.aux)
(/usr/share/texlive/texmf-dist/tex/latex/base/ts1cmr.fd)
(/usr/share/texlive/texmf-dist/tex/latex/psnfss/t1ptm.fd)
(/usr/share/texlive/texmf-dist/tex/context/base/mkii/supp-pdf.mkii
[Loading MPS to PDF converter (version 2006.09.02).]
) (/usr/share/texlive/texmf-dist/tex/latex/oberdiek/epstopdf-base.sty
(/usr/share/texlive/texmf-dist/tex/latex/oberdiek/grfext.sty)
(/usr/share/texlive/texmf-dist/tex/latex/latexconfig/epstopdf-sys.cfg))
*geometry* driver: auto-detecting
*geometry* detected driver: pdftex
(/usr/share/texlive/texmf-dist/tex/latex/hyperref/nameref.sty
(/usr/share/texlive/texmf-dist/tex/generic/oberdiek/gettitlestring.sty))
(./wave-software-waveos.out) (./wave-software-waveos.out)
(/usr/share/texlive/texmf-dist/tex/latex/psnfss/t1phv.fd)
(/usr/share/texlive/texmf-dist/tex/latex/psnfss/ts1phv.fd)<<ot1.cmap>><<oml.cma
p>><<oms.cmap>><<omx.cmap>>
(/usr/share/texlive/texmf-dist/tex/latex/amsfonts/umsa.fd)
(/usr/share/texlive/texmf-dist/tex/latex/amsfonts/umsb.fd) [1{/var/lib/texmf/fo
nts/map/pdftex/updmap/pdftex.map}]

Package Fancyhdr Warning: \fancyfoot's `E' option without twoside option is use
less on input line 68.

(./wave-software-waveos.toc)

Package Fancyhdr Warning: \fancyfoot's `E' option without twoside option is use
less on input line 68.

[1]

Package Fancyhdr Warning: \fancyfoot's `E' option without twoside option is use
less on input line 68.


Package Fancyhdr Warning: \fancyfoot's `E' option without twoside option is use
less on input line 68.


Package Fancyhdr Warning: \fancyhead's `E' option without twoside option is use
less on input line 68.

Chapter 1.
(/usr/share/texlive/texmf-dist/tex/latex/psnfss/ts1ptm.fd)
(/usr/share/texlive/texmf-dist/tex/latex/psnfss/t1pcr.fd)
Underfull \hbox (badness 10000) in paragraph at lines 157--158
[]|\T1/ptm/m/n/10 improved au-

Underfull \hbox (badness 10000) in paragraph at lines 159--161
[]|\T1/ptm/m/n/10 Download 0.4.0

Underfull \hbox (badness 10000) in paragraph at lines 159--161
\T1/ptm/m/n/10 (up-dates it-self to

Underfull \hbox (badness 10000) in paragraph at lines 168--169
[]|\T1/ptm/m/n/10 improved au-

Underfull \hbox (badness 10000) in paragraph at lines 170--172
[]|\T1/ptm/m/n/10 Download 0.4.0

Underfull \hbox (badness 10000) in paragraph at lines 170--172
\T1/ptm/m/n/10 (up-dates it-self to

Underfull \hbox (badness 10000) in paragraph at lines 179--180
[]|\T1/ptm/m/n/10 improved au-

Underfull \hbox (badness 10000) in paragraph at lines 181--183
[]|\T1/ptm/m/n/10 Download 0.4.0

Underfull \hbox (badness 10000) in paragraph at lines 181--183
\T1/ptm/m/n/10 (up-dates it-self to

Underfull \hbox (badness 10000) in paragraph at lines 190--191
[]|\T1/ptm/m/n/10 improved au-

Underfull \hbox (badness 10000) in paragraph at lines 192--194
[]|\T1/ptm/m/n/10 Download 0.4.0

Underfull \hbox (badness 10000) in paragraph at lines 192--194
\T1/ptm/m/n/10 (up-dates it-self to

Underfull \hbox (badness 10000) in paragraph at lines 1--205
[]|[][]$\T1/ptm/m/n/10 https : / / mega .

Underfull \hbox (badness 10000) in paragraph at lines 1--205
\T1/ptm/m/n/10 nz / # ! 4aYSiJiS !

Underfull \hbox (badness 10000) in paragraph at lines 1--205
\T1/ptm/m/n/10 S2VeWes _

Overfull \hbox (46.36818pt too wide) in paragraph at lines 1--205
\T1/ptm/m/n/10 0SPgtxJD2yVxAYrVlQEsvFT _

Underfull \hbox (badness 10000) in paragraph at lines 1--227
[]|[][]$\T1/ptm/m/n/10 https : / / mega .

Underfull \hbox (badness 10000) in paragraph at lines 1--227
\T1/ptm/m/n/10 nz / # ! YbpRgIKS !

Overfull \hbox (151.15735pt too wide) in paragraph at lines 1--227
\T1/ptm/m/n/10 GEpuU9cKBb2Ef0SaEXsjgkXiZDcnIwBwt7lH-[]fQRA-[]A$[][]| 

Underfull \hbox (badness 10000) in paragraph at lines 234--235
[]|\T1/ptm/m/n/10 proof-of-concept

Underfull \hbox (badness 10000) in paragraph at lines 1--238
[]|[][]$\T1/ptm/m/n/10 https : / / mega .

Underfull \hbox (badness 10000) in paragraph at lines 1--238
\T1/ptm/m/n/10 nz / # ! 8HwW1JKZ !

Overfull \hbox (152.0377pt too wide) in paragraph at lines 1--238
\T1/ptm/m/n/10 Hs1HQCEKzNIabAGGtAZ5t2O9ppSve9canZFbBAcl8v8$[][]| 

Package Fancyhdr Warning: \fancyfoot's `E' option without twoside option is use
less on input line 242.

[1] [2]
Underfull \hbox (badness 10000) in paragraph at lines 284--285
[]|\T1/ptm/m/n/10 01-08-

Underfull \hbox (badness 10000) in paragraph at lines 293--294
[]|\T1/ptm/m/n/10 01-08-
[3] [4] [5] [6] [7] [8] [9] [10] [11] [12] (./wave-software-waveos.ind)
[13] (./wave-software-waveos.aux) )
(see the transcript file for additional information){/usr/share/texlive/texmf-d
ist/fonts/enc/dvips/base/8r.enc}</usr/share/texlive/texmf-dist/fonts/type1/urw/
courier/ucrr8a.pfb></usr/share/texlive/texmf-dist/fonts/type1/urw/courier/ucrro
8a.pfb></usr/share/texlive/texmf-dist/fonts/type1/urw/helvetic/uhvb8a.pfb></usr
/share/texlive/texmf-dist/fonts/type1/urw/helvetic/uhvbo8a.pfb></usr/share/texl
ive/texmf-dist/fonts/type1/urw/helvetic/uhvr8a.pfb></usr/share/texlive/texmf-di
st/fonts/type1/urw/times/utmb8a.pfb></usr/share/texlive/texmf-dist/fonts/type1/
urw/times/utmr8a.pfb></usr/share/texlive/texmf-dist/fonts/type1/urw/times/utmri
8a.pfb>
Output written on wave-software-waveos.pdf (15 pages, 134162 bytes).
Transcript written on wave-software-waveos.log.
Latexmk: Index file 'wave-software-waveos.idx' was written
Latexmk: Log file says output to 'wave-software-waveos.pdf'
Latexmk: All targets (wave-software-waveos.pdf) are up-to-date
make[1]: Leaving directory '/mnt/c/Users/loco/Documents/GitHub/gh-docs.hotspotbnb.com/docs/software/app-whitepaper/build/latex'
