\BOOKMARK [0][-]{chapter.1}{\376\377\000R\000e\000l\000e\000a\000s\000e\000\040\000N\000o\000t\000e\000s\000\040\000a\000n\000d\000\040\000N\000o\000t\000i\000c\000e\000s}{}% 1
\BOOKMARK [1][-]{section.1.1}{\376\377\000T\000h\000i\000s\000\040\000R\000e\000l\000e\000a\000s\000e\000\040\000\050\0000\000.\0000\000.\0000\000\051}{chapter.1}% 2
\BOOKMARK [2][-]{subsection.1.1.1}{\376\377\000O\000l\000d\000e\000r\000\040\000V\000e\000r\000s\000i\000o\000n\000s}{section.1.1}% 3
\BOOKMARK [1][-]{section.1.2}{\376\377\000K\000n\000o\000w\000n\000\040\000a\000n\000d\000\040\000C\000o\000r\000r\000e\000c\000t\000e\000d\000\040\000I\000s\000s\000u\000e\000s}{chapter.1}% 4
\BOOKMARK [0][-]{chapter.2}{\376\377\000S\000t\000a\000t\000e\000m\000e\000n\000t}{}% 5
\BOOKMARK [0][-]{chapter.3}{\376\377\000T\000e\000n\000d\000e\000r\000s}{}% 6
\BOOKMARK [1][-]{section.3.1}{\376\377\000E\000s\000t\000i\000m\000a\000t\000e\000s}{chapter.3}% 7
\BOOKMARK [1][-]{section.3.2}{\376\377\000Q\000u\000o\000t\000e\000s}{chapter.3}% 8
\BOOKMARK [0][-]{chapter.4}{\376\377\000B\000i\000l\000l\000a\000b\000l\000e\000s}{}% 9
\BOOKMARK [1][-]{section.4.1}{\376\377\000I\000n\000v\000o\000i\000c\000e\000s}{chapter.4}% 10
\BOOKMARK [1][-]{section.4.2}{\376\377\000R\000e\000c\000e\000i\000p\000t\000s}{chapter.4}% 11
\BOOKMARK [0][-]{chapter.5}{\376\377\000A\000f\000t\000e\000r\000\040\000S\000a\000l\000e\000s}{}% 12
\BOOKMARK [1][-]{section.5.1}{\376\377\000C\000r\000e\000d\000i\000t\000s}{chapter.5}% 13
\BOOKMARK [0][-]{chapter.6}{\376\377\000A\000n\000n\000e\000x\000u\000r\000e\000s}{}% 14
\BOOKMARK [1][-]{section.6.1}{\376\377\000D\000o\000w\000n\000l\000o\000a\000d\000\040\000L\000i\000n\000k\000s}{chapter.6}% 15
\BOOKMARK [1][-]{section.6.2}{\376\377\000T\000e\000n\000d\000e\000r\000s}{chapter.6}% 16
\BOOKMARK [2][-]{subsection.6.2.1}{\376\377\000Q\000u\000o\000t\000e\000s}{section.6.2}% 17
\BOOKMARK [3][-]{subsubsection*.3}{\376\377\000Q\000U\000O\000-\0000\0000\0001\0001}{subsection.6.2.1}% 18
\BOOKMARK [3][-]{subsubsection*.4}{\376\377\000Q\000U\000O\000-\0000\0000\0003\0001}{subsection.6.2.1}% 19
\BOOKMARK [3][-]{subsubsection*.5}{\376\377\000Q\000U\000O\000-\0000\0000\0004\0001}{subsection.6.2.1}% 20
\BOOKMARK [3][-]{subsubsection*.6}{\376\377\000Q\000U\000O\000-\0000\0000\0005\0001}{subsection.6.2.1}% 21
\BOOKMARK [3][-]{subsubsection*.7}{\376\377\000Q\000U\000O\000-\0000\0000\0006\0001}{subsection.6.2.1}% 22
\BOOKMARK [1][-]{section.6.3}{\376\377\000B\000i\000l\000l\000a\000b\000l\000e\000s}{chapter.6}% 23
\BOOKMARK [2][-]{subsection.6.3.1}{\376\377\000I\000n\000v\000o\000i\000c\000e\000s}{section.6.3}% 24
\BOOKMARK [3][-]{subsubsection*.8}{\376\377\000I\000N\000V\000-\0000\0000\0001\0002}{subsection.6.3.1}% 25
\BOOKMARK [3][-]{subsubsection*.9}{\376\377\000I\000N\000V\000-\0000\0000\0002\0002}{subsection.6.3.1}% 26
\BOOKMARK [3][-]{subsubsection*.10}{\376\377\000I\000N\000V\000-\0000\0000\0003\0002}{subsection.6.3.1}% 27
\BOOKMARK [3][-]{subsubsection*.11}{\376\377\000I\000N\000V\000-\0000\0000\0004\0002}{subsection.6.3.1}% 28
\BOOKMARK [3][-]{subsubsection*.12}{\376\377\000I\000N\000V\000-\0000\0000\0005\0002}{subsection.6.3.1}% 29
\BOOKMARK [3][-]{subsubsection*.13}{\376\377\000I\000N\000V\000-\0000\0000\0006\0002}{subsection.6.3.1}% 30
\BOOKMARK [2][-]{subsection.6.3.2}{\376\377\000R\000e\000c\000e\000i\000p\000t\000s}{section.6.3}% 31
\BOOKMARK [3][-]{subsubsection*.14}{\376\377\000R\000C\000T\000-\0000\0000\0001\0003}{subsection.6.3.2}% 32
\BOOKMARK [3][-]{subsubsection*.15}{\376\377\000R\000C\000T\000-\0000\0000\0002\0003}{subsection.6.3.2}% 33
\BOOKMARK [3][-]{subsubsection*.16}{\376\377\000R\000C\000T\000-\0000\0000\0003\0003}{subsection.6.3.2}% 34
\BOOKMARK [3][-]{subsubsection*.17}{\376\377\000R\000C\000T\000-\0000\0000\0004\0003}{subsection.6.3.2}% 35
\BOOKMARK [1][-]{section.6.4}{\376\377\000A\000f\000t\000e\000r\000\040\000S\000a\000l\000e\000s}{chapter.6}% 36
\BOOKMARK [2][-]{subsection.6.4.1}{\376\377\000C\000r\000e\000d\000i\000t\000s}{section.6.4}% 37
\BOOKMARK [3][-]{subsubsection*.18}{\376\377\000C\000R\000E\000-\0000\0000\0003\0004}{subsection.6.4.1}% 38
\BOOKMARK [3][-]{subsubsection*.19}{\376\377\000C\000R\000E\000-\0000\0000\0004\0004}{subsection.6.4.1}% 39
\BOOKMARK [0][-]{chapter.7}{\376\377\000D\000o\000c\000u\000m\000e\000n\000t\000\040\000A\000u\000t\000h\000o\000r\000:}{}% 40
\BOOKMARK [1][-]{section.7.1}{\376\377\000D\000A\000T\000R\000O\000\040\000C\000o\000n\000s\000o\000r\000t\000i\000u\000m}{chapter.7}% 41
