This is pdfTeX, Version 3.14159265-2.6-1.40.21 (TeX Live 2020/Debian) (preloaded format=pdflatex 2021.9.18)  31 DEC 2021 11:45
entering extended mode
 restricted \write18 enabled.
 %&-line parsing enabled.
**consortium_finance-funding_sales8cc.tex
(./consortium_finance-funding_sales8cc.tex
LaTeX2e <2020-02-02> patch level 5
L3 programming layer <2020-07-17> (./sphinxmanual.cls
Document Class: sphinxmanual 2019/12/01 v2.3.0 Document class (Sphinx manual)
(/usr/share/texlive/texmf-dist/tex/latex/base/report.cls
Document Class: report 2019/12/20 v1.4l Standard LaTeX document class
(/usr/share/texlive/texmf-dist/tex/latex/base/size10.clo
File: size10.clo 2019/12/20 v1.4l Standard LaTeX file (size option)
)
\c@part=\count168
\c@chapter=\count169
\c@section=\count170
\c@subsection=\count171
\c@subsubsection=\count172
\c@paragraph=\count173
\c@subparagraph=\count174
\c@figure=\count175
\c@table=\count176
\abovecaptionskip=\skip47
\belowcaptionskip=\skip48
\bibindent=\dimen134
)
LaTeX Info: Redefining \and on input line 35.
)
(/usr/share/texlive/texmf-dist/tex/latex/base/inputenc.sty
Package: inputenc 2018/08/11 v1.3c Input encoding file
\inpenc@prehook=\toks15
\inpenc@posthook=\toks16

(/usr/share/texlive/texmf-dist/tex/latex/ucs/utf8x.def
File: utf8x.def 2004/10/17 UCS: Input encoding UTF-8
))
(/usr/share/texlive/texmf-dist/tex/latex/ucs/ucs.sty
Package: ucs 2013/05/11 v2.2 UCS: Unicode input support

(/usr/share/texlive/texmf-dist/tex/latex/ucs/data/uni-global.def
File: uni-global.def 2013/05/13 UCS: Unicode global data
)
\uc@secondtry=\count177
\uc@combtoks=\toks17
\uc@combtoksb=\toks18
\uc@temptokena=\toks19
)
(/usr/share/texlive/texmf-dist/tex/latex/cmap/cmap.sty
Package: cmap 2008/03/06 v1.0h CMap support: searchable PDF
)
(/usr/share/texlive/texmf-dist/tex/latex/base/fontenc.sty
Package: fontenc 2020/02/11 v2.0o Standard LaTeX package


! Package fontenc Error: Encoding file `t2aenc.def' not found.
(fontenc)                You might have misspelt the name of the encoding.

See the fontenc package documentation for explanation.
Type  H <return>  for immediate help.
 ...                                              
                                                  
l.111 \ProcessOptions*
                      
? R
OK, entering \nonstopmode...
<<t1.cmap>>) (/usr/share/texlive/texmf-dist/tex/latex/amsmath/amsmath.sty
Package: amsmath 2020/01/20 v2.17e AMS math features
\@mathmargin=\skip49

For additional information on amsmath, use the `?' option.
(/usr/share/texlive/texmf-dist/tex/latex/amsmath/amstext.sty
Package: amstext 2000/06/29 v2.01 AMS text

(/usr/share/texlive/texmf-dist/tex/latex/amsmath/amsgen.sty
File: amsgen.sty 1999/11/30 v2.0 generic functions
\@emptytoks=\toks20
\ex@=\dimen135
))
(/usr/share/texlive/texmf-dist/tex/latex/amsmath/amsbsy.sty
Package: amsbsy 1999/11/29 v1.2d Bold Symbols
\pmbraise@=\dimen136
)
(/usr/share/texlive/texmf-dist/tex/latex/amsmath/amsopn.sty
Package: amsopn 2016/03/08 v2.02 operator names
)
\inf@bad=\count178
LaTeX Info: Redefining \frac on input line 227.
\uproot@=\count179
\leftroot@=\count180
LaTeX Info: Redefining \overline on input line 389.
\classnum@=\count181
\DOTSCASE@=\count182
LaTeX Info: Redefining \ldots on input line 486.
LaTeX Info: Redefining \dots on input line 489.
LaTeX Info: Redefining \cdots on input line 610.
\Mathstrutbox@=\box45
\strutbox@=\box46
\big@size=\dimen137
LaTeX Font Info:    Redeclaring font encoding OML on input line 733.
LaTeX Font Info:    Redeclaring font encoding OMS on input line 734.
\macc@depth=\count183
\c@MaxMatrixCols=\count184
\dotsspace@=\muskip16
\c@parentequation=\count185
\dspbrk@lvl=\count186
\tag@help=\toks21
\row@=\count187
\column@=\count188
\maxfields@=\count189
\andhelp@=\toks22
\eqnshift@=\dimen138
\alignsep@=\dimen139
\tagshift@=\dimen140
\tagwidth@=\dimen141
\totwidth@=\dimen142
\lineht@=\dimen143
\@envbody=\toks23
\multlinegap=\skip50
\multlinetaggap=\skip51
\mathdisplay@stack=\toks24
LaTeX Info: Redefining \[ on input line 2859.
LaTeX Info: Redefining \] on input line 2860.
)
(/usr/share/texlive/texmf-dist/tex/latex/amsfonts/amssymb.sty
Package: amssymb 2013/01/14 v3.01 AMS font symbols

(/usr/share/texlive/texmf-dist/tex/latex/amsfonts/amsfonts.sty
Package: amsfonts 2013/01/14 v3.01 Basic AMSFonts support
\symAMSa=\mathgroup4
\symAMSb=\mathgroup5
LaTeX Font Info:    Redeclaring math symbol \hbar on input line 98.
LaTeX Font Info:    Overwriting math alphabet `\mathfrak' in version `bold'
(Font)                  U/euf/m/n --> U/euf/b/n on input line 106.
))
(/usr/share/texlive/texmf-dist/tex/generic/babel/babel.sty
Package: babel 2020/07/13 3.47 The Babel package

(/usr/share/texlive/texmf-dist/tex/generic/babel/babel.def
File: babel.def 2020/07/13 3.47 Babel common definitions
\babel@savecnt=\count190
\U@D=\dimen144
\l@babelnohyphens=\language30

(/usr/share/texlive/texmf-dist/tex/generic/babel/txtbabel.def)
\bbl@readstream=\read2
)
\bbl@dirlevel=\count191

(/usr/share/texlive/texmf-dist/tex/generic/babel-english/english.ldf
Language: english 2017/06/06 v3.3r English support from the babel system
Package babel Info: \l@british = using hyphenrules for english
(babel)             (\language0) on input line 82.
Package babel Info: \l@UKenglish = using hyphenrules for english
(babel)             (\language0) on input line 83.
Package babel Info: \l@canadian = using hyphenrules for english
(babel)             (\language0) on input line 102.
Package babel Info: \l@australian = using hyphenrules for english
(babel)             (\language0) on input line 105.
Package babel Info: \l@newzealand = using hyphenrules for english
(babel)             (\language0) on input line 108.
))
(/usr/share/texlive/texmf-dist/tex/latex/substitutefont/substitutefont.sty
Package: substitutefont 2012/07/07 v0.1.3 combine font families
)
(./sphinxpackagecyrillic.sty
Package: sphinxpackagecyrillic 2018/11/21 v2.0 support for Cyrillic in non-Cyri
llic documents

(/usr/share/texlive/texmf-dist/tex/latex/kvoptions/kvoptions.sty
Package: kvoptions 2019/11/29 v3.13 Key value format for package options (HO)

(/usr/share/texlive/texmf-dist/tex/latex/graphics/keyval.sty
Package: keyval 2014/10/28 v1.15 key=value parser (DPC)
\KV@toks@=\toks25
)
(/usr/share/texlive/texmf-dist/tex/generic/ltxcmds/ltxcmds.sty
Package: ltxcmds 2019/12/15 v1.24 LaTeX kernel commands for general use (HO)
)
(/usr/share/texlive/texmf-dist/tex/generic/kvsetkeys/kvsetkeys.sty
Package: kvsetkeys 2019/12/15 v1.18 Key value parser (HO)
)))
(/usr/share/texmf/tex/latex/tex-gyre/tgtermes.sty
Package: tgtermes 2009/09/27 v1.2 TeX Gyre Termes as default roman family
)
(/usr/share/texmf/tex/latex/tex-gyre/tgheros.sty
Package: tgheros 2009/09/27 v1.2 TeX Gyre Heros as default sans serif family
)
(/usr/share/texlive/texmf-dist/tex/latex/fncychap/fncychap.sty
Package: fncychap 2007/07/30 v1.34 LaTeX package (Revised chapters)
\RW=\skip52
\mylen=\skip53
\myhi=\skip54
\px=\skip55
\py=\skip56
\pyy=\skip57
\pxx=\skip58
\c@AlphaCnt=\count192
\c@AlphaDecCnt=\count193
) (./sphinx.sty
Package: sphinx 2021/01/27 v4.0.0 LaTeX package (Sphinx markup)

(/usr/share/texlive/texmf-dist/tex/latex/xcolor/xcolor.sty
Package: xcolor 2016/05/11 v2.12 LaTeX color extensions (UK)

(/usr/share/texlive/texmf-dist/tex/latex/graphics-cfg/color.cfg
File: color.cfg 2016/01/02 v1.6 sample color configuration
)
Package xcolor Info: Driver file: pdftex.def on input line 225.

(/usr/share/texlive/texmf-dist/tex/latex/graphics-def/pdftex.def
File: pdftex.def 2018/01/08 v1.0l Graphics/color driver for pdftex
)
Package xcolor Info: Model `cmy' substituted by `cmy0' on input line 1348.
Package xcolor Info: Model `hsb' substituted by `rgb' on input line 1352.
Package xcolor Info: Model `RGB' extended on input line 1364.
Package xcolor Info: Model `HTML' substituted by `rgb' on input line 1366.
Package xcolor Info: Model `Hsb' substituted by `hsb' on input line 1367.
Package xcolor Info: Model `tHsb' substituted by `hsb' on input line 1368.
Package xcolor Info: Model `HSB' substituted by `hsb' on input line 1369.
Package xcolor Info: Model `Gray' substituted by `gray' on input line 1370.
Package xcolor Info: Model `wave' substituted by `hsb' on input line 1371.
)
\sphinxverbatimsep=\dimen145
\sphinxverbatimborder=\dimen146
\sphinxshadowsep=\dimen147
\sphinxshadowsize=\dimen148
\sphinxshadowrule=\dimen149
\spx@notice@border=\dimen150

(./sphinxoptionshyperref.sty
File: sphinxoptionshyperref.sty 2021/01/27 hyperref
) (./sphinxoptionsgeometry.sty
File: sphinxoptionsgeometry.sty 2021/01/27 geometry
)
(/usr/share/texlive/texmf-dist/tex/latex/base/textcomp.sty
Package: textcomp 2020/02/02 v2.0n Standard LaTeX package
)
(/usr/share/texlive/texmf-dist/tex/latex/float/float.sty
Package: float 2001/11/08 v1.3d Float enhancements (AL)
\c@float@type=\count194
\float@exts=\toks26
\float@box=\box47
\@float@everytoks=\toks27
\@floatcapt=\box48
)
(/usr/share/texlive/texmf-dist/tex/latex/wrapfig/wrapfig.sty
\wrapoverhang=\dimen151
\WF@size=\dimen152
\c@WF@wrappedlines=\count195
\WF@box=\box49
\WF@everypar=\toks28
Package: wrapfig 2003/01/31  v 3.6
)
(/usr/share/texlive/texmf-dist/tex/latex/capt-of/capt-of.sty
Package: capt-of 2009/12/29 v0.2 standard captions outside of floats
)
(/usr/share/texlive/texmf-dist/tex/latex/tools/multicol.sty
Package: multicol 2019/12/09 v1.8y multicolumn formatting (FMi)
\c@tracingmulticols=\count196
\mult@box=\box50
\multicol@leftmargin=\dimen153
\c@unbalance=\count197
\c@collectmore=\count198
\doublecol@number=\count199
\multicoltolerance=\count266
\multicolpretolerance=\count267
\full@width=\dimen154
\page@free=\dimen155
\premulticols=\dimen156
\postmulticols=\dimen157
\multicolsep=\skip59
\multicolbaselineskip=\skip60
\partial@page=\box51
\last@line=\box52
\maxbalancingoverflow=\dimen158
\mult@rightbox=\box53
\mult@grightbox=\box54
\mult@gfirstbox=\box55
\mult@firstbox=\box56
\@tempa=\box57
\@tempa=\box58
\@tempa=\box59
\@tempa=\box60
\@tempa=\box61
\@tempa=\box62
\@tempa=\box63
\@tempa=\box64
\@tempa=\box65
\@tempa=\box66
\@tempa=\box67
\@tempa=\box68
\@tempa=\box69
\@tempa=\box70
\@tempa=\box71
\@tempa=\box72
\@tempa=\box73
\@tempa=\box74
\@tempa=\box75
\@tempa=\box76
\@tempa=\box77
\@tempa=\box78
\@tempa=\box79
\@tempa=\box80
\@tempa=\box81
\@tempa=\box82
\@tempa=\box83
\@tempa=\box84
\@tempa=\box85
\@tempa=\box86
\@tempa=\box87
\@tempa=\box88
\@tempa=\box89
\@tempa=\box90
\@tempa=\box91
\@tempa=\box92
\@tempa=\box93
\c@minrows=\count268
\c@columnbadness=\count269
\c@finalcolumnbadness=\count270
\last@try=\dimen159
\multicolovershoot=\dimen160
\multicolundershoot=\dimen161
\mult@nat@firstbox=\box94
\colbreak@box=\box95
\mc@col@check@num=\count271
)
(/usr/share/texlive/texmf-dist/tex/latex/graphics/graphicx.sty
Package: graphicx 2019/11/30 v1.2a Enhanced LaTeX Graphics (DPC,SPQR)

(/usr/share/texlive/texmf-dist/tex/latex/graphics/graphics.sty
Package: graphics 2019/11/30 v1.4a Standard LaTeX Graphics (DPC,SPQR)

(/usr/share/texlive/texmf-dist/tex/latex/graphics/trig.sty
Package: trig 2016/01/03 v1.10 sin cos tan (DPC)
)
(/usr/share/texlive/texmf-dist/tex/latex/graphics-cfg/graphics.cfg
File: graphics.cfg 2016/06/04 v1.11 sample graphics configuration
)
Package graphics Info: Driver file: pdftex.def on input line 105.
)
\Gin@req@height=\dimen162
\Gin@req@width=\dimen163
)
(./sphinxlatexgraphics.sty
File: sphinxlatexgraphics.sty 2021/01/27 graphics
\spx@image@maxheight=\dimen164
\spx@image@box=\box96
) (./sphinxlatexadmonitions.sty
File: sphinxlatexadmonitions.sty 2021/01/27 admonitions

(/usr/share/texlive/texmf-dist/tex/latex/framed/framed.sty
Package: framed 2011/10/22 v 0.96: framed or shaded text with page breaks
\OuterFrameSep=\skip61
\fb@frw=\dimen165
\fb@frh=\dimen166
\FrameRule=\dimen167
\FrameSep=\dimen168
))
(./sphinxlatexliterals.sty
File: sphinxlatexliterals.sty 2021/01/27 code-blocks and parsed literals

(/usr/share/texlive/texmf-dist/tex/latex/fancyvrb/fancyvrb.sty
Package: fancyvrb 2020/05/03 v3.6 verbatim text (tvz,hv)
\FV@CodeLineNo=\count272
\FV@InFile=\read3
\FV@TabBox=\box97
\c@FancyVerbLine=\count273
\FV@StepNumber=\count274
\FV@OutFile=\write3
)
(/usr/share/texlive/texmf-dist/tex/latex/base/alltt.sty
Package: alltt 1997/06/16 v2.0g defines alltt environment
)
(/usr/share/texlive/texmf-dist/tex/latex/upquote/upquote.sty
Package: upquote 2012/04/19 v1.3 upright-quote and grave-accent glyphs in verba
tim
)
(/usr/share/texlive/texmf-dist/tex/latex/needspace/needspace.sty
Package: needspace 2010/09/12 v1.3d reserve vertical space
)
\sphinxcontinuationbox=\box98
\sphinxvisiblespacebox=\box99
\sphinxVerbatim@TitleBox=\box100
\sphinxVerbatim@ContentsBox=\box101
\spx@scratchbox=\box102
)
(./sphinxlatexshadowbox.sty
File: sphinxlatexshadowbox.sty 2021/01/27 sphinxShadowBox
) (./sphinxlatexcontainers.sty
File: sphinxlatexcontainers.sty 2021/05/03 containers
)
(./sphinxhighlight.sty
Package: sphinxhighlight 2016/05/29 stylesheet for highlighting with pygments
) (./sphinxlatextables.sty
File: sphinxlatextables.sty 2021/01/27 tables

(/usr/share/texlive/texmf-dist/tex/latex/tabulary/tabulary.sty
Package: tabulary 2014/06/11 v0.10 tabulary package (DPC)

(/usr/share/texlive/texmf-dist/tex/latex/tools/array.sty
Package: array 2019/08/31 v2.4l Tabular extension package (FMi)
\col@sep=\dimen169
\ar@mcellbox=\box103
\extrarowheight=\dimen170
\NC@list=\toks29
\extratabsurround=\skip62
\backup@length=\skip63
\ar@cellbox=\box104
)
\TY@count=\count275
\TY@linewidth=\dimen171
\tymin=\dimen172
\tymax=\dimen173
\TY@tablewidth=\dimen174
)
(/usr/share/texlive/texmf-dist/tex/latex/tools/longtable.sty
Package: longtable 2020/01/07 v4.13 Multi-page Table package (DPC)
\LTleft=\skip64
\LTright=\skip65
\LTpre=\skip66
\LTpost=\skip67
\LTchunksize=\count276
\LTcapwidth=\dimen175
\LT@head=\box105
\LT@firsthead=\box106
\LT@foot=\box107
\LT@lastfoot=\box108
\LT@cols=\count277
\LT@rows=\count278
\c@LT@tables=\count279
\c@LT@chunks=\count280
\LT@p@ftn=\toks30
)
(/usr/share/texlive/texmf-dist/tex/latex/varwidth/varwidth.sty
Package: varwidth 2009/03/30 ver 0.92;  Variable-width minipages
\@vwid@box=\box109
\sift@deathcycles=\count281
\@vwid@loff=\dimen176
\@vwid@roff=\dimen177
)
\sphinx@TY@tablewidth=\dimen178
)
(./sphinxlatexnumfig.sty
File: sphinxlatexnumfig.sty 2021/01/27 numbering
) (./sphinxlatexlists.sty
File: sphinxlatexlists.sty 2021/01/27 lists
)
\c@sphinxscope=\count282
\c@sphinxexplicit=\count283
 (./sphinxpackagefootnote.sty
Package: sphinxpackagefootnote 2021/02/04 v1.1d footnotehyper adapted to sphinx
 (Sphinx team)
\FNH@notes=\box110
\FNH@toks=\toks31
\FNH@width=\dimen179
) (./sphinxlatexindbibtoc.sty
File: sphinxlatexindbibtoc.sty 2021/01/27 index, bib., toc

(/usr/share/texlive/texmf-dist/tex/latex/base/makeidx.sty
Package: makeidx 2014/09/29 v1.0m Standard LaTeX package
))
(./sphinxlatexstylepage.sty
File: sphinxlatexstylepage.sty 2021/01/27 page styling

(/usr/share/texlive/texmf-dist/tex/latex/parskip/parskip.sty
Rollback for package 'parskip' requested -> version 'v1'.
         This corresponds to the release introduced on 2001-04-09.

(/usr/share/texlive/texmf-dist/tex/latex/parskip/parskip-2001-04-09.sty
Package: parskip 2001/04/09 non-zero parskip adjustments
))
(/usr/share/texlive/texmf-dist/tex/latex/fancyhdr/fancyhdr.sty
Package: fancyhdr 2019/01/31 v3.10 Extensive control of page headers and footer
s
\f@nch@headwidth=\skip68
\f@nch@O@elh=\skip69
\f@nch@O@erh=\skip70
\f@nch@O@olh=\skip71
\f@nch@O@orh=\skip72
\f@nch@O@elf=\skip73
\f@nch@O@erf=\skip74
\f@nch@O@olf=\skip75
\f@nch@O@orf=\skip76
))
(./sphinxlatexstyleheadings.sty
File: sphinxlatexstyleheadings.sty 2021/01/27 headings

(/usr/share/texlive/texmf-dist/tex/latex/titlesec/titlesec.sty
Package: titlesec 2019/10/16 v2.13 Sectioning titles
\ttl@box=\box111
\beforetitleunit=\skip77
\aftertitleunit=\skip78
\ttl@plus=\dimen180
\ttl@minus=\dimen181
\ttl@toksa=\toks32
\titlewidth=\dimen182
\titlewidthlast=\dimen183
\titlewidthfirst=\dimen184
))
(./sphinxlatexstyletext.sty
File: sphinxlatexstyletext.sty 2021/01/27 text styling
) (./sphinxlatexobjects.sty
File: sphinxlatexobjects.sty 2021/01/27 documentation environments
\py@argswidth=\skip79
\lineblockindentation=\skip80
\DUlineblockindent=\skip81
))
(/usr/share/texlive/texmf-dist/tex/latex/geometry/geometry.sty
Package: geometry 2020/01/02 v5.9 Page Geometry

(/usr/share/texlive/texmf-dist/tex/generic/iftex/ifvtex.sty
Package: ifvtex 2019/10/25 v1.7 ifvtex legacy package. Use iftex instead.

(/usr/share/texlive/texmf-dist/tex/generic/iftex/iftex.sty
Package: iftex 2020/03/06 v1.0d TeX engine tests
))
\Gm@cnth=\count284
\Gm@cntv=\count285
\c@Gm@tempcnt=\count286
\Gm@bindingoffset=\dimen185
\Gm@wd@mp=\dimen186
\Gm@odd@mp=\dimen187
\Gm@even@mp=\dimen188
\Gm@layoutwidth=\dimen189
\Gm@layoutheight=\dimen190
\Gm@layouthoffset=\dimen191
\Gm@layoutvoffset=\dimen192
\Gm@dimlist=\toks33
)
(/usr/share/texlive/texmf-dist/tex/latex/hyperref/hyperref.sty
Package: hyperref 2020-05-15 v7.00e Hypertext links for LaTeX

(/usr/share/texlive/texmf-dist/tex/generic/pdftexcmds/pdftexcmds.sty
Package: pdftexcmds 2020-06-27 v0.33 Utility functions of pdfTeX for LuaTeX (HO
)

(/usr/share/texlive/texmf-dist/tex/generic/infwarerr/infwarerr.sty
Package: infwarerr 2019/12/03 v1.5 Providing info/warning/error messages (HO)
)
Package pdftexcmds Info: \pdf@primitive is available.
Package pdftexcmds Info: \pdf@ifprimitive is available.
Package pdftexcmds Info: \pdfdraftmode found.
)
(/usr/share/texlive/texmf-dist/tex/generic/kvdefinekeys/kvdefinekeys.sty
Package: kvdefinekeys 2019-12-19 v1.6 Define keys (HO)
)
(/usr/share/texlive/texmf-dist/tex/generic/pdfescape/pdfescape.sty
Package: pdfescape 2019/12/09 v1.15 Implements pdfTeX's escape features (HO)
)
(/usr/share/texlive/texmf-dist/tex/latex/hycolor/hycolor.sty
Package: hycolor 2020-01-27 v1.10 Color options for hyperref/bookmark (HO)
)
(/usr/share/texlive/texmf-dist/tex/latex/letltxmacro/letltxmacro.sty
Package: letltxmacro 2019/12/03 v1.6 Let assignment for LaTeX macros (HO)
)
(/usr/share/texlive/texmf-dist/tex/latex/auxhook/auxhook.sty
Package: auxhook 2019-12-17 v1.6 Hooks for auxiliary files (HO)
)
\@linkdim=\dimen193
\Hy@linkcounter=\count287
\Hy@pagecounter=\count288

(/usr/share/texlive/texmf-dist/tex/latex/hyperref/pd1enc.def
File: pd1enc.def 2020-05-15 v7.00e Hyperref: PDFDocEncoding definition (HO)
)
(/usr/share/texlive/texmf-dist/tex/generic/intcalc/intcalc.sty
Package: intcalc 2019/12/15 v1.3 Expandable calculations with integers (HO)
)
(/usr/share/texlive/texmf-dist/tex/generic/etexcmds/etexcmds.sty
Package: etexcmds 2019/12/15 v1.7 Avoid name clashes with e-TeX commands (HO)
)
\Hy@SavedSpaceFactor=\count289
Package hyperref Info: Option `unicode' set `true' on input line 4338.

(/usr/share/texlive/texmf-dist/tex/latex/hyperref/puenc.def
File: puenc.def 2020-05-15 v7.00e Hyperref: PDF Unicode definition (HO)
)
Package hyperref Info: Option `colorlinks' set `true' on input line 4338.
Package hyperref Info: Option `breaklinks' set `true' on input line 4338.
Package hyperref Info: Hyper figures OFF on input line 4464.
Package hyperref Info: Link nesting OFF on input line 4469.
Package hyperref Info: Hyper index ON on input line 4472.
Package hyperref Info: Plain pages OFF on input line 4479.
Package hyperref Info: Backreferencing OFF on input line 4484.
Package hyperref Info: Implicit mode ON; LaTeX internals redefined.
Package hyperref Info: Bookmarks ON on input line 4717.
\c@Hy@tempcnt=\count290

(/usr/share/texlive/texmf-dist/tex/latex/url/url.sty
\Urlmuskip=\muskip17
Package: url 2013/09/16  ver 3.4  Verb mode for urls, etc.
)
LaTeX Info: Redefining \url on input line 5076.
\XeTeXLinkMargin=\dimen194

(/usr/share/texlive/texmf-dist/tex/generic/bitset/bitset.sty
Package: bitset 2019/12/09 v1.3 Handle bit-vector datatype (HO)

(/usr/share/texlive/texmf-dist/tex/generic/bigintcalc/bigintcalc.sty
Package: bigintcalc 2019/12/15 v1.5 Expandable calculations on big integers (HO
)
))
\Fld@menulength=\count291
\Field@Width=\dimen195
\Fld@charsize=\dimen196
Package hyperref Info: Hyper figures OFF on input line 6347.
Package hyperref Info: Link nesting OFF on input line 6352.
Package hyperref Info: Hyper index ON on input line 6355.
Package hyperref Info: backreferencing OFF on input line 6362.
Package hyperref Info: Link coloring ON on input line 6365.
Package hyperref Info: Link coloring with OCG OFF on input line 6372.
Package hyperref Info: PDF/A mode OFF on input line 6377.
LaTeX Info: Redefining \ref on input line 6417.
LaTeX Info: Redefining \pageref on input line 6421.

(/usr/share/texlive/texmf-dist/tex/generic/atbegshi/atbegshi.sty
Package: atbegshi 2019/12/05 v1.19 At begin shipout hook (HO)
)
\Hy@abspage=\count292
\c@Item=\count293
\c@Hfootnote=\count294
)
Package hyperref Info: Driver (autodetected): hpdftex.

(/usr/share/texlive/texmf-dist/tex/latex/hyperref/hpdftex.def
File: hpdftex.def 2020-05-15 v7.00e Hyperref driver for pdfTeX

(/usr/share/texlive/texmf-dist/tex/latex/atveryend/atveryend.sty
Package: atveryend 2019-12-11 v1.11 Hooks at the very end of document (HO)
Package atveryend Info: \enddocument detected (standard20110627).
)
\Fld@listcount=\count295
\c@bookmark@seq@number=\count296

(/usr/share/texlive/texmf-dist/tex/latex/rerunfilecheck/rerunfilecheck.sty
Package: rerunfilecheck 2019/12/05 v1.9 Rerun checks for auxiliary files (HO)

(/usr/share/texlive/texmf-dist/tex/generic/uniquecounter/uniquecounter.sty
Package: uniquecounter 2019/12/15 v1.4 Provide unlimited unique counter (HO)
)
Package uniquecounter Info: New unique counter `rerunfilecheck' on input line 2
86.
)
\Hy@SectionHShift=\skip82
)
(/usr/share/texlive/texmf-dist/tex/latex/oberdiek/hypcap.sty
Package: hypcap 2016/05/16 v1.12 Adjusting the anchors of captions (HO)
)
(./sphinxmessages.sty
Package: sphinxmessages 2019/01/04 v2.0 Localized LaTeX macros (Sphinx team)
)
\@indexfile=\write4
\openout4 = `consortium_finance-funding_sales8cc.idx'.


Writing index file consortium_finance-funding_sales8cc.idx
(/usr/share/texlive/texmf-dist/tex/latex/l3backend/l3backend-pdfmode.def
File: l3backend-pdfmode.def 2020-06-29 L3 backend support: PDF mode
\l__kernel_color_stack_int=\count297
\l__pdf_internal_box=\box112
)
(./consortium_finance-funding_sales8cc.aux)
\openout1 = `consortium_finance-funding_sales8cc.aux'.

LaTeX Font Info:    Checking defaults for OML/cmm/m/it on input line 78.
LaTeX Font Info:    ... okay on input line 78.
LaTeX Font Info:    Checking defaults for OMS/cmsy/m/n on input line 78.
LaTeX Font Info:    ... okay on input line 78.
LaTeX Font Info:    Checking defaults for OT1/cmr/m/n on input line 78.
LaTeX Font Info:    ... okay on input line 78.
LaTeX Font Info:    Checking defaults for T1/cmr/m/n on input line 78.
LaTeX Font Info:    ... okay on input line 78.
LaTeX Font Info:    Checking defaults for TS1/cmr/m/n on input line 78.
LaTeX Font Info:    ... okay on input line 78.
LaTeX Font Info:    Checking defaults for OMX/cmex/m/n on input line 78.
LaTeX Font Info:    ... okay on input line 78.
LaTeX Font Info:    Checking defaults for U/cmr/m/n on input line 78.
LaTeX Font Info:    ... okay on input line 78.
LaTeX Font Info:    Checking defaults for PD1/pdf/m/n on input line 78.
LaTeX Font Info:    ... okay on input line 78.
LaTeX Font Info:    Checking defaults for PU/pdf/m/n on input line 78.
LaTeX Font Info:    ... okay on input line 78.
LaTeX Font Info:    Trying to load font information for T1+qtm on input line 78
.

(/usr/share/texmf/tex/latex/tex-gyre/t1qtm.fd
File: t1qtm.fd 2009/09/25 v1.2 font definition file for T1/qtm
)
(/usr/share/texlive/texmf-dist/tex/latex/ucs/ucsencs.def
File: ucsencs.def 2011/01/21 Fixes to fontencodings LGR, T3
)
(/usr/share/texlive/texmf-dist/tex/context/base/mkii/supp-pdf.mkii
[Loading MPS to PDF converter (version 2006.09.02).]
\scratchcounter=\count298
\scratchdimen=\dimen197
\scratchbox=\box113
\nofMPsegments=\count299
\nofMParguments=\count300
\everyMPshowfont=\toks34
\MPscratchCnt=\count301
\MPscratchDim=\dimen198
\MPnumerator=\count302
\makeMPintoPDFobject=\count303
\everyMPtoPDFconversion=\toks35
) (/usr/share/texlive/texmf-dist/tex/latex/epstopdf-pkg/epstopdf-base.sty
Package: epstopdf-base 2020-01-24 v2.11 Base part for package epstopdf
Package epstopdf-base Info: Redefining graphics rule for `.eps' on input line 4
85.

(/usr/share/texlive/texmf-dist/tex/latex/latexconfig/epstopdf-sys.cfg
File: epstopdf-sys.cfg 2010/07/13 v1.3 Configuration of (r)epstopdf for TeX Liv
e
))
\c@literalblock=\count304

*geometry* driver: auto-detecting
*geometry* detected driver: pdftex
*geometry* verbose mode - [ preamble ] result:
* driver: pdftex
* paper: letterpaper
* layout: <same size as paper>
* layoutoffset:(h,v)=(0.0pt,0.0pt)
* modes: 
* h-part:(L,W,R)=(72.26999pt, 469.75502pt, 72.26999pt)
* v-part:(T,H,B)=(72.26999pt, 650.43001pt, 72.26999pt)
* \paperwidth=614.295pt
* \paperheight=794.96999pt
* \textwidth=469.75502pt
* \textheight=650.43001pt
* \oddsidemargin=0.0pt
* \evensidemargin=0.0pt
* \topmargin=-37.0pt
* \headheight=12.0pt
* \headsep=25.0pt
* \topskip=10.0pt
* \footskip=30.0pt
* \marginparwidth=36.135pt
* \marginparsep=11.0pt
* \columnsep=10.0pt
* \skip\footins=9.0pt plus 4.0pt minus 2.0pt
* \hoffset=0.0pt
* \voffset=0.0pt
* \mag=1000
* \@twocolumnfalse
* \@twosidefalse
* \@mparswitchfalse
* \@reversemarginfalse
* (1in=72.27pt=25.4mm, 1cm=28.453pt)

\AtBeginShipoutBox=\box114
Package hyperref Info: Link coloring ON on input line 78.
(/usr/share/texlive/texmf-dist/tex/latex/hyperref/nameref.sty
Package: nameref 2019/09/16 v2.46 Cross-referencing by name of section

(/usr/share/texlive/texmf-dist/tex/latex/refcount/refcount.sty
Package: refcount 2019/12/15 v3.6 Data extraction from label references (HO)
)
(/usr/share/texlive/texmf-dist/tex/generic/gettitlestring/gettitlestring.sty
Package: gettitlestring 2019/12/15 v1.6 Cleanup title references (HO)
)
\c@section@level=\count305
)
LaTeX Info: Redefining \ref on input line 78.
LaTeX Info: Redefining \pageref on input line 78.
LaTeX Info: Redefining \nameref on input line 78.
\@outlinefile=\write5
\openout5 = `consortium_finance-funding_sales8cc.out'.

Package hyperref Info: Option `pageanchor' set `false' on input line 86.
LaTeX Font Info:    Trying to load font information for T1+qhv on input line 86
.

(/usr/share/texmf/tex/latex/tex-gyre/t1qhv.fd
File: t1qhv.fd 2009/09/25 v1.2 font definition file for T1/qhv
)<<ot1.cmap>><<oml.cmap>><<oms.cmap>><<omx.cmap>>
LaTeX Font Info:    Trying to load font information for U+msa on input line 86.

 (/usr/share/texlive/texmf-dist/tex/latex/amsfonts/umsa.fd
File: umsa.fd 2013/01/14 v3.01 AMS symbols A
)
LaTeX Font Info:    Trying to load font information for U+msb on input line 86.


(/usr/share/texlive/texmf-dist/tex/latex/amsfonts/umsb.fd
File: umsb.fd 2013/01/14 v3.01 AMS symbols B
) [1

{/var/lib/texmf/fonts/map/pdftex/updmap/pdftex.map}]
\tf@toc=\write6
\openout6 = `consortium_finance-funding_sales8cc.toc'.

 [1



]
Chapter 1.
(/usr/share/texlive/texmf-dist/tex/latex/ucs/data/uni-32.def
File: uni-32.def 2013/05/13 UCS: Unicode data U+2000..U+20FF
)
LaTeX Font Info:    Trying to load font information for TS1+qtm on input line 1
03.

(/usr/share/texmf/tex/latex/tex-gyre/ts1qtm.fd
File: ts1qtm.fd 2009/09/25 v1.2 font definition file for TS1/qtm
) [1


]
Chapter 2.
(/usr/share/texlive/texmf-dist/tex/latex/ucs/data/uni-0.def
File: uni-0.def 2013/05/13 UCS: Unicode data U+0000..U+00FF
)
LaTeX Font Info:    Trying to load font information for TS1+qhv on input line 2
38.

(/usr/share/texmf/tex/latex/tex-gyre/ts1qhv.fd
File: ts1qhv.fd 2009/09/25 v1.2 font definition file for TS1/qhv
)

LaTeX Warning: Hyper reference `annex-list:inv-0012' on page 2 undefined on inp
ut line 251.


LaTeX Warning: Hyper reference `annex-list:rct-0013' on page 2 undefined on inp
ut line 270.


LaTeX Warning: Hyper reference `annex-list:rct-0023' on page 2 undefined on inp
ut line 289.


LaTeX Warning: Hyper reference `annex-list:inv-0032' on page 2 undefined on inp
ut line 308.


LaTeX Warning: Hyper reference `annex-list:rct-0033' on page 2 undefined on inp
ut line 327.


LaTeX Warning: Hyper reference `annex-list:cre-0034' on page 2 undefined on inp
ut line 346.


Underfull \hbox (badness 10000) in paragraph at lines 357--360
[]|\T1/qtm/m/n/10 -
 []


LaTeX Warning: Hyper reference `annex-list:inv-0042' on page 2 undefined on inp
ut line 365.

(/usr/share/texlive/texmf-dist/tex/latex/ucs/data/uni-34.def
File: uni-34.def 2013/05/13 UCS: Unicode data U+2200..U+22FF
)
Overfull \hbox (5.7423pt too wide) in paragraph at lines 376--379
[]|$\OMS/cmsy/m/n/10 ^^@$\T1/qtm/m/n/10 1051.66| 
 []


LaTeX Warning: Hyper reference `annex-list:rct-0043' on page 2 undefined on inp
ut line 384.


Overfull \hbox (5.7423pt too wide) in paragraph at lines 395--398
[]|$\OMS/cmsy/m/n/10 ^^@$\T1/qtm/m/n/10 2051.66| 
 []


LaTeX Warning: Hyper reference `annex-list:cre-0044' on page 2 undefined on inp
ut line 403.


Overfull \hbox (5.7423pt too wide) in paragraph at lines 414--417
[]|$\OMS/cmsy/m/n/10 ^^@$\T1/qtm/m/n/10 3348.82| 
 []


LaTeX Warning: Hyper reference `annex-list:inv-0052' on page 2 undefined on inp
ut line 422.


Overfull \hbox (0.7423pt too wide) in paragraph at lines 433--436
[]|$\OMS/cmsy/m/n/10 ^^@$\T1/qtm/m/n/10 537.81| 
 []


LaTeX Warning: Hyper reference `annex-list:inv-0062' on page 2 undefined on inp
ut line 441.

[2

]
Chapter 3.

Overfull \hbox (5.60976pt too wide) in paragraph at lines 502--505
[]|\T1/qhv/b/n/10 GO| 
 []


Overfull \hbox (2.82224pt too wide) in paragraph at lines 583--586
[]|\T1/qhv/b/n/10 Go| 
 []


LaTeX Warning: Hyper reference `annex-list:quo-0011' on page 3 undefined on inp
ut line 591.


Underfull \hbox (badness 10000) in paragraph at lines 593--595
[]|\T1/qtm/m/n/10 El-e-ment/Matrix
 []


LaTeX Warning: Hyper reference `annex-list:quo-0031' on page 3 undefined on inp
ut line 613.


LaTeX Warning: Hyper reference `annex-list:quo-0041' on page 3 undefined on inp
ut line 635.


Underfull \hbox (badness 10000) in paragraph at lines 637--639
[]|\T1/qtm/m/n/10 Hard-ware (Up-
 []


LaTeX Warning: Hyper reference `annex-list:quo-0051' on page 3 undefined on inp
ut line 657.


LaTeX Warning: Hyper reference `annex-list:quo-0061' on page 3 undefined on inp
ut line 676.

[3

]
Chapter 4.

LaTeX Warning: Hyper reference `annex-list:inv-0012' on page 4 undefined on inp
ut line 741.


LaTeX Warning: Hyper reference `annex-list:inv-0032' on page 4 undefined on inp
ut line 760.


LaTeX Warning: Hyper reference `annex-list:inv-0042' on page 4 undefined on inp
ut line 779.


LaTeX Warning: Hyper reference `annex-list:inv-0052' on page 4 undefined on inp
ut line 798.


LaTeX Warning: Hyper reference `annex-list:inv-0062' on page 4 undefined on inp
ut line 817.


LaTeX Warning: Hyper reference `annex-list:rct-0013' on page 4 undefined on inp
ut line 876.


LaTeX Warning: Hyper reference `annex-list:rct-0023' on page 4 undefined on inp
ut line 895.


LaTeX Warning: Hyper reference `annex-list:rct-0033' on page 4 undefined on inp
ut line 914.


LaTeX Warning: Hyper reference `annex-list:rct-0043' on page 4 undefined on inp
ut line 933.

[4

]
Chapter 5.

LaTeX Warning: Hyper reference `annex-list:cre-0034' on page 5 undefined on inp
ut line 994.


LaTeX Warning: Hyper reference `annex-list:cre-0044' on page 5 undefined on inp
ut line 1013.

[5

]
Chapter 6.

LaTeX Warning: Hyper reference `annex-list:quo-0011' on page 6 undefined on inp
ut line 1097.


LaTeX Warning: Hyper reference `annex-list:quo-0031' on page 6 undefined on inp
ut line 1113.


LaTeX Warning: Hyper reference `annex-list:quo-0041' on page 6 undefined on inp
ut line 1129.


LaTeX Warning: Hyper reference `annex-list:quo-0051' on page 6 undefined on inp
ut line 1145.


LaTeX Warning: Hyper reference `annex-list:quo-0061' on page 6 undefined on inp
ut line 1161.


LaTeX Warning: Hyper reference `annex-list:inv-0012' on page 6 undefined on inp
ut line 1177.


LaTeX Warning: Hyper reference `annex-list:inv-0032' on page 6 undefined on inp
ut line 1193.


LaTeX Warning: Hyper reference `annex-list:inv-0042' on page 6 undefined on inp
ut line 1209.


LaTeX Warning: Hyper reference `annex-list:inv-0052' on page 6 undefined on inp
ut line 1225.


LaTeX Warning: Hyper reference `annex-list:inv-0062' on page 6 undefined on inp
ut line 1241.


LaTeX Warning: Hyper reference `annex-list:rct-0013' on page 6 undefined on inp
ut line 1257.


LaTeX Warning: Hyper reference `annex-list:rct-0023' on page 6 undefined on inp
ut line 1273.


LaTeX Warning: Hyper reference `annex-list:rct-0033' on page 6 undefined on inp
ut line 1289.


LaTeX Warning: Hyper reference `annex-list:rct-0043' on page 6 undefined on inp
ut line 1305.


LaTeX Warning: Hyper reference `annex-list:cre-0034' on page 6 undefined on inp
ut line 1321.


LaTeX Warning: Hyper reference `annex-list:cre-0044' on page 6 undefined on inp
ut line 1337.

[6

]

LaTeX Warning: Hyper reference `annex-list:quo-0011' on page 7 undefined on inp
ut line 1408.


LaTeX Warning: Hyper reference `annex-list:quo-0031' on page 7 undefined on inp
ut line 1424.


LaTeX Warning: Hyper reference `annex-list:quo-0041' on page 7 undefined on inp
ut line 1440.


LaTeX Warning: Hyper reference `annex-list:quo-0051' on page 7 undefined on inp
ut line 1456.

<2021-07-10_quo-0011_en_v0-0-0.png, id=141, 597.73312pt x 845.40843pt>
LaTeX Font Info:    Trying to load font information for T1+txtt on input line 1
483.
(/usr/share/texlive/texmf-dist/tex/latex/txfonts/t1txtt.fd
File: t1txtt.fd 2000/12/15 v3.1
)
File: 2021-07-10_quo-0011_en_v0-0-0.png Graphic file (type png)
<use 2021-07-10_quo-0011_en_v0-0-0.png>
Package pdftex.def Info: 2021-07-10_quo-0011_en_v0-0-0.png  used on input line 
1483.
(pdftex.def)             Requested size: 316.1792pt x 447.20004pt.
 [7]
<2021-08-30_quo-0031_en_v0-0-0.png, id=154, 597.73312pt x 845.40843pt>
File: 2021-08-30_quo-0031_en_v0-0-0.png Graphic file (type png)
<use 2021-08-30_quo-0031_en_v0-0-0.png>
Package pdftex.def Info: 2021-08-30_quo-0031_en_v0-0-0.png  used on input line 
1492.
(pdftex.def)             Requested size: 316.1792pt x 447.20004pt.
 [8 <./2021-07-10_quo-0011_en_v0-0-0.png>]
<2021-10-18_quo-0041_en_v0-0-0.png, id=163, 597.73312pt x 845.40843pt>
File: 2021-10-18_quo-0041_en_v0-0-0.png Graphic file (type png)
<use 2021-10-18_quo-0041_en_v0-0-0.png>
Package pdftex.def Info: 2021-10-18_quo-0041_en_v0-0-0.png  used on input line 
1501.
(pdftex.def)             Requested size: 316.1792pt x 447.20004pt.
 [9 <./2021-08-30_quo-0031_en_v0-0-0.png>]
<2021-11-14_quo-0051_en_v0-0-0.png, id=172, 597.73312pt x 845.40843pt>
File: 2021-11-14_quo-0051_en_v0-0-0.png Graphic file (type png)
<use 2021-11-14_quo-0051_en_v0-0-0.png>
Package pdftex.def Info: 2021-11-14_quo-0051_en_v0-0-0.png  used on input line 
1510.
(pdftex.def)             Requested size: 316.1792pt x 447.20004pt.
 [10 <./2021-10-18_quo-0041_en_v0-0-0.png>]
<2021-12-14_quo-0061_en_v0-0-0.png, id=181, 597.73312pt x 845.40843pt>
File: 2021-12-14_quo-0061_en_v0-0-0.png Graphic file (type png)
<use 2021-12-14_quo-0061_en_v0-0-0.png>
Package pdftex.def Info: 2021-12-14_quo-0061_en_v0-0-0.png  used on input line 
1519.
(pdftex.def)             Requested size: 316.1792pt x 447.20004pt.
 [11 <./2021-11-14_quo-0051_en_v0-0-0.png>]

LaTeX Warning: Hyper reference `annex-list:inv-0012' on page 12 undefined on in
put line 1557.


LaTeX Warning: Hyper reference `annex-list:inv-0032' on page 12 undefined on in
put line 1573.


LaTeX Warning: Hyper reference `annex-list:inv-0042' on page 12 undefined on in
put line 1589.


LaTeX Warning: Hyper reference `annex-list:inv-0052' on page 12 undefined on in
put line 1605.


LaTeX Warning: Hyper reference `annex-list:inv-0062' on page 12 undefined on in
put line 1621.

[12 <./2021-12-14_quo-0061_en_v0-0-0.png>]
<2021-07-10_inv-0012_en_v0-0-0.png, id=213, 597.73312pt x 845.40843pt>
File: 2021-07-10_inv-0012_en_v0-0-0.png Graphic file (type png)
<use 2021-07-10_inv-0012_en_v0-0-0.png>
Package pdftex.def Info: 2021-07-10_inv-0012_en_v0-0-0.png  used on input line 
1648.
(pdftex.def)             Requested size: 316.1792pt x 447.20004pt.
 [13 <./2021-07-10_inv-0012_en_v0-0-0.png>]
<2021-08-24_inv-0022_en_v0-0-0.png, id=223, 597.73312pt x 845.40843pt>
File: 2021-08-24_inv-0022_en_v0-0-0.png Graphic file (type png)
<use 2021-08-24_inv-0022_en_v0-0-0.png>
Package pdftex.def Info: 2021-08-24_inv-0022_en_v0-0-0.png  used on input line 
1657.
(pdftex.def)             Requested size: 316.1792pt x 447.20004pt.
<2021-08-30_inv-0032_en_v0-0-0.png, id=226, 597.73312pt x 845.40843pt>
File: 2021-08-30_inv-0032_en_v0-0-0.png Graphic file (type png)
<use 2021-08-30_inv-0032_en_v0-0-0.png>
Package pdftex.def Info: 2021-08-30_inv-0032_en_v0-0-0.png  used on input line 
1666.
(pdftex.def)             Requested size: 316.1792pt x 447.20004pt.
 [14 <./2021-08-24_inv-0022_en_v0-0-0.png>]
<2021-10-18_inv-0042_en_v0-0-0.png, id=235, 597.73312pt x 845.40843pt>
File: 2021-10-18_inv-0042_en_v0-0-0.png Graphic file (type png)
<use 2021-10-18_inv-0042_en_v0-0-0.png>
Package pdftex.def Info: 2021-10-18_inv-0042_en_v0-0-0.png  used on input line 
1675.
(pdftex.def)             Requested size: 316.1792pt x 447.20004pt.
 [15 <./2021-08-30_inv-0032_en_v0-0-0.png>]
<2021-11-28_inv-0052_en_v0-0-0.png, id=244, 597.73312pt x 845.40843pt>
File: 2021-11-28_inv-0052_en_v0-0-0.png Graphic file (type png)
<use 2021-11-28_inv-0052_en_v0-0-0.png>
Package pdftex.def Info: 2021-11-28_inv-0052_en_v0-0-0.png  used on input line 
1684.
(pdftex.def)             Requested size: 316.1792pt x 447.20004pt.
 [16 <./2021-10-18_inv-0042_en_v0-0-0.png>]
<2021-12-28_inv-0062_en_v0-0-0.png, id=253, 597.73312pt x 845.40843pt>
File: 2021-12-28_inv-0062_en_v0-0-0.png Graphic file (type png)
<use 2021-12-28_inv-0062_en_v0-0-0.png>
Package pdftex.def Info: 2021-12-28_inv-0062_en_v0-0-0.png  used on input line 
1693.
(pdftex.def)             Requested size: 316.1792pt x 447.20004pt.
 [17 <./2021-11-28_inv-0052_en_v0-0-0.png>]

LaTeX Warning: Hyper reference `annex-list:rct-0013' on page 18 undefined on in
put line 1728.


LaTeX Warning: Hyper reference `annex-list:rct-0023' on page 18 undefined on in
put line 1744.


LaTeX Warning: Hyper reference `annex-list:rct-0033' on page 18 undefined on in
put line 1760.


LaTeX Warning: Hyper reference `annex-list:rct-0043' on page 18 undefined on in
put line 1776.

[18 <./2021-12-28_inv-0062_en_v0-0-0.png>]
<2021-07-19_rct-0013_en_v0-0-0.png, id=284, 597.73312pt x 845.40843pt>
File: 2021-07-19_rct-0013_en_v0-0-0.png Graphic file (type png)
<use 2021-07-19_rct-0013_en_v0-0-0.png>
Package pdftex.def Info: 2021-07-19_rct-0013_en_v0-0-0.png  used on input line 
1802.
(pdftex.def)             Requested size: 316.1792pt x 447.20004pt.
<2021-08-30_rct-0023_en_v0-0-0.png, id=287, 597.73312pt x 845.40843pt>
File: 2021-08-30_rct-0023_en_v0-0-0.png Graphic file (type png)
<use 2021-08-30_rct-0023_en_v0-0-0.png>
Package pdftex.def Info: 2021-08-30_rct-0023_en_v0-0-0.png  used on input line 
1811.
(pdftex.def)             Requested size: 316.1792pt x 447.20004pt.
 [19 <./2021-07-19_rct-0013_en_v0-0-0.png>]
<2021-10-04_rct-0033_en_v0-0-0.png, id=296, 597.73312pt x 845.40843pt>
File: 2021-10-04_rct-0033_en_v0-0-0.png Graphic file (type png)
<use 2021-10-04_rct-0033_en_v0-0-0.png>
Package pdftex.def Info: 2021-10-04_rct-0033_en_v0-0-0.png  used on input line 
1820.
(pdftex.def)             Requested size: 316.1792pt x 447.20004pt.
 [20 <./2021-08-30_rct-0023_en_v0-0-0.png>]
<2021-10-30_rct-0043_en_v0-0-0.png, id=305, 597.73312pt x 845.40843pt>
File: 2021-10-30_rct-0043_en_v0-0-0.png Graphic file (type png)
<use 2021-10-30_rct-0043_en_v0-0-0.png>
Package pdftex.def Info: 2021-10-30_rct-0043_en_v0-0-0.png  used on input line 
1829.
(pdftex.def)             Requested size: 316.1792pt x 447.20004pt.
 [21 <./2021-10-04_rct-0033_en_v0-0-0.png>]

LaTeX Warning: Hyper reference `annex-list:cre-0034' on page 22 undefined on in
put line 1867.


LaTeX Warning: Hyper reference `annex-list:cre-0044' on page 22 undefined on in
put line 1883.

[22 <./2021-10-30_rct-0043_en_v0-0-0.png>]
<2021-10-04_cre-0034_en_v0-0-0.png, id=329, 597.73312pt x 845.40843pt>
File: 2021-10-04_cre-0034_en_v0-0-0.png Graphic file (type png)
<use 2021-10-04_cre-0034_en_v0-0-0.png>
Package pdftex.def Info: 2021-10-04_cre-0034_en_v0-0-0.png  used on input line 
1909.
(pdftex.def)             Requested size: 316.1792pt x 447.20004pt.
<2021-11-08_cre-0044_en_v0-0-0.png, id=332, 597.73312pt x 845.40843pt>
File: 2021-11-08_cre-0044_en_v0-0-0.png Graphic file (type png)
<use 2021-11-08_cre-0044_en_v0-0-0.png>
Package pdftex.def Info: 2021-11-08_cre-0044_en_v0-0-0.png  used on input line 
1918.
(pdftex.def)             Requested size: 316.1792pt x 447.20004pt.
 [23 <./2021-10-04_cre-0034_en_v0-0-0.png>] [24 <./2021-11-08_cre-0044_en_v0-0-
0.png>]
Chapter 7.
No file consortium_finance-funding_sales8cc.ind.
Package atveryend Info: Empty hook `BeforeClearDocument' on input line 1933.
[25

]
Package atveryend Info: Empty hook `AfterLastShipout' on input line 1933.
 (./consortium_finance-funding_sales8cc.aux)
Package atveryend Info: Executing hook `AtVeryEndDocument' on input line 1933.
Package atveryend Info: Executing hook `AtEndAfterFileList' on input line 1933.



Package rerunfilecheck Warning: File `consortium_finance-funding_sales8cc.out' 
has changed.
(rerunfilecheck)                Rerun to get outlines right
(rerunfilecheck)                or use package `bookmark'.

Package rerunfilecheck Info: Checksums for `consortium_finance-funding_sales8cc
.out':
(rerunfilecheck)             Before: <no file>
(rerunfilecheck)             After:  4F411DA7ECE2A4B604FAC4003AD4BD6C;4496.

LaTeX Warning: There were undefined references.


LaTeX Warning: Label(s) may have changed. Rerun to get cross-references right.

Package atveryend Info: Empty hook `AtVeryVeryEnd' on input line 1933.
 ) 
Here is how much of TeX's memory you used:
 15951 strings out of 482269
 228848 string characters out of 5944625
 533068 words of memory out of 5000000
 30967 multiletter control sequences out of 15000+600000
 591396 words of font info for 70 fonts, out of 8000000 for 9000
 310 hyphenation exceptions out of 8191
 44i,19n,51p,377b,704s stack positions out of 5000i,500n,10000p,200000b,80000s
{/usr/share/texmf/fonts/enc/dvips/tex-gyre/q-ec.enc}{/usr/share/texmf/fonts/e
nc/dvips/tex-gyre/q-ts1.enc}</usr/share/texlive/texmf-dist/fonts/type1/public/a
msfonts/cm/cmsy10.pfb></usr/share/texlive/texmf-dist/fonts/type1/public/amsfont
s/symbols/msam10.pfb></usr/share/texmf/fonts/type1/public/tex-gyre/qhvb.pfb></u
sr/share/texmf/fonts/type1/public/tex-gyre/qhvbi.pfb></usr/share/texmf/fonts/ty
pe1/public/tex-gyre/qhvr.pfb></usr/share/texmf/fonts/type1/public/tex-gyre/qtmb
.pfb></usr/share/texmf/fonts/type1/public/tex-gyre/qtmr.pfb></usr/share/texmf/f
onts/type1/public/tex-gyre/qtmri.pfb>
Output written on consortium_finance-funding_sales8cc.pdf (27 pages, 1188379 by
tes).
PDF statistics:
 403 PDF objects out of 1000 (max. 8388607)
 323 compressed objects within 4 object streams
 83 named destinations out of 1000 (max. 500000)
 106 words of extra memory for PDF output out of 10000 (max. 10000000)

