\BOOKMARK [0][-]{chapter.1}{\376\377\000R\000e\000l\000e\000a\000s\000e\000\040\000N\000o\000t\000e\000s\000\040\000a\000n\000d\000\040\000N\000o\000t\000i\000c\000e\000s}{}% 1
\BOOKMARK [1][-]{section.1.1}{\376\377\000T\000h\000i\000s\000\040\000R\000e\000l\000e\000a\000s\000e\000\040\000\050\000V\000e\000r\000s\000i\000o\000n\000\040\0000\000.\0000\000.\0000\000\051}{chapter.1}% 2
\BOOKMARK [1][-]{section.1.2}{\376\377\000O\000l\000d\000e\000r\000\040\000V\000e\000r\000s\000i\000o\000n\000s}{chapter.1}% 3
\BOOKMARK [1][-]{section.1.3}{\376\377\000K\000n\000o\000w\000n\000\040\000a\000n\000d\000\040\000C\000o\000r\000r\000e\000c\000t\000e\000d\000\040\000I\000s\000s\000u\000e\000s}{chapter.1}% 4
\BOOKMARK [0][-]{chapter.2}{\376\377\000a\000p\000p\000-\000l\000o\000a\000d}{}% 5
\BOOKMARK [1][-]{section.2.1}{\376\377\000A\000p\000p\000\040\000l\000o\000a\000d\000\040\000o\000r\000d\000e\000r}{chapter.2}% 6
\BOOKMARK [0][-]{chapter.3}{\376\377\000c\000o\000n\000f\000i\000g}{}% 7
\BOOKMARK [1][-]{section.3.1}{\376\377\000C\000o\000n\000f\000i\000g\000u\000r\000a\000t\000i\000o\000n}{chapter.3}% 8
\BOOKMARK [1][-]{section.3.2}{\376\377\000I\000d\000e\000n\000t\000i\000t\000y\000\040\000s\000e\000r\000v\000e\000r\000s}{chapter.3}% 9
\BOOKMARK [1][-]{section.3.3}{\376\377\000D\000e\000s\000k\000t\000o\000p\000\040\000a\000p\000p\000\040\000c\000o\000n\000f\000i\000g\000u\000r\000a\000t\000i\000o\000n}{chapter.3}% 10
\BOOKMARK [1][-]{section.3.4}{\376\377\000U\000I\000\040\000F\000e\000a\000t\000u\000r\000e\000s}{chapter.3}% 11
\BOOKMARK [0][-]{chapter.4}{\376\377\000c\000u\000s\000t\000o\000m\000i\000s\000a\000t\000i\000o\000n\000s}{}% 12
\BOOKMARK [1][-]{section.4.1}{\376\377\000C\000u\000s\000t\000o\000m\000i\000s\000a\000t\000i\000o\000n\000s}{chapter.4}% 13
\BOOKMARK [0][-]{chapter.5}{\376\377\000e\0002\000e\000e}{}% 14
\BOOKMARK [1][-]{section.5.1}{\376\377\000E\000n\000d\000\040\000t\000o\000\040\000e\000n\000d\000\040\000e\000n\000c\000r\000y\000p\000t\000i\000o\000n\000\040\000b\000y\000\040\000d\000e\000f\000a\000u\000l\000t}{chapter.5}% 15
\BOOKMARK [0][-]{chapter.6}{\376\377\000D\000i\000s\000a\000b\000l\000i\000n\000g\000\040\000e\000n\000c\000r\000y\000p\000t\000i\000o\000n\000\040\000b\000y\000\040\000d\000e\000f\000a\000u\000l\000t}{}% 16
\BOOKMARK [1][-]{section.6.1}{\376\377\000S\000e\000c\000u\000r\000e\000\040\000b\000a\000c\000k\000u\000p}{chapter.6}% 17
\BOOKMARK [0][-]{chapter.7}{\376\377\000R\000e\000q\000u\000i\000r\000i\000n\000g\000\040\000s\000e\000c\000u\000r\000e\000\040\000b\000a\000c\000k\000u\000p}{}% 18
\BOOKMARK [0][-]{chapter.8}{\376\377\000P\000r\000e\000f\000e\000r\000r\000i\000n\000g\000\040\000s\000e\000t\000u\000p\000\040\000m\000e\000t\000h\000o\000d\000s}{}% 19
\BOOKMARK [1][-]{section.8.1}{\376\377\000C\000o\000m\000p\000a\000t\000i\000b\000i\000l\000i\000t\000y}{chapter.8}% 20
\BOOKMARK [0][-]{chapter.9}{\376\377\000f\000e\000a\000t\000u\000r\000e\000-\000f\000l\000a\000g\000s}{}% 21
\BOOKMARK [1][-]{section.9.1}{\376\377\000F\000e\000a\000t\000u\000r\000e\000\040\000f\000l\000a\000g\000s}{chapter.9}% 22
\BOOKMARK [0][-]{chapter.10}{\376\377\000I\000n\000t\000e\000r\000a\000c\000t\000i\000o\000n\000\040\000w\000i\000t\000h\000\040\000s\000p\000e\000c\000\040\000p\000r\000o\000c\000e\000s\000s}{}% 23
\BOOKMARK [0][-]{chapter.11}{\376\377\000S\000t\000a\000r\000t\000i\000n\000g\000\040\000w\000o\000r\000k\000\040\000o\000n\000\040\000a\000\040\000f\000e\000a\000t\000u\000r\000e}{}% 24
\BOOKMARK [0][-]{chapter.12}{\376\377\000E\000n\000a\000b\000l\000i\000n\000g\000\040\000b\000y\000\040\000d\000e\000f\000a\000u\000l\000t\000\040\000o\000n\000\040\000d\000e\000v\000e\000l\000o\000p\000\040\000a\000n\000d\000\040\000n\000i\000g\000h\000t\000l\000y}{}% 25
\BOOKMARK [0][-]{chapter.13}{\376\377\000E\000n\000a\000b\000l\000i\000n\000g\000\040\000b\000y\000\040\000d\000e\000f\000a\000u\000l\000t\000\040\000o\000n\000\040\000s\000t\000a\000g\000i\000n\000g\000,\000\040\000a\000p\000p\000,\000\040\000a\000n\000d\000\040\000r\000e\000l\000e\000a\000s\000e}{}% 26
