Running Sphinx v3.5.3
making output directory... done
loading pickled environment... done
building [mo]: targets for 0 po files that are out of date
building [latex]: all documents
updating environment: 0 added, 0 changed, 0 removed
looking for now-outdated files... none found
processing dao_society-bloculus_businesscase.tex... index releasenotes executivesummary finance projectdefinition projectorganization annex-list 
resolving references...
done
writing... done
copying images... [ 33%] _static/h5-h8-sb.png
copying images... [ 66%] _static/resolution5.png
copying images... [100%] _static/resolution6.png

copying TeX support files... copying TeX support files...
done
build succeeded.

The LaTeX files are in build/latex.
Run 'make' in that directory to run these through (pdf)latex
(use `make latexpdf' here to do that automatically).
Rc files read:
  /etc/LatexMk
  latexmkrc
Latexmk: This is Latexmk, John Collins, 17 Apr. 2020, version: 4.69a.
Rule 'pdflatex': The following rules & subrules became out-of-date:
      'pdflatex'
------------
Run number 1 of rule 'pdflatex'
------------
------------
Running 'pdflatex   -recorder  "dao_society-bloculus_businesscase.tex"'
------------
Latexmk: applying rule 'pdflatex'...
This is pdfTeX, Version 3.14159265-2.6-1.40.21 (TeX Live 2020/Debian) (preloaded format=pdflatex)
 restricted \write18 enabled.
entering extended mode
(./dao_society-bloculus_businesscase.tex
LaTeX2e <2020-02-02> patch level 5
L3 programming layer <2020-07-17> (./sphinxmanual.cls
Document Class: sphinxmanual 2019/12/01 v2.3.0 Document class (Sphinx manual)
(/usr/share/texlive/texmf-dist/tex/latex/base/report.cls
Document Class: report 2019/12/20 v1.4l Standard LaTeX document class
(/usr/share/texlive/texmf-dist/tex/latex/base/size10.clo)))
(/usr/share/texlive/texmf-dist/tex/latex/base/inputenc.sty)
(/usr/share/texlive/texmf-dist/tex/latex/cmap/cmap.sty)
(/usr/share/texlive/texmf-dist/tex/latex/base/fontenc.sty<<t1.cmap>>)
(/usr/share/texlive/texmf-dist/tex/latex/amsmath/amsmath.sty
For additional information on amsmath, use the `?' option.
(/usr/share/texlive/texmf-dist/tex/latex/amsmath/amstext.sty
(/usr/share/texlive/texmf-dist/tex/latex/amsmath/amsgen.sty))
(/usr/share/texlive/texmf-dist/tex/latex/amsmath/amsbsy.sty)
(/usr/share/texlive/texmf-dist/tex/latex/amsmath/amsopn.sty))
(/usr/share/texlive/texmf-dist/tex/latex/amsfonts/amssymb.sty
(/usr/share/texlive/texmf-dist/tex/latex/amsfonts/amsfonts.sty))
(/usr/share/texlive/texmf-dist/tex/generic/babel/babel.sty
(/usr/share/texlive/texmf-dist/tex/generic/babel/babel.def
(/usr/share/texlive/texmf-dist/tex/generic/babel/txtbabel.def))
(/usr/share/texlive/texmf-dist/tex/generic/babel-english/english.ldf))
(/usr/share/texlive/texmf-dist/tex/latex/psnfss/times.sty)
(/usr/share/texlive/texmf-dist/tex/latex/fncychap/fncychap.sty) (./sphinx.sty
(/usr/share/texlive/texmf-dist/tex/generic/ltxcmds/ltxcmds.sty)
(/usr/share/texlive/texmf-dist/tex/latex/graphics/graphicx.sty
(/usr/share/texlive/texmf-dist/tex/latex/graphics/keyval.sty)
(/usr/share/texlive/texmf-dist/tex/latex/graphics/graphics.sty
(/usr/share/texlive/texmf-dist/tex/latex/graphics/trig.sty)
(/usr/share/texlive/texmf-dist/tex/latex/graphics-cfg/graphics.cfg)
(/usr/share/texlive/texmf-dist/tex/latex/graphics-def/pdftex.def)))
(/usr/share/texlive/texmf-dist/tex/latex/fancyhdr/fancyhdr.sty)
(/usr/share/texlive/texmf-dist/tex/latex/base/textcomp.sty)
(/usr/share/texlive/texmf-dist/tex/latex/titlesec/titlesec.sty)
(/usr/share/texlive/texmf-dist/tex/latex/tabulary/tabulary.sty
(/usr/share/texlive/texmf-dist/tex/latex/tools/array.sty))
(/usr/share/texlive/texmf-dist/tex/latex/tools/longtable.sty)
(/usr/share/texlive/texmf-dist/tex/latex/varwidth/varwidth.sty)
(./sphinxmulticell.sty)
(/usr/share/texlive/texmf-dist/tex/latex/base/makeidx.sty)
(/usr/share/texlive/texmf-dist/tex/latex/framed/framed.sty)
(/usr/share/texlive/texmf-dist/tex/latex/xcolor/xcolor.sty
(/usr/share/texlive/texmf-dist/tex/latex/graphics-cfg/color.cfg))
(/usr/share/texlive/texmf-dist/tex/latex/fancyvrb/fancyvrb.sty)
(./footnotehyper-sphinx.sty)
(/usr/share/texlive/texmf-dist/tex/latex/float/float.sty)
(/usr/share/texlive/texmf-dist/tex/latex/wrapfig/wrapfig.sty)
(/usr/share/texlive/texmf-dist/tex/latex/parskip/parskip.sty
(/usr/share/texlive/texmf-dist/tex/latex/parskip/parskip-2001-04-09.sty))
(/usr/share/texlive/texmf-dist/tex/latex/base/alltt.sty)
(/usr/share/texlive/texmf-dist/tex/latex/upquote/upquote.sty)
(/usr/share/texlive/texmf-dist/tex/latex/capt-of/capt-of.sty)
(/usr/share/texlive/texmf-dist/tex/latex/needspace/needspace.sty)
(/usr/share/texlive/texmf-dist/tex/latex/tools/multicol.sty)
(./sphinxhighlight.sty)
(/usr/share/texlive/texmf-dist/tex/latex/kvoptions/kvoptions.sty
(/usr/share/texlive/texmf-dist/tex/generic/kvsetkeys/kvsetkeys.sty)))
(/usr/share/texlive/texmf-dist/tex/latex/geometry/geometry.sty
(/usr/share/texlive/texmf-dist/tex/generic/iftex/ifvtex.sty
(/usr/share/texlive/texmf-dist/tex/generic/iftex/iftex.sty)))
(/usr/share/texlive/texmf-dist/tex/latex/hyperref/hyperref.sty
(/usr/share/texlive/texmf-dist/tex/generic/pdftexcmds/pdftexcmds.sty
(/usr/share/texlive/texmf-dist/tex/generic/infwarerr/infwarerr.sty))
(/usr/share/texlive/texmf-dist/tex/generic/kvdefinekeys/kvdefinekeys.sty)
(/usr/share/texlive/texmf-dist/tex/generic/pdfescape/pdfescape.sty)
(/usr/share/texlive/texmf-dist/tex/latex/hycolor/hycolor.sty)
(/usr/share/texlive/texmf-dist/tex/latex/letltxmacro/letltxmacro.sty)
(/usr/share/texlive/texmf-dist/tex/latex/auxhook/auxhook.sty)
(/usr/share/texlive/texmf-dist/tex/latex/hyperref/pd1enc.def)
(/usr/share/texlive/texmf-dist/tex/generic/intcalc/intcalc.sty)
(/usr/share/texlive/texmf-dist/tex/generic/etexcmds/etexcmds.sty)
(/usr/share/texlive/texmf-dist/tex/latex/hyperref/puenc.def)
(/usr/share/texlive/texmf-dist/tex/latex/url/url.sty)
(/usr/share/texlive/texmf-dist/tex/generic/bitset/bitset.sty
(/usr/share/texlive/texmf-dist/tex/generic/bigintcalc/bigintcalc.sty))
(/usr/share/texlive/texmf-dist/tex/generic/atbegshi/atbegshi.sty))
(/usr/share/texlive/texmf-dist/tex/latex/hyperref/hpdftex.def
(/usr/share/texlive/texmf-dist/tex/latex/atveryend/atveryend.sty)
(/usr/share/texlive/texmf-dist/tex/latex/rerunfilecheck/rerunfilecheck.sty
(/usr/share/texlive/texmf-dist/tex/generic/uniquecounter/uniquecounter.sty)))
(/usr/share/texlive/texmf-dist/tex/latex/oberdiek/hypcap.sty)
(./sphinxmessages.sty)
Writing index file dao_society-bloculus_businesscase.idx
(/usr/share/texlive/texmf-dist/tex/latex/l3backend/l3backend-pdfmode.def)
(./dao_society-bloculus_businesscase.aux)
(/usr/share/texlive/texmf-dist/tex/latex/psnfss/t1ptm.fd)
(/usr/share/texlive/texmf-dist/tex/context/base/mkii/supp-pdf.mkii
[Loading MPS to PDF converter (version 2006.09.02).]
) (/usr/share/texlive/texmf-dist/tex/latex/epstopdf-pkg/epstopdf-base.sty
(/usr/share/texlive/texmf-dist/tex/latex/latexconfig/epstopdf-sys.cfg))
*geometry* driver: auto-detecting
*geometry* detected driver: pdftex
(/usr/share/texlive/texmf-dist/tex/latex/hyperref/nameref.sty
(/usr/share/texlive/texmf-dist/tex/latex/refcount/refcount.sty)
(/usr/share/texlive/texmf-dist/tex/generic/gettitlestring/gettitlestring.sty))
(/usr/share/texlive/texmf-dist/tex/latex/psnfss/t1pcr.fd)
(/usr/share/texlive/texmf-dist/tex/latex/psnfss/t1phv.fd)<<ot1.cmap>><<oml.cmap
>><<oms.cmap>><<omx.cmap>>
(/usr/share/texlive/texmf-dist/tex/latex/amsfonts/umsa.fd)
(/usr/share/texlive/texmf-dist/tex/latex/amsfonts/umsb.fd) [1{/var/lib/texmf/fo
nts/map/pdftex/updmap/pdftex.map} <./logo.png>] [1]
Chapter 1.
(/usr/share/texlive/texmf-dist/tex/latex/psnfss/ts1ptm.fd)

Package textcomp Warning: Symbol \textasciigrave not provided by
(textcomp)                font family ptm in TS1 encoding.
(textcomp)                Default family used instead on input line 123.

[1]

Package textcomp Warning: Symbol \textasciigrave not provided by
(textcomp)                font family ptm in TS1 encoding.
(textcomp)                Default family used instead on input line 227.

[2]
Chapter 2.
[3]
Overfull \hbox (33.75966pt too wide) in paragraph at lines 278--278
[]

Underfull \hbox (badness 10000) in paragraph at lines 278--278

[4] [5] [6] [7]
Chapter 3.
[8]
Chapter 4.
[9]
Chapter 5.
[10]
Chapter 6.

LaTeX Warning: Hyper reference `annex-list:download-links' on page 11 undefined
 on input line 569.

[11 <./h5-h8-sb.png>] [12 <./resolution5.png> <./resolution6.png>] [13]
Chapter 7.
No file dao_society-bloculus_businesscase.ind.
[14] (./dao_society-bloculus_businesscase.aux)

Package rerunfilecheck Warning: File `dao_society-bloculus_businesscase.out' ha
s changed.
(rerunfilecheck)                Rerun to get outlines right
(rerunfilecheck)                or use package `bookmark'.


LaTeX Warning: There were undefined references.


LaTeX Warning: Label(s) may have changed. Rerun to get cross-references right.

 )
(see the transcript file for additional information){/usr/share/texlive/texmf-d
ist/fonts/enc/dvips/base/8r.enc} </root/.texlive2020/texmf-var/fonts/pk/ljfour/
jknappen/ec/tcrb1000.600pk> </root/.texlive2020/texmf-var/fonts/pk/ljfour/jknap
pen/ec/tcrm1000.600pk></usr/share/texlive/texmf-dist/fonts/type1/urw/helvetic/u
hvb8a.pfb></usr/share/texlive/texmf-dist/fonts/type1/urw/helvetic/uhvbo8a.pfb><
/usr/share/texlive/texmf-dist/fonts/type1/urw/helvetic/uhvr8a.pfb></usr/share/t
exlive/texmf-dist/fonts/type1/urw/times/utmb8a.pfb></usr/share/texlive/texmf-di
st/fonts/type1/urw/times/utmr8a.pfb></usr/share/texlive/texmf-dist/fonts/type1/
urw/times/utmri8a.pfb>
Output written on dao_society-bloculus_businesscase.pdf (16 pages, 1361455 byte
s).
Transcript written on dao_society-bloculus_businesscase.log.
Latexmk: Index file 'dao_society-bloculus_businesscase.idx' was written
Latexmk: Missing input file: 'dao_society-bloculus_businesscase.ind' from line
  'No file dao_society-bloculus_businesscase.ind.'
Latexmk: References changed.
Latexmk: References changed.
Latexmk: Log file says output to 'dao_society-bloculus_businesscase.pdf'
Latexmk: Log file says output to 'dao_society-bloculus_businesscase.pdf'
Rule 'makeindex dao_society-bloculus_businesscase.idx': File changes, etc:
   Changed files, or newly in use since previous run(s):
      'dao_society-bloculus_businesscase.idx'
------------
Run number 1 of rule 'makeindex dao_society-bloculus_businesscase.idx'
------------
------------
Running 'makeindex -s python.ist  -o "dao_society-bloculus_businesscase.ind" "dao_society-bloculus_businesscase.idx"'
------------
=== TeX engine is 'pdfTeX'
Latexmk: applying rule 'makeindex dao_society-bloculus_businesscase.idx'...
This is makeindex, version 2.15 [TeX Live 2020] (kpathsea + Thai support).
Scanning style file ./python.ist.......done (7 attributes redefined, 0 ignored).
Scanning input file dao_society-bloculus_businesscase.idx...done (0 entries accepted, 0 rejected).
Nothing written in dao_society-bloculus_businesscase.ind.
Transcript written in dao_society-bloculus_businesscase.ilg.
Rule 'pdflatex': File changes, etc:
   Changed files, or newly in use since previous run(s):
      'dao_society-bloculus_businesscase.aux'
      'dao_society-bloculus_businesscase.ind'
      'dao_society-bloculus_businesscase.out'
------------
Run number 2 of rule 'pdflatex'
------------
------------
Running 'pdflatex   -recorder  "dao_society-bloculus_businesscase.tex"'
------------
Latexmk: applying rule 'pdflatex'...
This is pdfTeX, Version 3.14159265-2.6-1.40.21 (TeX Live 2020/Debian) (preloaded format=pdflatex)
 restricted \write18 enabled.
entering extended mode
(./dao_society-bloculus_businesscase.tex
LaTeX2e <2020-02-02> patch level 5
L3 programming layer <2020-07-17> (./sphinxmanual.cls
Document Class: sphinxmanual 2019/12/01 v2.3.0 Document class (Sphinx manual)
(/usr/share/texlive/texmf-dist/tex/latex/base/report.cls
Document Class: report 2019/12/20 v1.4l Standard LaTeX document class
(/usr/share/texlive/texmf-dist/tex/latex/base/size10.clo)))
(/usr/share/texlive/texmf-dist/tex/latex/base/inputenc.sty)
(/usr/share/texlive/texmf-dist/tex/latex/cmap/cmap.sty)
(/usr/share/texlive/texmf-dist/tex/latex/base/fontenc.sty<<t1.cmap>>)
(/usr/share/texlive/texmf-dist/tex/latex/amsmath/amsmath.sty
For additional information on amsmath, use the `?' option.
(/usr/share/texlive/texmf-dist/tex/latex/amsmath/amstext.sty
(/usr/share/texlive/texmf-dist/tex/latex/amsmath/amsgen.sty))
(/usr/share/texlive/texmf-dist/tex/latex/amsmath/amsbsy.sty)
(/usr/share/texlive/texmf-dist/tex/latex/amsmath/amsopn.sty))
(/usr/share/texlive/texmf-dist/tex/latex/amsfonts/amssymb.sty
(/usr/share/texlive/texmf-dist/tex/latex/amsfonts/amsfonts.sty))
(/usr/share/texlive/texmf-dist/tex/generic/babel/babel.sty
(/usr/share/texlive/texmf-dist/tex/generic/babel/babel.def
(/usr/share/texlive/texmf-dist/tex/generic/babel/txtbabel.def))
(/usr/share/texlive/texmf-dist/tex/generic/babel-english/english.ldf))
(/usr/share/texlive/texmf-dist/tex/latex/psnfss/times.sty)
(/usr/share/texlive/texmf-dist/tex/latex/fncychap/fncychap.sty) (./sphinx.sty
(/usr/share/texlive/texmf-dist/tex/generic/ltxcmds/ltxcmds.sty)
(/usr/share/texlive/texmf-dist/tex/latex/graphics/graphicx.sty
(/usr/share/texlive/texmf-dist/tex/latex/graphics/keyval.sty)
(/usr/share/texlive/texmf-dist/tex/latex/graphics/graphics.sty
(/usr/share/texlive/texmf-dist/tex/latex/graphics/trig.sty)
(/usr/share/texlive/texmf-dist/tex/latex/graphics-cfg/graphics.cfg)
(/usr/share/texlive/texmf-dist/tex/latex/graphics-def/pdftex.def)))
(/usr/share/texlive/texmf-dist/tex/latex/fancyhdr/fancyhdr.sty)
(/usr/share/texlive/texmf-dist/tex/latex/base/textcomp.sty)
(/usr/share/texlive/texmf-dist/tex/latex/titlesec/titlesec.sty)
(/usr/share/texlive/texmf-dist/tex/latex/tabulary/tabulary.sty
(/usr/share/texlive/texmf-dist/tex/latex/tools/array.sty))
(/usr/share/texlive/texmf-dist/tex/latex/tools/longtable.sty)
(/usr/share/texlive/texmf-dist/tex/latex/varwidth/varwidth.sty)
(./sphinxmulticell.sty)
(/usr/share/texlive/texmf-dist/tex/latex/base/makeidx.sty)
(/usr/share/texlive/texmf-dist/tex/latex/framed/framed.sty)
(/usr/share/texlive/texmf-dist/tex/latex/xcolor/xcolor.sty
(/usr/share/texlive/texmf-dist/tex/latex/graphics-cfg/color.cfg))
(/usr/share/texlive/texmf-dist/tex/latex/fancyvrb/fancyvrb.sty)
(./footnotehyper-sphinx.sty)
(/usr/share/texlive/texmf-dist/tex/latex/float/float.sty)
(/usr/share/texlive/texmf-dist/tex/latex/wrapfig/wrapfig.sty)
(/usr/share/texlive/texmf-dist/tex/latex/parskip/parskip.sty
(/usr/share/texlive/texmf-dist/tex/latex/parskip/parskip-2001-04-09.sty))
(/usr/share/texlive/texmf-dist/tex/latex/base/alltt.sty)
(/usr/share/texlive/texmf-dist/tex/latex/upquote/upquote.sty)
(/usr/share/texlive/texmf-dist/tex/latex/capt-of/capt-of.sty)
(/usr/share/texlive/texmf-dist/tex/latex/needspace/needspace.sty)
(/usr/share/texlive/texmf-dist/tex/latex/tools/multicol.sty)
(./sphinxhighlight.sty)
(/usr/share/texlive/texmf-dist/tex/latex/kvoptions/kvoptions.sty
(/usr/share/texlive/texmf-dist/tex/generic/kvsetkeys/kvsetkeys.sty)))
(/usr/share/texlive/texmf-dist/tex/latex/geometry/geometry.sty
(/usr/share/texlive/texmf-dist/tex/generic/iftex/ifvtex.sty
(/usr/share/texlive/texmf-dist/tex/generic/iftex/iftex.sty)))
(/usr/share/texlive/texmf-dist/tex/latex/hyperref/hyperref.sty
(/usr/share/texlive/texmf-dist/tex/generic/pdftexcmds/pdftexcmds.sty
(/usr/share/texlive/texmf-dist/tex/generic/infwarerr/infwarerr.sty))
(/usr/share/texlive/texmf-dist/tex/generic/kvdefinekeys/kvdefinekeys.sty)
(/usr/share/texlive/texmf-dist/tex/generic/pdfescape/pdfescape.sty)
(/usr/share/texlive/texmf-dist/tex/latex/hycolor/hycolor.sty)
(/usr/share/texlive/texmf-dist/tex/latex/letltxmacro/letltxmacro.sty)
(/usr/share/texlive/texmf-dist/tex/latex/auxhook/auxhook.sty)
(/usr/share/texlive/texmf-dist/tex/latex/hyperref/pd1enc.def)
(/usr/share/texlive/texmf-dist/tex/generic/intcalc/intcalc.sty)
(/usr/share/texlive/texmf-dist/tex/generic/etexcmds/etexcmds.sty)
(/usr/share/texlive/texmf-dist/tex/latex/hyperref/puenc.def)
(/usr/share/texlive/texmf-dist/tex/latex/url/url.sty)
(/usr/share/texlive/texmf-dist/tex/generic/bitset/bitset.sty
(/usr/share/texlive/texmf-dist/tex/generic/bigintcalc/bigintcalc.sty))
(/usr/share/texlive/texmf-dist/tex/generic/atbegshi/atbegshi.sty))
(/usr/share/texlive/texmf-dist/tex/latex/hyperref/hpdftex.def
(/usr/share/texlive/texmf-dist/tex/latex/atveryend/atveryend.sty)
(/usr/share/texlive/texmf-dist/tex/latex/rerunfilecheck/rerunfilecheck.sty
(/usr/share/texlive/texmf-dist/tex/generic/uniquecounter/uniquecounter.sty)))
(/usr/share/texlive/texmf-dist/tex/latex/oberdiek/hypcap.sty)
(./sphinxmessages.sty)
Writing index file dao_society-bloculus_businesscase.idx
(/usr/share/texlive/texmf-dist/tex/latex/l3backend/l3backend-pdfmode.def)
(./dao_society-bloculus_businesscase.aux)
(/usr/share/texlive/texmf-dist/tex/latex/psnfss/t1ptm.fd)
(/usr/share/texlive/texmf-dist/tex/context/base/mkii/supp-pdf.mkii
[Loading MPS to PDF converter (version 2006.09.02).]
) (/usr/share/texlive/texmf-dist/tex/latex/epstopdf-pkg/epstopdf-base.sty
(/usr/share/texlive/texmf-dist/tex/latex/latexconfig/epstopdf-sys.cfg))
*geometry* driver: auto-detecting
*geometry* detected driver: pdftex
(/usr/share/texlive/texmf-dist/tex/latex/hyperref/nameref.sty
(/usr/share/texlive/texmf-dist/tex/latex/refcount/refcount.sty)
(/usr/share/texlive/texmf-dist/tex/generic/gettitlestring/gettitlestring.sty))
(./dao_society-bloculus_businesscase.out)
(./dao_society-bloculus_businesscase.out)
(/usr/share/texlive/texmf-dist/tex/latex/psnfss/t1pcr.fd)
(/usr/share/texlive/texmf-dist/tex/latex/psnfss/t1phv.fd)<<ot1.cmap>><<oml.cmap
>><<oms.cmap>><<omx.cmap>>
(/usr/share/texlive/texmf-dist/tex/latex/amsfonts/umsa.fd)
(/usr/share/texlive/texmf-dist/tex/latex/amsfonts/umsb.fd) [1{/var/lib/texmf/fo
nts/map/pdftex/updmap/pdftex.map} <./logo.png>]
(./dao_society-bloculus_businesscase.toc) [1]
Chapter 1.
(/usr/share/texlive/texmf-dist/tex/latex/psnfss/ts1ptm.fd)

Package textcomp Warning: Symbol \textasciigrave not provided by
(textcomp)                font family ptm in TS1 encoding.
(textcomp)                Default family used instead on input line 123.

[1]

Package textcomp Warning: Symbol \textasciigrave not provided by
(textcomp)                font family ptm in TS1 encoding.
(textcomp)                Default family used instead on input line 227.

[2]
Chapter 2.
[3]
Overfull \hbox (33.75966pt too wide) in paragraph at lines 278--278
[]

Underfull \hbox (badness 10000) in paragraph at lines 278--278

[4] [5] [6] [7]
Chapter 3.
[8]
Chapter 4.
[9]
Chapter 5.
[10]
Chapter 6.
[11 <./h5-h8-sb.png>] [12 <./resolution5.png> <./resolution6.png>] [13]
Chapter 7.
(./dao_society-bloculus_businesscase.ind) [14]
(./dao_society-bloculus_businesscase.aux) )
(see the transcript file for additional information){/usr/share/texlive/texmf-d
ist/fonts/enc/dvips/base/8r.enc} </root/.texlive2020/texmf-var/fonts/pk/ljfour/
jknappen/ec/tcrb1000.600pk> </root/.texlive2020/texmf-var/fonts/pk/ljfour/jknap
pen/ec/tcrm1000.600pk></usr/share/texlive/texmf-dist/fonts/type1/urw/helvetic/u
hvb8a.pfb></usr/share/texlive/texmf-dist/fonts/type1/urw/helvetic/uhvbo8a.pfb><
/usr/share/texlive/texmf-dist/fonts/type1/urw/helvetic/uhvr8a.pfb></usr/share/t
exlive/texmf-dist/fonts/type1/urw/times/utmb8a.pfb></usr/share/texlive/texmf-di
st/fonts/type1/urw/times/utmr8a.pfb></usr/share/texlive/texmf-dist/fonts/type1/
urw/times/utmri8a.pfb>
Output written on dao_society-bloculus_businesscase.pdf (16 pages, 1368947 byte
s).
Transcript written on dao_society-bloculus_businesscase.log.
Latexmk: Index file 'dao_society-bloculus_businesscase.idx' was written
Latexmk: Log file says output to 'dao_society-bloculus_businesscase.pdf'
Latexmk: Log file says output to 'dao_society-bloculus_businesscase.pdf'
Rule 'pdflatex': File changes, etc:
   Changed files, or newly in use since previous run(s):
      'dao_society-bloculus_businesscase.toc'
------------
Run number 3 of rule 'pdflatex'
------------
------------
Running 'pdflatex   -recorder  "dao_society-bloculus_businesscase.tex"'
------------
=== TeX engine is 'pdfTeX'
Latexmk: applying rule 'pdflatex'...
This is pdfTeX, Version 3.14159265-2.6-1.40.21 (TeX Live 2020/Debian) (preloaded format=pdflatex)
 restricted \write18 enabled.
entering extended mode
(./dao_society-bloculus_businesscase.tex
LaTeX2e <2020-02-02> patch level 5
L3 programming layer <2020-07-17> (./sphinxmanual.cls
Document Class: sphinxmanual 2019/12/01 v2.3.0 Document class (Sphinx manual)
(/usr/share/texlive/texmf-dist/tex/latex/base/report.cls
Document Class: report 2019/12/20 v1.4l Standard LaTeX document class
(/usr/share/texlive/texmf-dist/tex/latex/base/size10.clo)))
(/usr/share/texlive/texmf-dist/tex/latex/base/inputenc.sty)
(/usr/share/texlive/texmf-dist/tex/latex/cmap/cmap.sty)
(/usr/share/texlive/texmf-dist/tex/latex/base/fontenc.sty<<t1.cmap>>)
(/usr/share/texlive/texmf-dist/tex/latex/amsmath/amsmath.sty
For additional information on amsmath, use the `?' option.
(/usr/share/texlive/texmf-dist/tex/latex/amsmath/amstext.sty
(/usr/share/texlive/texmf-dist/tex/latex/amsmath/amsgen.sty))
(/usr/share/texlive/texmf-dist/tex/latex/amsmath/amsbsy.sty)
(/usr/share/texlive/texmf-dist/tex/latex/amsmath/amsopn.sty))
(/usr/share/texlive/texmf-dist/tex/latex/amsfonts/amssymb.sty
(/usr/share/texlive/texmf-dist/tex/latex/amsfonts/amsfonts.sty))
(/usr/share/texlive/texmf-dist/tex/generic/babel/babel.sty
(/usr/share/texlive/texmf-dist/tex/generic/babel/babel.def
(/usr/share/texlive/texmf-dist/tex/generic/babel/txtbabel.def))
(/usr/share/texlive/texmf-dist/tex/generic/babel-english/english.ldf))
(/usr/share/texlive/texmf-dist/tex/latex/psnfss/times.sty)
(/usr/share/texlive/texmf-dist/tex/latex/fncychap/fncychap.sty) (./sphinx.sty
(/usr/share/texlive/texmf-dist/tex/generic/ltxcmds/ltxcmds.sty)
(/usr/share/texlive/texmf-dist/tex/latex/graphics/graphicx.sty
(/usr/share/texlive/texmf-dist/tex/latex/graphics/keyval.sty)
(/usr/share/texlive/texmf-dist/tex/latex/graphics/graphics.sty
(/usr/share/texlive/texmf-dist/tex/latex/graphics/trig.sty)
(/usr/share/texlive/texmf-dist/tex/latex/graphics-cfg/graphics.cfg)
(/usr/share/texlive/texmf-dist/tex/latex/graphics-def/pdftex.def)))
(/usr/share/texlive/texmf-dist/tex/latex/fancyhdr/fancyhdr.sty)
(/usr/share/texlive/texmf-dist/tex/latex/base/textcomp.sty)
(/usr/share/texlive/texmf-dist/tex/latex/titlesec/titlesec.sty)
(/usr/share/texlive/texmf-dist/tex/latex/tabulary/tabulary.sty
(/usr/share/texlive/texmf-dist/tex/latex/tools/array.sty))
(/usr/share/texlive/texmf-dist/tex/latex/tools/longtable.sty)
(/usr/share/texlive/texmf-dist/tex/latex/varwidth/varwidth.sty)
(./sphinxmulticell.sty)
(/usr/share/texlive/texmf-dist/tex/latex/base/makeidx.sty)
(/usr/share/texlive/texmf-dist/tex/latex/framed/framed.sty)
(/usr/share/texlive/texmf-dist/tex/latex/xcolor/xcolor.sty
(/usr/share/texlive/texmf-dist/tex/latex/graphics-cfg/color.cfg))
(/usr/share/texlive/texmf-dist/tex/latex/fancyvrb/fancyvrb.sty)
(./footnotehyper-sphinx.sty)
(/usr/share/texlive/texmf-dist/tex/latex/float/float.sty)
(/usr/share/texlive/texmf-dist/tex/latex/wrapfig/wrapfig.sty)
(/usr/share/texlive/texmf-dist/tex/latex/parskip/parskip.sty
(/usr/share/texlive/texmf-dist/tex/latex/parskip/parskip-2001-04-09.sty))
(/usr/share/texlive/texmf-dist/tex/latex/base/alltt.sty)
(/usr/share/texlive/texmf-dist/tex/latex/upquote/upquote.sty)
(/usr/share/texlive/texmf-dist/tex/latex/capt-of/capt-of.sty)
(/usr/share/texlive/texmf-dist/tex/latex/needspace/needspace.sty)
(/usr/share/texlive/texmf-dist/tex/latex/tools/multicol.sty)
(./sphinxhighlight.sty)
(/usr/share/texlive/texmf-dist/tex/latex/kvoptions/kvoptions.sty
(/usr/share/texlive/texmf-dist/tex/generic/kvsetkeys/kvsetkeys.sty)))
(/usr/share/texlive/texmf-dist/tex/latex/geometry/geometry.sty
(/usr/share/texlive/texmf-dist/tex/generic/iftex/ifvtex.sty
(/usr/share/texlive/texmf-dist/tex/generic/iftex/iftex.sty)))
(/usr/share/texlive/texmf-dist/tex/latex/hyperref/hyperref.sty
(/usr/share/texlive/texmf-dist/tex/generic/pdftexcmds/pdftexcmds.sty
(/usr/share/texlive/texmf-dist/tex/generic/infwarerr/infwarerr.sty))
(/usr/share/texlive/texmf-dist/tex/generic/kvdefinekeys/kvdefinekeys.sty)
(/usr/share/texlive/texmf-dist/tex/generic/pdfescape/pdfescape.sty)
(/usr/share/texlive/texmf-dist/tex/latex/hycolor/hycolor.sty)
(/usr/share/texlive/texmf-dist/tex/latex/letltxmacro/letltxmacro.sty)
(/usr/share/texlive/texmf-dist/tex/latex/auxhook/auxhook.sty)
(/usr/share/texlive/texmf-dist/tex/latex/hyperref/pd1enc.def)
(/usr/share/texlive/texmf-dist/tex/generic/intcalc/intcalc.sty)
(/usr/share/texlive/texmf-dist/tex/generic/etexcmds/etexcmds.sty)
(/usr/share/texlive/texmf-dist/tex/latex/hyperref/puenc.def)
(/usr/share/texlive/texmf-dist/tex/latex/url/url.sty)
(/usr/share/texlive/texmf-dist/tex/generic/bitset/bitset.sty
(/usr/share/texlive/texmf-dist/tex/generic/bigintcalc/bigintcalc.sty))
(/usr/share/texlive/texmf-dist/tex/generic/atbegshi/atbegshi.sty))
(/usr/share/texlive/texmf-dist/tex/latex/hyperref/hpdftex.def
(/usr/share/texlive/texmf-dist/tex/latex/atveryend/atveryend.sty)
(/usr/share/texlive/texmf-dist/tex/latex/rerunfilecheck/rerunfilecheck.sty
(/usr/share/texlive/texmf-dist/tex/generic/uniquecounter/uniquecounter.sty)))
(/usr/share/texlive/texmf-dist/tex/latex/oberdiek/hypcap.sty)
(./sphinxmessages.sty)
Writing index file dao_society-bloculus_businesscase.idx
(/usr/share/texlive/texmf-dist/tex/latex/l3backend/l3backend-pdfmode.def)
(./dao_society-bloculus_businesscase.aux)
(/usr/share/texlive/texmf-dist/tex/latex/psnfss/t1ptm.fd)
(/usr/share/texlive/texmf-dist/tex/context/base/mkii/supp-pdf.mkii
[Loading MPS to PDF converter (version 2006.09.02).]
) (/usr/share/texlive/texmf-dist/tex/latex/epstopdf-pkg/epstopdf-base.sty
(/usr/share/texlive/texmf-dist/tex/latex/latexconfig/epstopdf-sys.cfg))
*geometry* driver: auto-detecting
*geometry* detected driver: pdftex
(/usr/share/texlive/texmf-dist/tex/latex/hyperref/nameref.sty
(/usr/share/texlive/texmf-dist/tex/latex/refcount/refcount.sty)
(/usr/share/texlive/texmf-dist/tex/generic/gettitlestring/gettitlestring.sty))
(./dao_society-bloculus_businesscase.out)
(./dao_society-bloculus_businesscase.out)
(/usr/share/texlive/texmf-dist/tex/latex/psnfss/t1pcr.fd)
(/usr/share/texlive/texmf-dist/tex/latex/psnfss/t1phv.fd)<<ot1.cmap>><<oml.cmap
>><<oms.cmap>><<omx.cmap>>
(/usr/share/texlive/texmf-dist/tex/latex/amsfonts/umsa.fd)
(/usr/share/texlive/texmf-dist/tex/latex/amsfonts/umsb.fd) [1{/var/lib/texmf/fo
nts/map/pdftex/updmap/pdftex.map} <./logo.png>]
(./dao_society-bloculus_businesscase.toc) [1]
Chapter 1.
(/usr/share/texlive/texmf-dist/tex/latex/psnfss/ts1ptm.fd)

Package textcomp Warning: Symbol \textasciigrave not provided by
(textcomp)                font family ptm in TS1 encoding.
(textcomp)                Default family used instead on input line 123.

[1]

Package textcomp Warning: Symbol \textasciigrave not provided by
(textcomp)                font family ptm in TS1 encoding.
(textcomp)                Default family used instead on input line 227.

[2]
Chapter 2.
[3]
Overfull \hbox (33.75966pt too wide) in paragraph at lines 278--278
[]

Underfull \hbox (badness 10000) in paragraph at lines 278--278

[4] [5] [6] [7]
Chapter 3.
[8]
Chapter 4.
[9]
Chapter 5.
[10]
Chapter 6.
[11 <./h5-h8-sb.png>] [12 <./resolution5.png> <./resolution6.png>] [13]
Chapter 7.
(./dao_society-bloculus_businesscase.ind) [14]
(./dao_society-bloculus_businesscase.aux) )
(see the transcript file for additional information){/usr/share/texlive/texmf-d
ist/fonts/enc/dvips/base/8r.enc} </root/.texlive2020/texmf-var/fonts/pk/ljfour/
jknappen/ec/tcrb1000.600pk> </root/.texlive2020/texmf-var/fonts/pk/ljfour/jknap
pen/ec/tcrm1000.600pk></usr/share/texlive/texmf-dist/fonts/type1/urw/helvetic/u
hvb8a.pfb></usr/share/texlive/texmf-dist/fonts/type1/urw/helvetic/uhvbo8a.pfb><
/usr/share/texlive/texmf-dist/fonts/type1/urw/helvetic/uhvr8a.pfb></usr/share/t
exlive/texmf-dist/fonts/type1/urw/times/utmb8a.pfb></usr/share/texlive/texmf-di
st/fonts/type1/urw/times/utmr8a.pfb></usr/share/texlive/texmf-dist/fonts/type1/
urw/times/utmri8a.pfb>
Output written on dao_society-bloculus_businesscase.pdf (16 pages, 1368947 byte
s).
Transcript written on dao_society-bloculus_businesscase.log.
Latexmk: Index file 'dao_society-bloculus_businesscase.idx' was written
Latexmk: Log file says output to 'dao_society-bloculus_businesscase.pdf'
Latexmk: Log file says output to 'dao_society-bloculus_businesscase.pdf'
=== TeX engine is 'pdfTeX'
Latexmk: All targets (dao_society-bloculus_businesscase.pdf) are up-to-date
