\BOOKMARK [0][-]{chapter.1}{\376\377\000R\000e\000l\000e\000a\000s\000e\000\040\000N\000o\000t\000e\000s\000\040\000a\000n\000d\000\040\000N\000o\000t\000i\000c\000e\000s}{}% 1
\BOOKMARK [1][-]{section.1.1}{\376\377\000V\000e\000r\000s\000i\000o\000n\000\040\0000\000.\0001\000.\0003}{chapter.1}% 2
\BOOKMARK [1][-]{section.1.2}{\376\377\000K\000n\000o\000w\000n\000\040\000a\000n\000d\000\040\000C\000o\000r\000r\000e\000c\000t\000e\000d\000\040\000I\000s\000s\000u\000e\000s}{chapter.1}% 3
\BOOKMARK [1][-]{section.1.3}{\376\377\000R\000e\000c\000e\000n\000t\000l\000y\000\040\000U\000p\000d\000a\000t\000e\000d\000\040\000T\000o\000p\000i\000c\000s}{chapter.1}% 4
\BOOKMARK [0][-]{chapter.2}{\376\377\000I\000n\000t\000r\000o\000d\000u\000c\000t\000i\000o\000n}{}% 5
\BOOKMARK [1][-]{section.2.1}{\376\377\000R\000e\000v\000i\000e\000w\000\040\000\046\000\040\000P\000u\000r\000c\000h\000a\000s\000e}{chapter.2}% 6
\BOOKMARK [0][-]{chapter.3}{\376\377\000W\000a\000v\000e\000\256\000\040\000I\000n\000t\000e\000r\000e\000s\000t\000\040\000T\000o\000k\000e\000n\000\040\000\050\000W\000I\000T\000\051\000,\000\040\0001\0000\000\045\000\040\000A\000P\000R}{}% 7
\BOOKMARK [0][-]{chapter.4}{\376\377\000W\000a\000v\000e\000\256\000\040\000I\000n\000t\000e\000r\000e\000s\000t\000\040\000T\000o\000k\000e\000n\040\031\000s\000\040\000\050\000W\000I\000T\040\031\000s\000\051}{}% 8
\BOOKMARK [1][-]{section.4.1}{\376\377\000A\000c\000c\000o\000u\000n\000t\000\040\0002\0000\0001\000\040\000-\000\040\000\050\000J\000-\000R\000u\000s\000h\000t\000o\000n\000\051}{chapter.4}% 9
\BOOKMARK [1][-]{section.4.2}{\376\377\000A\000c\000c\000o\000u\000n\000t\000\040\0002\0000\0002\000\040\000-\000\040\000\050\000M\000-\000G\000l\000o\000v\000e\000r\000\051}{chapter.4}% 10
\BOOKMARK [1][-]{section.4.3}{\376\377\000A\000c\000c\000o\000u\000n\000t\000\040\0002\0000\0003\000\040\000-\000\040\000\050\000S\000-\000M\000u\000r\000p\000h\000y\000\051}{chapter.4}% 11
\BOOKMARK [1][-]{section.4.4}{\376\377\000A\000c\000c\000o\000u\000n\000t\000\040\0002\0000\0004\000\040\000-\000\040\000\050\000F\000a\000m\000i\000l\000y\000-\000G\000i\000l\000l\000\051}{chapter.4}% 12
\BOOKMARK [1][-]{section.4.5}{\376\377\000A\000c\000c\000o\000u\000n\000t\000\040\0002\0000\0005\000\040\000-\000\040\000\050\000D\000-\000K\000h\000a\000n\000\051}{chapter.4}% 13
\BOOKMARK [1][-]{section.4.6}{\376\377\000A\000c\000c\000o\000u\000n\000t\000\040\0002\0000\0006\000\040\000-\000\040\000\050\000M\000-\000K\000e\000n\000n\000e\000d\000y\000\051}{chapter.4}% 14
\BOOKMARK [1][-]{section.4.7}{\376\377\000A\000c\000c\000o\000u\000n\000t\000\040\0002\0000\0007\000\040\000-\000\040\000\050\000R\000-\000D\000a\000v\000i\000s\000\051}{chapter.4}% 15
\BOOKMARK [1][-]{section.4.8}{\376\377\000A\000c\000c\000o\000u\000n\000t\000\040\0002\0000\0008\000\040\000-\000\040\000\050\000F\000-\000V\000a\000n\000-\000R\000i\000e\000n\000e\000n\000\051}{chapter.4}% 16
\BOOKMARK [1][-]{section.4.9}{\376\377\000A\000c\000c\000o\000u\000n\000t\000\040\0002\0000\0009\000\040\000-\000\040\000\050\000K\000-\000E\000-\000A\000m\000o\000s\000\051}{chapter.4}% 17
\BOOKMARK [1][-]{section.4.10}{\376\377\000W\000a\000l\000l\000e\000t\000\040\0002\0001\0000\000\040\000-\000\040\000\050\000A\000n\000o\000n\000y\000m\000o\000u\000s\000-\0001\000\051}{chapter.4}% 18
\BOOKMARK [0][-]{chapter.5}{\376\377\000D\000o\000c\000u\000m\000e\000n\000t\000\040\000A\000u\000t\000h\000o\000r\000\050\000s\000\051\000:}{}% 19
\BOOKMARK [1][-]{section.5.1}{\376\377\000M\000a\000k\000e\000\040\000i\000t\000\040\000W\000a\000v\000e\000\040\000L\000t\000d}{chapter.5}% 20
